<?xml version="1.0" encoding="UTF-8"?>
<testsuite xmlns:xsi="http://www.w3.org/2001/XMLSchema-instance" xsi:schemaLocation="https://maven.apache.org/surefire/maven-surefire-plugin/xsd/surefire-test-report.xsd" name="com.google.javascript.jscomp.InlineAndCollapsePropertiesTest" time="0.398" tests="96" errors="0" skipped="0" failures="0">
  <properties>
    <property name="java.runtime.name" value="OpenJDK Runtime Environment"/>
    <property name="sun.boot.library.path" value="/usr/lib/jvm/java-8-openjdk-amd64/jre/lib/amd64"/>
    <property name="java.vm.version" value="25.151-b12"/>
    <property name="java.vm.vendor" value="Oracle Corporation"/>
    <property name="maven.multiModuleProjectDirectory" value="/home/wju/test-proj/closure-compiler"/>
    <property name="java.vendor.url" value="http://java.oracle.com/"/>
    <property name="path.separator" value=":"/>
    <property name="guice.disable.misplaced.annotation.check" value="true"/>
    <property name="java.vm.name" value="OpenJDK 64-Bit Server VM"/>
    <property name="file.encoding.pkg" value="sun.io"/>
    <property name="user.country" value="US"/>
    <property name="sun.java.launcher" value="SUN_STANDARD"/>
    <property name="sun.os.patch.level" value="unknown"/>
    <property name="java.vm.specification.name" value="Java Virtual Machine Specification"/>
    <property name="user.dir" value="/home/wju/test-proj/closure-compiler"/>
    <property name="java.runtime.version" value="1.8.0_151-8u151-b12-0ubuntu0.16.04.2-b12"/>
    <property name="java.awt.graphicsenv" value="sun.awt.X11GraphicsEnvironment"/>
    <property name="java.endorsed.dirs" value="/usr/lib/jvm/java-8-openjdk-amd64/jre/lib/endorsed"/>
    <property name="os.arch" value="amd64"/>
    <property name="java.io.tmpdir" value="/tmp"/>
    <property name="line.separator" value="&#10;"/>
    <property name="java.vm.specification.vendor" value="Oracle Corporation"/>
    <property name="os.name" value="Linux"/>
    <property name="net.sourceforge.cobertura.datafile" value="/home/wju/test-proj/closure-compiler/target/cobertura/cobertura.ser"/>
    <property name="classworlds.conf" value="/usr/share/maven/bin/m2.conf"/>
    <property name="sun.jnu.encoding" value="UTF-8"/>
    <property name="java.library.path" value="/usr/java/packages/lib/amd64:/usr/lib/x86_64-linux-gnu/jni:/lib/x86_64-linux-gnu:/usr/lib/x86_64-linux-gnu:/usr/lib/jni:/lib:/usr/lib"/>
    <property name="java.specification.name" value="Java Platform API Specification"/>
    <property name="java.class.version" value="52.0"/>
    <property name="sun.management.compiler" value="HotSpot 64-Bit Tiered Compilers"/>
    <property name="os.version" value="4.4.0-109-generic"/>
    <property name="user.home" value="/home/wju"/>
    <property name="user.timezone" value="America/Los_Angeles"/>
    <property name="java.awt.printerjob" value="sun.print.PSPrinterJob"/>
    <property name="java.specification.version" value="1.8"/>
    <property name="file.encoding" value="UTF-8"/>
    <property name="user.name" value="wju"/>
    <property name="java.class.path" value="/usr/share/maven/boot/plexus-classworlds-2.x.jar"/>
    <property name="java.vm.specification.version" value="1.8"/>
    <property name="sun.arch.data.model" value="64"/>
    <property name="java.home" value="/usr/lib/jvm/java-8-openjdk-amd64/jre"/>
    <property name="sun.java.command" value="org.codehaus.plexus.classworlds.launcher.Launcher cobertura:cobertura"/>
    <property name="java.specification.vendor" value="Oracle Corporation"/>
    <property name="user.language" value="en"/>
    <property name="awt.toolkit" value="sun.awt.X11.XToolkit"/>
    <property name="java.vm.info" value="mixed mode"/>
    <property name="java.version" value="1.8.0_151"/>
    <property name="java.ext.dirs" value="/usr/lib/jvm/java-8-openjdk-amd64/jre/lib/ext:/usr/java/packages/lib/ext"/>
    <property name="securerandom.source" value="file:/dev/./urandom"/>
    <property name="sun.boot.class.path" value="/usr/lib/jvm/java-8-openjdk-amd64/jre/lib/resources.jar:/usr/lib/jvm/java-8-openjdk-amd64/jre/lib/rt.jar:/usr/lib/jvm/java-8-openjdk-amd64/jre/lib/sunrsasign.jar:/usr/lib/jvm/java-8-openjdk-amd64/jre/lib/jsse.jar:/usr/lib/jvm/java-8-openjdk-amd64/jre/lib/jce.jar:/usr/lib/jvm/java-8-openjdk-amd64/jre/lib/charsets.jar:/usr/lib/jvm/java-8-openjdk-amd64/jre/lib/jfr.jar:/usr/lib/jvm/java-8-openjdk-amd64/jre/classes"/>
    <property name="java.vendor" value="Oracle Corporation"/>
    <property name="maven.home" value="/usr/share/maven"/>
    <property name="file.separator" value="/"/>
    <property name="java.vendor.url.bug" value="http://bugreport.sun.com/bugreport/"/>
    <property name="sun.cpu.endian" value="little"/>
    <property name="sun.io.unicode.encoding" value="UnicodeLittle"/>
    <property name="project.build.outputDirectory" value="/home/wju/test-proj/closure-compiler/target/generated-classes/cobertura"/>
    <property name="sun.cpu.isalist" value=""/>
  </properties>
  <testcase name="testCommaOperator" classname="com.google.javascript.jscomp.InlineAndCollapsePropertiesTest" time="0.015"/>
  <testcase name="testAliasCreatedForCtorDepth2" classname="com.google.javascript.jscomp.InlineAndCollapsePropertiesTest" time="0.007"/>
  <testcase name="testAliasCreatedForObjectDepth1_1" classname="com.google.javascript.jscomp.InlineAndCollapsePropertiesTest" time="0.006"/>
  <testcase name="testAliasCreatedForObjectDepth1_2" classname="com.google.javascript.jscomp.InlineAndCollapsePropertiesTest" time="0.003"/>
  <testcase name="testAliasCreatedForObjectDepth1_3" classname="com.google.javascript.jscomp.InlineAndCollapsePropertiesTest" time="0.003"/>
  <testcase name="testAliasCreatedForClassDepth1_1" classname="com.google.javascript.jscomp.InlineAndCollapsePropertiesTest" time="0.013"/>
  <testcase name="testClassStaticInheritance_propertyAlias" classname="com.google.javascript.jscomp.InlineAndCollapsePropertiesTest" time="0.006"/>
  <testcase name="testTypeDefAlias1" classname="com.google.javascript.jscomp.InlineAndCollapsePropertiesTest" time="0.004"/>
  <testcase name="testAddPropertyToChildOfUncollapsibleFunctionInLocalScope" classname="com.google.javascript.jscomp.InlineAndCollapsePropertiesTest" time="0.003"/>
  <testcase name="testGlobalAliasWithLet" classname="com.google.javascript.jscomp.InlineAndCollapsePropertiesTest" time="0.003"/>
  <testcase name="testClassStaticInheritance_propertyWithSubproperty" classname="com.google.javascript.jscomp.InlineAndCollapsePropertiesTest" time="0.007"/>
  <testcase name="testAddPropertyToUncollapsibleObjectInLocalScopeDepth1" classname="com.google.javascript.jscomp.InlineAndCollapsePropertiesTest" time="0.005"/>
  <testcase name="testAddPropertyToUncollapsibleObjectInLocalScopeDepth2" classname="com.google.javascript.jscomp.InlineAndCollapsePropertiesTest" time="0.004"/>
  <testcase name="testCodeGeneratedByGoogModule" classname="com.google.javascript.jscomp.InlineAndCollapsePropertiesTest" time="0.006"/>
  <testcase name="testLocalWriteToAncestor" classname="com.google.javascript.jscomp.InlineAndCollapsePropertiesTest" time="0.003"/>
  <testcase name="testClassStaticInheritance_cantDetermineSuperclass" classname="com.google.javascript.jscomp.InlineAndCollapsePropertiesTest" time="0.003"/>
  <testcase name="testAddPropertyToUncollapsibleNamedCtorInLocalScopeDepth1" classname="com.google.javascript.jscomp.InlineAndCollapsePropertiesTest" time="0.003"/>
  <testcase name="testObjLitDeclarationUsedInSameVarList" classname="com.google.javascript.jscomp.InlineAndCollapsePropertiesTest" time="0.006"/>
  <testcase name="testAliasForSuperclassNamespace_withStaticInheritance" classname="com.google.javascript.jscomp.InlineAndCollapsePropertiesTest" time="0.003"/>
  <testcase name="testLocalAliasOfEnumWithInstanceofCheck" classname="com.google.javascript.jscomp.InlineAndCollapsePropertiesTest" time="0.004"/>
  <testcase name="testLocalAliasOfOtherName" classname="com.google.javascript.jscomp.InlineAndCollapsePropertiesTest" time="0.003"/>
  <testcase name="testGlobalAliasWithLet3" classname="com.google.javascript.jscomp.InlineAndCollapsePropertiesTest" time="0.003"/>
  <testcase name="test_b19179602" classname="com.google.javascript.jscomp.InlineAndCollapsePropertiesTest" time="0.003"/>
  <testcase name="testCollapsePropertiesOfClass1" classname="com.google.javascript.jscomp.InlineAndCollapsePropertiesTest" time="0.004"/>
  <testcase name="testCollapsePropertiesOfClass2" classname="com.google.javascript.jscomp.InlineAndCollapsePropertiesTest" time="0.004"/>
  <testcase name="testGlobalWriteToNonAncestor" classname="com.google.javascript.jscomp.InlineAndCollapsePropertiesTest" time="0.003"/>
  <testcase name="testLocalAliasOfFunction" classname="com.google.javascript.jscomp.InlineAndCollapsePropertiesTest" time="0.003"/>
  <testcase name="testAddPropertyToChildOfUncollapsibleCtorInLocalScope" classname="com.google.javascript.jscomp.InlineAndCollapsePropertiesTest" time="0.003"/>
  <testcase name="testLocalAliasWithConst1" classname="com.google.javascript.jscomp.InlineAndCollapsePropertiesTest" time="0.003"/>
  <testcase name="testLocalAliasWithConst2" classname="com.google.javascript.jscomp.InlineAndCollapsePropertiesTest" time="0.003"/>
  <testcase name="testLocalAliasWithConst3" classname="com.google.javascript.jscomp.InlineAndCollapsePropertiesTest" time="0.003"/>
  <testcase name="testLocalAliasWithConst4" classname="com.google.javascript.jscomp.InlineAndCollapsePropertiesTest" time="0.003"/>
  <testcase name="testLocalAliasWithConst5" classname="com.google.javascript.jscomp.InlineAndCollapsePropertiesTest" time="0.002"/>
  <testcase name="testObjLitDeclarationWithGet1" classname="com.google.javascript.jscomp.InlineAndCollapsePropertiesTest" time="0.003"/>
  <testcase name="testObjLitDeclarationWithGet2" classname="com.google.javascript.jscomp.InlineAndCollapsePropertiesTest" time="0.006"/>
  <testcase name="testObjLitDeclarationWithGet3" classname="com.google.javascript.jscomp.InlineAndCollapsePropertiesTest" time="0.002"/>
  <testcase name="testObjLitDeclarationWithSet1" classname="com.google.javascript.jscomp.InlineAndCollapsePropertiesTest" time="0.003"/>
  <testcase name="testObjLitDeclarationWithSet2" classname="com.google.javascript.jscomp.InlineAndCollapsePropertiesTest" time="0.005"/>
  <testcase name="testObjLitDeclarationWithSet3" classname="com.google.javascript.jscomp.InlineAndCollapsePropertiesTest" time="0.002"/>
  <testcase name="testObjLitAssignmentDepth3" classname="com.google.javascript.jscomp.InlineAndCollapsePropertiesTest" time="0.014"/>
  <testcase name="testObjLitAssignmentDepth4" classname="com.google.javascript.jscomp.InlineAndCollapsePropertiesTest" time="0.006"/>
  <testcase name="testLocalAliasWithLet1" classname="com.google.javascript.jscomp.InlineAndCollapsePropertiesTest" time="0.003"/>
  <testcase name="testLocalAliasWithLet2" classname="com.google.javascript.jscomp.InlineAndCollapsePropertiesTest" time="0.002"/>
  <testcase name="testLocalAliasWithLet3" classname="com.google.javascript.jscomp.InlineAndCollapsePropertiesTest" time="0.003"/>
  <testcase name="testLocalAliasWithLet4" classname="com.google.javascript.jscomp.InlineAndCollapsePropertiesTest" time="0.003"/>
  <testcase name="testLocalAliasWithLet5" classname="com.google.javascript.jscomp.InlineAndCollapsePropertiesTest" time="0.003"/>
  <testcase name="testCtorManyAssignmentsDontInlineWarn" classname="com.google.javascript.jscomp.InlineAndCollapsePropertiesTest" time="0.003"/>
  <testcase name="testDefaultParamAlias1" classname="com.google.javascript.jscomp.InlineAndCollapsePropertiesTest" time="0.003"/>
  <testcase name="testDefaultParamAlias2" classname="com.google.javascript.jscomp.InlineAndCollapsePropertiesTest" time="0.003"/>
  <testcase name="testDestructuringAlias1" classname="com.google.javascript.jscomp.InlineAndCollapsePropertiesTest" time="0.002"/>
  <testcase name="testDestructuringAlias2" classname="com.google.javascript.jscomp.InlineAndCollapsePropertiesTest" time="0.003"/>
  <testcase name="testClassStaticInheritance_propertyWithShadowing" classname="com.google.javascript.jscomp.InlineAndCollapsePropertiesTest" time="0.005"/>
  <testcase name="testDestructingAliasWithConstructor" classname="com.google.javascript.jscomp.InlineAndCollapsePropertiesTest" time="0.003"/>
  <testcase name="testPartialLocalCtorAlias" classname="com.google.javascript.jscomp.InlineAndCollapsePropertiesTest" time="0.004"/>
  <testcase name="testGlobalAliasOfAncestor" classname="com.google.javascript.jscomp.InlineAndCollapsePropertiesTest" time="0.003"/>
  <testcase name="testAddPropertyToChildFuncOfUncollapsibleObjectInLocalScope" classname="com.google.javascript.jscomp.InlineAndCollapsePropertiesTest" time="0.003"/>
  <testcase name="testDontCrashCtorAliasWithEnum" classname="com.google.javascript.jscomp.InlineAndCollapsePropertiesTest" time="0.004"/>
  <testcase name="testCollapse" classname="com.google.javascript.jscomp.InlineAndCollapsePropertiesTest" time="0.007"/>
  <testcase name="test_b19179602_declareOutsideLoop" classname="com.google.javascript.jscomp.InlineAndCollapsePropertiesTest" time="0.003"/>
  <testcase name="testGlobalAliasWithConst" classname="com.google.javascript.jscomp.InlineAndCollapsePropertiesTest" time="0.003"/>
  <testcase name="testLocalAlias1" classname="com.google.javascript.jscomp.InlineAndCollapsePropertiesTest" time="0.003"/>
  <testcase name="testLocalAlias2" classname="com.google.javascript.jscomp.InlineAndCollapsePropertiesTest" time="0.003"/>
  <testcase name="testLocalAlias3" classname="com.google.javascript.jscomp.InlineAndCollapsePropertiesTest" time="0.003"/>
  <testcase name="testLocalAlias4" classname="com.google.javascript.jscomp.InlineAndCollapsePropertiesTest" time="0.003"/>
  <testcase name="testLocalAlias5" classname="com.google.javascript.jscomp.InlineAndCollapsePropertiesTest" time="0.003"/>
  <testcase name="testLocalAlias6" classname="com.google.javascript.jscomp.InlineAndCollapsePropertiesTest" time="0.003"/>
  <testcase name="testLocalAlias7" classname="com.google.javascript.jscomp.InlineAndCollapsePropertiesTest" time="0.003"/>
  <testcase name="testLocalAlias8" classname="com.google.javascript.jscomp.InlineAndCollapsePropertiesTest" time="0.003"/>
  <testcase name="testAddPropertyToUncollapsibleCtorInLocalScopeDepth1" classname="com.google.javascript.jscomp.InlineAndCollapsePropertiesTest" time="0.003"/>
  <testcase name="testAddPropertyToUncollapsibleCtorInLocalScopeDepth2" classname="com.google.javascript.jscomp.InlineAndCollapsePropertiesTest" time="0.003"/>
  <testcase name="testEs6ClassStaticProperties" classname="com.google.javascript.jscomp.InlineAndCollapsePropertiesTest" time="0.006"/>
  <testcase name="testObjLitDeclarationWithGetAndSet1" classname="com.google.javascript.jscomp.InlineAndCollapsePropertiesTest" time="0.002"/>
  <testcase name="testNoInlineGetpropIntoCall" classname="com.google.javascript.jscomp.InlineAndCollapsePropertiesTest" time="0.006"/>
  <testcase name="testClassStaticInheritance_method" classname="com.google.javascript.jscomp.InlineAndCollapsePropertiesTest" time="0.007"/>
  <testcase name="testAddPropertyToChildTypeOfUncollapsibleObjectInLocalScope" classname="com.google.javascript.jscomp.InlineAndCollapsePropertiesTest" time="0.007"/>
  <testcase name="testMisusedConstructorTag" classname="com.google.javascript.jscomp.InlineAndCollapsePropertiesTest" time="0.002"/>
  <testcase name="testAliasCreatedForFunctionDepth2" classname="com.google.javascript.jscomp.InlineAndCollapsePropertiesTest" time="0.005"/>
  <testcase name="testGlobalAliasForLet2" classname="com.google.javascript.jscomp.InlineAndCollapsePropertiesTest" time="0.003"/>
  <testcase name="testGlobalAliasWithProperties1" classname="com.google.javascript.jscomp.InlineAndCollapsePropertiesTest" time="0.003"/>
  <testcase name="testGlobalAliasWithProperties2" classname="com.google.javascript.jscomp.InlineAndCollapsePropertiesTest" time="0.003"/>
  <testcase name="testGlobalAliasWithProperties3" classname="com.google.javascript.jscomp.InlineAndCollapsePropertiesTest" time="0.004"/>
  <testcase name="testGlobalAliasWithProperties4" classname="com.google.javascript.jscomp.InlineAndCollapsePropertiesTest" time="0.002"/>
  <testcase name="testGlobalAliasWithProperties5" classname="com.google.javascript.jscomp.InlineAndCollapsePropertiesTest" time="0.002"/>
  <testcase name="testPropertyOfChildFuncOfUncollapsibleObjectDepth1" classname="com.google.javascript.jscomp.InlineAndCollapsePropertiesTest" time="0.005"/>
  <testcase name="testPropertyOfChildFuncOfUncollapsibleObjectDepth2" classname="com.google.javascript.jscomp.InlineAndCollapsePropertiesTest" time="0.005"/>
  <testcase name="testLocalAliasOfAncestor" classname="com.google.javascript.jscomp.InlineAndCollapsePropertiesTest" time="0.003"/>
  <testcase name="testAliasForSuperclassNamespace" classname="com.google.javascript.jscomp.InlineAndCollapsePropertiesTest" time="0.005"/>
  <testcase name="testObjLitDeclaration" classname="com.google.javascript.jscomp.InlineAndCollapsePropertiesTest" time="0.018"/>
  <testcase name="testAliasCreatedForCtorDepth1_1" classname="com.google.javascript.jscomp.InlineAndCollapsePropertiesTest" time="0.005"/>
  <testcase name="testNoCollapseExportedNode" classname="com.google.javascript.jscomp.InlineAndCollapsePropertiesTest" time="0.005"/>
  <testcase name="testDontCrashNamespaceAliasAcrossScopes" classname="com.google.javascript.jscomp.InlineAndCollapsePropertiesTest" time="0.002"/>
  <testcase name="testFunctionAlias2" classname="com.google.javascript.jscomp.InlineAndCollapsePropertiesTest" time="0.003"/>
  <testcase name="testGlobalWriteToAncestor" classname="com.google.javascript.jscomp.InlineAndCollapsePropertiesTest" time="0.002"/>
  <testcase name="testInlineCtorInObjLit" classname="com.google.javascript.jscomp.InlineAndCollapsePropertiesTest" time="0.003"/>
  <testcase name="testLocalAliasInsideClass" classname="com.google.javascript.jscomp.InlineAndCollapsePropertiesTest" time="0.003"/>
  <testcase name="testLocalWriteToNonAncestor" classname="com.google.javascript.jscomp.InlineAndCollapsePropertiesTest" time="0.002"/>
</testsuite>