<?xml version="1.0" encoding="UTF-8"?>
<testsuite xmlns:xsi="http://www.w3.org/2001/XMLSchema-instance" xsi:schemaLocation="https://maven.apache.org/surefire/maven-surefire-plugin/xsd/surefire-test-report.xsd" name="com.google.javascript.jscomp.ScopedAliasesTest" time="0.289" tests="103" errors="0" skipped="0" failures="0">
  <properties>
    <property name="java.runtime.name" value="OpenJDK Runtime Environment"/>
    <property name="sun.boot.library.path" value="/usr/lib/jvm/java-8-openjdk-amd64/jre/lib/amd64"/>
    <property name="java.vm.version" value="25.151-b12"/>
    <property name="java.vm.vendor" value="Oracle Corporation"/>
    <property name="maven.multiModuleProjectDirectory" value="/home/wju/test-proj/closure-compiler"/>
    <property name="java.vendor.url" value="http://java.oracle.com/"/>
    <property name="path.separator" value=":"/>
    <property name="guice.disable.misplaced.annotation.check" value="true"/>
    <property name="java.vm.name" value="OpenJDK 64-Bit Server VM"/>
    <property name="file.encoding.pkg" value="sun.io"/>
    <property name="user.country" value="US"/>
    <property name="sun.java.launcher" value="SUN_STANDARD"/>
    <property name="sun.os.patch.level" value="unknown"/>
    <property name="java.vm.specification.name" value="Java Virtual Machine Specification"/>
    <property name="user.dir" value="/home/wju/test-proj/closure-compiler"/>
    <property name="java.runtime.version" value="1.8.0_151-8u151-b12-0ubuntu0.16.04.2-b12"/>
    <property name="java.awt.graphicsenv" value="sun.awt.X11GraphicsEnvironment"/>
    <property name="java.endorsed.dirs" value="/usr/lib/jvm/java-8-openjdk-amd64/jre/lib/endorsed"/>
    <property name="os.arch" value="amd64"/>
    <property name="java.io.tmpdir" value="/tmp"/>
    <property name="line.separator" value="&#10;"/>
    <property name="java.vm.specification.vendor" value="Oracle Corporation"/>
    <property name="os.name" value="Linux"/>
    <property name="net.sourceforge.cobertura.datafile" value="/home/wju/test-proj/closure-compiler/target/cobertura/cobertura.ser"/>
    <property name="classworlds.conf" value="/usr/share/maven/bin/m2.conf"/>
    <property name="sun.jnu.encoding" value="UTF-8"/>
    <property name="java.library.path" value="/usr/java/packages/lib/amd64:/usr/lib/x86_64-linux-gnu/jni:/lib/x86_64-linux-gnu:/usr/lib/x86_64-linux-gnu:/usr/lib/jni:/lib:/usr/lib"/>
    <property name="java.specification.name" value="Java Platform API Specification"/>
    <property name="java.class.version" value="52.0"/>
    <property name="sun.management.compiler" value="HotSpot 64-Bit Tiered Compilers"/>
    <property name="os.version" value="4.4.0-109-generic"/>
    <property name="user.home" value="/home/wju"/>
    <property name="user.timezone" value="America/Los_Angeles"/>
    <property name="java.awt.printerjob" value="sun.print.PSPrinterJob"/>
    <property name="java.specification.version" value="1.8"/>
    <property name="file.encoding" value="UTF-8"/>
    <property name="user.name" value="wju"/>
    <property name="java.class.path" value="/usr/share/maven/boot/plexus-classworlds-2.x.jar"/>
    <property name="java.vm.specification.version" value="1.8"/>
    <property name="sun.arch.data.model" value="64"/>
    <property name="java.home" value="/usr/lib/jvm/java-8-openjdk-amd64/jre"/>
    <property name="sun.java.command" value="org.codehaus.plexus.classworlds.launcher.Launcher cobertura:cobertura"/>
    <property name="java.specification.vendor" value="Oracle Corporation"/>
    <property name="user.language" value="en"/>
    <property name="awt.toolkit" value="sun.awt.X11.XToolkit"/>
    <property name="java.vm.info" value="mixed mode"/>
    <property name="java.version" value="1.8.0_151"/>
    <property name="java.ext.dirs" value="/usr/lib/jvm/java-8-openjdk-amd64/jre/lib/ext:/usr/java/packages/lib/ext"/>
    <property name="securerandom.source" value="file:/dev/./urandom"/>
    <property name="sun.boot.class.path" value="/usr/lib/jvm/java-8-openjdk-amd64/jre/lib/resources.jar:/usr/lib/jvm/java-8-openjdk-amd64/jre/lib/rt.jar:/usr/lib/jvm/java-8-openjdk-amd64/jre/lib/sunrsasign.jar:/usr/lib/jvm/java-8-openjdk-amd64/jre/lib/jsse.jar:/usr/lib/jvm/java-8-openjdk-amd64/jre/lib/jce.jar:/usr/lib/jvm/java-8-openjdk-amd64/jre/lib/charsets.jar:/usr/lib/jvm/java-8-openjdk-amd64/jre/lib/jfr.jar:/usr/lib/jvm/java-8-openjdk-amd64/jre/classes"/>
    <property name="java.vendor" value="Oracle Corporation"/>
    <property name="maven.home" value="/usr/share/maven"/>
    <property name="file.separator" value="/"/>
    <property name="java.vendor.url.bug" value="http://bugreport.sun.com/bugreport/"/>
    <property name="sun.cpu.endian" value="little"/>
    <property name="sun.io.unicode.encoding" value="UnicodeLittle"/>
    <property name="project.build.outputDirectory" value="/home/wju/test-proj/closure-compiler/target/generated-classes/cobertura"/>
    <property name="sun.cpu.isalist" value=""/>
  </properties>
  <testcase name="testPropertiesNotChanged" classname="com.google.javascript.jscomp.ScopedAliasesTest" time="0.003"/>
  <testcase name="testObjectJsDoc" classname="com.google.javascript.jscomp.ScopedAliasesTest" time="0.004"/>
  <testcase name="testArrayJsDoc" classname="com.google.javascript.jscomp.ScopedAliasesTest" time="0.002"/>
  <testcase name="testNoGoogScope" classname="com.google.javascript.jscomp.ScopedAliasesTest" time="0.003"/>
  <testcase name="testSourceInfo" classname="com.google.javascript.jscomp.ScopedAliasesTest" time="0.004"/>
  <testcase name="testTwoLevel" classname="com.google.javascript.jscomp.ScopedAliasesTest" time="0.002"/>
  <testcase name="testJsDocSubType" classname="com.google.javascript.jscomp.ScopedAliasesTest" time="0.001"/>
  <testcase name="testWorksInClosures" classname="com.google.javascript.jscomp.ScopedAliasesTest" time="0.003"/>
  <testcase name="testYieldExpression" classname="com.google.javascript.jscomp.ScopedAliasesTest" time="0.002"/>
  <testcase name="testOneLevel" classname="com.google.javascript.jscomp.ScopedAliasesTest" time="0.002"/>
  <testcase name="testDefaultParameter" classname="com.google.javascript.jscomp.ScopedAliasesTest" time="0.002"/>
  <testcase name="testLetConstShadowing" classname="com.google.javascript.jscomp.ScopedAliasesTest" time="0.004"/>
  <testcase name="testHoistedFunctionDeclaration" classname="com.google.javascript.jscomp.ScopedAliasesTest" time="0.003"/>
  <testcase name="testLet" classname="com.google.javascript.jscomp.ScopedAliasesTest" time="0.001"/>
  <testcase name="testObjectLiteral" classname="com.google.javascript.jscomp.ScopedAliasesTest" time="0.006"/>
  <testcase name="testJsDocRecord" classname="com.google.javascript.jscomp.ScopedAliasesTest" time="0.008"/>
  <testcase name="testJsDocReturn" classname="com.google.javascript.jscomp.ScopedAliasesTest" time="0.002"/>
  <testcase name="testGoogModuleGet" classname="com.google.javascript.jscomp.ScopedAliasesTest" time="0.002"/>
  <testcase name="testJsDocThrows" classname="com.google.javascript.jscomp.ScopedAliasesTest" time="0.002"/>
  <testcase name="testConst" classname="com.google.javascript.jscomp.ScopedAliasesTest" time="0.001"/>
  <testcase name="testNullType" classname="com.google.javascript.jscomp.ScopedAliasesTest" time="0.002"/>
  <testcase name="testArrowFunction" classname="com.google.javascript.jscomp.ScopedAliasesTest" time="0.003"/>
  <testcase name="testShadowedScopedVar" classname="com.google.javascript.jscomp.ScopedAliasesTest" time="0.003"/>
  <testcase name="testJsDocExtends" classname="com.google.javascript.jscomp.ScopedAliasesTest" time="0.002"/>
  <testcase name="testAliasRedefinition" classname="com.google.javascript.jscomp.ScopedAliasesTest" time="0.001"/>
  <testcase name="testClassDefinition_letConst" classname="com.google.javascript.jscomp.ScopedAliasesTest" time="0.004"/>
  <testcase name="testJSDocCopiedForFunctions" classname="com.google.javascript.jscomp.ScopedAliasesTest" time="0.002"/>
  <testcase name="testTwoSymbolsInTwoScopes" classname="com.google.javascript.jscomp.ScopedAliasesTest" time="0.002"/>
  <testcase name="testScopedThis" classname="com.google.javascript.jscomp.ScopedAliasesTest" time="0.002"/>
  <testcase name="testTransitiveInSameVar" classname="com.google.javascript.jscomp.ScopedAliasesTest" time="0.002"/>
  <testcase name="testOkAliasLocal_letConst" classname="com.google.javascript.jscomp.ScopedAliasesTest" time="0.004"/>
  <testcase name="testRecordAliasFromMultipleGoogScope" classname="com.google.javascript.jscomp.ScopedAliasesTest" time="0.002"/>
  <testcase name="testUsingObjectLiteralToEscapeScoping" classname="com.google.javascript.jscomp.ScopedAliasesTest" time="0.002"/>
  <testcase name="testOkAliasLocal" classname="com.google.javascript.jscomp.ScopedAliasesTest" time="0.008"/>
  <testcase name="testUsedImproperly" classname="com.google.javascript.jscomp.ScopedAliasesTest" time="0.002"/>
  <testcase name="testRecordMultipleAliases" classname="com.google.javascript.jscomp.ScopedAliasesTest" time="0.001"/>
  <testcase name="testJsDocTypedef" classname="com.google.javascript.jscomp.ScopedAliasesTest" time="0.006"/>
  <testcase name="testInvalidVariableInScope" classname="com.google.javascript.jscomp.ScopedAliasesTest" time="0.002"/>
  <testcase name="testHoistedAliases" classname="com.google.javascript.jscomp.ScopedAliasesTest" time="0.003"/>
  <testcase name="testObjectDescructuringError1" classname="com.google.javascript.jscomp.ScopedAliasesTest" time="0.001"/>
  <testcase name="testObjectDescructuringError2" classname="com.google.javascript.jscomp.ScopedAliasesTest" time="0.001"/>
  <testcase name="testTestTypes" classname="com.google.javascript.jscomp.ScopedAliasesTest" time="0.003"/>
  <testcase name="testObjectJsDoc2" classname="com.google.javascript.jscomp.ScopedAliasesTest" time="0.002"/>
  <testcase name="testMultipleLocals" classname="com.google.javascript.jscomp.ScopedAliasesTest" time="0.003"/>
  <testcase name="testFunctionDeclarationInScope" classname="com.google.javascript.jscomp.ScopedAliasesTest" time="0.002"/>
  <testcase name="testFunctionJsDoc" classname="com.google.javascript.jscomp.ScopedAliasesTest" time="0.003"/>
  <testcase name="testAliasOfSymbolInGoogScope" classname="com.google.javascript.jscomp.ScopedAliasesTest" time="0.002"/>
  <testcase name="testObjectLiteralShorthand" classname="com.google.javascript.jscomp.ScopedAliasesTest" time="0.002"/>
  <testcase name="testScopedFunctionReturnThis" classname="com.google.javascript.jscomp.ScopedAliasesTest" time="0.002"/>
  <testcase name="testShadowedScopedVarTwoScopes" classname="com.google.javascript.jscomp.ScopedAliasesTest" time="0.003"/>
  <testcase name="testDestructuringError" classname="com.google.javascript.jscomp.ScopedAliasesTest" time="0"/>
  <testcase name="testJsDocEnum" classname="com.google.javascript.jscomp.ScopedAliasesTest" time="0.002"/>
  <testcase name="testJsDocThis" classname="com.google.javascript.jscomp.ScopedAliasesTest" time="0.002"/>
  <testcase name="testJsDocType" classname="com.google.javascript.jscomp.ScopedAliasesTest" time="0.002"/>
  <testcase name="testFunctionDeclarationInScope_letConst" classname="com.google.javascript.jscomp.ScopedAliasesTest" time="0.004"/>
  <testcase name="testMultipleTransitive" classname="com.google.javascript.jscomp.ScopedAliasesTest" time="0.002"/>
  <testcase name="testRecordOneAlias" classname="com.google.javascript.jscomp.ScopedAliasesTest" time="0.001"/>
  <testcase name="testLetConstInBlock" classname="com.google.javascript.jscomp.ScopedAliasesTest" time="0.004"/>
  <testcase name="testRecordOneAlias2" classname="com.google.javascript.jscomp.ScopedAliasesTest" time="0.001"/>
  <testcase name="testAliasReassign" classname="com.google.javascript.jscomp.ScopedAliasesTest" time="0.001"/>
  <testcase name="testTwoScopes" classname="com.google.javascript.jscomp.ScopedAliasesTest" time="0.002"/>
  <testcase name="testClassDefinition1" classname="com.google.javascript.jscomp.ScopedAliasesTest" time="0.002"/>
  <testcase name="testClassDefinition2" classname="com.google.javascript.jscomp.ScopedAliasesTest" time="0.003"/>
  <testcase name="testClassDefinition3" classname="com.google.javascript.jscomp.ScopedAliasesTest" time="0.002"/>
  <testcase name="testJsDocImplements" classname="com.google.javascript.jscomp.ScopedAliasesTest" time="0.001"/>
  <testcase name="testIssue1103a" classname="com.google.javascript.jscomp.ScopedAliasesTest" time="0.003"/>
  <testcase name="testIssue1103b" classname="com.google.javascript.jscomp.ScopedAliasesTest" time="0.002"/>
  <testcase name="testIssue1103c" classname="com.google.javascript.jscomp.ScopedAliasesTest" time="0.002"/>
  <testcase name="testIssue2211b" classname="com.google.javascript.jscomp.ScopedAliasesTest" time="0.003"/>
  <testcase name="testIssue2211c" classname="com.google.javascript.jscomp.ScopedAliasesTest" time="0.001"/>
  <testcase name="testForwardJsDoc" classname="com.google.javascript.jscomp.ScopedAliasesTest" time="0.003"/>
  <testcase name="testJSDocCopiedForClasses" classname="com.google.javascript.jscomp.ScopedAliasesTest" time="0.002"/>
  <testcase name="testIssue1144" classname="com.google.javascript.jscomp.ScopedAliasesTest" time="0.002"/>
  <testcase name="testIssue2211" classname="com.google.javascript.jscomp.ScopedAliasesTest" time="0.002"/>
  <testcase name="testFourLevel" classname="com.google.javascript.jscomp.ScopedAliasesTest" time="0.002"/>
  <testcase name="testWithCatch1" classname="com.google.javascript.jscomp.ScopedAliasesTest" time="0.002"/>
  <testcase name="testWithCatch2" classname="com.google.javascript.jscomp.ScopedAliasesTest" time="0.002"/>
  <testcase name="testNonAliasLocal" classname="com.google.javascript.jscomp.ScopedAliasesTest" time="0.002"/>
  <testcase name="testTypeCheck" classname="com.google.javascript.jscomp.ScopedAliasesTest" time="0.009"/>
  <testcase name="testCtorAlias" classname="com.google.javascript.jscomp.ScopedAliasesTest" time="0.002"/>
  <testcase name="testScopedReturn" classname="com.google.javascript.jscomp.ScopedAliasesTest" time="0.002"/>
  <testcase name="testInlineReturn" classname="com.google.javascript.jscomp.ScopedAliasesTest" time="0.008"/>
  <testcase name="testIssue772" classname="com.google.javascript.jscomp.ScopedAliasesTest" time="0.002"/>
  <testcase name="testScopedFunctionThrows" classname="com.google.javascript.jscomp.ScopedAliasesTest" time="0.002"/>
  <testcase name="testJsDocParameter" classname="com.google.javascript.jscomp.ScopedAliasesTest" time="0.002"/>
  <testcase name="testScopedFunctionAssignsToVar" classname="com.google.javascript.jscomp.ScopedAliasesTest" time="0.002"/>
  <testcase name="testAliasCycle" classname="com.google.javascript.jscomp.ScopedAliasesTest" time="0.001"/>
  <testcase name="testNonTopLevelDestructuring" classname="com.google.javascript.jscomp.ScopedAliasesTest" time="0.002"/>
  <testcase name="testBadParameters" classname="com.google.javascript.jscomp.ScopedAliasesTest" time="0.004"/>
  <testcase name="testObjectLiteralComputedPropertyNames" classname="com.google.javascript.jscomp.ScopedAliasesTest" time="0.004"/>
  <testcase name="testVariablesInCatchBlock" classname="com.google.javascript.jscomp.ScopedAliasesTest" time="0.005"/>
  <testcase name="testOverridden" classname="com.google.javascript.jscomp.ScopedAliasesTest" time="0.003"/>
  <testcase name="testTransitive" classname="com.google.javascript.jscomp.ScopedAliasesTest" time="0.002"/>
  <testcase name="testObjectPattern" classname="com.google.javascript.jscomp.ScopedAliasesTest" time="0.002"/>
  <testcase name="testInlineJsDoc" classname="com.google.javascript.jscomp.ScopedAliasesTest" time="0.008"/>
  <testcase name="testInlineParam" classname="com.google.javascript.jscomp.ScopedAliasesTest" time="0.007"/>
  <testcase name="testAliasNonRedefinition" classname="com.google.javascript.jscomp.ScopedAliasesTest" time="0.002"/>
  <testcase name="testScopeCallInIf" classname="com.google.javascript.jscomp.ScopedAliasesTest" time="0.005"/>
  <testcase name="testUnionJsDoc" classname="com.google.javascript.jscomp.ScopedAliasesTest" time="0.001"/>
  <testcase name="testShadowedVar" classname="com.google.javascript.jscomp.ScopedAliasesTest" time="0.002"/>
  <testcase name="testObjectLiteralMethods" classname="com.google.javascript.jscomp.ScopedAliasesTest" time="0.003"/>
  <testcase name="testJsDocNotIgnored" classname="com.google.javascript.jscomp.ScopedAliasesTest" time="0.014"/>
  <testcase name="testScopedThrow" classname="com.google.javascript.jscomp.ScopedAliasesTest" time="0.001"/>
</testsuite>