<?xml version="1.0" encoding="UTF-8"?>
<testsuite xmlns:xsi="http://www.w3.org/2001/XMLSchema-instance" xsi:schemaLocation="https://maven.apache.org/surefire/maven-surefire-plugin/xsd/surefire-test-report.xsd" name="com.google.javascript.jscomp.TypeTransformationTest" time="0.11" tests="142" errors="0" skipped="0" failures="0">
  <properties>
    <property name="java.runtime.name" value="OpenJDK Runtime Environment"/>
    <property name="sun.boot.library.path" value="/usr/lib/jvm/java-8-openjdk-amd64/jre/lib/amd64"/>
    <property name="java.vm.version" value="25.151-b12"/>
    <property name="java.vm.vendor" value="Oracle Corporation"/>
    <property name="maven.multiModuleProjectDirectory" value="/home/wju/test-proj/closure-compiler"/>
    <property name="java.vendor.url" value="http://java.oracle.com/"/>
    <property name="path.separator" value=":"/>
    <property name="guice.disable.misplaced.annotation.check" value="true"/>
    <property name="java.vm.name" value="OpenJDK 64-Bit Server VM"/>
    <property name="file.encoding.pkg" value="sun.io"/>
    <property name="user.country" value="US"/>
    <property name="sun.java.launcher" value="SUN_STANDARD"/>
    <property name="sun.os.patch.level" value="unknown"/>
    <property name="java.vm.specification.name" value="Java Virtual Machine Specification"/>
    <property name="user.dir" value="/home/wju/test-proj/closure-compiler"/>
    <property name="java.runtime.version" value="1.8.0_151-8u151-b12-0ubuntu0.16.04.2-b12"/>
    <property name="java.awt.graphicsenv" value="sun.awt.X11GraphicsEnvironment"/>
    <property name="java.endorsed.dirs" value="/usr/lib/jvm/java-8-openjdk-amd64/jre/lib/endorsed"/>
    <property name="os.arch" value="amd64"/>
    <property name="java.io.tmpdir" value="/tmp"/>
    <property name="line.separator" value="&#10;"/>
    <property name="java.vm.specification.vendor" value="Oracle Corporation"/>
    <property name="os.name" value="Linux"/>
    <property name="net.sourceforge.cobertura.datafile" value="/home/wju/test-proj/closure-compiler/target/cobertura/cobertura.ser"/>
    <property name="classworlds.conf" value="/usr/share/maven/bin/m2.conf"/>
    <property name="sun.jnu.encoding" value="UTF-8"/>
    <property name="java.library.path" value="/usr/java/packages/lib/amd64:/usr/lib/x86_64-linux-gnu/jni:/lib/x86_64-linux-gnu:/usr/lib/x86_64-linux-gnu:/usr/lib/jni:/lib:/usr/lib"/>
    <property name="java.specification.name" value="Java Platform API Specification"/>
    <property name="java.class.version" value="52.0"/>
    <property name="sun.management.compiler" value="HotSpot 64-Bit Tiered Compilers"/>
    <property name="os.version" value="4.4.0-109-generic"/>
    <property name="user.home" value="/home/wju"/>
    <property name="user.timezone" value="America/Los_Angeles"/>
    <property name="java.awt.printerjob" value="sun.print.PSPrinterJob"/>
    <property name="java.specification.version" value="1.8"/>
    <property name="file.encoding" value="UTF-8"/>
    <property name="user.name" value="wju"/>
    <property name="java.class.path" value="/usr/share/maven/boot/plexus-classworlds-2.x.jar"/>
    <property name="java.vm.specification.version" value="1.8"/>
    <property name="sun.arch.data.model" value="64"/>
    <property name="java.home" value="/usr/lib/jvm/java-8-openjdk-amd64/jre"/>
    <property name="sun.java.command" value="org.codehaus.plexus.classworlds.launcher.Launcher cobertura:cobertura"/>
    <property name="java.specification.vendor" value="Oracle Corporation"/>
    <property name="user.language" value="en"/>
    <property name="awt.toolkit" value="sun.awt.X11.XToolkit"/>
    <property name="java.vm.info" value="mixed mode"/>
    <property name="java.version" value="1.8.0_151"/>
    <property name="java.ext.dirs" value="/usr/lib/jvm/java-8-openjdk-amd64/jre/lib/ext:/usr/java/packages/lib/ext"/>
    <property name="securerandom.source" value="file:/dev/./urandom"/>
    <property name="sun.boot.class.path" value="/usr/lib/jvm/java-8-openjdk-amd64/jre/lib/resources.jar:/usr/lib/jvm/java-8-openjdk-amd64/jre/lib/rt.jar:/usr/lib/jvm/java-8-openjdk-amd64/jre/lib/sunrsasign.jar:/usr/lib/jvm/java-8-openjdk-amd64/jre/lib/jsse.jar:/usr/lib/jvm/java-8-openjdk-amd64/jre/lib/jce.jar:/usr/lib/jvm/java-8-openjdk-amd64/jre/lib/charsets.jar:/usr/lib/jvm/java-8-openjdk-amd64/jre/lib/jfr.jar:/usr/lib/jvm/java-8-openjdk-amd64/jre/classes"/>
    <property name="java.vendor" value="Oracle Corporation"/>
    <property name="maven.home" value="/usr/share/maven"/>
    <property name="file.separator" value="/"/>
    <property name="java.vendor.url.bug" value="http://bugreport.sun.com/bugreport/"/>
    <property name="sun.cpu.endian" value="little"/>
    <property name="sun.io.unicode.encoding" value="UnicodeLittle"/>
    <property name="project.build.outputDirectory" value="/home/wju/test-proj/closure-compiler/target/generated-classes/cobertura"/>
    <property name="sun.cpu.isalist" value=""/>
  </properties>
  <testcase name="testTransformationWithTrueIsConstructorConditional" classname="com.google.javascript.jscomp.TypeTransformationTest" time="0.001"/>
  <testcase name="testTransformationWithTemplateTypeOf2" classname="com.google.javascript.jscomp.TypeTransformationTest" time="0.001"/>
  <testcase name="testTransformationWithMaprecordAndStringEquivalence" classname="com.google.javascript.jscomp.TypeTransformationTest" time="0.001"/>
  <testcase name="testTransformationWithRecordType2" classname="com.google.javascript.jscomp.TypeTransformationTest" time="0.001"/>
  <testcase name="testTransformationWithNestedExpressionInIfBranch" classname="com.google.javascript.jscomp.TypeTransformationTest" time="0"/>
  <testcase name="testTransformationWithNestedExpressionInBooleanSecondParam" classname="com.google.javascript.jscomp.TypeTransformationTest" time="0.001"/>
  <testcase name="testTransformatioWithNoneTypeInConditional" classname="com.google.javascript.jscomp.TypeTransformationTest" time="0.001"/>
  <testcase name="testParserWithTTLNativeTypeExprUnion" classname="com.google.javascript.jscomp.TypeTransformationTest" time="0"/>
  <testcase name="testTransformationWithMapunionFilterWithOnlyString" classname="com.google.javascript.jscomp.TypeTransformationTest" time="0.001"/>
  <testcase name="testTransformationWithFalseIsConstructorConditional" classname="com.google.javascript.jscomp.TypeTransformationTest" time="0.001"/>
  <testcase name="testTransformationWithMaprecordIdentity" classname="com.google.javascript.jscomp.TypeTransformationTest" time="0.001"/>
  <testcase name="testTransformationWithNestedRawTypeOf" classname="com.google.javascript.jscomp.TypeTransformationTest" time="0.001"/>
  <testcase name="testTransformationWithTrueSubtypeConditional" classname="com.google.javascript.jscomp.TypeTransformationTest" time="0"/>
  <testcase name="testTransformationWithNestedRecordCollapsePropertiesToType" classname="com.google.javascript.jscomp.TypeTransformationTest" time="0.001"/>
  <testcase name="testTransformationWithTypeOfVar" classname="com.google.javascript.jscomp.TypeTransformationTest" time="0.001"/>
  <testcase name="testTransformationWithNestedRecordCollapsePropertiesJoinRecords2" classname="com.google.javascript.jscomp.TypeTransformationTest" time="0.001"/>
  <testcase name="testTransformationPrintType" classname="com.google.javascript.jscomp.TypeTransformationTest" time="0.001"/>
  <testcase name="testTransformationWithValidUnionTypeOnlyTypePredicates" classname="com.google.javascript.jscomp.TypeTransformationTest" time="0"/>
  <testcase name="testTransformationWithNestedExpressionInElseBranch" classname="com.google.javascript.jscomp.TypeTransformationTest" time="0.001"/>
  <testcase name="testTransformatioWithAllType" classname="com.google.javascript.jscomp.TypeTransformationTest" time="0.001"/>
  <testcase name="testTransformationWithBasicTypePredicateWithInvalidTypename" classname="com.google.javascript.jscomp.TypeTransformationTest" time="0.001"/>
  <testcase name="testTransformationWithNestedIdentityThreeLevels" classname="com.google.javascript.jscomp.TypeTransformationTest" time="0.001"/>
  <testcase name="testTransformationWithUnknownTypeOfVar" classname="com.google.javascript.jscomp.TypeTransformationTest" time="0.001"/>
  <testcase name="testTransformationWithNestedRecordType2" classname="com.google.javascript.jscomp.TypeTransformationTest" time="0"/>
  <testcase name="testTransformationWithNestedIdentityThreeLevels2" classname="com.google.javascript.jscomp.TypeTransformationTest" time="0.001"/>
  <testcase name="testTransformationWithRepeatedTypePredicate" classname="com.google.javascript.jscomp.TypeTransformationTest" time="0.001"/>
  <testcase name="testTransformationWithTemplateTypeOf" classname="com.google.javascript.jscomp.TypeTransformationTest" time="0.001"/>
  <testcase name="testTransformationWithTrueIsRecordConditional" classname="com.google.javascript.jscomp.TypeTransformationTest" time="0.001"/>
  <testcase name="testTransformationWithNestedRecordType" classname="com.google.javascript.jscomp.TypeTransformationTest" time="0"/>
  <testcase name="testTransformationWithFalseIsRecordConditional" classname="com.google.javascript.jscomp.TypeTransformationTest" time="0.001"/>
  <testcase name="testTransformationWithInvalidMergeRecordType" classname="com.google.javascript.jscomp.TypeTransformationTest" time="0.001"/>
  <testcase name="testTransformationWithUnionOfRecordsInMaprecord" classname="com.google.javascript.jscomp.TypeTransformationTest" time="0.001"/>
  <testcase name="testTransformationWithMergeRecordTypeWithEmpty" classname="com.google.javascript.jscomp.TypeTransformationTest" time="0.001"/>
  <testcase name="testTransformationPrintType2" classname="com.google.javascript.jscomp.TypeTransformationTest" time="0"/>
  <testcase name="testTransformationWithMaprecordFilterWithOnlyString" classname="com.google.javascript.jscomp.TypeTransformationTest" time="0.001"/>
  <testcase name="testTransformationWithNestedIdentityOneLevel2" classname="com.google.javascript.jscomp.TypeTransformationTest" time="0.001"/>
  <testcase name="testTransformationWithTrueIsDefinedConditional" classname="com.google.javascript.jscomp.TypeTransformationTest" time="0.001"/>
  <testcase name="testTransformationWithTrueIsUnknownConditional" classname="com.google.javascript.jscomp.TypeTransformationTest" time="0.001"/>
  <testcase name="testTransformationWithAsynchUseCase" classname="com.google.javascript.jscomp.TypeTransformationTest" time="0.001"/>
  <testcase name="testTransformatioWithAllTypeMixUnion" classname="com.google.javascript.jscomp.TypeTransformationTest" time="0.001"/>
  <testcase name="testTransformationWithTemplatizedType" classname="com.google.javascript.jscomp.TypeTransformationTest" time="0"/>
  <testcase name="testTransformationPropType2" classname="com.google.javascript.jscomp.TypeTransformationTest" time="0.001"/>
  <testcase name="testTransformationWithNestedRecordDeleteLevelTwoAndThree" classname="com.google.javascript.jscomp.TypeTransformationTest" time="0.001"/>
  <testcase name="testTransformationWithFalseIsDefinedConditional" classname="com.google.javascript.jscomp.TypeTransformationTest" time="0.001"/>
  <testcase name="testTransformationWithFalseIsUnknownConditional" classname="com.google.javascript.jscomp.TypeTransformationTest" time="0.001"/>
  <testcase name="testTransformationWithInvalidIndexTemplateTypeOf" classname="com.google.javascript.jscomp.TypeTransformationTest" time="0"/>
  <testcase name="testTransformationWithTrueIsTemplatizedConditional" classname="com.google.javascript.jscomp.TypeTransformationTest" time="0.001"/>
  <testcase name="testTransformationWithValidBasicTypePredicate" classname="com.google.javascript.jscomp.TypeTransformationTest" time="0.001"/>
  <testcase name="testParserWithTTLNativeTypeExprNullable" classname="com.google.javascript.jscomp.TypeTransformationTest" time="0"/>
  <testcase name="testTransformationWithMapunionIdentity" classname="com.google.javascript.jscomp.TypeTransformationTest" time="0.001"/>
  <testcase name="testTransformationPropTypeInvalid" classname="com.google.javascript.jscomp.TypeTransformationTest" time="0.001"/>
  <testcase name="testTransformationWithObjectUseCase" classname="com.google.javascript.jscomp.TypeTransformationTest" time="0.001"/>
  <testcase name="testTransformationWithValidUnionTypeOnlyVars" classname="com.google.javascript.jscomp.TypeTransformationTest" time="0"/>
  <testcase name="testTransformationWithFalseIsTemplatizedConditional" classname="com.google.javascript.jscomp.TypeTransformationTest" time="0.001"/>
  <testcase name="testTransformationWithMergeDuplicatedRecords" classname="com.google.javascript.jscomp.TypeTransformationTest" time="0.001"/>
  <testcase name="testTransformationPropTypeNotFound" classname="com.google.javascript.jscomp.TypeTransformationTest" time="0.001"/>
  <testcase name="testTransformationWithInvalidNestedMapunion" classname="com.google.javascript.jscomp.TypeTransformationTest" time="0"/>
  <testcase name="testTransformationInstanceObjectToRecord2" classname="com.google.javascript.jscomp.TypeTransformationTest" time="0.001"/>
  <testcase name="testTransformatioWithNoneType" classname="com.google.javascript.jscomp.TypeTransformationTest" time="0.001"/>
  <testcase name="testTransformationWithMaprecordMappingEverythingToString" classname="com.google.javascript.jscomp.TypeTransformationTest" time="0.001"/>
  <testcase name="testTransformationWithTemplatizedTypeInvalidBaseType" classname="com.google.javascript.jscomp.TypeTransformationTest" time="0.001"/>
  <testcase name="testTransformationWithNestedMapunionInMapFunctionBody" classname="com.google.javascript.jscomp.TypeTransformationTest" time="0"/>
  <testcase name="testTransformationWithNestedRecordDeleteLevelTwoAndThree2" classname="com.google.javascript.jscomp.TypeTransformationTest" time="0.002"/>
  <testcase name="testTransformationWithRawTypeOf" classname="com.google.javascript.jscomp.TypeTransformationTest" time="0"/>
  <testcase name="testTransformationWithUnknownParameter" classname="com.google.javascript.jscomp.TypeTransformationTest" time="0.001"/>
  <testcase name="testTransformationWithInvalidStreqConditional" classname="com.google.javascript.jscomp.TypeTransformationTest" time="0.001"/>
  <testcase name="testTransformationWithRecordType" classname="com.google.javascript.jscomp.TypeTransformationTest" time="0.001"/>
  <testcase name="testTransformationWithInvalidMaprecordFirstParam" classname="com.google.javascript.jscomp.TypeTransformationTest" time="0"/>
  <testcase name="testTransformationWithSingleTypeVar" classname="com.google.javascript.jscomp.TypeTransformationTest" time="0.001"/>
  <testcase name="testTransformationWithTemplatizedTypeInvalidBaseType2" classname="com.google.javascript.jscomp.TypeTransformationTest" time="0.001"/>
  <testcase name="testTransformationWithTemplatizedTypeInvalidBaseType3" classname="com.google.javascript.jscomp.TypeTransformationTest" time="0"/>
  <testcase name="testTransformationWithInstanceOf" classname="com.google.javascript.jscomp.TypeTransformationTest" time="0.001"/>
  <testcase name="testTransformationWithTrueStreqConditional" classname="com.google.javascript.jscomp.TypeTransformationTest" time="0.001"/>
  <testcase name="testTransformationWithTrueAndConditional" classname="com.google.javascript.jscomp.TypeTransformationTest" time="0"/>
  <testcase name="testTransformationWithMapunionOnSingletonStringToNumber" classname="com.google.javascript.jscomp.TypeTransformationTest" time="0.001"/>
  <testcase name="testTransformationWithFalseStreqConditional2" classname="com.google.javascript.jscomp.TypeTransformationTest" time="0.001"/>
  <testcase name="testTransformationWithFalseStreqConditional3" classname="com.google.javascript.jscomp.TypeTransformationTest" time="0.001"/>
  <testcase name="testTransformatioWithUnknownTypeInConditional" classname="com.google.javascript.jscomp.TypeTransformationTest" time="0"/>
  <testcase name="testTransformationWithTrueStreqConditional2" classname="com.google.javascript.jscomp.TypeTransformationTest" time="0.001"/>
  <testcase name="testTransformationWithTrueStreqConditional3" classname="com.google.javascript.jscomp.TypeTransformationTest" time="0.001"/>
  <testcase name="testTransformationWithInvalidNestedMaprecord" classname="com.google.javascript.jscomp.TypeTransformationTest" time="0.001"/>
  <testcase name="testTransformatioWithAllTypeInConditional" classname="com.google.javascript.jscomp.TypeTransformationTest" time="0"/>
  <testcase name="testTransformationWithNestedUnionInMapunionFilterString" classname="com.google.javascript.jscomp.TypeTransformationTest" time="0.001"/>
  <testcase name="testTransformatioWithNoneTypeInMapunionFilterString" classname="com.google.javascript.jscomp.TypeTransformationTest" time="0.001"/>
  <testcase name="testTransformationWithInvalidRecordType" classname="com.google.javascript.jscomp.TypeTransformationTest" time="0"/>
  <testcase name="testTransformationWithRecordTypeMultipleProperties" classname="com.google.javascript.jscomp.TypeTransformationTest" time="0.001"/>
  <testcase name="testTransformationWithNestedExpressionInBooleanFirstParam" classname="com.google.javascript.jscomp.TypeTransformationTest" time="0.001"/>
  <testcase name="testTransformationWithInvalidInstanceOf" classname="com.google.javascript.jscomp.TypeTransformationTest" time="0"/>
  <testcase name="testTransformationWithMultipleTypeVars" classname="com.google.javascript.jscomp.TypeTransformationTest" time="0.001"/>
  <testcase name="testParserWithTTLNativeTypeExprNonNullable" classname="com.google.javascript.jscomp.TypeTransformationTest" time="0.001"/>
  <testcase name="testTransformationWithObjectInMaprecord" classname="com.google.javascript.jscomp.TypeTransformationTest" time="0.001"/>
  <testcase name="testTransformationWithNestedRecordCollapsePropertiesToRecord" classname="com.google.javascript.jscomp.TypeTransformationTest" time="0"/>
  <testcase name="testTransformationWithNestedIdentityTwoLevels2" classname="com.google.javascript.jscomp.TypeTransformationTest" time="0.002"/>
  <testcase name="testTransformationWithTTLRecordWithReference" classname="com.google.javascript.jscomp.TypeTransformationTest" time="0"/>
  <testcase name="testTransformationWithInvalidMaprecord" classname="com.google.javascript.jscomp.TypeTransformationTest" time="0.001"/>
  <testcase name="testTransformationInstanceObjectToRecord" classname="com.google.javascript.jscomp.TypeTransformationTest" time="0.001"/>
  <testcase name="testTransformationWithTrueOrConditional2" classname="com.google.javascript.jscomp.TypeTransformationTest" time="0"/>
  <testcase name="testTransformationWithTrueOrConditional3" classname="com.google.javascript.jscomp.TypeTransformationTest" time="0.001"/>
  <testcase name="testTransformationWithFalseSubtypeConditional" classname="com.google.javascript.jscomp.TypeTransformationTest" time="0.001"/>
  <testcase name="testTransformationWithNestedRecordInMaprecordFilterTwoLevelsString" classname="com.google.javascript.jscomp.TypeTransformationTest" time="0.001"/>
  <testcase name="testTransformationWithMergeRecord" classname="com.google.javascript.jscomp.TypeTransformationTest" time="0"/>
  <testcase name="testTransformationWithTypeExpr" classname="com.google.javascript.jscomp.TypeTransformationTest" time="0.001"/>
  <testcase name="testTransformationWithFalseOrConditional" classname="com.google.javascript.jscomp.TypeTransformationTest" time="0.001"/>
  <testcase name="testTransformationWithNestedTemplateTypeOf" classname="com.google.javascript.jscomp.TypeTransformationTest" time="0"/>
  <testcase name="testTransformationWithRawTypeOf2" classname="com.google.javascript.jscomp.TypeTransformationTest" time="0.001"/>
  <testcase name="testTransformationWithTrueIsUnknownConditional2" classname="com.google.javascript.jscomp.TypeTransformationTest" time="0.001"/>
  <testcase name="testTransformationWithMapunionMappingEverythingToString" classname="com.google.javascript.jscomp.TypeTransformationTest" time="0"/>
  <testcase name="testTransformationWithNestedRecordCollapsePropertiesJoinRecords" classname="com.google.javascript.jscomp.TypeTransformationTest" time="0.001"/>
  <testcase name="testTransformationWithMapunionWithUnionEvaluatedToANonUnion" classname="com.google.javascript.jscomp.TypeTransformationTest" time="0.001"/>
  <testcase name="testTransformationWithInvalidInstanceOf2" classname="com.google.javascript.jscomp.TypeTransformationTest" time="0.001"/>
  <testcase name="testTransformationWithFalseNotConditional" classname="com.google.javascript.jscomp.TypeTransformationTest" time="0"/>
  <testcase name="testTransformatioWithUnknownType" classname="com.google.javascript.jscomp.TypeTransformationTest" time="0.001"/>
  <testcase name="testTransformationWithUnionInMaprecord" classname="com.google.javascript.jscomp.TypeTransformationTest" time="0.001"/>
  <testcase name="testTransformationWithTTLTypeTransformationInFirstParamMapunion" classname="com.google.javascript.jscomp.TypeTransformationTest" time="0.001"/>
  <testcase name="testTransformationWithInvalidRawTypeOf" classname="com.google.javascript.jscomp.TypeTransformationTest" time="0"/>
  <testcase name="testTransformationWithNestedUnionInSecondParameter" classname="com.google.javascript.jscomp.TypeTransformationTest" time="0.001"/>
  <testcase name="testTransformationWithFalseEqtypeConditional" classname="com.google.javascript.jscomp.TypeTransformationTest" time="0.001"/>
  <testcase name="testTransformationWithUndefinedTypeVar" classname="com.google.javascript.jscomp.TypeTransformationTest" time="0"/>
  <testcase name="testTransformationWithTrueEqtypeConditional" classname="com.google.javascript.jscomp.TypeTransformationTest" time="0.001"/>
  <testcase name="testTransformationWithValidUnionTypeMixed" classname="com.google.javascript.jscomp.TypeTransformationTest" time="0.001"/>
  <testcase name="testTransformationWithNestedIdentityTwoLevels" classname="com.google.javascript.jscomp.TypeTransformationTest" time="0.001"/>
  <testcase name="testTransformationWithTrueOrConditional" classname="com.google.javascript.jscomp.TypeTransformationTest" time="0"/>
  <testcase name="testTransformationWithTemplatizedType2" classname="com.google.javascript.jscomp.TypeTransformationTest" time="0.001"/>
  <testcase name="testTransformationWithTemplatizedType3" classname="com.google.javascript.jscomp.TypeTransformationTest" time="0.001"/>
  <testcase name="testTransformationInstanceObjectToRecordInvalid" classname="com.google.javascript.jscomp.TypeTransformationTest" time="0.001"/>
  <testcase name="testTransformationWithMaprecordDeleteEverything" classname="com.google.javascript.jscomp.TypeTransformationTest" time="0"/>
  <testcase name="testParserWithTTLNativeTypeExprRecord" classname="com.google.javascript.jscomp.TypeTransformationTest" time="0.001"/>
  <testcase name="testTransformationWithInvalidEqConditional" classname="com.google.javascript.jscomp.TypeTransformationTest" time="0.001"/>
  <testcase name="testTransformationWithNestedIdentityOneLevel" classname="com.google.javascript.jscomp.TypeTransformationTest" time="0.001"/>
  <testcase name="testTransformationWithFalseStreqConditional" classname="com.google.javascript.jscomp.TypeTransformationTest" time="0.001"/>
  <testcase name="testTransformationWithNestedUnionInFirstParameter" classname="com.google.javascript.jscomp.TypeTransformationTest" time="0"/>
  <testcase name="testTransformationWithFalseAndConditional2" classname="com.google.javascript.jscomp.TypeTransformationTest" time="0.001"/>
  <testcase name="testTransformationWithFalseAndConditional3" classname="com.google.javascript.jscomp.TypeTransformationTest" time="0.001"/>
  <testcase name="testTransformatioWithUnknownTypeInMapunionStringToUnknown" classname="com.google.javascript.jscomp.TypeTransformationTest" time="0"/>
  <testcase name="testTransformationWithInvalidTypeTemplateTypeOf" classname="com.google.javascript.jscomp.TypeTransformationTest" time="0.001"/>
  <testcase name="testTransformationPropType" classname="com.google.javascript.jscomp.TypeTransformationTest" time="0.001"/>
  <testcase name="testTransformationWithNestedRecordInMaprecordFilterOneLevelString" classname="com.google.javascript.jscomp.TypeTransformationTest" time="0.001"/>
  <testcase name="testTransformationWithTrueNotConditional3" classname="com.google.javascript.jscomp.TypeTransformationTest" time="0.001"/>
  <testcase name="testTransformationWithUnknownParameter2" classname="com.google.javascript.jscomp.TypeTransformationTest" time="0"/>
  <testcase name="testTransformationWithTTLRecordWithInvalidReference" classname="com.google.javascript.jscomp.TypeTransformationTest" time="0.001"/>
  <testcase name="testTransformationWithFalseAndConditional" classname="com.google.javascript.jscomp.TypeTransformationTest" time="0.001"/>
  <testcase name="testTransformationWithEmptyRecordType" classname="com.google.javascript.jscomp.TypeTransformationTest" time="0"/>
</testsuite>