<?xml version="1.0" encoding="UTF-8"?>
<testsuite xmlns:xsi="http://www.w3.org/2001/XMLSchema-instance" xsi:schemaLocation="https://maven.apache.org/surefire/maven-surefire-plugin/xsd/surefire-test-report.xsd" name="com.google.javascript.jscomp.DevirtualizePrototypeMethodsTest" time="0.259" tests="42" errors="0" skipped="0" failures="0">
  <properties>
    <property name="java.runtime.name" value="OpenJDK Runtime Environment"/>
    <property name="sun.boot.library.path" value="/usr/lib/jvm/java-8-openjdk-amd64/jre/lib/amd64"/>
    <property name="java.vm.version" value="25.151-b12"/>
    <property name="java.vm.vendor" value="Oracle Corporation"/>
    <property name="maven.multiModuleProjectDirectory" value="/home/wju/test-proj/closure-compiler"/>
    <property name="java.vendor.url" value="http://java.oracle.com/"/>
    <property name="path.separator" value=":"/>
    <property name="guice.disable.misplaced.annotation.check" value="true"/>
    <property name="java.vm.name" value="OpenJDK 64-Bit Server VM"/>
    <property name="file.encoding.pkg" value="sun.io"/>
    <property name="user.country" value="US"/>
    <property name="sun.java.launcher" value="SUN_STANDARD"/>
    <property name="sun.os.patch.level" value="unknown"/>
    <property name="java.vm.specification.name" value="Java Virtual Machine Specification"/>
    <property name="user.dir" value="/home/wju/test-proj/closure-compiler"/>
    <property name="java.runtime.version" value="1.8.0_151-8u151-b12-0ubuntu0.16.04.2-b12"/>
    <property name="java.awt.graphicsenv" value="sun.awt.X11GraphicsEnvironment"/>
    <property name="java.endorsed.dirs" value="/usr/lib/jvm/java-8-openjdk-amd64/jre/lib/endorsed"/>
    <property name="os.arch" value="amd64"/>
    <property name="java.io.tmpdir" value="/tmp"/>
    <property name="line.separator" value="&#10;"/>
    <property name="java.vm.specification.vendor" value="Oracle Corporation"/>
    <property name="os.name" value="Linux"/>
    <property name="net.sourceforge.cobertura.datafile" value="/home/wju/test-proj/closure-compiler/target/cobertura/cobertura.ser"/>
    <property name="classworlds.conf" value="/usr/share/maven/bin/m2.conf"/>
    <property name="sun.jnu.encoding" value="UTF-8"/>
    <property name="java.library.path" value="/usr/java/packages/lib/amd64:/usr/lib/x86_64-linux-gnu/jni:/lib/x86_64-linux-gnu:/usr/lib/x86_64-linux-gnu:/usr/lib/jni:/lib:/usr/lib"/>
    <property name="java.specification.name" value="Java Platform API Specification"/>
    <property name="java.class.version" value="52.0"/>
    <property name="sun.management.compiler" value="HotSpot 64-Bit Tiered Compilers"/>
    <property name="os.version" value="4.4.0-109-generic"/>
    <property name="user.home" value="/home/wju"/>
    <property name="user.timezone" value="America/Los_Angeles"/>
    <property name="java.awt.printerjob" value="sun.print.PSPrinterJob"/>
    <property name="java.specification.version" value="1.8"/>
    <property name="file.encoding" value="UTF-8"/>
    <property name="user.name" value="wju"/>
    <property name="java.class.path" value="/usr/share/maven/boot/plexus-classworlds-2.x.jar"/>
    <property name="java.vm.specification.version" value="1.8"/>
    <property name="sun.arch.data.model" value="64"/>
    <property name="java.home" value="/usr/lib/jvm/java-8-openjdk-amd64/jre"/>
    <property name="sun.java.command" value="org.codehaus.plexus.classworlds.launcher.Launcher cobertura:cobertura"/>
    <property name="java.specification.vendor" value="Oracle Corporation"/>
    <property name="user.language" value="en"/>
    <property name="awt.toolkit" value="sun.awt.X11.XToolkit"/>
    <property name="java.vm.info" value="mixed mode"/>
    <property name="java.version" value="1.8.0_151"/>
    <property name="java.ext.dirs" value="/usr/lib/jvm/java-8-openjdk-amd64/jre/lib/ext:/usr/java/packages/lib/ext"/>
    <property name="securerandom.source" value="file:/dev/./urandom"/>
    <property name="sun.boot.class.path" value="/usr/lib/jvm/java-8-openjdk-amd64/jre/lib/resources.jar:/usr/lib/jvm/java-8-openjdk-amd64/jre/lib/rt.jar:/usr/lib/jvm/java-8-openjdk-amd64/jre/lib/sunrsasign.jar:/usr/lib/jvm/java-8-openjdk-amd64/jre/lib/jsse.jar:/usr/lib/jvm/java-8-openjdk-amd64/jre/lib/jce.jar:/usr/lib/jvm/java-8-openjdk-amd64/jre/lib/charsets.jar:/usr/lib/jvm/java-8-openjdk-amd64/jre/lib/jfr.jar:/usr/lib/jvm/java-8-openjdk-amd64/jre/classes"/>
    <property name="java.vendor" value="Oracle Corporation"/>
    <property name="maven.home" value="/usr/share/maven"/>
    <property name="file.separator" value="/"/>
    <property name="java.vendor.url.bug" value="http://bugreport.sun.com/bugreport/"/>
    <property name="sun.cpu.endian" value="little"/>
    <property name="sun.io.unicode.encoding" value="UnicodeLittle"/>
    <property name="project.build.outputDirectory" value="/home/wju/test-proj/closure-compiler/target/generated-classes/cobertura"/>
    <property name="sun.cpu.isalist" value=""/>
  </properties>
  <testcase name="testRewritePrototypeNoObjectLiterals" classname="com.google.javascript.jscomp.DevirtualizePrototypeMethodsTest" time="0.007"/>
  <testcase name="testRewriteNoVarArgs" classname="com.google.javascript.jscomp.DevirtualizePrototypeMethodsTest" time="0.005"/>
  <testcase name="testRewriteNoNestedFunction" classname="com.google.javascript.jscomp.DevirtualizePrototypeMethodsTest" time="0.006"/>
  <testcase name="testRewriteIfDuplicates" classname="com.google.javascript.jscomp.DevirtualizePrototypeMethodsTest" time="0.006"/>
  <testcase name="testNoRewriteExternalMethods1" classname="com.google.javascript.jscomp.DevirtualizePrototypeMethodsTest" time="0.006"/>
  <testcase name="testNoRewriteExternalMethods2" classname="com.google.javascript.jscomp.DevirtualizePrototypeMethodsTest" time="0.006"/>
  <testcase name="testNoRewriteVarArgs" classname="com.google.javascript.jscomp.DevirtualizePrototypeMethodsTest" time="0.006"/>
  <testcase name="testRewriteImplementedMethod2" classname="com.google.javascript.jscomp.DevirtualizePrototypeMethodsTest" time="0.005"/>
  <testcase name="testRewriteImplementedMethod3" classname="com.google.javascript.jscomp.DevirtualizePrototypeMethodsTest" time="0.006"/>
  <testcase name="testRewriteImplementedMethod4" classname="com.google.javascript.jscomp.DevirtualizePrototypeMethodsTest" time="0.006"/>
  <testcase name="testRewriteImplementedMethod5" classname="com.google.javascript.jscomp.DevirtualizePrototypeMethodsTest" time="0.006"/>
  <testcase name="testRewriteImplementedMethodInObj" classname="com.google.javascript.jscomp.DevirtualizePrototypeMethodsTest" time="0.006"/>
  <testcase name="testRewritePrototypeMethodsWithCorrectTypes" classname="com.google.javascript.jscomp.DevirtualizePrototypeMethodsTest" time="0.018"/>
  <testcase name="testNoRewriteDeclUsedAsCallArgument" classname="com.google.javascript.jscomp.DevirtualizePrototypeMethodsTest" time="0.006"/>
  <testcase name="testRewriteDefinitionBeforeUse" classname="com.google.javascript.jscomp.DevirtualizePrototypeMethodsTest" time="0.006"/>
  <testcase name="testNoRewriteNestedFunction" classname="com.google.javascript.jscomp.DevirtualizePrototypeMethodsTest" time="0.006"/>
  <testcase name="testNoRewriteGet1" classname="com.google.javascript.jscomp.DevirtualizePrototypeMethodsTest" time="0.006"/>
  <testcase name="testNoRewriteGet2" classname="com.google.javascript.jscomp.DevirtualizePrototypeMethodsTest" time="0.005"/>
  <testcase name="testNoRewriteSet1" classname="com.google.javascript.jscomp.DevirtualizePrototypeMethodsTest" time="0.006"/>
  <testcase name="testNoRewriteSet2" classname="com.google.javascript.jscomp.DevirtualizePrototypeMethodsTest" time="0.006"/>
  <testcase name="testRewriteCallReference" classname="com.google.javascript.jscomp.DevirtualizePrototypeMethodsTest" time="0.006"/>
  <testcase name="testRewritePrototypeObjectLiterals1" classname="com.google.javascript.jscomp.DevirtualizePrototypeMethodsTest" time="0.006"/>
  <testcase name="testRewriteInGlobalScope" classname="com.google.javascript.jscomp.DevirtualizePrototypeMethodsTest" time="0.006"/>
  <testcase name="testNoRewriteDeclUsedAsAssignmentRhs" classname="com.google.javascript.jscomp.DevirtualizePrototypeMethodsTest" time="0.006"/>
  <testcase name="testNoRewriteNonCallReference" classname="com.google.javascript.jscomp.DevirtualizePrototypeMethodsTest" time="0.006"/>
  <testcase name="testNoRewriteCodingConvention" classname="com.google.javascript.jscomp.DevirtualizePrototypeMethodsTest" time="0.005"/>
  <testcase name="testNoRewritePrototypeObjectLiterals2" classname="com.google.javascript.jscomp.DevirtualizePrototypeMethodsTest" time="0.006"/>
  <testcase name="testNoRewriteNamespaceFunctions" classname="com.google.javascript.jscomp.DevirtualizePrototypeMethodsTest" time="0.006"/>
  <testcase name="testRewriteChained" classname="com.google.javascript.jscomp.DevirtualizePrototypeMethodsTest" time="0.006"/>
  <testcase name="testRewriteSameModule1" classname="com.google.javascript.jscomp.DevirtualizePrototypeMethodsTest" time="0.006"/>
  <testcase name="testRewriteSameModule2" classname="com.google.javascript.jscomp.DevirtualizePrototypeMethodsTest" time="0.005"/>
  <testcase name="testRewriteSameModule3" classname="com.google.javascript.jscomp.DevirtualizePrototypeMethodsTest" time="0.006"/>
  <testcase name="testNoRewriteIfDuplicates" classname="com.google.javascript.jscomp.DevirtualizePrototypeMethodsTest" time="0.006"/>
  <testcase name="testNoRewriteUseBeforeDefinition" classname="com.google.javascript.jscomp.DevirtualizePrototypeMethodsTest" time="0.006"/>
  <testcase name="testRewriteIfDuplicatesWithThis" classname="com.google.javascript.jscomp.DevirtualizePrototypeMethodsTest" time="0.006"/>
  <testcase name="testNoRewriteIfNotInGlobalScope1" classname="com.google.javascript.jscomp.DevirtualizePrototypeMethodsTest" time="0.006"/>
  <testcase name="testNoRewriteIfNotInGlobalScope2" classname="com.google.javascript.jscomp.DevirtualizePrototypeMethodsTest" time="0.006"/>
  <testcase name="testNoRewriteNoReferences" classname="com.google.javascript.jscomp.DevirtualizePrototypeMethodsTest" time="0.006"/>
  <testcase name="testWrapper" classname="com.google.javascript.jscomp.DevirtualizePrototypeMethodsTest" time="0.005"/>
  <testcase name="testRewriteImplementedMethod" classname="com.google.javascript.jscomp.DevirtualizePrototypeMethodsTest" time="0.006"/>
  <testcase name="testRewriteDeclIsExpressionStatement" classname="com.google.javascript.jscomp.DevirtualizePrototypeMethodsTest" time="0.006"/>
  <testcase name="testNoRewriteNotImplementedMethod" classname="com.google.javascript.jscomp.DevirtualizePrototypeMethodsTest" time="0.005"/>
</testsuite>