<?xml version="1.0" encoding="UTF-8"?>
<testsuite xmlns:xsi="http://www.w3.org/2001/XMLSchema-instance" xsi:schemaLocation="https://maven.apache.org/surefire/maven-surefire-plugin/xsd/surefire-test-report.xsd" name="com.google.javascript.jscomp.CompilerTest" time="5.69" tests="83" errors="0" skipped="0" failures="0">
  <properties>
    <property name="java.runtime.name" value="OpenJDK Runtime Environment"/>
    <property name="sun.boot.library.path" value="/usr/lib/jvm/java-8-openjdk-amd64/jre/lib/amd64"/>
    <property name="java.vm.version" value="25.151-b12"/>
    <property name="java.vm.vendor" value="Oracle Corporation"/>
    <property name="maven.multiModuleProjectDirectory" value="/home/wju/test-proj/closure-compiler"/>
    <property name="java.vendor.url" value="http://java.oracle.com/"/>
    <property name="path.separator" value=":"/>
    <property name="guice.disable.misplaced.annotation.check" value="true"/>
    <property name="java.vm.name" value="OpenJDK 64-Bit Server VM"/>
    <property name="file.encoding.pkg" value="sun.io"/>
    <property name="user.country" value="US"/>
    <property name="sun.java.launcher" value="SUN_STANDARD"/>
    <property name="sun.os.patch.level" value="unknown"/>
    <property name="java.vm.specification.name" value="Java Virtual Machine Specification"/>
    <property name="user.dir" value="/home/wju/test-proj/closure-compiler"/>
    <property name="java.runtime.version" value="1.8.0_151-8u151-b12-0ubuntu0.16.04.2-b12"/>
    <property name="java.awt.graphicsenv" value="sun.awt.X11GraphicsEnvironment"/>
    <property name="java.endorsed.dirs" value="/usr/lib/jvm/java-8-openjdk-amd64/jre/lib/endorsed"/>
    <property name="os.arch" value="amd64"/>
    <property name="java.io.tmpdir" value="/tmp"/>
    <property name="line.separator" value="&#10;"/>
    <property name="java.vm.specification.vendor" value="Oracle Corporation"/>
    <property name="os.name" value="Linux"/>
    <property name="net.sourceforge.cobertura.datafile" value="/home/wju/test-proj/closure-compiler/target/cobertura/cobertura.ser"/>
    <property name="classworlds.conf" value="/usr/share/maven/bin/m2.conf"/>
    <property name="sun.jnu.encoding" value="UTF-8"/>
    <property name="java.library.path" value="/usr/java/packages/lib/amd64:/usr/lib/x86_64-linux-gnu/jni:/lib/x86_64-linux-gnu:/usr/lib/x86_64-linux-gnu:/usr/lib/jni:/lib:/usr/lib"/>
    <property name="java.specification.name" value="Java Platform API Specification"/>
    <property name="java.class.version" value="52.0"/>
    <property name="sun.management.compiler" value="HotSpot 64-Bit Tiered Compilers"/>
    <property name="os.version" value="4.4.0-109-generic"/>
    <property name="user.home" value="/home/wju"/>
    <property name="user.timezone" value="America/Los_Angeles"/>
    <property name="java.awt.printerjob" value="sun.print.PSPrinterJob"/>
    <property name="java.specification.version" value="1.8"/>
    <property name="file.encoding" value="UTF-8"/>
    <property name="user.name" value="wju"/>
    <property name="java.class.path" value="/usr/share/maven/boot/plexus-classworlds-2.x.jar"/>
    <property name="java.vm.specification.version" value="1.8"/>
    <property name="sun.arch.data.model" value="64"/>
    <property name="java.home" value="/usr/lib/jvm/java-8-openjdk-amd64/jre"/>
    <property name="sun.java.command" value="org.codehaus.plexus.classworlds.launcher.Launcher cobertura:cobertura"/>
    <property name="java.specification.vendor" value="Oracle Corporation"/>
    <property name="user.language" value="en"/>
    <property name="awt.toolkit" value="sun.awt.X11.XToolkit"/>
    <property name="java.vm.info" value="mixed mode"/>
    <property name="java.version" value="1.8.0_151"/>
    <property name="java.ext.dirs" value="/usr/lib/jvm/java-8-openjdk-amd64/jre/lib/ext:/usr/java/packages/lib/ext"/>
    <property name="securerandom.source" value="file:/dev/./urandom"/>
    <property name="sun.boot.class.path" value="/usr/lib/jvm/java-8-openjdk-amd64/jre/lib/resources.jar:/usr/lib/jvm/java-8-openjdk-amd64/jre/lib/rt.jar:/usr/lib/jvm/java-8-openjdk-amd64/jre/lib/sunrsasign.jar:/usr/lib/jvm/java-8-openjdk-amd64/jre/lib/jsse.jar:/usr/lib/jvm/java-8-openjdk-amd64/jre/lib/jce.jar:/usr/lib/jvm/java-8-openjdk-amd64/jre/lib/charsets.jar:/usr/lib/jvm/java-8-openjdk-amd64/jre/lib/jfr.jar:/usr/lib/jvm/java-8-openjdk-amd64/jre/classes"/>
    <property name="java.vendor" value="Oracle Corporation"/>
    <property name="maven.home" value="/usr/share/maven"/>
    <property name="file.separator" value="/"/>
    <property name="java.vendor.url.bug" value="http://bugreport.sun.com/bugreport/"/>
    <property name="sun.cpu.endian" value="little"/>
    <property name="sun.io.unicode.encoding" value="UnicodeLittle"/>
    <property name="project.build.outputDirectory" value="/home/wju/test-proj/closure-compiler/target/generated-classes/cobertura"/>
    <property name="sun.cpu.isalist" value=""/>
  </properties>
  <testcase name="testResolveRelativeDirSourceMap" classname="com.google.javascript.jscomp.CompilerTest" time="0.002"/>
  <testcase name="testOverviewAndImportantCommentOutput" classname="com.google.javascript.jscomp.CompilerTest" time="0.005"/>
  <testcase name="testMultipleIdenticalImportantComments" classname="com.google.javascript.jscomp.CompilerTest" time="0.005"/>
  <testcase name="testDefineOverriding1" classname="com.google.javascript.jscomp.CompilerTest" time="0.001"/>
  <testcase name="testDefineOverriding2" classname="com.google.javascript.jscomp.CompilerTest" time="0"/>
  <testcase name="testDefineOverriding3" classname="com.google.javascript.jscomp.CompilerTest" time="0"/>
  <testcase name="testWarningsFiltering" classname="com.google.javascript.jscomp.CompilerTest" time="0.002"/>
  <testcase name="testMissingSourceMapFile" classname="com.google.javascript.jscomp.CompilerTest" time="0"/>
  <testcase name="testLicenseImportantCommentDirectiveOutput" classname="com.google.javascript.jscomp.CompilerTest" time="0.006"/>
  <testcase name="testGoogNamespaceEntryPoint" classname="com.google.javascript.jscomp.CompilerTest" time="0.832"/>
  <testcase name="testOverviewAndLicenseDirectiveOutput" classname="com.google.javascript.jscomp.CompilerTest" time="0.008"/>
  <testcase name="testAddIndexProviderTwice_isException" classname="com.google.javascript.jscomp.CompilerTest" time="0.001"/>
  <testcase name="testGetChangesAndDeletions_changeReportsVisible" classname="com.google.javascript.jscomp.CompilerTest" time="0"/>
  <testcase name="testMultipleImportantCommentDirectiveOutput" classname="com.google.javascript.jscomp.CompilerTest" time="0.006"/>
  <testcase name="testMalformedFunctionInExterns" classname="com.google.javascript.jscomp.CompilerTest" time="0.001"/>
  <testcase name="testRebuildInputsFromModule" classname="com.google.javascript.jscomp.CompilerTest" time="0"/>
  <testcase name="testAddIndexProvider_ThenGetIndex" classname="com.google.javascript.jscomp.CompilerTest" time="0.001"/>
  <testcase name="testAdditionalReplacementsForClosure" classname="com.google.javascript.jscomp.CompilerTest" time="0"/>
  <testcase name="testIdenticalLicenseAndImportantComment" classname="com.google.javascript.jscomp.CompilerTest" time="0.006"/>
  <testcase name="testReportChangeNoScopeFails" classname="com.google.javascript.jscomp.CompilerTest" time="0"/>
  <testcase name="testGetSourceInfoInExterns" classname="com.google.javascript.jscomp.CompilerTest" time="0.005"/>
  <testcase name="testCombinedLicenseOverviewDirectiveOutput" classname="com.google.javascript.jscomp.CompilerTest" time="0.006"/>
  <testcase name="testProperGoogBaseOrdering" classname="com.google.javascript.jscomp.CompilerTest" time="2.357"/>
  <testcase name="testExternsDependencyPruning" classname="com.google.javascript.jscomp.CompilerTest" time="0.005"/>
  <testcase name="testGetChangesAndDeletions_deleteOverridesChange" classname="com.google.javascript.jscomp.CompilerTest" time="0"/>
  <testcase name="testLicenseOverviewLicense" classname="com.google.javascript.jscomp.CompilerTest" time="0.006"/>
  <testcase name="testCodeBuilderAppend" classname="com.google.javascript.jscomp.CompilerTest" time="0.001"/>
  <testcase name="testNoWarningMissingAbsoluteSourceMap" classname="com.google.javascript.jscomp.CompilerTest" time="0.001"/>
  <testcase name="testCompilerInputFromPersistentStore" classname="com.google.javascript.jscomp.CompilerTest" time="0"/>
  <testcase name="testDynamicImportOrdering2" classname="com.google.javascript.jscomp.CompilerTest" time="0.285"/>
  <testcase name="testGetEmptyResult" classname="com.google.javascript.jscomp.CompilerTest" time="0"/>
  <testcase name="testTwoLicenseInSameComment" classname="com.google.javascript.jscomp.CompilerTest" time="0.003"/>
  <testcase name="testInputDelimiters" classname="com.google.javascript.jscomp.CompilerTest" time="0.006"/>
  <testcase name="testGetChangesAndDeletions_changeDoesntOverrideDelete" classname="com.google.javascript.jscomp.CompilerTest" time="0"/>
  <testcase name="testCyclicalDependencyInInputs" classname="com.google.javascript.jscomp.CompilerTest" time="0.001"/>
  <testcase name="testImportantCommentLicenseDirectiveOutput" classname="com.google.javascript.jscomp.CompilerTest" time="0.006"/>
  <testcase name="testConsecutiveSemicolons" classname="com.google.javascript.jscomp.CompilerTest" time="0.001"/>
  <testcase name="testLicenseInTree" classname="com.google.javascript.jscomp.CompilerTest" time="0.006"/>
  <testcase name="testCodeBuilderColumnAfterReset" classname="com.google.javascript.jscomp.CompilerTest" time="0"/>
  <testcase name="testPrintExterns" classname="com.google.javascript.jscomp.CompilerTest" time="0.001"/>
  <testcase name="testBug2176967Error" classname="com.google.javascript.jscomp.CompilerTest" time="0.001"/>
  <testcase name="testBadDefineOverriding1" classname="com.google.javascript.jscomp.CompilerTest" time="0.001"/>
  <testcase name="testBadDefineOverriding2" classname="com.google.javascript.jscomp.CompilerTest" time="0"/>
  <testcase name="testBadDefineOverriding3" classname="com.google.javascript.jscomp.CompilerTest" time="0"/>
  <testcase name="testGetChangesAndDeletions_onlySeesChangesSinceLastRequest" classname="com.google.javascript.jscomp.CompilerTest" time="0"/>
  <testcase name="testCheckSaveRestoreOptimize" classname="com.google.javascript.jscomp.CompilerTest" time="0.009"/>
  <testcase name="testDefineNoOverriding" classname="com.google.javascript.jscomp.CompilerTest" time="0"/>
  <testcase name="testResolveRelativeSourceMap" classname="com.google.javascript.jscomp.CompilerTest" time="0.002"/>
  <testcase name="testDynamicImportOrdering" classname="com.google.javascript.jscomp.CompilerTest" time="0.314"/>
  <testcase name="testExportSymbolReservesNamesForRenameVars" classname="com.google.javascript.jscomp.CompilerTest" time="0.006"/>
  <testcase name="testImportantCommentAndOverviewDirectiveWarning" classname="com.google.javascript.jscomp.CompilerTest" time="0.005"/>
  <testcase name="testLicenseAndOverviewDirectiveWarning" classname="com.google.javascript.jscomp.CompilerTest" time="0.004"/>
  <testcase name="testLocalUndefined" classname="com.google.javascript.jscomp.CompilerTest" time="0.007"/>
  <testcase name="testMultipleIdenticalLicenses" classname="com.google.javascript.jscomp.CompilerTest" time="0.006"/>
  <testcase name="testEs6ModuleEntryPoint" classname="com.google.javascript.jscomp.CompilerTest" time="0.614"/>
  <testcase name="testCombinedLicenseAuthorDirectiveOutput" classname="com.google.javascript.jscomp.CompilerTest" time="0.008"/>
  <testcase name="testBug2176967Off" classname="com.google.javascript.jscomp.CompilerTest" time="0.007"/>
  <testcase name="testProperEs6ModuleOrdering" classname="com.google.javascript.jscomp.CompilerTest" time="0.318"/>
  <testcase name="testSetAnnotationTwice" classname="com.google.javascript.jscomp.CompilerTest" time="0"/>
  <testcase name="testBug2176967Default" classname="com.google.javascript.jscomp.CompilerTest" time="0.003"/>
  <testcase name="testInputSourceMapInline" classname="com.google.javascript.jscomp.CompilerTest" time="0.011"/>
  <testcase name="testMultipleUniqueLicenses" classname="com.google.javascript.jscomp.CompilerTest" time="0.003"/>
  <testcase name="testNormalInputs" classname="com.google.javascript.jscomp.CompilerTest" time="0.005"/>
  <testcase name="testGetChangesAndDeletions_baseline" classname="com.google.javascript.jscomp.CompilerTest" time="0"/>
  <testcase name="testCombinedImportantCommentOverviewDirectiveOutput" classname="com.google.javascript.jscomp.CompilerTest" time="0.006"/>
  <testcase name="testApplyInputSourceMaps" classname="com.google.javascript.jscomp.CompilerTest" time="0.006"/>
  <testcase name="testIdeModeSkipsOptimizations" classname="com.google.javascript.jscomp.CompilerTest" time="0.006"/>
  <testcase name="testFileoverviewTwice" classname="com.google.javascript.jscomp.CompilerTest" time="0.005"/>
  <testcase name="testGenerateExportsReservesNames" classname="com.google.javascript.jscomp.CompilerTest" time="0.006"/>
  <testcase name="testExternsDependencySorting" classname="com.google.javascript.jscomp.CompilerTest" time="0.006"/>
  <testcase name="testImportantCommentOverviewImportantComment" classname="com.google.javascript.jscomp.CompilerTest" time="0.006"/>
  <testcase name="testImportantCommentInTree" classname="com.google.javascript.jscomp.CompilerTest" time="0.006"/>
  <testcase name="testInputSerialization" classname="com.google.javascript.jscomp.CompilerTest" time="0.002"/>
  <testcase name="testImportantCommentOutput" classname="com.google.javascript.jscomp.CompilerTest" time="0.005"/>
  <testcase name="testInputSourceMaps" classname="com.google.javascript.jscomp.CompilerTest" time="0.003"/>
  <testcase name="testCombinedImportantCommentAuthorDirectiveOutput" classname="com.google.javascript.jscomp.CompilerTest" time="0.004"/>
  <testcase name="testMultipleUniqueImportantComments" classname="com.google.javascript.jscomp.CompilerTest" time="0.006"/>
  <testcase name="testEs6ModulePathWithOddCharacters" classname="com.google.javascript.jscomp.CompilerTest" time="0.462"/>
  <testcase name="testAnnotation" classname="com.google.javascript.jscomp.CompilerTest" time="0"/>
  <testcase name="testLicenseDirectiveOutput" classname="com.google.javascript.jscomp.CompilerTest" time="0.003"/>
  <testcase name="testReportChangeWithScopeSucceeds" classname="com.google.javascript.jscomp.CompilerTest" time="0"/>
  <testcase name="testProperEs6ModuleOrderingWithExport" classname="com.google.javascript.jscomp.CompilerTest" time="0.257"/>
  <testcase name="testMultipleLicenseDirectiveOutput" classname="com.google.javascript.jscomp.CompilerTest" time="0.006"/>
</testsuite>