<?xml version="1.0" encoding="UTF-8"?>
<testsuite xmlns:xsi="http://www.w3.org/2001/XMLSchema-instance" xsi:schemaLocation="https://maven.apache.org/surefire/maven-surefire-plugin/xsd/surefire-test-report.xsd" name="com.google.javascript.jscomp.OptimizeParametersTest" time="2.271" tests="89" errors="0" skipped="0" failures="0">
  <properties>
    <property name="java.runtime.name" value="OpenJDK Runtime Environment"/>
    <property name="sun.boot.library.path" value="/usr/lib/jvm/java-8-openjdk-amd64/jre/lib/amd64"/>
    <property name="java.vm.version" value="25.151-b12"/>
    <property name="java.vm.vendor" value="Oracle Corporation"/>
    <property name="maven.multiModuleProjectDirectory" value="/home/wju/test-proj/closure-compiler"/>
    <property name="java.vendor.url" value="http://java.oracle.com/"/>
    <property name="path.separator" value=":"/>
    <property name="guice.disable.misplaced.annotation.check" value="true"/>
    <property name="java.vm.name" value="OpenJDK 64-Bit Server VM"/>
    <property name="file.encoding.pkg" value="sun.io"/>
    <property name="user.country" value="US"/>
    <property name="sun.java.launcher" value="SUN_STANDARD"/>
    <property name="sun.os.patch.level" value="unknown"/>
    <property name="java.vm.specification.name" value="Java Virtual Machine Specification"/>
    <property name="user.dir" value="/home/wju/test-proj/closure-compiler"/>
    <property name="java.runtime.version" value="1.8.0_151-8u151-b12-0ubuntu0.16.04.2-b12"/>
    <property name="java.awt.graphicsenv" value="sun.awt.X11GraphicsEnvironment"/>
    <property name="java.endorsed.dirs" value="/usr/lib/jvm/java-8-openjdk-amd64/jre/lib/endorsed"/>
    <property name="os.arch" value="amd64"/>
    <property name="java.io.tmpdir" value="/tmp"/>
    <property name="line.separator" value="&#10;"/>
    <property name="java.vm.specification.vendor" value="Oracle Corporation"/>
    <property name="os.name" value="Linux"/>
    <property name="net.sourceforge.cobertura.datafile" value="/home/wju/test-proj/closure-compiler/target/cobertura/cobertura.ser"/>
    <property name="classworlds.conf" value="/usr/share/maven/bin/m2.conf"/>
    <property name="sun.jnu.encoding" value="UTF-8"/>
    <property name="java.library.path" value="/usr/java/packages/lib/amd64:/usr/lib/x86_64-linux-gnu/jni:/lib/x86_64-linux-gnu:/usr/lib/x86_64-linux-gnu:/usr/lib/jni:/lib:/usr/lib"/>
    <property name="java.specification.name" value="Java Platform API Specification"/>
    <property name="java.class.version" value="52.0"/>
    <property name="sun.management.compiler" value="HotSpot 64-Bit Tiered Compilers"/>
    <property name="os.version" value="4.4.0-109-generic"/>
    <property name="user.home" value="/home/wju"/>
    <property name="user.timezone" value="America/Los_Angeles"/>
    <property name="java.awt.printerjob" value="sun.print.PSPrinterJob"/>
    <property name="java.specification.version" value="1.8"/>
    <property name="file.encoding" value="UTF-8"/>
    <property name="user.name" value="wju"/>
    <property name="java.class.path" value="/usr/share/maven/boot/plexus-classworlds-2.x.jar"/>
    <property name="java.vm.specification.version" value="1.8"/>
    <property name="sun.arch.data.model" value="64"/>
    <property name="java.home" value="/usr/lib/jvm/java-8-openjdk-amd64/jre"/>
    <property name="sun.java.command" value="org.codehaus.plexus.classworlds.launcher.Launcher cobertura:cobertura"/>
    <property name="java.specification.vendor" value="Oracle Corporation"/>
    <property name="user.language" value="en"/>
    <property name="awt.toolkit" value="sun.awt.X11.XToolkit"/>
    <property name="java.vm.info" value="mixed mode"/>
    <property name="java.version" value="1.8.0_151"/>
    <property name="java.ext.dirs" value="/usr/lib/jvm/java-8-openjdk-amd64/jre/lib/ext:/usr/java/packages/lib/ext"/>
    <property name="securerandom.source" value="file:/dev/./urandom"/>
    <property name="sun.boot.class.path" value="/usr/lib/jvm/java-8-openjdk-amd64/jre/lib/resources.jar:/usr/lib/jvm/java-8-openjdk-amd64/jre/lib/rt.jar:/usr/lib/jvm/java-8-openjdk-amd64/jre/lib/sunrsasign.jar:/usr/lib/jvm/java-8-openjdk-amd64/jre/lib/jsse.jar:/usr/lib/jvm/java-8-openjdk-amd64/jre/lib/jce.jar:/usr/lib/jvm/java-8-openjdk-amd64/jre/lib/charsets.jar:/usr/lib/jvm/java-8-openjdk-amd64/jre/lib/jfr.jar:/usr/lib/jvm/java-8-openjdk-amd64/jre/classes"/>
    <property name="java.vendor" value="Oracle Corporation"/>
    <property name="maven.home" value="/usr/share/maven"/>
    <property name="file.separator" value="/"/>
    <property name="java.vendor.url.bug" value="http://bugreport.sun.com/bugreport/"/>
    <property name="sun.cpu.endian" value="little"/>
    <property name="sun.io.unicode.encoding" value="UnicodeLittle"/>
    <property name="project.build.outputDirectory" value="/home/wju/test-proj/closure-compiler/target/generated-classes/cobertura"/>
    <property name="sun.cpu.isalist" value=""/>
  </properties>
  <testcase name="testRemoveOneOptionalNamedFunction" classname="com.google.javascript.jscomp.OptimizeParametersTest" time="0.034"/>
  <testcase name="testNoRewriteUnsedObjectMethodParam" classname="com.google.javascript.jscomp.OptimizeParametersTest" time="0.02"/>
  <testcase name="testOptimizeThis1" classname="com.google.javascript.jscomp.OptimizeParametersTest" time="0.018"/>
  <testcase name="testOptimizeThis2" classname="com.google.javascript.jscomp.OptimizeParametersTest" time="0.021"/>
  <testcase name="testConstructorOptArgsNotRemoved" classname="com.google.javascript.jscomp.OptimizeParametersTest" time="0.017"/>
  <testcase name="testMethodsDefinedInObjectDontGetOptimized" classname="com.google.javascript.jscomp.OptimizeParametersTest" time="0.031"/>
  <testcase name="testMethodsDefinedInArraysDontGetOptimized" classname="com.google.javascript.jscomp.OptimizeParametersTest" time="0.022"/>
  <testcase name="testFunctionWithReferenceToArgumentsShouldNotBeOptimize" classname="com.google.javascript.jscomp.OptimizeParametersTest" time="0.074"/>
  <testcase name="testGlobalCatch" classname="com.google.javascript.jscomp.OptimizeParametersTest" time="0.022"/>
  <testcase name="testDoNotOptimizeJSCompiler_renameProperty" classname="com.google.javascript.jscomp.OptimizeParametersTest" time="0.016"/>
  <testcase name="testRemoveTwoOptionalMultiplePossibleDefinition" classname="com.google.javascript.jscomp.OptimizeParametersTest" time="0.018"/>
  <testcase name="testArrow" classname="com.google.javascript.jscomp.OptimizeParametersTest" time="0.03"/>
  <testcase name="testFunctionPassedAsParam" classname="com.google.javascript.jscomp.OptimizeParametersTest" time="0.017"/>
  <testcase name="testNotAFunction" classname="com.google.javascript.jscomp.OptimizeParametersTest" time="0.015"/>
  <testcase name="testSimpleRemovalGenerator" classname="com.google.javascript.jscomp.OptimizeParametersTest" time="0.1"/>
  <testcase name="testRewriteUsedClassMethodParam1" classname="com.google.javascript.jscomp.OptimizeParametersTest" time="0.017"/>
  <testcase name="testNoRemovalSpread" classname="com.google.javascript.jscomp.OptimizeParametersTest" time="0.037"/>
  <testcase name="testSingleUnknown" classname="com.google.javascript.jscomp.OptimizeParametersTest" time="0.012"/>
  <testcase name="testRemoveParamWithDefault1" classname="com.google.javascript.jscomp.OptimizeParametersTest" time="0.069"/>
  <testcase name="testRemoveParamWithDefault2" classname="com.google.javascript.jscomp.OptimizeParametersTest" time="0.055"/>
  <testcase name="testSimpleRemoval0" classname="com.google.javascript.jscomp.OptimizeParametersTest" time="0.051"/>
  <testcase name="testSimpleRemoval1" classname="com.google.javascript.jscomp.OptimizeParametersTest" time="0.056"/>
  <testcase name="testSimpleRemoval2" classname="com.google.javascript.jscomp.OptimizeParametersTest" time="0.047"/>
  <testcase name="testSimpleRemoval4" classname="com.google.javascript.jscomp.OptimizeParametersTest" time="0.037"/>
  <testcase name="testNoArgumentRemovalNonEqualNodes" classname="com.google.javascript.jscomp.OptimizeParametersTest" time="0.047"/>
  <testcase name="testSimpleRemovalInstanceof" classname="com.google.javascript.jscomp.OptimizeParametersTest" time="0.019"/>
  <testcase name="testSimpleRemovalAsync" classname="com.google.javascript.jscomp.OptimizeParametersTest" time="0.056"/>
  <testcase name="testRemoveOneOptionalExpressionAssign" classname="com.google.javascript.jscomp.OptimizeParametersTest" time="0.01"/>
  <testcase name="testDoNotOptimizeWhenArgumentsPassedAsParameter" classname="com.google.javascript.jscomp.OptimizeParametersTest" time="0.04"/>
  <testcase name="testRemoveOneOptionalMultipleCalls" classname="com.google.javascript.jscomp.OptimizeParametersTest" time="0.009"/>
  <testcase name="testRemoveOneOptionalVarAssignment" classname="com.google.javascript.jscomp.OptimizeParametersTest" time="0.01"/>
  <testcase name="testNoRewriteUnusedClassComputedMethodParam1" classname="com.google.javascript.jscomp.OptimizeParametersTest" time="0.011"/>
  <testcase name="testNoRewriteDestructured1" classname="com.google.javascript.jscomp.OptimizeParametersTest" time="0.031"/>
  <testcase name="testNoRewriteDestructured2" classname="com.google.javascript.jscomp.OptimizeParametersTest" time="0.028"/>
  <testcase name="testNoRewriteDestructured3" classname="com.google.javascript.jscomp.OptimizeParametersTest" time="0.029"/>
  <testcase name="testNoRewriteUsedClassMethodParam1" classname="com.google.javascript.jscomp.OptimizeParametersTest" time="0.01"/>
  <testcase name="testNoRemoval1" classname="com.google.javascript.jscomp.OptimizeParametersTest" time="0.051"/>
  <testcase name="testNoRemoval2" classname="com.google.javascript.jscomp.OptimizeParametersTest" time="0.038"/>
  <testcase name="testRemoveConstantArgument" classname="com.google.javascript.jscomp.OptimizeParametersTest" time="0.047"/>
  <testcase name="testDifferentScopes" classname="com.google.javascript.jscomp.OptimizeParametersTest" time="0.009"/>
  <testcase name="testRegexesCanBeInlined" classname="com.google.javascript.jscomp.OptimizeParametersTest" time="0.009"/>
  <testcase name="testSimpleRemovalTypeof" classname="com.google.javascript.jscomp.OptimizeParametersTest" time="0.018"/>
  <testcase name="testOptionalArgumentsToConstructorCanBeOptimized" classname="com.google.javascript.jscomp.OptimizeParametersTest" time="0.009"/>
  <testcase name="testRemovalRestWithDestructuring1" classname="com.google.javascript.jscomp.OptimizeParametersTest" time="0.035"/>
  <testcase name="testRemoveVarArg" classname="com.google.javascript.jscomp.OptimizeParametersTest" time="0.009"/>
  <testcase name="testNoOptimizationForExternsFunctions" classname="com.google.javascript.jscomp.OptimizeParametersTest" time="0.009"/>
  <testcase name="testRemoveOneOptionalOneRequired" classname="com.google.javascript.jscomp.OptimizeParametersTest" time="0.009"/>
  <testcase name="testCanDeleteArgumentsAtAnyPosition" classname="com.google.javascript.jscomp.OptimizeParametersTest" time="0.009"/>
  <testcase name="testConstructorUsedAsFunctionCanBeOptimized" classname="com.google.javascript.jscomp.OptimizeParametersTest" time="0.01"/>
  <testcase name="testFunctionWithTwoNames" classname="com.google.javascript.jscomp.OptimizeParametersTest" time="0.061"/>
  <testcase name="testCallIsIgnore" classname="com.google.javascript.jscomp.OptimizeParametersTest" time="0.009"/>
  <testcase name="testDoOptimizeCall" classname="com.google.javascript.jscomp.OptimizeParametersTest" time="0.086"/>
  <testcase name="testRemoveOneOptionalMultiplePossibleDefinition" classname="com.google.javascript.jscomp.OptimizeParametersTest" time="0.009"/>
  <testcase name="testAliasMethodsDontGetOptimize2" classname="com.google.javascript.jscomp.OptimizeParametersTest" time="0.008"/>
  <testcase name="testAliasMethodsDontGetOptimize3" classname="com.google.javascript.jscomp.OptimizeParametersTest" time="0.009"/>
  <testcase name="testAliasMethodsDontGetOptimize4" classname="com.google.javascript.jscomp.OptimizeParametersTest" time="0.01"/>
  <testcase name="testDoNotOptimizeArrayElements" classname="com.google.javascript.jscomp.OptimizeParametersTest" time="0.033"/>
  <testcase name="testDoOptimizeApply" classname="com.google.javascript.jscomp.OptimizeParametersTest" time="0.088"/>
  <testcase name="testMutableValues1" classname="com.google.javascript.jscomp.OptimizeParametersTest" time="0.112"/>
  <testcase name="testMutableValues2" classname="com.google.javascript.jscomp.OptimizeParametersTest" time="0.017"/>
  <testcase name="testMutableValues3" classname="com.google.javascript.jscomp.OptimizeParametersTest" time="0.009"/>
  <testcase name="testMutableValues4" classname="com.google.javascript.jscomp.OptimizeParametersTest" time="0.025"/>
  <testcase name="testMutableValues5" classname="com.google.javascript.jscomp.OptimizeParametersTest" time="0.044"/>
  <testcase name="testMultipleCalls" classname="com.google.javascript.jscomp.OptimizeParametersTest" time="0.009"/>
  <testcase name="testOptimizeOnlyImmutableValues1" classname="com.google.javascript.jscomp.OptimizeParametersTest" time="0.008"/>
  <testcase name="testOptimizeOnlyImmutableValues2" classname="com.google.javascript.jscomp.OptimizeParametersTest" time="0.06"/>
  <testcase name="testNoRewriteUsedClassConstructor1" classname="com.google.javascript.jscomp.OptimizeParametersTest" time="0.009"/>
  <testcase name="testNoRewriteUsedClassConstructor2" classname="com.google.javascript.jscomp.OptimizeParametersTest" time="0.009"/>
  <testcase name="testNoRewriteUsedClassConstructor3" classname="com.google.javascript.jscomp.OptimizeParametersTest" time="0.009"/>
  <testcase name="testNoRewriteUsedClassConstructor4" classname="com.google.javascript.jscomp.OptimizeParametersTest" time="0.01"/>
  <testcase name="testNoRewriteUsedClassConstructor5" classname="com.google.javascript.jscomp.OptimizeParametersTest" time="0.011"/>
  <testcase name="testDoNotOptimizeGoogExportFunctions" classname="com.google.javascript.jscomp.OptimizeParametersTest" time="0.009"/>
  <testcase name="testDoNotOptimizeJSCompiler_ObjectPropertyString" classname="com.google.javascript.jscomp.OptimizeParametersTest" time="0.008"/>
  <testcase name="testApplyIsIgnore" classname="com.google.javascript.jscomp.OptimizeParametersTest" time="0.009"/>
  <testcase name="testMultipleUnknown" classname="com.google.javascript.jscomp.OptimizeParametersTest" time="0.009"/>
  <testcase name="testNoRewriteTagged1" classname="com.google.javascript.jscomp.OptimizeParametersTest" time="0.018"/>
  <testcase name="testDoNotOptimizeConstructorWhenArgumentsAreNotEqual" classname="com.google.javascript.jscomp.OptimizeParametersTest" time="0.009"/>
  <testcase name="testConstantArgumentsToConstructorCanBeOptimized" classname="com.google.javascript.jscomp.OptimizeParametersTest" time="0.008"/>
  <testcase name="testRemovalRest1" classname="com.google.javascript.jscomp.OptimizeParametersTest" time="0.035"/>
  <testcase name="testRemovalRest2" classname="com.google.javascript.jscomp.OptimizeParametersTest" time="0.037"/>
  <testcase name="testRemovalRest3" classname="com.google.javascript.jscomp.OptimizeParametersTest" time="0.01"/>
  <testcase name="testNoOptimizationForGoogExportSymbol" classname="com.google.javascript.jscomp.OptimizeParametersTest" time="0.009"/>
  <testcase name="testShadows" classname="com.google.javascript.jscomp.OptimizeParametersTest" time="0.009"/>
  <testcase name="testNoCrash" classname="com.google.javascript.jscomp.OptimizeParametersTest" time="0.01"/>
  <testcase name="testNoRemoveParamWithDefault" classname="com.google.javascript.jscomp.OptimizeParametersTest" time="0.018"/>
  <testcase name="testNamelessParameter1" classname="com.google.javascript.jscomp.OptimizeParametersTest" time="0.004"/>
  <testcase name="testNamelessParameter2" classname="com.google.javascript.jscomp.OptimizeParametersTest" time="0.005"/>
  <testcase name="testAliasMethodsDontGetOptimize" classname="com.google.javascript.jscomp.OptimizeParametersTest" time="0.009"/>
  <testcase name="testRecursion" classname="com.google.javascript.jscomp.OptimizeParametersTest" time="0.009"/>
</testsuite>