<?xml version="1.0" encoding="UTF-8"?>
<testsuite xmlns:xsi="http://www.w3.org/2001/XMLSchema-instance" xsi:schemaLocation="https://maven.apache.org/surefire/maven-surefire-plugin/xsd/surefire-test-report.xsd" name="com.google.javascript.jscomp.InlineFunctionsTest" time="0.835" tests="251" errors="0" skipped="0" failures="0">
  <properties>
    <property name="java.runtime.name" value="OpenJDK Runtime Environment"/>
    <property name="sun.boot.library.path" value="/usr/lib/jvm/java-8-openjdk-amd64/jre/lib/amd64"/>
    <property name="java.vm.version" value="25.151-b12"/>
    <property name="java.vm.vendor" value="Oracle Corporation"/>
    <property name="maven.multiModuleProjectDirectory" value="/home/wju/test-proj/closure-compiler"/>
    <property name="java.vendor.url" value="http://java.oracle.com/"/>
    <property name="path.separator" value=":"/>
    <property name="guice.disable.misplaced.annotation.check" value="true"/>
    <property name="java.vm.name" value="OpenJDK 64-Bit Server VM"/>
    <property name="file.encoding.pkg" value="sun.io"/>
    <property name="user.country" value="US"/>
    <property name="sun.java.launcher" value="SUN_STANDARD"/>
    <property name="sun.os.patch.level" value="unknown"/>
    <property name="java.vm.specification.name" value="Java Virtual Machine Specification"/>
    <property name="user.dir" value="/home/wju/test-proj/closure-compiler"/>
    <property name="java.runtime.version" value="1.8.0_151-8u151-b12-0ubuntu0.16.04.2-b12"/>
    <property name="java.awt.graphicsenv" value="sun.awt.X11GraphicsEnvironment"/>
    <property name="java.endorsed.dirs" value="/usr/lib/jvm/java-8-openjdk-amd64/jre/lib/endorsed"/>
    <property name="os.arch" value="amd64"/>
    <property name="java.io.tmpdir" value="/tmp"/>
    <property name="line.separator" value="&#10;"/>
    <property name="java.vm.specification.vendor" value="Oracle Corporation"/>
    <property name="os.name" value="Linux"/>
    <property name="net.sourceforge.cobertura.datafile" value="/home/wju/test-proj/closure-compiler/target/cobertura/cobertura.ser"/>
    <property name="classworlds.conf" value="/usr/share/maven/bin/m2.conf"/>
    <property name="sun.jnu.encoding" value="UTF-8"/>
    <property name="java.library.path" value="/usr/java/packages/lib/amd64:/usr/lib/x86_64-linux-gnu/jni:/lib/x86_64-linux-gnu:/usr/lib/x86_64-linux-gnu:/usr/lib/jni:/lib:/usr/lib"/>
    <property name="java.specification.name" value="Java Platform API Specification"/>
    <property name="java.class.version" value="52.0"/>
    <property name="sun.management.compiler" value="HotSpot 64-Bit Tiered Compilers"/>
    <property name="os.version" value="4.4.0-109-generic"/>
    <property name="user.home" value="/home/wju"/>
    <property name="user.timezone" value="America/Los_Angeles"/>
    <property name="java.awt.printerjob" value="sun.print.PSPrinterJob"/>
    <property name="java.specification.version" value="1.8"/>
    <property name="file.encoding" value="UTF-8"/>
    <property name="user.name" value="wju"/>
    <property name="java.class.path" value="/usr/share/maven/boot/plexus-classworlds-2.x.jar"/>
    <property name="java.vm.specification.version" value="1.8"/>
    <property name="sun.arch.data.model" value="64"/>
    <property name="java.home" value="/usr/lib/jvm/java-8-openjdk-amd64/jre"/>
    <property name="sun.java.command" value="org.codehaus.plexus.classworlds.launcher.Launcher cobertura:cobertura"/>
    <property name="java.specification.vendor" value="Oracle Corporation"/>
    <property name="user.language" value="en"/>
    <property name="awt.toolkit" value="sun.awt.X11.XToolkit"/>
    <property name="java.vm.info" value="mixed mode"/>
    <property name="java.version" value="1.8.0_151"/>
    <property name="java.ext.dirs" value="/usr/lib/jvm/java-8-openjdk-amd64/jre/lib/ext:/usr/java/packages/lib/ext"/>
    <property name="securerandom.source" value="file:/dev/./urandom"/>
    <property name="sun.boot.class.path" value="/usr/lib/jvm/java-8-openjdk-amd64/jre/lib/resources.jar:/usr/lib/jvm/java-8-openjdk-amd64/jre/lib/rt.jar:/usr/lib/jvm/java-8-openjdk-amd64/jre/lib/sunrsasign.jar:/usr/lib/jvm/java-8-openjdk-amd64/jre/lib/jsse.jar:/usr/lib/jvm/java-8-openjdk-amd64/jre/lib/jce.jar:/usr/lib/jvm/java-8-openjdk-amd64/jre/lib/charsets.jar:/usr/lib/jvm/java-8-openjdk-amd64/jre/lib/jfr.jar:/usr/lib/jvm/java-8-openjdk-amd64/jre/classes"/>
    <property name="java.vendor" value="Oracle Corporation"/>
    <property name="maven.home" value="/usr/share/maven"/>
    <property name="file.separator" value="/"/>
    <property name="java.vendor.url.bug" value="http://bugreport.sun.com/bugreport/"/>
    <property name="sun.cpu.endian" value="little"/>
    <property name="sun.io.unicode.encoding" value="UnicodeLittle"/>
    <property name="project.build.outputDirectory" value="/home/wju/test-proj/closure-compiler/target/generated-classes/cobertura"/>
    <property name="sun.cpu.isalist" value=""/>
  </properties>
  <testcase name="testGeneratorFunction" classname="com.google.javascript.jscomp.InlineFunctionsTest" time="0.009"/>
  <testcase name="testObjectPatternParamWithDefaults" classname="com.google.javascript.jscomp.InlineFunctionsTest" time="0.013"/>
  <testcase name="testLoopWithFunctionWithFunction" classname="com.google.javascript.jscomp.InlineFunctionsTest" time="0.004"/>
  <testcase name="testNoInlineNonFunction" classname="com.google.javascript.jscomp.InlineFunctionsTest" time="0.003"/>
  <testcase name="testShadowVariables10" classname="com.google.javascript.jscomp.InlineFunctionsTest" time="0.002"/>
  <testcase name="testShadowVariables11" classname="com.google.javascript.jscomp.InlineFunctionsTest" time="0.003"/>
  <testcase name="testShadowVariables12" classname="com.google.javascript.jscomp.InlineFunctionsTest" time="0.002"/>
  <testcase name="testShadowVariables13" classname="com.google.javascript.jscomp.InlineFunctionsTest" time="0.003"/>
  <testcase name="testShadowVariables14" classname="com.google.javascript.jscomp.InlineFunctionsTest" time="0.002"/>
  <testcase name="testShadowVariables15" classname="com.google.javascript.jscomp.InlineFunctionsTest" time="0.002"/>
  <testcase name="testShadowVariables16" classname="com.google.javascript.jscomp.InlineFunctionsTest" time="0.007"/>
  <testcase name="testShadowVariables17" classname="com.google.javascript.jscomp.InlineFunctionsTest" time="0.003"/>
  <testcase name="testShadowVariables18" classname="com.google.javascript.jscomp.InlineFunctionsTest" time="0.003"/>
  <testcase name="testShadowVariables19" classname="com.google.javascript.jscomp.InlineFunctionsTest" time="0.003"/>
  <testcase name="testShadowVariables20" classname="com.google.javascript.jscomp.InlineFunctionsTest" time="0.003"/>
  <testcase name="testCostBasedInlining11" classname="com.google.javascript.jscomp.InlineFunctionsTest" time="0.003"/>
  <testcase name="testCostBasedInlining12" classname="com.google.javascript.jscomp.InlineFunctionsTest" time="0.003"/>
  <testcase name="testInlineEmptyFunction1" classname="com.google.javascript.jscomp.InlineFunctionsTest" time="0.002"/>
  <testcase name="testInlineEmptyFunction2" classname="com.google.javascript.jscomp.InlineFunctionsTest" time="0.002"/>
  <testcase name="testInlineEmptyFunction3" classname="com.google.javascript.jscomp.InlineFunctionsTest" time="0.003"/>
  <testcase name="testInlineEmptyFunction4" classname="com.google.javascript.jscomp.InlineFunctionsTest" time="0.002"/>
  <testcase name="testInlineEmptyFunction6" classname="com.google.javascript.jscomp.InlineFunctionsTest" time="0.002"/>
  <testcase name="testDestructuringAssignInFunction" classname="com.google.javascript.jscomp.InlineFunctionsTest" time="0.003"/>
  <testcase name="test6671158b" classname="com.google.javascript.jscomp.InlineFunctionsTest" time="0.003"/>
  <testcase name="testMixedModeInliningCosting1" classname="com.google.javascript.jscomp.InlineFunctionsTest" time="0.003"/>
  <testcase name="testMixedModeInliningCosting2" classname="com.google.javascript.jscomp.InlineFunctionsTest" time="0.004"/>
  <testcase name="testMixedModeInliningCosting3" classname="com.google.javascript.jscomp.InlineFunctionsTest" time="0.003"/>
  <testcase name="testMixedModeInliningCosting4" classname="com.google.javascript.jscomp.InlineFunctionsTest" time="0.004"/>
  <testcase name="testInlineConstructor1" classname="com.google.javascript.jscomp.InlineFunctionsTest" time="0.002"/>
  <testcase name="testInlineConstructor2" classname="com.google.javascript.jscomp.InlineFunctionsTest" time="0.002"/>
  <testcase name="testInlineConstructor3" classname="com.google.javascript.jscomp.InlineFunctionsTest" time="0.003"/>
  <testcase name="testInlineConstructor4" classname="com.google.javascript.jscomp.InlineFunctionsTest" time="0.003"/>
  <testcase name="testInlineNeverMutateConstants" classname="com.google.javascript.jscomp.InlineFunctionsTest" time="0.003"/>
  <testcase name="testInlineWithThis1" classname="com.google.javascript.jscomp.InlineFunctionsTest" time="0.007"/>
  <testcase name="testInlineWithThis2" classname="com.google.javascript.jscomp.InlineFunctionsTest" time="0.004"/>
  <testcase name="testInlineWithThis3" classname="com.google.javascript.jscomp.InlineFunctionsTest" time="0.004"/>
  <testcase name="testInlineWithThis4" classname="com.google.javascript.jscomp.InlineFunctionsTest" time="0.004"/>
  <testcase name="testInlineWithThis5" classname="com.google.javascript.jscomp.InlineFunctionsTest" time="0.004"/>
  <testcase name="testInlineWithThis6" classname="com.google.javascript.jscomp.InlineFunctionsTest" time="0.004"/>
  <testcase name="testInlineWithThis7" classname="com.google.javascript.jscomp.InlineFunctionsTest" time="0.004"/>
  <testcase name="testAnonymous1" classname="com.google.javascript.jscomp.InlineFunctionsTest" time="0.005"/>
  <testcase name="testAnonymous2" classname="com.google.javascript.jscomp.InlineFunctionsTest" time="0.002"/>
  <testcase name="testAnonymous3" classname="com.google.javascript.jscomp.InlineFunctionsTest" time="0.007"/>
  <testcase name="testNoInlineMaskedFunction" classname="com.google.javascript.jscomp.InlineFunctionsTest" time="0.002"/>
  <testcase name="testDefaultParam_withAssign" classname="com.google.javascript.jscomp.InlineFunctionsTest" time="0.002"/>
  <testcase name="testComplexSampleNoInline" classname="com.google.javascript.jscomp.InlineFunctionsTest" time="0.003"/>
  <testcase name="testInlineNeverPartialSubtitution1" classname="com.google.javascript.jscomp.InlineFunctionsTest" time="0.002"/>
  <testcase name="testInlineNeverPartialSubtitution2" classname="com.google.javascript.jscomp.InlineFunctionsTest" time="0.002"/>
  <testcase name="testNoInlineOfNonGlobalFunction1" classname="com.google.javascript.jscomp.InlineFunctionsTest" time="0.003"/>
  <testcase name="testNoInlineOfNonGlobalFunction2" classname="com.google.javascript.jscomp.InlineFunctionsTest" time="0.002"/>
  <testcase name="testNoInlineOfNonGlobalFunction3" classname="com.google.javascript.jscomp.InlineFunctionsTest" time="0.002"/>
  <testcase name="testNoInlineOfNonGlobalFunction4" classname="com.google.javascript.jscomp.InlineFunctionsTest" time="0.002"/>
  <testcase name="testIssue5159924a" classname="com.google.javascript.jscomp.InlineFunctionsTest" time="0.003"/>
  <testcase name="testIssue5159924b" classname="com.google.javascript.jscomp.InlineFunctionsTest" time="0.003"/>
  <testcase name="testShadowVariables1" classname="com.google.javascript.jscomp.InlineFunctionsTest" time="0.002"/>
  <testcase name="testShadowVariables2" classname="com.google.javascript.jscomp.InlineFunctionsTest" time="0.003"/>
  <testcase name="testShadowVariables3" classname="com.google.javascript.jscomp.InlineFunctionsTest" time="0.003"/>
  <testcase name="testShadowVariables4" classname="com.google.javascript.jscomp.InlineFunctionsTest" time="0.002"/>
  <testcase name="testShadowVariables6" classname="com.google.javascript.jscomp.InlineFunctionsTest" time="0.003"/>
  <testcase name="testShadowVariables7" classname="com.google.javascript.jscomp.InlineFunctionsTest" time="0.005"/>
  <testcase name="testShadowVariables8" classname="com.google.javascript.jscomp.InlineFunctionsTest" time="0.003"/>
  <testcase name="testShadowVariables9" classname="com.google.javascript.jscomp.InlineFunctionsTest" time="0.002"/>
  <testcase name="testFunctionExpressionCallInlining11a" classname="com.google.javascript.jscomp.InlineFunctionsTest" time="0.002"/>
  <testcase name="testFunctionExpressionCallInlining11b" classname="com.google.javascript.jscomp.InlineFunctionsTest" time="0.005"/>
  <testcase name="testFunctionExpressionCallInlining11c" classname="com.google.javascript.jscomp.InlineFunctionsTest" time="0.004"/>
  <testcase name="testFunctionExpressionCallInlining11d" classname="com.google.javascript.jscomp.InlineFunctionsTest" time="0.005"/>
  <testcase name="testFunctionExpressionCallInlining11e" classname="com.google.javascript.jscomp.InlineFunctionsTest" time="0.005"/>
  <testcase name="testComplexInlineNoResultNoParamCall1" classname="com.google.javascript.jscomp.InlineFunctionsTest" time="0.002"/>
  <testcase name="testComplexInlineNoResultNoParamCall2" classname="com.google.javascript.jscomp.InlineFunctionsTest" time="0.002"/>
  <testcase name="testComplexInlineNoResultNoParamCall3" classname="com.google.javascript.jscomp.InlineFunctionsTest" time="0.002"/>
  <testcase name="testLocalFunctionInliningOnly1" classname="com.google.javascript.jscomp.InlineFunctionsTest" time="0.004"/>
  <testcase name="testLocalFunctionInliningOnly2" classname="com.google.javascript.jscomp.InlineFunctionsTest" time="0.003"/>
  <testcase name="testLocalFunctionInliningOnly3" classname="com.google.javascript.jscomp.InlineFunctionsTest" time="0.004"/>
  <testcase name="testLocalFunctionInliningOnly4" classname="com.google.javascript.jscomp.InlineFunctionsTest" time="0.032"/>
  <testcase name="testDecomposePlusEquals" classname="com.google.javascript.jscomp.InlineFunctionsTest" time="0.003"/>
  <testcase name="testArrayPatternParam" classname="com.google.javascript.jscomp.InlineFunctionsTest" time="0.002"/>
  <testcase name="testCostBasedInlining1" classname="com.google.javascript.jscomp.InlineFunctionsTest" time="0.002"/>
  <testcase name="testCostBasedInlining2" classname="com.google.javascript.jscomp.InlineFunctionsTest" time="0.002"/>
  <testcase name="testCostBasedInlining3" classname="com.google.javascript.jscomp.InlineFunctionsTest" time="0.002"/>
  <testcase name="testCostBasedInlining4" classname="com.google.javascript.jscomp.InlineFunctionsTest" time="0.003"/>
  <testcase name="testCostBasedInlining5" classname="com.google.javascript.jscomp.InlineFunctionsTest" time="0.002"/>
  <testcase name="testCostBasedInlining6" classname="com.google.javascript.jscomp.InlineFunctionsTest" time="0.004"/>
  <testcase name="testCostBasedInlining7" classname="com.google.javascript.jscomp.InlineFunctionsTest" time="0.003"/>
  <testcase name="testCostBasedInlining9" classname="com.google.javascript.jscomp.InlineFunctionsTest" time="0.003"/>
  <testcase name="testComplexInlineNoResultWithParamCall1" classname="com.google.javascript.jscomp.InlineFunctionsTest" time="0.002"/>
  <testcase name="testComplexInlineNoResultWithParamCall2" classname="com.google.javascript.jscomp.InlineFunctionsTest" time="0.002"/>
  <testcase name="testComplexInlineNoResultWithParamCall3" classname="com.google.javascript.jscomp.InlineFunctionsTest" time="0.002"/>
  <testcase name="testCostBasedInliningComplex1" classname="com.google.javascript.jscomp.InlineFunctionsTest" time="0.002"/>
  <testcase name="testCostBasedInliningComplex2" classname="com.google.javascript.jscomp.InlineFunctionsTest" time="0.003"/>
  <testcase name="testCostBasedInliningComplex3" classname="com.google.javascript.jscomp.InlineFunctionsTest" time="0.003"/>
  <testcase name="testCostBasedInliningComplex4" classname="com.google.javascript.jscomp.InlineFunctionsTest" time="0.002"/>
  <testcase name="testCostBasedInliningComplex5" classname="com.google.javascript.jscomp.InlineFunctionsTest" time="0.003"/>
  <testcase name="testCostBasedInliningComplex6" classname="com.google.javascript.jscomp.InlineFunctionsTest" time="0.003"/>
  <testcase name="testCostBasedInliningComplex7" classname="com.google.javascript.jscomp.InlineFunctionsTest" time="0.002"/>
  <testcase name="testCostBasedInliningComplex8" classname="com.google.javascript.jscomp.InlineFunctionsTest" time="0.002"/>
  <testcase name="testCostBasedInliningComplex9" classname="com.google.javascript.jscomp.InlineFunctionsTest" time="0.002"/>
  <testcase name="testDefaultObjectPatternParam" classname="com.google.javascript.jscomp.InlineFunctionsTest" time="0.013"/>
  <testcase name="testObjectPatternParamWithMultipleDestructuredNames" classname="com.google.javascript.jscomp.InlineFunctionsTest" time="0.003"/>
  <testcase name="testMethodWithFunctionWithFunction" classname="com.google.javascript.jscomp.InlineFunctionsTest" time="0.003"/>
  <testcase name="testFunctionExpressionYCombinator" classname="com.google.javascript.jscomp.InlineFunctionsTest" time="0.007"/>
  <testcase name="testComplexInlineVars1" classname="com.google.javascript.jscomp.InlineFunctionsTest" time="0.002"/>
  <testcase name="testComplexInlineVars2" classname="com.google.javascript.jscomp.InlineFunctionsTest" time="0.002"/>
  <testcase name="testComplexInlineVars3" classname="com.google.javascript.jscomp.InlineFunctionsTest" time="0.003"/>
  <testcase name="testComplexInlineVars4" classname="com.google.javascript.jscomp.InlineFunctionsTest" time="0.002"/>
  <testcase name="testComplexInlineVars5" classname="com.google.javascript.jscomp.InlineFunctionsTest" time="0.003"/>
  <testcase name="testComplexInlineVars6" classname="com.google.javascript.jscomp.InlineFunctionsTest" time="0.002"/>
  <testcase name="testComplexInlineVars7" classname="com.google.javascript.jscomp.InlineFunctionsTest" time="0.003"/>
  <testcase name="testComplexInlineVars8" classname="com.google.javascript.jscomp.InlineFunctionsTest" time="0.002"/>
  <testcase name="testComplexInlineVars9" classname="com.google.javascript.jscomp.InlineFunctionsTest" time="0.004"/>
  <testcase name="testComplexFunctionWithFunctionDefinition2a" classname="com.google.javascript.jscomp.InlineFunctionsTest" time="0.007"/>
  <testcase name="testInlineMutableArgsReferencedOnce2" classname="com.google.javascript.jscomp.InlineFunctionsTest" time="0.003"/>
  <testcase name="testInlineMutableArgsReferencedOnce3" classname="com.google.javascript.jscomp.InlineFunctionsTest" time="0.003"/>
  <testcase name="testFunctionProperty" classname="com.google.javascript.jscomp.InlineFunctionsTest" time="0.004"/>
  <testcase name="testFunctionExpressionCallInlining10" classname="com.google.javascript.jscomp.InlineFunctionsTest" time="0.002"/>
  <testcase name="testFunctionExpressionCallInlining12" classname="com.google.javascript.jscomp.InlineFunctionsTest" time="0.002"/>
  <testcase name="testObjectPatternParam" classname="com.google.javascript.jscomp.InlineFunctionsTest" time="0.053"/>
  <testcase name="testComplexInline1" classname="com.google.javascript.jscomp.InlineFunctionsTest" time="0.002"/>
  <testcase name="testComplexInline2" classname="com.google.javascript.jscomp.InlineFunctionsTest" time="0.002"/>
  <testcase name="testComplexInline3" classname="com.google.javascript.jscomp.InlineFunctionsTest" time="0.003"/>
  <testcase name="testComplexInline4" classname="com.google.javascript.jscomp.InlineFunctionsTest" time="0.002"/>
  <testcase name="testComplexInline5" classname="com.google.javascript.jscomp.InlineFunctionsTest" time="0.002"/>
  <testcase name="testComplexInline6" classname="com.google.javascript.jscomp.InlineFunctionsTest" time="0.002"/>
  <testcase name="testComplexInline7" classname="com.google.javascript.jscomp.InlineFunctionsTest" time="0.003"/>
  <testcase name="testComplexInline8" classname="com.google.javascript.jscomp.InlineFunctionsTest" time="0.002"/>
  <testcase name="testFunctionExpressionInlining1" classname="com.google.javascript.jscomp.InlineFunctionsTest" time="0.002"/>
  <testcase name="testFunctionExpressionInlining2" classname="com.google.javascript.jscomp.InlineFunctionsTest" time="0.002"/>
  <testcase name="testFunctionExpressionInlining3" classname="com.google.javascript.jscomp.InlineFunctionsTest" time="0.002"/>
  <testcase name="testFunctionExpressionInlining4" classname="com.google.javascript.jscomp.InlineFunctionsTest" time="0.002"/>
  <testcase name="testDefaultParam_argIsUnknown" classname="com.google.javascript.jscomp.InlineFunctionsTest" time="0.002"/>
  <testcase name="testFunctionExpressionOmega" classname="com.google.javascript.jscomp.InlineFunctionsTest" time="0.003"/>
  <testcase name="testDefaultParam_argIsUndefined" classname="com.google.javascript.jscomp.InlineFunctionsTest" time="0.002"/>
  <testcase name="testInlineCall" classname="com.google.javascript.jscomp.InlineFunctionsTest" time="0.002"/>
  <testcase name="testComplexNoInline1" classname="com.google.javascript.jscomp.InlineFunctionsTest" time="0.002"/>
  <testcase name="testComplexNoInline2" classname="com.google.javascript.jscomp.InlineFunctionsTest" time="0.002"/>
  <testcase name="testInlineFunctions13a" classname="com.google.javascript.jscomp.InlineFunctionsTest" time="0.002"/>
  <testcase name="testInlineFunctions15a" classname="com.google.javascript.jscomp.InlineFunctionsTest" time="0.002"/>
  <testcase name="testInlineFunctions15b" classname="com.google.javascript.jscomp.InlineFunctionsTest" time="0.005"/>
  <testcase name="testInlineFunctions15c" classname="com.google.javascript.jscomp.InlineFunctionsTest" time="0.004"/>
  <testcase name="testInlineFunctions15d" classname="com.google.javascript.jscomp.InlineFunctionsTest" time="0.005"/>
  <testcase name="testInlineFunctions16a" classname="com.google.javascript.jscomp.InlineFunctionsTest" time="0.004"/>
  <testcase name="testInlineFunctions16b" classname="com.google.javascript.jscomp.InlineFunctionsTest" time="0.003"/>
  <testcase name="testBug4944818" classname="com.google.javascript.jscomp.InlineFunctionsTest" time="0.003"/>
  <testcase name="test6671158" classname="com.google.javascript.jscomp.InlineFunctionsTest" time="0.002"/>
  <testcase name="testDefaultParam" classname="com.google.javascript.jscomp.InlineFunctionsTest" time="0.021"/>
  <testcase name="testRenamePropertyFunction" classname="com.google.javascript.jscomp.InlineFunctionsTest" time="0.002"/>
  <testcase name="testInlineIntoLoopWithUninitializedVars1" classname="com.google.javascript.jscomp.InlineFunctionsTest" time="0.002"/>
  <testcase name="testInlineIntoLoopWithUninitializedVars2" classname="com.google.javascript.jscomp.InlineFunctionsTest" time="0.002"/>
  <testcase name="testInlineFunctionWithArgsMismatch1" classname="com.google.javascript.jscomp.InlineFunctionsTest" time="0.002"/>
  <testcase name="testInlineFunctionWithArgsMismatch2" classname="com.google.javascript.jscomp.InlineFunctionsTest" time="0.002"/>
  <testcase name="testInlineFunctionWithArgsMismatch3" classname="com.google.javascript.jscomp.InlineFunctionsTest" time="0.002"/>
  <testcase name="testInlineFunctionWithArgsMismatch4" classname="com.google.javascript.jscomp.InlineFunctionsTest" time="0.002"/>
  <testcase name="testDoubleInlining2" classname="com.google.javascript.jscomp.InlineFunctionsTest" time="0.002"/>
  <testcase name="testNestedDefaultParam" classname="com.google.javascript.jscomp.InlineFunctionsTest" time="0.004"/>
  <testcase name="testCostBasedInlineForSimpleFunction" classname="com.google.javascript.jscomp.InlineFunctionsTest" time="0.01"/>
  <testcase name="testArrowFunctionRestParam" classname="com.google.javascript.jscomp.InlineFunctionsTest" time="0.008"/>
  <testcase name="testComplexSample" classname="com.google.javascript.jscomp.InlineFunctionsTest" time="0.004"/>
  <testcase name="testIssue1101" classname="com.google.javascript.jscomp.InlineFunctionsTest" time="0.002"/>
  <testcase name="testInlineIfParametersModified8" classname="com.google.javascript.jscomp.InlineFunctionsTest" time="0.003"/>
  <testcase name="testInlineIfParametersModified9" classname="com.google.javascript.jscomp.InlineFunctionsTest" time="0.002"/>
  <testcase name="testSpreadCall" classname="com.google.javascript.jscomp.InlineFunctionsTest" time="0.012"/>
  <testcase name="testNoInline" classname="com.google.javascript.jscomp.InlineFunctionsTest" time="0.004"/>
  <testcase name="testNoInlineIfParametersModified1" classname="com.google.javascript.jscomp.InlineFunctionsTest" time="0.002"/>
  <testcase name="testNoInlineIfParametersModified2" classname="com.google.javascript.jscomp.InlineFunctionsTest" time="0.002"/>
  <testcase name="testNoInlineIfParametersModified3" classname="com.google.javascript.jscomp.InlineFunctionsTest" time="0.002"/>
  <testcase name="testNoInlineIfParametersModified4" classname="com.google.javascript.jscomp.InlineFunctionsTest" time="0.002"/>
  <testcase name="testNoInlineIfParametersModified5" classname="com.google.javascript.jscomp.InlineFunctionsTest" time="0.002"/>
  <testcase name="testNoInlineIfParametersModified6" classname="com.google.javascript.jscomp.InlineFunctionsTest" time="0.002"/>
  <testcase name="testNoInlineIfParametersModified7" classname="com.google.javascript.jscomp.InlineFunctionsTest" time="0.002"/>
  <testcase name="testInlineMutableArgsReferencedOnce" classname="com.google.javascript.jscomp.InlineFunctionsTest" time="0.002"/>
  <testcase name="testRestObjectPattern" classname="com.google.javascript.jscomp.InlineFunctionsTest" time="0.014"/>
  <testcase name="testAsyncFunction" classname="com.google.javascript.jscomp.InlineFunctionsTest" time="0.007"/>
  <testcase name="testFunctionExpressionCallInlining1" classname="com.google.javascript.jscomp.InlineFunctionsTest" time="0.001"/>
  <testcase name="testFunctionExpressionCallInlining2" classname="com.google.javascript.jscomp.InlineFunctionsTest" time="0.002"/>
  <testcase name="testFunctionExpressionCallInlining3" classname="com.google.javascript.jscomp.InlineFunctionsTest" time="0.002"/>
  <testcase name="testFunctionExpressionCallInlining4" classname="com.google.javascript.jscomp.InlineFunctionsTest" time="0.002"/>
  <testcase name="testFunctionExpressionCallInlining5" classname="com.google.javascript.jscomp.InlineFunctionsTest" time="0.002"/>
  <testcase name="testFunctionExpressionCallInlining6" classname="com.google.javascript.jscomp.InlineFunctionsTest" time="0.002"/>
  <testcase name="testFunctionExpressionCallInlining7" classname="com.google.javascript.jscomp.InlineFunctionsTest" time="0.001"/>
  <testcase name="testFunctionExpressionCallInlining8" classname="com.google.javascript.jscomp.InlineFunctionsTest" time="0.002"/>
  <testcase name="testFunctionExpressionCallInlining9" classname="com.google.javascript.jscomp.InlineFunctionsTest" time="0.002"/>
  <testcase name="testInlineObject" classname="com.google.javascript.jscomp.InlineFunctionsTest" time="0.003"/>
  <testcase name="testIssue423" classname="com.google.javascript.jscomp.InlineFunctionsTest" time="0.003"/>
  <testcase name="testIssue728" classname="com.google.javascript.jscomp.InlineFunctionsTest" time="0.005"/>
  <testcase name="testIssue423_minCap" classname="com.google.javascript.jscomp.InlineFunctionsTest" time="0.004"/>
  <testcase name="testFunctionReferencingLetInNonGlobalBlock" classname="com.google.javascript.jscomp.InlineFunctionsTest" time="0.002"/>
  <testcase name="testReplacePropertyFunction" classname="com.google.javascript.jscomp.InlineFunctionsTest" time="0.004"/>
  <testcase name="testInlineWithClosureContainingThis" classname="com.google.javascript.jscomp.InlineFunctionsTest" time="0.002"/>
  <testcase name="testComplexFunctionWithFunctionDefinition1" classname="com.google.javascript.jscomp.InlineFunctionsTest" time="0.002"/>
  <testcase name="testComplexFunctionWithFunctionDefinition2" classname="com.google.javascript.jscomp.InlineFunctionsTest" time="0.005"/>
  <testcase name="testComplexFunctionWithFunctionDefinition3" classname="com.google.javascript.jscomp.InlineFunctionsTest" time="0.004"/>
  <testcase name="testComplexInlineVars10" classname="com.google.javascript.jscomp.InlineFunctionsTest" time="0.003"/>
  <testcase name="testComplexInlineVars11" classname="com.google.javascript.jscomp.InlineFunctionsTest" time="0.002"/>
  <testcase name="testComplexInlineVars12" classname="com.google.javascript.jscomp.InlineFunctionsTest" time="0.002"/>
  <testcase name="test8609285a" classname="com.google.javascript.jscomp.InlineFunctionsTest" time="0.002"/>
  <testcase name="test8609285b" classname="com.google.javascript.jscomp.InlineFunctionsTest" time="0.002"/>
  <testcase name="testArrowFunctionUndefined" classname="com.google.javascript.jscomp.InlineFunctionsTest" time="0.002"/>
  <testcase name="testMixedModeInlining1" classname="com.google.javascript.jscomp.InlineFunctionsTest" time="0.002"/>
  <testcase name="testMixedModeInlining2" classname="com.google.javascript.jscomp.InlineFunctionsTest" time="0.002"/>
  <testcase name="testMixedModeInlining3" classname="com.google.javascript.jscomp.InlineFunctionsTest" time="0.002"/>
  <testcase name="testMixedModeInlining4" classname="com.google.javascript.jscomp.InlineFunctionsTest" time="0.002"/>
  <testcase name="testDecomposeFunctionExpressionInCall" classname="com.google.javascript.jscomp.InlineFunctionsTest" time="0.003"/>
  <testcase name="testInlineNeverOverrideNewValues" classname="com.google.javascript.jscomp.InlineFunctionsTest" time="0.002"/>
  <testcase name="testCrossModuleInlining1" classname="com.google.javascript.jscomp.InlineFunctionsTest" time="0.001"/>
  <testcase name="testCrossModuleInlining2" classname="com.google.javascript.jscomp.InlineFunctionsTest" time="0.002"/>
  <testcase name="testCrossModuleInlining3" classname="com.google.javascript.jscomp.InlineFunctionsTest" time="0.003"/>
  <testcase name="testComplexInlineInExpressionss1" classname="com.google.javascript.jscomp.InlineFunctionsTest" time="0.002"/>
  <testcase name="testComplexInlineInExpressionss2" classname="com.google.javascript.jscomp.InlineFunctionsTest" time="0.002"/>
  <testcase name="testComplexInlineInExpressionss3" classname="com.google.javascript.jscomp.InlineFunctionsTest" time="0.002"/>
  <testcase name="testComplexInlineInExpressionss4" classname="com.google.javascript.jscomp.InlineFunctionsTest" time="0.002"/>
  <testcase name="testComplexInlineInExpressionss5" classname="com.google.javascript.jscomp.InlineFunctionsTest" time="0.002"/>
  <testcase name="testComplexNoVarSub" classname="com.google.javascript.jscomp.InlineFunctionsTest" time="0.002"/>
  <testcase name="testInlineBlockMutableArgs1" classname="com.google.javascript.jscomp.InlineFunctionsTest" time="0.002"/>
  <testcase name="testInlineBlockMutableArgs2" classname="com.google.javascript.jscomp.InlineFunctionsTest" time="0.002"/>
  <testcase name="testInlineBlockMutableArgs3" classname="com.google.javascript.jscomp.InlineFunctionsTest" time="0.002"/>
  <testcase name="testInlineBlockMutableArgs4" classname="com.google.javascript.jscomp.InlineFunctionsTest" time="0.002"/>
  <testcase name="testFunctionRestParam" classname="com.google.javascript.jscomp.InlineFunctionsTest" time="0.005"/>
  <testcase name="testMaxFunSizeAfterInlining" classname="com.google.javascript.jscomp.InlineFunctionsTest" time="0.011"/>
  <testcase name="testLocalFunctionInlining1" classname="com.google.javascript.jscomp.InlineFunctionsTest" time="0.001"/>
  <testcase name="testLocalFunctionInlining2" classname="com.google.javascript.jscomp.InlineFunctionsTest" time="0.002"/>
  <testcase name="testLocalFunctionInlining3" classname="com.google.javascript.jscomp.InlineFunctionsTest" time="0.002"/>
  <testcase name="testLocalFunctionInlining4" classname="com.google.javascript.jscomp.InlineFunctionsTest" time="0.002"/>
  <testcase name="testLocalFunctionInlining5" classname="com.google.javascript.jscomp.InlineFunctionsTest" time="0.002"/>
  <testcase name="testLocalFunctionInlining6" classname="com.google.javascript.jscomp.InlineFunctionsTest" time="0.002"/>
  <testcase name="testInlineFunctions10" classname="com.google.javascript.jscomp.InlineFunctionsTest" time="0.002"/>
  <testcase name="testInlineFunctions11" classname="com.google.javascript.jscomp.InlineFunctionsTest" time="0.002"/>
  <testcase name="testInlineFunctions13" classname="com.google.javascript.jscomp.InlineFunctionsTest" time="0.002"/>
  <testcase name="testInlineFunctions14" classname="com.google.javascript.jscomp.InlineFunctionsTest" time="0.002"/>
  <testcase name="testInlineFunctions17" classname="com.google.javascript.jscomp.InlineFunctionsTest" time="0.002"/>
  <testcase name="testInlineFunctions19" classname="com.google.javascript.jscomp.InlineFunctionsTest" time="0.002"/>
  <testcase name="testInlineFunctions21" classname="com.google.javascript.jscomp.InlineFunctionsTest" time="0.002"/>
  <testcase name="testInlineFunctions22" classname="com.google.javascript.jscomp.InlineFunctionsTest" time="0.003"/>
  <testcase name="testInlineFunctions23" classname="com.google.javascript.jscomp.InlineFunctionsTest" time="0.003"/>
  <testcase name="testInlineFunctions24" classname="com.google.javascript.jscomp.InlineFunctionsTest" time="0.001"/>
  <testcase name="testInlineFunctions25" classname="com.google.javascript.jscomp.InlineFunctionsTest" time="0.002"/>
  <testcase name="testInlineFunctions26" classname="com.google.javascript.jscomp.InlineFunctionsTest" time="0.002"/>
  <testcase name="testInlineFunctions27" classname="com.google.javascript.jscomp.InlineFunctionsTest" time="0.003"/>
  <testcase name="testInlineFunctions28" classname="com.google.javascript.jscomp.InlineFunctionsTest" time="0.002"/>
  <testcase name="testInlineFunctions29" classname="com.google.javascript.jscomp.InlineFunctionsTest" time="0.003"/>
  <testcase name="testInlineFunctions30" classname="com.google.javascript.jscomp.InlineFunctionsTest" time="0.001"/>
  <testcase name="testInlineFunctions31" classname="com.google.javascript.jscomp.InlineFunctionsTest" time="0.002"/>
  <testcase name="testInlineFunctions32" classname="com.google.javascript.jscomp.InlineFunctionsTest" time="0.001"/>
  <testcase name="testInlineFunctions33" classname="com.google.javascript.jscomp.InlineFunctionsTest" time="0.002"/>
  <testcase name="testInlineFunctions1" classname="com.google.javascript.jscomp.InlineFunctionsTest" time="0.002"/>
  <testcase name="testInlineFunctions2" classname="com.google.javascript.jscomp.InlineFunctionsTest" time="0.002"/>
  <testcase name="testInlineFunctions3" classname="com.google.javascript.jscomp.InlineFunctionsTest" time="0.002"/>
  <testcase name="testInlineFunctions4" classname="com.google.javascript.jscomp.InlineFunctionsTest" time="0.003"/>
  <testcase name="testInlineFunctions5" classname="com.google.javascript.jscomp.InlineFunctionsTest" time="0.001"/>
  <testcase name="testInlineFunctions6" classname="com.google.javascript.jscomp.InlineFunctionsTest" time="0.002"/>
  <testcase name="testInlineFunctions7" classname="com.google.javascript.jscomp.InlineFunctionsTest" time="0.001"/>
  <testcase name="testInlineFunctions8" classname="com.google.javascript.jscomp.InlineFunctionsTest" time="0.002"/>
  <testcase name="testInlineFunctions9" classname="com.google.javascript.jscomp.InlineFunctionsTest" time="0.002"/>
</testsuite>