<?xml version="1.0" encoding="UTF-8"?>
<testsuite xmlns:xsi="http://www.w3.org/2001/XMLSchema-instance" xsi:schemaLocation="https://maven.apache.org/surefire/maven-surefire-plugin/xsd/surefire-test-report.xsd" name="com.google.javascript.jscomp.CollapsePropertiesTest" time="0.639" tests="224" errors="0" skipped="0" failures="0">
  <properties>
    <property name="java.runtime.name" value="OpenJDK Runtime Environment"/>
    <property name="sun.boot.library.path" value="/usr/lib/jvm/java-8-openjdk-amd64/jre/lib/amd64"/>
    <property name="java.vm.version" value="25.151-b12"/>
    <property name="java.vm.vendor" value="Oracle Corporation"/>
    <property name="maven.multiModuleProjectDirectory" value="/home/wju/test-proj/closure-compiler"/>
    <property name="java.vendor.url" value="http://java.oracle.com/"/>
    <property name="path.separator" value=":"/>
    <property name="guice.disable.misplaced.annotation.check" value="true"/>
    <property name="java.vm.name" value="OpenJDK 64-Bit Server VM"/>
    <property name="file.encoding.pkg" value="sun.io"/>
    <property name="user.country" value="US"/>
    <property name="sun.java.launcher" value="SUN_STANDARD"/>
    <property name="sun.os.patch.level" value="unknown"/>
    <property name="java.vm.specification.name" value="Java Virtual Machine Specification"/>
    <property name="user.dir" value="/home/wju/test-proj/closure-compiler"/>
    <property name="java.runtime.version" value="1.8.0_151-8u151-b12-0ubuntu0.16.04.2-b12"/>
    <property name="java.awt.graphicsenv" value="sun.awt.X11GraphicsEnvironment"/>
    <property name="java.endorsed.dirs" value="/usr/lib/jvm/java-8-openjdk-amd64/jre/lib/endorsed"/>
    <property name="os.arch" value="amd64"/>
    <property name="java.io.tmpdir" value="/tmp"/>
    <property name="line.separator" value="&#10;"/>
    <property name="java.vm.specification.vendor" value="Oracle Corporation"/>
    <property name="os.name" value="Linux"/>
    <property name="net.sourceforge.cobertura.datafile" value="/home/wju/test-proj/closure-compiler/target/cobertura/cobertura.ser"/>
    <property name="classworlds.conf" value="/usr/share/maven/bin/m2.conf"/>
    <property name="sun.jnu.encoding" value="UTF-8"/>
    <property name="java.library.path" value="/usr/java/packages/lib/amd64:/usr/lib/x86_64-linux-gnu/jni:/lib/x86_64-linux-gnu:/usr/lib/x86_64-linux-gnu:/usr/lib/jni:/lib:/usr/lib"/>
    <property name="java.specification.name" value="Java Platform API Specification"/>
    <property name="java.class.version" value="52.0"/>
    <property name="sun.management.compiler" value="HotSpot 64-Bit Tiered Compilers"/>
    <property name="os.version" value="4.4.0-109-generic"/>
    <property name="user.home" value="/home/wju"/>
    <property name="user.timezone" value="America/Los_Angeles"/>
    <property name="java.awt.printerjob" value="sun.print.PSPrinterJob"/>
    <property name="java.specification.version" value="1.8"/>
    <property name="file.encoding" value="UTF-8"/>
    <property name="user.name" value="wju"/>
    <property name="java.class.path" value="/usr/share/maven/boot/plexus-classworlds-2.x.jar"/>
    <property name="java.vm.specification.version" value="1.8"/>
    <property name="sun.arch.data.model" value="64"/>
    <property name="java.home" value="/usr/lib/jvm/java-8-openjdk-amd64/jre"/>
    <property name="sun.java.command" value="org.codehaus.plexus.classworlds.launcher.Launcher cobertura:cobertura"/>
    <property name="java.specification.vendor" value="Oracle Corporation"/>
    <property name="user.language" value="en"/>
    <property name="awt.toolkit" value="sun.awt.X11.XToolkit"/>
    <property name="java.vm.info" value="mixed mode"/>
    <property name="java.version" value="1.8.0_151"/>
    <property name="java.ext.dirs" value="/usr/lib/jvm/java-8-openjdk-amd64/jre/lib/ext:/usr/java/packages/lib/ext"/>
    <property name="securerandom.source" value="file:/dev/./urandom"/>
    <property name="sun.boot.class.path" value="/usr/lib/jvm/java-8-openjdk-amd64/jre/lib/resources.jar:/usr/lib/jvm/java-8-openjdk-amd64/jre/lib/rt.jar:/usr/lib/jvm/java-8-openjdk-amd64/jre/lib/sunrsasign.jar:/usr/lib/jvm/java-8-openjdk-amd64/jre/lib/jsse.jar:/usr/lib/jvm/java-8-openjdk-amd64/jre/lib/jce.jar:/usr/lib/jvm/java-8-openjdk-amd64/jre/lib/charsets.jar:/usr/lib/jvm/java-8-openjdk-amd64/jre/lib/jfr.jar:/usr/lib/jvm/java-8-openjdk-amd64/jre/classes"/>
    <property name="java.vendor" value="Oracle Corporation"/>
    <property name="maven.home" value="/usr/share/maven"/>
    <property name="file.separator" value="/"/>
    <property name="java.vendor.url.bug" value="http://bugreport.sun.com/bugreport/"/>
    <property name="sun.cpu.endian" value="little"/>
    <property name="sun.io.unicode.encoding" value="UnicodeLittle"/>
    <property name="project.build.outputDirectory" value="/home/wju/test-proj/closure-compiler/target/generated-classes/cobertura"/>
    <property name="sun.cpu.isalist" value=""/>
  </properties>
  <testcase name="testAliasCreatedForEnumOfObjects2" classname="com.google.javascript.jscomp.CollapsePropertiesTest" time="0.002"/>
  <testcase name="testResetObjectPropertyInLocalScope" classname="com.google.javascript.jscomp.CollapsePropertiesTest" time="0.002"/>
  <testcase name="testModuleExportsObjectSubPropertyCommonJs" classname="com.google.javascript.jscomp.CollapsePropertiesTest" time="0.004"/>
  <testcase name="testObjectOfObjects1" classname="com.google.javascript.jscomp.CollapsePropertiesTest" time="0.002"/>
  <testcase name="testNonWellformedAlias1" classname="com.google.javascript.jscomp.CollapsePropertiesTest" time="0.002"/>
  <testcase name="testNonWellformedAlias2" classname="com.google.javascript.jscomp.CollapsePropertiesTest" time="0.002"/>
  <testcase name="testPropertyOnGlobalFunction" classname="com.google.javascript.jscomp.CollapsePropertiesTest" time="0.002"/>
  <testcase name="testPropertyOfAnObjectThatIsNeitherFunctionNorObjLit" classname="com.google.javascript.jscomp.CollapsePropertiesTest" time="0.002"/>
  <testcase name="testAliasCreatedForPropertyOfEnumOfObjects2" classname="com.google.javascript.jscomp.CollapsePropertiesTest" time="0.002"/>
  <testcase name="testPropertyOnGlobalInterface" classname="com.google.javascript.jscomp.CollapsePropertiesTest" time="0.002"/>
  <testcase name="testGlobalFunctionNameInBooleanExpressionDepth1" classname="com.google.javascript.jscomp.CollapsePropertiesTest" time="0.004"/>
  <testcase name="testGlobalFunctionNameInBooleanExpressionDepth2" classname="com.google.javascript.jscomp.CollapsePropertiesTest" time="0.006"/>
  <testcase name="testObjLitRedefinedInLocalScope" classname="com.google.javascript.jscomp.CollapsePropertiesTest" time="0.006"/>
  <testcase name="testPropertyMethodAssignment_unsafeThis" classname="com.google.javascript.jscomp.CollapsePropertiesTest" time="0.006"/>
  <testcase name="testSafeReferenceOfThis" classname="com.google.javascript.jscomp.CollapsePropertiesTest" time="0.002"/>
  <testcase name="testAliasCreatedForObjectDepth1_2" classname="com.google.javascript.jscomp.CollapsePropertiesTest" time="0.002"/>
  <testcase name="testAliasCreatedForObjectDepth1_3" classname="com.google.javascript.jscomp.CollapsePropertiesTest" time="0.002"/>
  <testcase name="testAliasCreatedForObjectDepth2_1" classname="com.google.javascript.jscomp.CollapsePropertiesTest" time="0.004"/>
  <testcase name="testAliasCreatedForObjectDepth2_2" classname="com.google.javascript.jscomp.CollapsePropertiesTest" time="0.002"/>
  <testcase name="testAliasCreatedForClassDepth1_2" classname="com.google.javascript.jscomp.CollapsePropertiesTest" time="0.002"/>
  <testcase name="testAliasCreatedForClassDepth1_3" classname="com.google.javascript.jscomp.CollapsePropertiesTest" time="0.002"/>
  <testcase name="testAliasCreatedForClassDepth2_1" classname="com.google.javascript.jscomp.CollapsePropertiesTest" time="0.004"/>
  <testcase name="testAliasCreatedForClassDepth2_2" classname="com.google.javascript.jscomp.CollapsePropertiesTest" time="0.002"/>
  <testcase name="testAliasCreatedForClassDepth2_3" classname="com.google.javascript.jscomp.CollapsePropertiesTest" time="0.002"/>
  <testcase name="testTypeDefAlias2" classname="com.google.javascript.jscomp.CollapsePropertiesTest" time="0.002"/>
  <testcase name="testNamespaceDefinedInLocalScope" classname="com.google.javascript.jscomp.CollapsePropertiesTest" time="0.006"/>
  <testcase name="testClassStaticProperties" classname="com.google.javascript.jscomp.CollapsePropertiesTest" time="0.006"/>
  <testcase name="testObjLitWithQuotedKeyThatDoesNotGetRead" classname="com.google.javascript.jscomp.CollapsePropertiesTest" time="0.004"/>
  <testcase name="testGetPropOnUndefinedProperty" classname="com.google.javascript.jscomp.CollapsePropertiesTest" time="0.002"/>
  <testcase name="testConstructorReferencingThis" classname="com.google.javascript.jscomp.CollapsePropertiesTest" time="0.001"/>
  <testcase name="testComputedPropertyNames" classname="com.google.javascript.jscomp.CollapsePropertiesTest" time="0.008"/>
  <testcase name="testNoCollapseWithInvalidEnums" classname="com.google.javascript.jscomp.CollapsePropertiesTest" time="0.006"/>
  <testcase name="testObjLitWithQuotedKeyThatGetsRead" classname="com.google.javascript.jscomp.CollapsePropertiesTest" time="0.004"/>
  <testcase name="testLetConstObjectAssignmentProperties" classname="com.google.javascript.jscomp.CollapsePropertiesTest" time="0.007"/>
  <testcase name="testPrototypeMethodReferencingThis" classname="com.google.javascript.jscomp.CollapsePropertiesTest" time="0.002"/>
  <testcase name="testAliasCreatedForFunctionDepth1_1" classname="com.google.javascript.jscomp.CollapsePropertiesTest" time="0.002"/>
  <testcase name="testAliasCreatedForFunctionDepth1_2" classname="com.google.javascript.jscomp.CollapsePropertiesTest" time="0.002"/>
  <testcase name="testAliasCreatedForFunctionDepth1_3" classname="com.google.javascript.jscomp.CollapsePropertiesTest" time="0.002"/>
  <testcase name="testChainedAssignments1" classname="com.google.javascript.jscomp.CollapsePropertiesTest" time="0.002"/>
  <testcase name="testChainedAssignments2" classname="com.google.javascript.jscomp.CollapsePropertiesTest" time="0.002"/>
  <testcase name="testChainedAssignments3" classname="com.google.javascript.jscomp.CollapsePropertiesTest" time="0.002"/>
  <testcase name="testChainedAssignments4" classname="com.google.javascript.jscomp.CollapsePropertiesTest" time="0.002"/>
  <testcase name="testChainedAssignments5" classname="com.google.javascript.jscomp.CollapsePropertiesTest" time="0.002"/>
  <testcase name="testChainedAssignments6" classname="com.google.javascript.jscomp.CollapsePropertiesTest" time="0.002"/>
  <testcase name="testChainedAssignments7" classname="com.google.javascript.jscomp.CollapsePropertiesTest" time="0.002"/>
  <testcase name="testGlobalCatch" classname="com.google.javascript.jscomp.CollapsePropertiesTest" time="0.002"/>
  <testcase name="testDefaultParameters" classname="com.google.javascript.jscomp.CollapsePropertiesTest" time="0.005"/>
  <testcase name="testFunctionWithQuotedPropertyThatDoesNotGetRead" classname="com.google.javascript.jscomp.CollapsePropertiesTest" time="0.006"/>
  <testcase name="testAliasCreatedForPropertyOfEnumOfObjects" classname="com.google.javascript.jscomp.CollapsePropertiesTest" time="0.002"/>
  <testcase name="testMethodCall" classname="com.google.javascript.jscomp.CollapsePropertiesTest" time="0.002"/>
  <testcase name="testPeerAndSubpropertyOfUncollapsibleProperty" classname="com.google.javascript.jscomp.CollapsePropertiesTest" time="0.002"/>
  <testcase name="testFunctionCallDepth1" classname="com.google.javascript.jscomp.CollapsePropertiesTest" time="0.002"/>
  <testcase name="testFunctionCallDepth2" classname="com.google.javascript.jscomp.CollapsePropertiesTest" time="0.002"/>
  <testcase name="testArrowFunctionProperties" classname="com.google.javascript.jscomp.CollapsePropertiesTest" time="0.006"/>
  <testcase name="testAliasCreatedForEnumOfObjects" classname="com.google.javascript.jscomp.CollapsePropertiesTest" time="0.002"/>
  <testcase name="testAliasedTopLevelEnum" classname="com.google.javascript.jscomp.CollapsePropertiesTest" time="0.002"/>
  <testcase name="testAliasedTopLevelName" classname="com.google.javascript.jscomp.CollapsePropertiesTest" time="0.003"/>
  <testcase name="testPropertyMethodAssignment_noThis" classname="com.google.javascript.jscomp.CollapsePropertiesTest" time="0.003"/>
  <testcase name="testAliasCreatedForEnumDepth1_1" classname="com.google.javascript.jscomp.CollapsePropertiesTest" time="0.004"/>
  <testcase name="testAliasCreatedForEnumDepth1_2" classname="com.google.javascript.jscomp.CollapsePropertiesTest" time="0.002"/>
  <testcase name="testAliasCreatedForEnumDepth1_3" classname="com.google.javascript.jscomp.CollapsePropertiesTest" time="0.002"/>
  <testcase name="testAliasCreatedForEnumDepth1_4" classname="com.google.javascript.jscomp.CollapsePropertiesTest" time="0.002"/>
  <testcase name="testAliasCreatedForEnumDepth2_1" classname="com.google.javascript.jscomp.CollapsePropertiesTest" time="0.006"/>
  <testcase name="testAliasCreatedForEnumDepth2_2" classname="com.google.javascript.jscomp.CollapsePropertiesTest" time="0.002"/>
  <testcase name="testAliasCreatedForEnumDepth2_3" classname="com.google.javascript.jscomp.CollapsePropertiesTest" time="0.002"/>
  <testcase name="testEnumOfObjects1" classname="com.google.javascript.jscomp.CollapsePropertiesTest" time="0.002"/>
  <testcase name="testEnumOfObjects2" classname="com.google.javascript.jscomp.CollapsePropertiesTest" time="0.002"/>
  <testcase name="testEnumOfObjects3" classname="com.google.javascript.jscomp.CollapsePropertiesTest" time="0.002"/>
  <testcase name="testEnumOfObjects4" classname="com.google.javascript.jscomp.CollapsePropertiesTest" time="0.011"/>
  <testcase name="testAddPropertyToUncollapsibleFunctionInLocalScopeDepth1" classname="com.google.javascript.jscomp.CollapsePropertiesTest" time="0.002"/>
  <testcase name="testAddPropertyToUncollapsibleFunctionInLocalScopeDepth2" classname="com.google.javascript.jscomp.CollapsePropertiesTest" time="0.002"/>
  <testcase name="testCtorManyAssignmentsDontInlineDontWarn" classname="com.google.javascript.jscomp.CollapsePropertiesTest" time="0.002"/>
  <testcase name="testFunctionPropertySetToObjLitConditionally" classname="com.google.javascript.jscomp.CollapsePropertiesTest" time="0.006"/>
  <testcase name="testCollapsedNameAlreadyTaken" classname="com.google.javascript.jscomp.CollapsePropertiesTest" time="0.009"/>
  <testcase name="testComplexAssignmentAfterInitialAssignment" classname="com.google.javascript.jscomp.CollapsePropertiesTest" time="0.002"/>
  <testcase name="testModuleExportsObjectCommonJs" classname="com.google.javascript.jscomp.CollapsePropertiesTest" time="0.004"/>
  <testcase name="testCallOnUndefinedProperty" classname="com.google.javascript.jscomp.CollapsePropertiesTest" time="0.002"/>
  <testcase name="testGlobalVarSetToObjLitConditionally1b" classname="com.google.javascript.jscomp.CollapsePropertiesTest" time="0.003"/>
  <testcase name="testPropertyOnGlobalCtor" classname="com.google.javascript.jscomp.CollapsePropertiesTest" time="0.002"/>
  <testcase name="testFunctionPropertyResetInLocalScope" classname="com.google.javascript.jscomp.CollapsePropertiesTest" time="0.006"/>
  <testcase name="testMutableModuleExportsBasicEsm" classname="com.google.javascript.jscomp.CollapsePropertiesTest" time="0.005"/>
  <testcase name="testRecordReferencingThis" classname="com.google.javascript.jscomp.CollapsePropertiesTest" time="0.002"/>
  <testcase name="testTwiceDefinedGlobalNameDepth2" classname="com.google.javascript.jscomp.CollapsePropertiesTest" time="0.002"/>
  <testcase name="testPropWithDollarSign2" classname="com.google.javascript.jscomp.CollapsePropertiesTest" time="0.001"/>
  <testcase name="testPropWithDollarSign3" classname="com.google.javascript.jscomp.CollapsePropertiesTest" time="0.002"/>
  <testcase name="testPropWithDollarSign4" classname="com.google.javascript.jscomp.CollapsePropertiesTest" time="0.002"/>
  <testcase name="testPropWithDollarSign5" classname="com.google.javascript.jscomp.CollapsePropertiesTest" time="0.002"/>
  <testcase name="testClassStaticProperties_locallyDeclared1" classname="com.google.javascript.jscomp.CollapsePropertiesTest" time="0.002"/>
  <testcase name="testClassStaticProperties_locallyDeclared2" classname="com.google.javascript.jscomp.CollapsePropertiesTest" time="0.002"/>
  <testcase name="testModuleExportsBasicCommonJs" classname="com.google.javascript.jscomp.CollapsePropertiesTest" time="0.003"/>
  <testcase name="testFunctionGivenTwoNames" classname="com.google.javascript.jscomp.CollapsePropertiesTest" time="0.002"/>
  <testcase name="testIncrement" classname="com.google.javascript.jscomp.CollapsePropertiesTest" time="0.002"/>
  <testcase name="testObjectLitBeforeDefinition" classname="com.google.javascript.jscomp.CollapsePropertiesTest" time="0.001"/>
  <testcase name="testGlobalObjectNameInBooleanExpressionDepth2" classname="com.google.javascript.jscomp.CollapsePropertiesTest" time="0.006"/>
  <testcase name="testGlobalObjectNameInBooleanExpressionDepth3" classname="com.google.javascript.jscomp.CollapsePropertiesTest" time="0.002"/>
  <testcase name="testAddPropertyToFunctionInLocalScopeDepth1" classname="com.google.javascript.jscomp.CollapsePropertiesTest" time="0.002"/>
  <testcase name="testAddPropertyToFunctionInLocalScopeDepth2" classname="com.google.javascript.jscomp.CollapsePropertiesTest" time="0.002"/>
  <testcase name="testGlobalVarSetToObjLitConditionally1" classname="com.google.javascript.jscomp.CollapsePropertiesTest" time="0.002"/>
  <testcase name="testGlobalVarSetToObjLitConditionally2" classname="com.google.javascript.jscomp.CollapsePropertiesTest" time="0.004"/>
  <testcase name="testGlobalVarSetToObjLitConditionally3" classname="com.google.javascript.jscomp.CollapsePropertiesTest" time="0.003"/>
  <testcase name="testCallUndefinedMethodOnObjLitDepth1" classname="com.google.javascript.jscomp.CollapsePropertiesTest" time="0.002"/>
  <testcase name="testCallUndefinedMethodOnObjLitDepth2" classname="com.google.javascript.jscomp.CollapsePropertiesTest" time="0.002"/>
  <testcase name="testGlobalObjectDeclaredToPreserveItsPreviousValue1" classname="com.google.javascript.jscomp.CollapsePropertiesTest" time="0.003"/>
  <testcase name="testGlobalObjectDeclaredToPreserveItsPreviousValue2" classname="com.google.javascript.jscomp.CollapsePropertiesTest" time="0.004"/>
  <testcase name="testGlobalObjectDeclaredToPreserveItsPreviousValue3" classname="com.google.javascript.jscomp.CollapsePropertiesTest" time="0.004"/>
  <testcase name="testModuleExportsObjectEsm" classname="com.google.javascript.jscomp.CollapsePropertiesTest" time="0.004"/>
  <testcase name="testObjLitAssignedToMultipleNames1" classname="com.google.javascript.jscomp.CollapsePropertiesTest" time="0.003"/>
  <testcase name="testObjLitAssignedToMultipleNames2" classname="com.google.javascript.jscomp.CollapsePropertiesTest" time="0.002"/>
  <testcase name="testObjLitDeclarationWithGet1" classname="com.google.javascript.jscomp.CollapsePropertiesTest" time="0.002"/>
  <testcase name="testObjLitDeclarationWithGet3" classname="com.google.javascript.jscomp.CollapsePropertiesTest" time="0.001"/>
  <testcase name="testObjLitDeclarationWithSet1" classname="com.google.javascript.jscomp.CollapsePropertiesTest" time="0.002"/>
  <testcase name="testObjLitDeclarationWithSet3" classname="com.google.javascript.jscomp.CollapsePropertiesTest" time="0.002"/>
  <testcase name="testObjectPropertyResetInLocalScope" classname="com.google.javascript.jscomp.CollapsePropertiesTest" time="0.005"/>
  <testcase name="testGlobalFunctionReferenceOfThis" classname="com.google.javascript.jscomp.CollapsePropertiesTest" time="0.002"/>
  <testcase name="testObjLitAssignmentDepth1" classname="com.google.javascript.jscomp.CollapsePropertiesTest" time="0.004"/>
  <testcase name="testObjLitAssignmentDepth2" classname="com.google.javascript.jscomp.CollapsePropertiesTest" time="0.004"/>
  <testcase name="testGlobalNameReferencedInLocalScopeBeforeDefined1" classname="com.google.javascript.jscomp.CollapsePropertiesTest" time="0.002"/>
  <testcase name="testGlobalNameReferencedInLocalScopeBeforeDefined2" classname="com.google.javascript.jscomp.CollapsePropertiesTest" time="0.001"/>
  <testcase name="testNamespaceResetInLocalScope1" classname="com.google.javascript.jscomp.CollapsePropertiesTest" time="0.004"/>
  <testcase name="testNamespaceResetInLocalScope2" classname="com.google.javascript.jscomp.CollapsePropertiesTest" time="0.004"/>
  <testcase name="testResetFunctionPropertyInLocalScope" classname="com.google.javascript.jscomp.CollapsePropertiesTest" time="0.002"/>
  <testcase name="testPropGetInsideAnObjLit" classname="com.google.javascript.jscomp.CollapsePropertiesTest" time="0.007"/>
  <testcase name="testMultiLevelCollapse" classname="com.google.javascript.jscomp.CollapsePropertiesTest" time="0.004"/>
  <testcase name="testObjLitWithNonIdentifierKeys" classname="com.google.javascript.jscomp.CollapsePropertiesTest" time="0.003"/>
  <testcase name="testTwiceDefinedGlobalNameDepth1_1" classname="com.google.javascript.jscomp.CollapsePropertiesTest" time="0.002"/>
  <testcase name="testTwiceDefinedGlobalNameDepth1_2" classname="com.google.javascript.jscomp.CollapsePropertiesTest" time="0.002"/>
  <testcase name="testGlobalObjectNameInBooleanExpressionDepth1_1" classname="com.google.javascript.jscomp.CollapsePropertiesTest" time="0.006"/>
  <testcase name="testGlobalObjectNameInBooleanExpressionDepth1_2" classname="com.google.javascript.jscomp.CollapsePropertiesTest" time="0.005"/>
  <testcase name="testGlobalObjectNameInBooleanExpressionDepth1_3" classname="com.google.javascript.jscomp.CollapsePropertiesTest" time="0.006"/>
  <testcase name="testGlobalObjectNameInBooleanExpressionDepth1_4" classname="com.google.javascript.jscomp.CollapsePropertiesTest" time="0.004"/>
  <testcase name="testGlobalObjectNameInBooleanExpressionDepth1_5" classname="com.google.javascript.jscomp.CollapsePropertiesTest" time="0.003"/>
  <testcase name="testGlobalObjectNameInBooleanExpressionDepth1_6" classname="com.google.javascript.jscomp.CollapsePropertiesTest" time="0.006"/>
  <testcase name="testObjLitWithQuotedKeyThatDoesNotGetReadComputed" classname="com.google.javascript.jscomp.CollapsePropertiesTest" time="0.005"/>
  <testcase name="testClassGetSetMembers" classname="com.google.javascript.jscomp.CollapsePropertiesTest" time="0.003"/>
  <testcase name="testFunctionWithQuotedPropertyThatGetsRead" classname="com.google.javascript.jscomp.CollapsePropertiesTest" time="0.005"/>
  <testcase name="testTwinReferenceCancelsChildCollapsing" classname="com.google.javascript.jscomp.CollapsePropertiesTest" time="0.002"/>
  <testcase name="testTypedef1" classname="com.google.javascript.jscomp.CollapsePropertiesTest" time="0.002"/>
  <testcase name="testTypedef2" classname="com.google.javascript.jscomp.CollapsePropertiesTest" time="0.002"/>
  <testcase name="testNewOperator" classname="com.google.javascript.jscomp.CollapsePropertiesTest" time="0.001"/>
  <testcase name="testModuleExportsBasicEsm" classname="com.google.javascript.jscomp.CollapsePropertiesTest" time="0.004"/>
  <testcase name="testReferencedPrototypeProperty" classname="com.google.javascript.jscomp.CollapsePropertiesTest" time="0.002"/>
  <testcase name="testConstKey" classname="com.google.javascript.jscomp.CollapsePropertiesTest" time="0.002"/>
  <testcase name="testMisusedEnumTag" classname="com.google.javascript.jscomp.CollapsePropertiesTest" time="0.003"/>
  <testcase name="testExpressionResultReferenceWontPreventCollapse" classname="com.google.javascript.jscomp.CollapsePropertiesTest" time="0.002"/>
  <testcase name="testStaticFunctionReferencingThis1" classname="com.google.javascript.jscomp.CollapsePropertiesTest" time="0.001"/>
  <testcase name="testStaticFunctionReferencingThis2" classname="com.google.javascript.jscomp.CollapsePropertiesTest" time="0.002"/>
  <testcase name="testStaticFunctionReferencingThis3" classname="com.google.javascript.jscomp.CollapsePropertiesTest" time="0.002"/>
  <testcase name="testStaticFunctionReferencingThis4" classname="com.google.javascript.jscomp.CollapsePropertiesTest" time="0.002"/>
  <testcase name="testNamespaceResetInGlobalScope1" classname="com.google.javascript.jscomp.CollapsePropertiesTest" time="0.003"/>
  <testcase name="testNamespaceResetInGlobalScope2" classname="com.google.javascript.jscomp.CollapsePropertiesTest" time="0.004"/>
  <testcase name="testNamespaceResetInGlobalScope3" classname="com.google.javascript.jscomp.CollapsePropertiesTest" time="0.003"/>
  <testcase name="testNamespaceResetInGlobalScope4" classname="com.google.javascript.jscomp.CollapsePropertiesTest" time="0.004"/>
  <testcase name="testDestructuredArrays" classname="com.google.javascript.jscomp.CollapsePropertiesTest" time="0.005"/>
  <testcase name="testAssignFunctionBeforeDefinition" classname="com.google.javascript.jscomp.CollapsePropertiesTest" time="0.002"/>
  <testcase name="testCrashInNestedAssign" classname="com.google.javascript.jscomp.CollapsePropertiesTest" time="0.002"/>
  <testcase name="testObjLitDeclarationWithGetAndSet1" classname="com.google.javascript.jscomp.CollapsePropertiesTest" time="0.001"/>
  <testcase name="testPrototypePropertySetToAnObjectLiteral" classname="com.google.javascript.jscomp.CollapsePropertiesTest" time="0.004"/>
  <testcase name="testCollapsePrototypeName" classname="com.google.javascript.jscomp.CollapsePropertiesTest" time="0.002"/>
  <testcase name="testAliasCreatedForClassProperty" classname="com.google.javascript.jscomp.CollapsePropertiesTest" time="0.006"/>
  <testcase name="testObjLitAssignedInTernaryExpression1" classname="com.google.javascript.jscomp.CollapsePropertiesTest" time="0.002"/>
  <testcase name="testObjLitAssignedInTernaryExpression2" classname="com.google.javascript.jscomp.CollapsePropertiesTest" time="0.002"/>
  <testcase name="testPropWithDollarSign" classname="com.google.javascript.jscomp.CollapsePropertiesTest" time="0.001"/>
  <testcase name="testInlineAliasWithModifications" classname="com.google.javascript.jscomp.CollapsePropertiesTest" time="0.007"/>
  <testcase name="testDoesNotCollapseInEs6ModuleScope" classname="com.google.javascript.jscomp.CollapsePropertiesTest" time="0.003"/>
  <testcase name="testTemplateStrings" classname="com.google.javascript.jscomp.CollapsePropertiesTest" time="0.002"/>
  <testcase name="testEs6ClassExtendsChildClass" classname="com.google.javascript.jscomp.CollapsePropertiesTest" time="0.002"/>
  <testcase name="testAddPropertyToObjectInLocalScopeDepth1" classname="com.google.javascript.jscomp.CollapsePropertiesTest" time="0.002"/>
  <testcase name="testAddPropertyToObjectInLocalScopeDepth2" classname="com.google.javascript.jscomp.CollapsePropertiesTest" time="0.002"/>
  <testcase name="testReferenceInAnonymousObject0" classname="com.google.javascript.jscomp.CollapsePropertiesTest" time="0.002"/>
  <testcase name="testReferenceInAnonymousObject1" classname="com.google.javascript.jscomp.CollapsePropertiesTest" time="0.002"/>
  <testcase name="testReferenceInAnonymousObject2" classname="com.google.javascript.jscomp.CollapsePropertiesTest" time="0.002"/>
  <testcase name="testReferenceInAnonymousObject3" classname="com.google.javascript.jscomp.CollapsePropertiesTest" time="0.002"/>
  <testcase name="testReferenceInAnonymousObject4" classname="com.google.javascript.jscomp.CollapsePropertiesTest" time="0.002"/>
  <testcase name="testReferenceInAnonymousObject5" classname="com.google.javascript.jscomp.CollapsePropertiesTest" time="0.002"/>
  <testcase name="testObjLitWithUnusedNumericKey" classname="com.google.javascript.jscomp.CollapsePropertiesTest" time="0.001"/>
  <testcase name="testPropertiesOfAnUndefinedVar" classname="com.google.javascript.jscomp.CollapsePropertiesTest" time="0.002"/>
  <testcase name="testCallToRedefinedFunction" classname="com.google.javascript.jscomp.CollapsePropertiesTest" time="0.002"/>
  <testcase name="testEs6ClassStaticInheritance" classname="com.google.javascript.jscomp.CollapsePropertiesTest" time="0.007"/>
  <testcase name="testDelete1" classname="com.google.javascript.jscomp.CollapsePropertiesTest" time="0.002"/>
  <testcase name="testDelete2" classname="com.google.javascript.jscomp.CollapsePropertiesTest" time="0.002"/>
  <testcase name="testDelete3" classname="com.google.javascript.jscomp.CollapsePropertiesTest" time="0.001"/>
  <testcase name="testDelete4" classname="com.google.javascript.jscomp.CollapsePropertiesTest" time="0.002"/>
  <testcase name="testDelete5" classname="com.google.javascript.jscomp.CollapsePropertiesTest" time="0.002"/>
  <testcase name="testDelete6" classname="com.google.javascript.jscomp.CollapsePropertiesTest" time="0.002"/>
  <testcase name="testDelete7" classname="com.google.javascript.jscomp.CollapsePropertiesTest" time="0.001"/>
  <testcase name="testDelete8" classname="com.google.javascript.jscomp.CollapsePropertiesTest" time="0.002"/>
  <testcase name="testDelete9" classname="com.google.javascript.jscomp.CollapsePropertiesTest" time="0.002"/>
  <testcase name="testSuperExtern" classname="com.google.javascript.jscomp.CollapsePropertiesTest" time="0.003"/>
  <testcase name="testSetStaticAndPrototypePropertiesOnFunction" classname="com.google.javascript.jscomp.CollapsePropertiesTest" time="0.002"/>
  <testcase name="testObjLitWithUsedNumericKey" classname="com.google.javascript.jscomp.CollapsePropertiesTest" time="0.002"/>
  <testcase name="testDecrement" classname="com.google.javascript.jscomp.CollapsePropertiesTest" time="0.002"/>
  <testcase name="testDoNotCollapsePropertyOnExternType" classname="com.google.javascript.jscomp.CollapsePropertiesTest" time="0.002"/>
  <testcase name="testDestructuredProperiesObjectLit" classname="com.google.javascript.jscomp.CollapsePropertiesTest" time="0.005"/>
  <testcase name="testAliasCreatedForCtorDepth1_2" classname="com.google.javascript.jscomp.CollapsePropertiesTest" time="0.004"/>
  <testcase name="testAliasCreatedForCtorDepth1_3" classname="com.google.javascript.jscomp.CollapsePropertiesTest" time="0.003"/>
  <testcase name="testPreserveConstructorDoc" classname="com.google.javascript.jscomp.CollapsePropertiesTest" time="0.002"/>
  <testcase name="testChainedVarAssignments1" classname="com.google.javascript.jscomp.CollapsePropertiesTest" time="0.002"/>
  <testcase name="testChainedVarAssignments2" classname="com.google.javascript.jscomp.CollapsePropertiesTest" time="0.001"/>
  <testcase name="testChainedVarAssignments3" classname="com.google.javascript.jscomp.CollapsePropertiesTest" time="0.002"/>
  <testcase name="testChainedVarAssignments4" classname="com.google.javascript.jscomp.CollapsePropertiesTest" time="0.002"/>
  <testcase name="testChainedVarAssignments5" classname="com.google.javascript.jscomp.CollapsePropertiesTest" time="0.002"/>
  <testcase name="testChainedVarAssignments6" classname="com.google.javascript.jscomp.CollapsePropertiesTest" time="0.001"/>
  <testcase name="testChainedVarAssignments7" classname="com.google.javascript.jscomp.CollapsePropertiesTest" time="0.002"/>
  <testcase name="testMethodPropertyShorthand" classname="com.google.javascript.jscomp.CollapsePropertiesTest" time="0.002"/>
  <testcase name="testDontCrashNamespaceAliasAcrossScopes" classname="com.google.javascript.jscomp.CollapsePropertiesTest" time="0.001"/>
  <testcase name="testReadUndefinedPropertyDepth1" classname="com.google.javascript.jscomp.CollapsePropertiesTest" time="0.002"/>
  <testcase name="testReadUndefinedPropertyDepth2" classname="com.google.javascript.jscomp.CollapsePropertiesTest" time="0.002"/>
  <testcase name="testIssue389" classname="com.google.javascript.jscomp.CollapsePropertiesTest" time="0.002"/>
  <testcase name="testFunctionAlias1" classname="com.google.javascript.jscomp.CollapsePropertiesTest" time="0.002"/>
  <testcase name="testClassNonStaticMembers" classname="com.google.javascript.jscomp.CollapsePropertiesTest" time="0.006"/>
  <testcase name="testObjectPropertySetToObjLitConditionally" classname="com.google.javascript.jscomp.CollapsePropertiesTest" time="0.004"/>
  <testcase name="testDelete10" classname="com.google.javascript.jscomp.CollapsePropertiesTest" time="0.001"/>
  <testcase name="testDelete11" classname="com.google.javascript.jscomp.CollapsePropertiesTest" time="0.002"/>
  <testcase name="testRenamePrefixOfUncollapsibleProperty" classname="com.google.javascript.jscomp.CollapsePropertiesTest" time="0.002"/>
  <testcase name="testEnumDepth1" classname="com.google.javascript.jscomp.CollapsePropertiesTest" time="0.004"/>
  <testcase name="testEnumDepth2" classname="com.google.javascript.jscomp.CollapsePropertiesTest" time="0.003"/>
  <testcase name="testNestedObjLit" classname="com.google.javascript.jscomp.CollapsePropertiesTest" time="0.006"/>
  <testcase name="testBug1704733" classname="com.google.javascript.jscomp.CollapsePropertiesTest" time="0.002"/>
  <testcase name="testObjLitDefinedInLocalScopeIsLeftAlone" classname="com.google.javascript.jscomp.CollapsePropertiesTest" time="0.002"/>
  <testcase name="testBug1956277" classname="com.google.javascript.jscomp.CollapsePropertiesTest" time="0.001"/>
  <testcase name="testBug1974371" classname="com.google.javascript.jscomp.CollapsePropertiesTest" time="0.002"/>
  <testcase name="testObjLitRedefinedInGlobalScope" classname="com.google.javascript.jscomp.CollapsePropertiesTest" time="0.002"/>
  <testcase name="testClassStaticMembers" classname="com.google.javascript.jscomp.CollapsePropertiesTest" time="0.004"/>
  <testcase name="testPropertiesOnBothSidesOfAssignment" classname="com.google.javascript.jscomp.CollapsePropertiesTest" time="0.001"/>
</testsuite>