<?xml version="1.0" encoding="UTF-8"?>
<testsuite xmlns:xsi="http://www.w3.org/2001/XMLSchema-instance" xsi:schemaLocation="https://maven.apache.org/surefire/maven-surefire-plugin/xsd/surefire-test-report.xsd" name="com.google.javascript.jscomp.TypedScopeCreatorTest" time="0.207" tests="138" errors="0" skipped="0" failures="0">
  <properties>
    <property name="java.runtime.name" value="OpenJDK Runtime Environment"/>
    <property name="sun.boot.library.path" value="/usr/lib/jvm/java-8-openjdk-amd64/jre/lib/amd64"/>
    <property name="java.vm.version" value="25.151-b12"/>
    <property name="java.vm.vendor" value="Oracle Corporation"/>
    <property name="maven.multiModuleProjectDirectory" value="/home/wju/test-proj/closure-compiler"/>
    <property name="java.vendor.url" value="http://java.oracle.com/"/>
    <property name="path.separator" value=":"/>
    <property name="guice.disable.misplaced.annotation.check" value="true"/>
    <property name="java.vm.name" value="OpenJDK 64-Bit Server VM"/>
    <property name="file.encoding.pkg" value="sun.io"/>
    <property name="user.country" value="US"/>
    <property name="sun.java.launcher" value="SUN_STANDARD"/>
    <property name="sun.os.patch.level" value="unknown"/>
    <property name="java.vm.specification.name" value="Java Virtual Machine Specification"/>
    <property name="user.dir" value="/home/wju/test-proj/closure-compiler"/>
    <property name="java.runtime.version" value="1.8.0_151-8u151-b12-0ubuntu0.16.04.2-b12"/>
    <property name="java.awt.graphicsenv" value="sun.awt.X11GraphicsEnvironment"/>
    <property name="java.endorsed.dirs" value="/usr/lib/jvm/java-8-openjdk-amd64/jre/lib/endorsed"/>
    <property name="os.arch" value="amd64"/>
    <property name="java.io.tmpdir" value="/tmp"/>
    <property name="line.separator" value="&#10;"/>
    <property name="java.vm.specification.vendor" value="Oracle Corporation"/>
    <property name="os.name" value="Linux"/>
    <property name="net.sourceforge.cobertura.datafile" value="/home/wju/test-proj/closure-compiler/target/cobertura/cobertura.ser"/>
    <property name="classworlds.conf" value="/usr/share/maven/bin/m2.conf"/>
    <property name="sun.jnu.encoding" value="UTF-8"/>
    <property name="java.library.path" value="/usr/java/packages/lib/amd64:/usr/lib/x86_64-linux-gnu/jni:/lib/x86_64-linux-gnu:/usr/lib/x86_64-linux-gnu:/usr/lib/jni:/lib:/usr/lib"/>
    <property name="java.specification.name" value="Java Platform API Specification"/>
    <property name="java.class.version" value="52.0"/>
    <property name="sun.management.compiler" value="HotSpot 64-Bit Tiered Compilers"/>
    <property name="os.version" value="4.4.0-109-generic"/>
    <property name="user.home" value="/home/wju"/>
    <property name="user.timezone" value="America/Los_Angeles"/>
    <property name="java.awt.printerjob" value="sun.print.PSPrinterJob"/>
    <property name="java.specification.version" value="1.8"/>
    <property name="file.encoding" value="UTF-8"/>
    <property name="user.name" value="wju"/>
    <property name="java.class.path" value="/usr/share/maven/boot/plexus-classworlds-2.x.jar"/>
    <property name="java.vm.specification.version" value="1.8"/>
    <property name="sun.arch.data.model" value="64"/>
    <property name="java.home" value="/usr/lib/jvm/java-8-openjdk-amd64/jre"/>
    <property name="sun.java.command" value="org.codehaus.plexus.classworlds.launcher.Launcher cobertura:cobertura"/>
    <property name="java.specification.vendor" value="Oracle Corporation"/>
    <property name="user.language" value="en"/>
    <property name="awt.toolkit" value="sun.awt.X11.XToolkit"/>
    <property name="java.vm.info" value="mixed mode"/>
    <property name="java.version" value="1.8.0_151"/>
    <property name="java.ext.dirs" value="/usr/lib/jvm/java-8-openjdk-amd64/jre/lib/ext:/usr/java/packages/lib/ext"/>
    <property name="securerandom.source" value="file:/dev/./urandom"/>
    <property name="sun.boot.class.path" value="/usr/lib/jvm/java-8-openjdk-amd64/jre/lib/resources.jar:/usr/lib/jvm/java-8-openjdk-amd64/jre/lib/rt.jar:/usr/lib/jvm/java-8-openjdk-amd64/jre/lib/sunrsasign.jar:/usr/lib/jvm/java-8-openjdk-amd64/jre/lib/jsse.jar:/usr/lib/jvm/java-8-openjdk-amd64/jre/lib/jce.jar:/usr/lib/jvm/java-8-openjdk-amd64/jre/lib/charsets.jar:/usr/lib/jvm/java-8-openjdk-amd64/jre/lib/jfr.jar:/usr/lib/jvm/java-8-openjdk-amd64/jre/classes"/>
    <property name="java.vendor" value="Oracle Corporation"/>
    <property name="maven.home" value="/usr/share/maven"/>
    <property name="file.separator" value="/"/>
    <property name="java.vendor.url.bug" value="http://bugreport.sun.com/bugreport/"/>
    <property name="sun.cpu.endian" value="little"/>
    <property name="sun.io.unicode.encoding" value="UnicodeLittle"/>
    <property name="project.build.outputDirectory" value="/home/wju/test-proj/closure-compiler/target/generated-classes/cobertura"/>
    <property name="sun.cpu.isalist" value=""/>
  </properties>
  <testcase name="testAddMethodsPrototypeTwoWays" classname="com.google.javascript.jscomp.TypedScopeCreatorTest" time="0.003"/>
  <testcase name="testConstructorNode" classname="com.google.javascript.jscomp.TypedScopeCreatorTest" time="0.001"/>
  <testcase name="testEnumElement" classname="com.google.javascript.jscomp.TypedScopeCreatorTest" time="0.002"/>
  <testcase name="testPropertiesOnInterface" classname="com.google.javascript.jscomp.TypedScopeCreatorTest" time="0.001"/>
  <testcase name="testStructuralInterfaceMatchingOnInterface1" classname="com.google.javascript.jscomp.TypedScopeCreatorTest" time="0.002"/>
  <testcase name="testStructuralInterfaceMatchingOnInterface2" classname="com.google.javascript.jscomp.TypedScopeCreatorTest" time="0.001"/>
  <testcase name="testStructuralInterfaceMatchingOnInterface3" classname="com.google.javascript.jscomp.TypedScopeCreatorTest" time="0.002"/>
  <testcase name="testStructuralInterfaceMatchingOnInterface4" classname="com.google.javascript.jscomp.TypedScopeCreatorTest" time="0.002"/>
  <testcase name="testStructuralInterfaceMatchingOnInterface5" classname="com.google.javascript.jscomp.TypedScopeCreatorTest" time="0.001"/>
  <testcase name="testStructuralInterfaceMatchingOnInterface6" classname="com.google.javascript.jscomp.TypedScopeCreatorTest" time="0.002"/>
  <testcase name="testPrototypeInit" classname="com.google.javascript.jscomp.TypedScopeCreatorTest" time="0.002"/>
  <testcase name="testNamespacedFunctionStubLocal" classname="com.google.javascript.jscomp.TypedScopeCreatorTest" time="0.002"/>
  <testcase name="testBadCtorInit1" classname="com.google.javascript.jscomp.TypedScopeCreatorTest" time="0.001"/>
  <testcase name="testBadCtorInit2" classname="com.google.javascript.jscomp.TypedScopeCreatorTest" time="0.001"/>
  <testcase name="testDeclaredObjectLitProperty1" classname="com.google.javascript.jscomp.TypedScopeCreatorTest" time="0.001"/>
  <testcase name="testDeclaredObjectLitProperty2" classname="com.google.javascript.jscomp.TypedScopeCreatorTest" time="0.002"/>
  <testcase name="testDeclaredObjectLitProperty3" classname="com.google.javascript.jscomp.TypedScopeCreatorTest" time="0.001"/>
  <testcase name="testDeclaredObjectLitProperty4" classname="com.google.javascript.jscomp.TypedScopeCreatorTest" time="0.001"/>
  <testcase name="testDeclaredObjectLitProperty5" classname="com.google.javascript.jscomp.TypedScopeCreatorTest" time="0.002"/>
  <testcase name="testDeclaredObjectLitProperty6" classname="com.google.javascript.jscomp.TypedScopeCreatorTest" time="0.001"/>
  <testcase name="testObjectLiteralCast" classname="com.google.javascript.jscomp.TypedScopeCreatorTest" time="0.004"/>
  <testcase name="testTypesInExterns" classname="com.google.javascript.jscomp.TypedScopeCreatorTest" time="0.006"/>
  <testcase name="testDeclaredCatchExpression1" classname="com.google.javascript.jscomp.TypedScopeCreatorTest" time="0.001"/>
  <testcase name="testDeclaredCatchExpression2" classname="com.google.javascript.jscomp.TypedScopeCreatorTest" time="0.001"/>
  <testcase name="testTypedStubsInExterns" classname="com.google.javascript.jscomp.TypedScopeCreatorTest" time="0.002"/>
  <testcase name="testGlobalThis1" classname="com.google.javascript.jscomp.TypedScopeCreatorTest" time="0.001"/>
  <testcase name="testGlobalThis2" classname="com.google.javascript.jscomp.TypedScopeCreatorTest" time="0.001"/>
  <testcase name="testMethodBeforeFunction1" classname="com.google.javascript.jscomp.TypedScopeCreatorTest" time="0.002"/>
  <testcase name="testMethodBeforeFunction2" classname="com.google.javascript.jscomp.TypedScopeCreatorTest" time="0.002"/>
  <testcase name="testConstructorAlias" classname="com.google.javascript.jscomp.TypedScopeCreatorTest" time="0.001"/>
  <testcase name="testEnum" classname="com.google.javascript.jscomp.TypedScopeCreatorTest" time="0.001"/>
  <testcase name="testDeclaredConstType1" classname="com.google.javascript.jscomp.TypedScopeCreatorTest" time="0.001"/>
  <testcase name="testDeclaredConstType2" classname="com.google.javascript.jscomp.TypedScopeCreatorTest" time="0.002"/>
  <testcase name="testDeclaredConstType3" classname="com.google.javascript.jscomp.TypedScopeCreatorTest" time="0.001"/>
  <testcase name="testDeclaredConstType4" classname="com.google.javascript.jscomp.TypedScopeCreatorTest" time="0.002"/>
  <testcase name="testDeclaredConstType6" classname="com.google.javascript.jscomp.TypedScopeCreatorTest" time="0.001"/>
  <testcase name="testPropertyInExterns1" classname="com.google.javascript.jscomp.TypedScopeCreatorTest" time="0.002"/>
  <testcase name="testPropertyInExterns2" classname="com.google.javascript.jscomp.TypedScopeCreatorTest" time="0.001"/>
  <testcase name="testPropertyInExterns3" classname="com.google.javascript.jscomp.TypedScopeCreatorTest" time="0.001"/>
  <testcase name="testEnumProperty" classname="com.google.javascript.jscomp.TypedScopeCreatorTest" time="0.001"/>
  <testcase name="testDuplicateExternProperty1" classname="com.google.javascript.jscomp.TypedScopeCreatorTest" time="0.001"/>
  <testcase name="testDuplicateExternProperty2" classname="com.google.javascript.jscomp.TypedScopeCreatorTest" time="0.002"/>
  <testcase name="testConstructorProperty" classname="com.google.javascript.jscomp.TypedScopeCreatorTest" time="0.001"/>
  <testcase name="testPropertyDeclarationOnInstanceType" classname="com.google.javascript.jscomp.TypedScopeCreatorTest" time="0.001"/>
  <testcase name="testCollectedFunctionStubLocal" classname="com.google.javascript.jscomp.TypedScopeCreatorTest" time="0.001"/>
  <testcase name="testClassTemplateInheritance1" classname="com.google.javascript.jscomp.TypedScopeCreatorTest" time="0.003"/>
  <testcase name="testClassTemplateInheritance2" classname="com.google.javascript.jscomp.TypedScopeCreatorTest" time="0.002"/>
  <testcase name="testClassTemplateInheritance3" classname="com.google.javascript.jscomp.TypedScopeCreatorTest" time="0.002"/>
  <testcase name="testClassTemplateInheritance4" classname="com.google.javascript.jscomp.TypedScopeCreatorTest" time="0.002"/>
  <testcase name="testClassTemplateInheritance5" classname="com.google.javascript.jscomp.TypedScopeCreatorTest" time="0.002"/>
  <testcase name="testSubBeforeSuper1" classname="com.google.javascript.jscomp.TypedScopeCreatorTest" time="0.002"/>
  <testcase name="testSubBeforeSuper2" classname="com.google.javascript.jscomp.TypedScopeCreatorTest" time="0.002"/>
  <testcase name="testCollectedCtorProperty10" classname="com.google.javascript.jscomp.TypedScopeCreatorTest" time="0.002"/>
  <testcase name="testCollectedCtorProperty11" classname="com.google.javascript.jscomp.TypedScopeCreatorTest" time="0.001"/>
  <testcase name="testCollectedCtorProperty12" classname="com.google.javascript.jscomp.TypedScopeCreatorTest" time="0.002"/>
  <testcase name="testCollectedCtorProperty13" classname="com.google.javascript.jscomp.TypedScopeCreatorTest" time="0.001"/>
  <testcase name="testCollectedCtorProperty14" classname="com.google.javascript.jscomp.TypedScopeCreatorTest" time="0.002"/>
  <testcase name="testCollectedCtorProperty15" classname="com.google.javascript.jscomp.TypedScopeCreatorTest" time="0.001"/>
  <testcase name="testPrototypePropertyMethodWithoutAnnotation" classname="com.google.javascript.jscomp.TypedScopeCreatorTest" time="0.002"/>
  <testcase name="testAbstractMethod2" classname="com.google.javascript.jscomp.TypedScopeCreatorTest" time="0.002"/>
  <testcase name="testAbstractMethod3" classname="com.google.javascript.jscomp.TypedScopeCreatorTest" time="0.001"/>
  <testcase name="testAbstractMethod4" classname="com.google.javascript.jscomp.TypedScopeCreatorTest" time="0.002"/>
  <testcase name="testNamespacedConstructorAlias" classname="com.google.javascript.jscomp.TypedScopeCreatorTest" time="0.001"/>
  <testcase name="testBadIfaceInit1" classname="com.google.javascript.jscomp.TypedScopeCreatorTest" time="0.001"/>
  <testcase name="testBadIfaceInit2" classname="com.google.javascript.jscomp.TypedScopeCreatorTest" time="0.001"/>
  <testcase name="testCollectedFunctionStub" classname="com.google.javascript.jscomp.TypedScopeCreatorTest" time="0.001"/>
  <testcase name="testClassTemplateType1" classname="com.google.javascript.jscomp.TypedScopeCreatorTest" time="0.002"/>
  <testcase name="testClassTemplateType2" classname="com.google.javascript.jscomp.TypedScopeCreatorTest" time="0.002"/>
  <testcase name="testClassTemplateType3" classname="com.google.javascript.jscomp.TypedScopeCreatorTest" time="0.001"/>
  <testcase name="testClassTemplateType4" classname="com.google.javascript.jscomp.TypedScopeCreatorTest" time="0.002"/>
  <testcase name="testClassTemplateType5" classname="com.google.javascript.jscomp.TypedScopeCreatorTest" time="0.001"/>
  <testcase name="testClassTemplateType6" classname="com.google.javascript.jscomp.TypedScopeCreatorTest" time="0.002"/>
  <testcase name="testClassTemplateType7" classname="com.google.javascript.jscomp.TypedScopeCreatorTest" time="0.001"/>
  <testcase name="testClassTemplateType8" classname="com.google.javascript.jscomp.TypedScopeCreatorTest" time="0.001"/>
  <testcase name="testPropertiesOnInterface2" classname="com.google.javascript.jscomp.TypedScopeCreatorTest" time="0.001"/>
  <testcase name="testInferredObjectLitProperty1" classname="com.google.javascript.jscomp.TypedScopeCreatorTest" time="0.002"/>
  <testcase name="testInferredObjectLitProperty2" classname="com.google.javascript.jscomp.TypedScopeCreatorTest" time="0.001"/>
  <testcase name="testCollectedCtorProperty1" classname="com.google.javascript.jscomp.TypedScopeCreatorTest" time="0.001"/>
  <testcase name="testCollectedCtorProperty2" classname="com.google.javascript.jscomp.TypedScopeCreatorTest" time="0.001"/>
  <testcase name="testCollectedCtorProperty3" classname="com.google.javascript.jscomp.TypedScopeCreatorTest" time="0.001"/>
  <testcase name="testCollectedCtorProperty5" classname="com.google.javascript.jscomp.TypedScopeCreatorTest" time="0.002"/>
  <testcase name="testCollectedCtorProperty9" classname="com.google.javascript.jscomp.TypedScopeCreatorTest" time="0.001"/>
  <testcase name="testAbstractMethod" classname="com.google.javascript.jscomp.TypedScopeCreatorTest" time="0.002"/>
  <testcase name="testEnumAlias" classname="com.google.javascript.jscomp.TypedScopeCreatorTest" time="0.001"/>
  <testcase name="testNamespacedEnum" classname="com.google.javascript.jscomp.TypedScopeCreatorTest" time="0.002"/>
  <testcase name="testInferredVar" classname="com.google.javascript.jscomp.TypedScopeCreatorTest" time="0.001"/>
  <testcase name="testReturnTypeInference1" classname="com.google.javascript.jscomp.TypedScopeCreatorTest" time="0.001"/>
  <testcase name="testReturnTypeInference2" classname="com.google.javascript.jscomp.TypedScopeCreatorTest" time="0.001"/>
  <testcase name="testReturnTypeInference3" classname="com.google.javascript.jscomp.TypedScopeCreatorTest" time="0.001"/>
  <testcase name="testReturnTypeInference4" classname="com.google.javascript.jscomp.TypedScopeCreatorTest" time="0.001"/>
  <testcase name="testReturnTypeInference5" classname="com.google.javascript.jscomp.TypedScopeCreatorTest" time="0.001"/>
  <testcase name="testClosureParameterTypesWithoutJSDoc" classname="com.google.javascript.jscomp.TypedScopeCreatorTest" time="0.001"/>
  <testcase name="testNamespacesEnumAlias" classname="com.google.javascript.jscomp.TypedScopeCreatorTest" time="0.002"/>
  <testcase name="testInferredPrototypeProperty1" classname="com.google.javascript.jscomp.TypedScopeCreatorTest" time="0.001"/>
  <testcase name="testInferredPrototypeProperty2" classname="com.google.javascript.jscomp.TypedScopeCreatorTest" time="0.001"/>
  <testcase name="testTemplateType10" classname="com.google.javascript.jscomp.TypedScopeCreatorTest" time="0.001"/>
  <testcase name="testTemplateType11" classname="com.google.javascript.jscomp.TypedScopeCreatorTest" time="0.002"/>
  <testcase name="testTemplateType12" classname="com.google.javascript.jscomp.TypedScopeCreatorTest" time="0.001"/>
  <testcase name="testTemplateType2a" classname="com.google.javascript.jscomp.TypedScopeCreatorTest" time="0.002"/>
  <testcase name="testTemplateType2b" classname="com.google.javascript.jscomp.TypedScopeCreatorTest" time="0.001"/>
  <testcase name="testTemplateType4a" classname="com.google.javascript.jscomp.TypedScopeCreatorTest" time="0.002"/>
  <testcase name="testTemplateType4b" classname="com.google.javascript.jscomp.TypedScopeCreatorTest" time="0.001"/>
  <testcase name="testTemplateType7b" classname="com.google.javascript.jscomp.TypedScopeCreatorTest" time="0.003"/>
  <testcase name="testTemplateType7c" classname="com.google.javascript.jscomp.TypedScopeCreatorTest" time="0.002"/>
  <testcase name="testPropertyOnUnknownSuperClass1" classname="com.google.javascript.jscomp.TypedScopeCreatorTest" time="0.001"/>
  <testcase name="testPropertyOnUnknownSuperClass2" classname="com.google.javascript.jscomp.TypedScopeCreatorTest" time="0.001"/>
  <testcase name="testStubProperty" classname="com.google.javascript.jscomp.TypedScopeCreatorTest" time="0.001"/>
  <testcase name="testBadObjectLiteralCast1" classname="com.google.javascript.jscomp.TypedScopeCreatorTest" time="0.001"/>
  <testcase name="testBadObjectLiteralCast2" classname="com.google.javascript.jscomp.TypedScopeCreatorTest" time="0"/>
  <testcase name="testGlobalQualifiedNameInLocalScope" classname="com.google.javascript.jscomp.TypedScopeCreatorTest" time="0.002"/>
  <testcase name="testDeclaredVar" classname="com.google.javascript.jscomp.TypedScopeCreatorTest" time="0.001"/>
  <testcase name="testPropertyDeclarationOnRecordType" classname="com.google.javascript.jscomp.TypedScopeCreatorTest" time="0.001"/>
  <testcase name="testForLoopIntegration" classname="com.google.javascript.jscomp.TypedScopeCreatorTest" time="0.001"/>
  <testcase name="testTemplateType1" classname="com.google.javascript.jscomp.TypedScopeCreatorTest" time="0.002"/>
  <testcase name="testTemplateType2" classname="com.google.javascript.jscomp.TypedScopeCreatorTest" time="0.001"/>
  <testcase name="testTemplateType3" classname="com.google.javascript.jscomp.TypedScopeCreatorTest" time="0.002"/>
  <testcase name="testTemplateType4" classname="com.google.javascript.jscomp.TypedScopeCreatorTest" time="0.001"/>
  <testcase name="testTemplateType5" classname="com.google.javascript.jscomp.TypedScopeCreatorTest" time="0.002"/>
  <testcase name="testTemplateType6" classname="com.google.javascript.jscomp.TypedScopeCreatorTest" time="0.001"/>
  <testcase name="testTemplateType7" classname="com.google.javascript.jscomp.TypedScopeCreatorTest" time="0.002"/>
  <testcase name="testTemplateType9" classname="com.google.javascript.jscomp.TypedScopeCreatorTest" time="0.002"/>
  <testcase name="testDeclaredConstType5a" classname="com.google.javascript.jscomp.TypedScopeCreatorTest" time="0.001"/>
  <testcase name="testNamespacedFunctionStub" classname="com.google.javascript.jscomp.TypedScopeCreatorTest" time="0.001"/>
  <testcase name="testInferredProperty1a" classname="com.google.javascript.jscomp.TypedScopeCreatorTest" time="0.001"/>
  <testcase name="testInferredProperty2b" classname="com.google.javascript.jscomp.TypedScopeCreatorTest" time="0.001"/>
  <testcase name="testInferredProperty2c" classname="com.google.javascript.jscomp.TypedScopeCreatorTest" time="0.001"/>
  <testcase name="testBogusPrototypeInit" classname="com.google.javascript.jscomp.TypedScopeCreatorTest" time="0.002"/>
  <testcase name="testStubsInExterns2" classname="com.google.javascript.jscomp.TypedScopeCreatorTest" time="0.001"/>
  <testcase name="testStubsInExterns3" classname="com.google.javascript.jscomp.TypedScopeCreatorTest" time="0.001"/>
  <testcase name="testStubsInExterns4" classname="com.google.javascript.jscomp.TypedScopeCreatorTest" time="0.001"/>
  <testcase name="testLiteralTypesInferred" classname="com.google.javascript.jscomp.TypedScopeCreatorTest" time="0.001"/>
  <testcase name="testInferredProperty1" classname="com.google.javascript.jscomp.TypedScopeCreatorTest" time="0.001"/>
  <testcase name="testInferredProperty2" classname="com.google.javascript.jscomp.TypedScopeCreatorTest" time="0.001"/>
  <testcase name="testInferredProperty3" classname="com.google.javascript.jscomp.TypedScopeCreatorTest" time="0.001"/>
  <testcase name="testInferredProperty4" classname="com.google.javascript.jscomp.TypedScopeCreatorTest" time="0.002"/>
  <testcase name="testInferredProperty5" classname="com.google.javascript.jscomp.TypedScopeCreatorTest" time="0.001"/>
  <testcase name="testInferredProperty6" classname="com.google.javascript.jscomp.TypedScopeCreatorTest" time="0.001"/>
  <testcase name="testStubsInExterns" classname="com.google.javascript.jscomp.TypedScopeCreatorTest" time="0.002"/>
</testsuite>