<?xml version="1.0" encoding="UTF-8"?>
<testsuite xmlns:xsi="http://www.w3.org/2001/XMLSchema-instance" xsi:schemaLocation="https://maven.apache.org/surefire/maven-surefire-plugin/xsd/surefire-test-report.xsd" name="com.google.javascript.jscomp.FlowSensitiveInlineVariablesTest" time="0.384" tests="85" errors="0" skipped="0" failures="0">
  <properties>
    <property name="java.runtime.name" value="OpenJDK Runtime Environment"/>
    <property name="sun.boot.library.path" value="/usr/lib/jvm/java-8-openjdk-amd64/jre/lib/amd64"/>
    <property name="java.vm.version" value="25.151-b12"/>
    <property name="java.vm.vendor" value="Oracle Corporation"/>
    <property name="maven.multiModuleProjectDirectory" value="/home/wju/test-proj/closure-compiler"/>
    <property name="java.vendor.url" value="http://java.oracle.com/"/>
    <property name="path.separator" value=":"/>
    <property name="guice.disable.misplaced.annotation.check" value="true"/>
    <property name="java.vm.name" value="OpenJDK 64-Bit Server VM"/>
    <property name="file.encoding.pkg" value="sun.io"/>
    <property name="user.country" value="US"/>
    <property name="sun.java.launcher" value="SUN_STANDARD"/>
    <property name="sun.os.patch.level" value="unknown"/>
    <property name="java.vm.specification.name" value="Java Virtual Machine Specification"/>
    <property name="user.dir" value="/home/wju/test-proj/closure-compiler"/>
    <property name="java.runtime.version" value="1.8.0_151-8u151-b12-0ubuntu0.16.04.2-b12"/>
    <property name="java.awt.graphicsenv" value="sun.awt.X11GraphicsEnvironment"/>
    <property name="java.endorsed.dirs" value="/usr/lib/jvm/java-8-openjdk-amd64/jre/lib/endorsed"/>
    <property name="os.arch" value="amd64"/>
    <property name="java.io.tmpdir" value="/tmp"/>
    <property name="line.separator" value="&#10;"/>
    <property name="java.vm.specification.vendor" value="Oracle Corporation"/>
    <property name="os.name" value="Linux"/>
    <property name="net.sourceforge.cobertura.datafile" value="/home/wju/test-proj/closure-compiler/target/cobertura/cobertura.ser"/>
    <property name="classworlds.conf" value="/usr/share/maven/bin/m2.conf"/>
    <property name="sun.jnu.encoding" value="UTF-8"/>
    <property name="java.library.path" value="/usr/java/packages/lib/amd64:/usr/lib/x86_64-linux-gnu/jni:/lib/x86_64-linux-gnu:/usr/lib/x86_64-linux-gnu:/usr/lib/jni:/lib:/usr/lib"/>
    <property name="java.specification.name" value="Java Platform API Specification"/>
    <property name="java.class.version" value="52.0"/>
    <property name="sun.management.compiler" value="HotSpot 64-Bit Tiered Compilers"/>
    <property name="os.version" value="4.4.0-109-generic"/>
    <property name="user.home" value="/home/wju"/>
    <property name="user.timezone" value="America/Los_Angeles"/>
    <property name="java.awt.printerjob" value="sun.print.PSPrinterJob"/>
    <property name="java.specification.version" value="1.8"/>
    <property name="file.encoding" value="UTF-8"/>
    <property name="user.name" value="wju"/>
    <property name="java.class.path" value="/usr/share/maven/boot/plexus-classworlds-2.x.jar"/>
    <property name="java.vm.specification.version" value="1.8"/>
    <property name="sun.arch.data.model" value="64"/>
    <property name="java.home" value="/usr/lib/jvm/java-8-openjdk-amd64/jre"/>
    <property name="sun.java.command" value="org.codehaus.plexus.classworlds.launcher.Launcher cobertura:cobertura"/>
    <property name="java.specification.vendor" value="Oracle Corporation"/>
    <property name="user.language" value="en"/>
    <property name="awt.toolkit" value="sun.awt.X11.XToolkit"/>
    <property name="java.vm.info" value="mixed mode"/>
    <property name="java.version" value="1.8.0_151"/>
    <property name="java.ext.dirs" value="/usr/lib/jvm/java-8-openjdk-amd64/jre/lib/ext:/usr/java/packages/lib/ext"/>
    <property name="securerandom.source" value="file:/dev/./urandom"/>
    <property name="sun.boot.class.path" value="/usr/lib/jvm/java-8-openjdk-amd64/jre/lib/resources.jar:/usr/lib/jvm/java-8-openjdk-amd64/jre/lib/rt.jar:/usr/lib/jvm/java-8-openjdk-amd64/jre/lib/sunrsasign.jar:/usr/lib/jvm/java-8-openjdk-amd64/jre/lib/jsse.jar:/usr/lib/jvm/java-8-openjdk-amd64/jre/lib/jce.jar:/usr/lib/jvm/java-8-openjdk-amd64/jre/lib/charsets.jar:/usr/lib/jvm/java-8-openjdk-amd64/jre/lib/jfr.jar:/usr/lib/jvm/java-8-openjdk-amd64/jre/classes"/>
    <property name="java.vendor" value="Oracle Corporation"/>
    <property name="maven.home" value="/usr/share/maven"/>
    <property name="file.separator" value="/"/>
    <property name="java.vendor.url.bug" value="http://bugreport.sun.com/bugreport/"/>
    <property name="sun.cpu.endian" value="little"/>
    <property name="sun.io.unicode.encoding" value="UnicodeLittle"/>
    <property name="project.build.outputDirectory" value="/home/wju/test-proj/closure-compiler/target/generated-classes/cobertura"/>
    <property name="sun.cpu.isalist" value=""/>
  </properties>
  <testcase name="testSimpleForIn" classname="com.google.javascript.jscomp.FlowSensitiveInlineVariablesTest" time="0.014"/>
  <testcase name="testBlockScoping" classname="com.google.javascript.jscomp.FlowSensitiveInlineVariablesTest" time="0.013"/>
  <testcase name="testInvalidInlineArguments1" classname="com.google.javascript.jscomp.FlowSensitiveInlineVariablesTest" time="0.01"/>
  <testcase name="testInvalidInlineArguments2" classname="com.google.javascript.jscomp.FlowSensitiveInlineVariablesTest" time="0.003"/>
  <testcase name="testShadowedVariableInnerFunction" classname="com.google.javascript.jscomp.FlowSensitiveInlineVariablesTest" time="0.003"/>
  <testcase name="testNoInlineInMergedPath" classname="com.google.javascript.jscomp.FlowSensitiveInlineVariablesTest" time="0.004"/>
  <testcase name="testInlineInClassMemberFunctions" classname="com.google.javascript.jscomp.FlowSensitiveInlineVariablesTest" time="0.003"/>
  <testcase name="testInlineLet" classname="com.google.javascript.jscomp.FlowSensitiveInlineVariablesTest" time="0.008"/>
  <testcase name="testSimpleVar" classname="com.google.javascript.jscomp.FlowSensitiveInlineVariablesTest" time="0.01"/>
  <testcase name="testSpecific" classname="com.google.javascript.jscomp.FlowSensitiveInlineVariablesTest" time="0.003"/>
  <testcase name="testExported" classname="com.google.javascript.jscomp.FlowSensitiveInlineVariablesTest" time="0.002"/>
  <testcase name="testCatch" classname="com.google.javascript.jscomp.FlowSensitiveInlineVariablesTest" time="0.005"/>
  <testcase name="testForIn" classname="com.google.javascript.jscomp.FlowSensitiveInlineVariablesTest" time="0.009"/>
  <testcase name="testSwitchCase" classname="com.google.javascript.jscomp.FlowSensitiveInlineVariablesTest" time="0.003"/>
  <testcase name="testNoInlineRegExpLits" classname="com.google.javascript.jscomp.FlowSensitiveInlineVariablesTest" time="0.002"/>
  <testcase name="testInlineInGenerators" classname="com.google.javascript.jscomp.FlowSensitiveInlineVariablesTest" time="0.003"/>
  <testcase name="testNoInlineEscapedToInnerFunction" classname="com.google.javascript.jscomp.FlowSensitiveInlineVariablesTest" time="0.003"/>
  <testcase name="testNoInlineGetProp2" classname="com.google.javascript.jscomp.FlowSensitiveInlineVariablesTest" time="0.002"/>
  <testcase name="testNoInlineGetProp3" classname="com.google.javascript.jscomp.FlowSensitiveInlineVariablesTest" time="0.004"/>
  <testcase name="testInlineIfNameIsLeftSideOfAssign" classname="com.google.javascript.jscomp.FlowSensitiveInlineVariablesTest" time="0.019"/>
  <testcase name="testSimpleAssign" classname="com.google.javascript.jscomp.FlowSensitiveInlineVariablesTest" time="0.01"/>
  <testcase name="testMultiDefinitionsBeforeUse" classname="com.google.javascript.jscomp.FlowSensitiveInlineVariablesTest" time="0.002"/>
  <testcase name="testNoInlineConstructors" classname="com.google.javascript.jscomp.FlowSensitiveInlineVariablesTest" time="0.003"/>
  <testcase name="testNoInlineObjectLits" classname="com.google.javascript.jscomp.FlowSensitiveInlineVariablesTest" time="0.002"/>
  <testcase name="testInlineConstructorCallsIntoLoop" classname="com.google.javascript.jscomp.FlowSensitiveInlineVariablesTest" time="0.003"/>
  <testcase name="testNoInlineArrayLits" classname="com.google.javascript.jscomp.FlowSensitiveInlineVariablesTest" time="0.003"/>
  <testcase name="testMultiDefinitionsInSameCfgNode" classname="com.google.javascript.jscomp.FlowSensitiveInlineVariablesTest" time="0.013"/>
  <testcase name="testNoInlineGetProp" classname="com.google.javascript.jscomp.FlowSensitiveInlineVariablesTest" time="0.003"/>
  <testcase name="testDoNotInlineCatchExpression1a" classname="com.google.javascript.jscomp.FlowSensitiveInlineVariablesTest" time="0.003"/>
  <testcase name="testDoNotExitLoop" classname="com.google.javascript.jscomp.FlowSensitiveInlineVariablesTest" time="0.003"/>
  <testcase name="testDoNotInlineCatchExpression1" classname="com.google.javascript.jscomp.FlowSensitiveInlineVariablesTest" time="0.003"/>
  <testcase name="testDoNotInlineCatchExpression2" classname="com.google.javascript.jscomp.FlowSensitiveInlineVariablesTest" time="0.003"/>
  <testcase name="testDoNotInlineCatchExpression3" classname="com.google.javascript.jscomp.FlowSensitiveInlineVariablesTest" time="0.003"/>
  <testcase name="testDoNotInlineCatchExpression4" classname="com.google.javascript.jscomp.FlowSensitiveInlineVariablesTest" time="0.003"/>
  <testcase name="testAssignmentBeforeDefinition" classname="com.google.javascript.jscomp.FlowSensitiveInlineVariablesTest" time="0.002"/>
  <testcase name="testInlineExpression7" classname="com.google.javascript.jscomp.FlowSensitiveInlineVariablesTest" time="0.005"/>
  <testcase name="testInlineExpression8" classname="com.google.javascript.jscomp.FlowSensitiveInlineVariablesTest" time="0.004"/>
  <testcase name="testInlineExpression9" classname="com.google.javascript.jscomp.FlowSensitiveInlineVariablesTest" time="0.003"/>
  <testcase name="testDestructuring" classname="com.google.javascript.jscomp.FlowSensitiveInlineVariablesTest" time="0.002"/>
  <testcase name="testInlineArguments" classname="com.google.javascript.jscomp.FlowSensitiveInlineVariablesTest" time="0.009"/>
  <testcase name="testInlineSameVariableInStraightLine" classname="com.google.javascript.jscomp.FlowSensitiveInlineVariablesTest" time="0.002"/>
  <testcase name="testInlineStringConcat" classname="com.google.javascript.jscomp.FlowSensitiveInlineVariablesTest" time="0.003"/>
  <testcase name="testInlineInDifferentPaths" classname="com.google.javascript.jscomp.FlowSensitiveInlineVariablesTest" time="0.003"/>
  <testcase name="testVarAssinInsideHookIssue965" classname="com.google.javascript.jscomp.FlowSensitiveInlineVariablesTest" time="0.01"/>
  <testcase name="testDoNotInlineWithinLoop" classname="com.google.javascript.jscomp.FlowSensitiveInlineVariablesTest" time="0.003"/>
  <testcase name="testInlineAcrossSideEffect1" classname="com.google.javascript.jscomp.FlowSensitiveInlineVariablesTest" time="0.003"/>
  <testcase name="testInlineAcrossSideEffect2" classname="com.google.javascript.jscomp.FlowSensitiveInlineVariablesTest" time="0.008"/>
  <testcase name="testInlineAcrossSideEffect3" classname="com.google.javascript.jscomp.FlowSensitiveInlineVariablesTest" time="0.008"/>
  <testcase name="testInlineAcrossSideEffect4" classname="com.google.javascript.jscomp.FlowSensitiveInlineVariablesTest" time="0.008"/>
  <testcase name="testNotOkToSkipCheckPathBetweenNodes" classname="com.google.javascript.jscomp.FlowSensitiveInlineVariablesTest" time="0.005"/>
  <testcase name="testDependOnOuterScopeVariables" classname="com.google.javascript.jscomp.FlowSensitiveInlineVariablesTest" time="0.008"/>
  <testcase name="testInlineExpressions11" classname="com.google.javascript.jscomp.FlowSensitiveInlineVariablesTest" time="0.006"/>
  <testcase name="testInlineExpressions12" classname="com.google.javascript.jscomp.FlowSensitiveInlineVariablesTest" time="0.002"/>
  <testcase name="testInlineExpressions13" classname="com.google.javascript.jscomp.FlowSensitiveInlineVariablesTest" time="0.004"/>
  <testcase name="testNoInlineIfDefinitionMayNotReach" classname="com.google.javascript.jscomp.FlowSensitiveInlineVariablesTest" time="0.002"/>
  <testcase name="testMultiUseInTwoDifferentPath" classname="com.google.javascript.jscomp.FlowSensitiveInlineVariablesTest" time="0.003"/>
  <testcase name="testIssue794a" classname="com.google.javascript.jscomp.FlowSensitiveInlineVariablesTest" time="0.003"/>
  <testcase name="testIssue794b" classname="com.google.javascript.jscomp.FlowSensitiveInlineVariablesTest" time="0.004"/>
  <testcase name="testTemplateStrings" classname="com.google.javascript.jscomp.FlowSensitiveInlineVariablesTest" time="0.007"/>
  <testcase name="testNoInlineGetEle" classname="com.google.javascript.jscomp.FlowSensitiveInlineVariablesTest" time="0.002"/>
  <testcase name="testCanInlineAcrossNoSideEffect" classname="com.google.javascript.jscomp.FlowSensitiveInlineVariablesTest" time="0.003"/>
  <testcase name="testNotReachingDefinitions" classname="com.google.javascript.jscomp.FlowSensitiveInlineVariablesTest" time="0.003"/>
  <testcase name="testNoInlineLValue" classname="com.google.javascript.jscomp.FlowSensitiveInlineVariablesTest" time="0.002"/>
  <testcase name="testDefinitionAfterUse" classname="com.google.javascript.jscomp.FlowSensitiveInlineVariablesTest" time="0.002"/>
  <testcase name="testTransitiveDependencies1" classname="com.google.javascript.jscomp.FlowSensitiveInlineVariablesTest" time="0.003"/>
  <testcase name="testTransitiveDependencies2" classname="com.google.javascript.jscomp.FlowSensitiveInlineVariablesTest" time="0.002"/>
  <testcase name="testNoInlineForOf" classname="com.google.javascript.jscomp.FlowSensitiveInlineVariablesTest" time="0.005"/>
  <testcase name="testInlineIntoExpressions" classname="com.google.javascript.jscomp.FlowSensitiveInlineVariablesTest" time="0.002"/>
  <testcase name="testMultiUse" classname="com.google.javascript.jscomp.FlowSensitiveInlineVariablesTest" time="0.003"/>
  <testcase name="testIssue698" classname="com.google.javascript.jscomp.FlowSensitiveInlineVariablesTest" time="0.003"/>
  <testcase name="testIssue777" classname="com.google.javascript.jscomp.FlowSensitiveInlineVariablesTest" time="0.004"/>
  <testcase name="testDoNotInlineIncrement" classname="com.google.javascript.jscomp.FlowSensitiveInlineVariablesTest" time="0.005"/>
  <testcase name="testInlineExpression10" classname="com.google.javascript.jscomp.FlowSensitiveInlineVariablesTest" time="0.002"/>
  <testcase name="testInlineExpressions1" classname="com.google.javascript.jscomp.FlowSensitiveInlineVariablesTest" time="0.003"/>
  <testcase name="testInlineExpressions2" classname="com.google.javascript.jscomp.FlowSensitiveInlineVariablesTest" time="0.003"/>
  <testcase name="testInlineExpressions3" classname="com.google.javascript.jscomp.FlowSensitiveInlineVariablesTest" time="0.002"/>
  <testcase name="testInlineExpressions4" classname="com.google.javascript.jscomp.FlowSensitiveInlineVariablesTest" time="0.003"/>
  <testcase name="testInlineExpressions5" classname="com.google.javascript.jscomp.FlowSensitiveInlineVariablesTest" time="0.002"/>
  <testcase name="testInlineExpressions6" classname="com.google.javascript.jscomp.FlowSensitiveInlineVariablesTest" time="0.003"/>
  <testcase name="testMultiUseInSameCfgNode" classname="com.google.javascript.jscomp.FlowSensitiveInlineVariablesTest" time="0.003"/>
  <testcase name="testVarInConditionPath" classname="com.google.javascript.jscomp.FlowSensitiveInlineVariablesTest" time="0.002"/>
  <testcase name="testInlineInArrowFunctions" classname="com.google.javascript.jscomp.FlowSensitiveInlineVariablesTest" time="0.004"/>
  <testcase name="testNoInlineLoopCarriedDefinition" classname="com.google.javascript.jscomp.FlowSensitiveInlineVariablesTest" time="0.005"/>
  <testcase name="testRemoveWithLabels" classname="com.google.javascript.jscomp.FlowSensitiveInlineVariablesTest" time="0.008"/>
  <testcase name="testInlineConst" classname="com.google.javascript.jscomp.FlowSensitiveInlineVariablesTest" time="0.006"/>
</testsuite>