<?xml version="1.0" encoding="UTF-8"?>
<testsuite xmlns:xsi="http://www.w3.org/2001/XMLSchema-instance" xsi:schemaLocation="https://maven.apache.org/surefire/maven-surefire-plugin/xsd/surefire-test-report.xsd" name="com.google.javascript.jscomp.TypeCheckTest" time="10.254" tests="1557" errors="0" skipped="0" failures="0">
  <properties>
    <property name="java.runtime.name" value="OpenJDK Runtime Environment"/>
    <property name="sun.boot.library.path" value="/usr/lib/jvm/java-8-openjdk-amd64/jre/lib/amd64"/>
    <property name="java.vm.version" value="25.151-b12"/>
    <property name="java.vm.vendor" value="Oracle Corporation"/>
    <property name="maven.multiModuleProjectDirectory" value="/home/wju/test-proj/closure-compiler"/>
    <property name="java.vendor.url" value="http://java.oracle.com/"/>
    <property name="path.separator" value=":"/>
    <property name="guice.disable.misplaced.annotation.check" value="true"/>
    <property name="java.vm.name" value="OpenJDK 64-Bit Server VM"/>
    <property name="file.encoding.pkg" value="sun.io"/>
    <property name="user.country" value="US"/>
    <property name="sun.java.launcher" value="SUN_STANDARD"/>
    <property name="sun.os.patch.level" value="unknown"/>
    <property name="java.vm.specification.name" value="Java Virtual Machine Specification"/>
    <property name="user.dir" value="/home/wju/test-proj/closure-compiler"/>
    <property name="java.runtime.version" value="1.8.0_151-8u151-b12-0ubuntu0.16.04.2-b12"/>
    <property name="java.awt.graphicsenv" value="sun.awt.X11GraphicsEnvironment"/>
    <property name="java.endorsed.dirs" value="/usr/lib/jvm/java-8-openjdk-amd64/jre/lib/endorsed"/>
    <property name="os.arch" value="amd64"/>
    <property name="java.io.tmpdir" value="/tmp"/>
    <property name="line.separator" value="&#10;"/>
    <property name="java.vm.specification.vendor" value="Oracle Corporation"/>
    <property name="os.name" value="Linux"/>
    <property name="net.sourceforge.cobertura.datafile" value="/home/wju/test-proj/closure-compiler/target/cobertura/cobertura.ser"/>
    <property name="classworlds.conf" value="/usr/share/maven/bin/m2.conf"/>
    <property name="sun.jnu.encoding" value="UTF-8"/>
    <property name="java.library.path" value="/usr/java/packages/lib/amd64:/usr/lib/x86_64-linux-gnu/jni:/lib/x86_64-linux-gnu:/usr/lib/x86_64-linux-gnu:/usr/lib/jni:/lib:/usr/lib"/>
    <property name="java.specification.name" value="Java Platform API Specification"/>
    <property name="java.class.version" value="52.0"/>
    <property name="sun.management.compiler" value="HotSpot 64-Bit Tiered Compilers"/>
    <property name="os.version" value="4.4.0-109-generic"/>
    <property name="user.home" value="/home/wju"/>
    <property name="user.timezone" value="America/Los_Angeles"/>
    <property name="java.awt.printerjob" value="sun.print.PSPrinterJob"/>
    <property name="java.specification.version" value="1.8"/>
    <property name="file.encoding" value="UTF-8"/>
    <property name="user.name" value="wju"/>
    <property name="java.class.path" value="/usr/share/maven/boot/plexus-classworlds-2.x.jar"/>
    <property name="java.vm.specification.version" value="1.8"/>
    <property name="sun.arch.data.model" value="64"/>
    <property name="java.home" value="/usr/lib/jvm/java-8-openjdk-amd64/jre"/>
    <property name="sun.java.command" value="org.codehaus.plexus.classworlds.launcher.Launcher cobertura:cobertura"/>
    <property name="java.specification.vendor" value="Oracle Corporation"/>
    <property name="user.language" value="en"/>
    <property name="awt.toolkit" value="sun.awt.X11.XToolkit"/>
    <property name="java.vm.info" value="mixed mode"/>
    <property name="java.version" value="1.8.0_151"/>
    <property name="java.ext.dirs" value="/usr/lib/jvm/java-8-openjdk-amd64/jre/lib/ext:/usr/java/packages/lib/ext"/>
    <property name="securerandom.source" value="file:/dev/./urandom"/>
    <property name="sun.boot.class.path" value="/usr/lib/jvm/java-8-openjdk-amd64/jre/lib/resources.jar:/usr/lib/jvm/java-8-openjdk-amd64/jre/lib/rt.jar:/usr/lib/jvm/java-8-openjdk-amd64/jre/lib/sunrsasign.jar:/usr/lib/jvm/java-8-openjdk-amd64/jre/lib/jsse.jar:/usr/lib/jvm/java-8-openjdk-amd64/jre/lib/jce.jar:/usr/lib/jvm/java-8-openjdk-amd64/jre/lib/charsets.jar:/usr/lib/jvm/java-8-openjdk-amd64/jre/lib/jfr.jar:/usr/lib/jvm/java-8-openjdk-amd64/jre/classes"/>
    <property name="java.vendor" value="Oracle Corporation"/>
    <property name="maven.home" value="/usr/share/maven"/>
    <property name="file.separator" value="/"/>
    <property name="java.vendor.url.bug" value="http://bugreport.sun.com/bugreport/"/>
    <property name="sun.cpu.endian" value="little"/>
    <property name="sun.io.unicode.encoding" value="UnicodeLittle"/>
    <property name="project.build.outputDirectory" value="/home/wju/test-proj/closure-compiler/target/generated-classes/cobertura"/>
    <property name="sun.cpu.isalist" value=""/>
  </properties>
  <testcase name="testOptionalNullableArgFunctionParam" classname="com.google.javascript.jscomp.TypeCheckTest" time="0.008"/>
  <testcase name="testAbstractMethodHandling1" classname="com.google.javascript.jscomp.TypeCheckTest" time="0.007"/>
  <testcase name="testAbstractMethodHandling2" classname="com.google.javascript.jscomp.TypeCheckTest" time="0.008"/>
  <testcase name="testAbstractMethodHandling3" classname="com.google.javascript.jscomp.TypeCheckTest" time="0.007"/>
  <testcase name="testAbstractMethodHandling4" classname="com.google.javascript.jscomp.TypeCheckTest" time="0.007"/>
  <testcase name="testAbstractMethodHandling5" classname="com.google.javascript.jscomp.TypeCheckTest" time="0.008"/>
  <testcase name="testAbstractMethodHandling6" classname="com.google.javascript.jscomp.TypeCheckTest" time="0.007"/>
  <testcase name="testAddMethodsPrototypeTwoWays" classname="com.google.javascript.jscomp.TypeCheckTest" time="0.007"/>
  <testcase name="testInterfacePropertyOverride1" classname="com.google.javascript.jscomp.TypeCheckTest" time="0.007"/>
  <testcase name="testInterfacePropertyOverride2" classname="com.google.javascript.jscomp.TypeCheckTest" time="0.008"/>
  <testcase name="testAssignToUntypedProperty" classname="com.google.javascript.jscomp.TypeCheckTest" time="0.007"/>
  <testcase name="testDuplicateStaticPropertyDec20" classname="com.google.javascript.jscomp.TypeCheckTest" time="0.007"/>
  <testcase name="testDuplicateStaticPropertyDecl1" classname="com.google.javascript.jscomp.TypeCheckTest" time="0.008"/>
  <testcase name="testDuplicateStaticPropertyDecl2" classname="com.google.javascript.jscomp.TypeCheckTest" time="0.007"/>
  <testcase name="testDuplicateStaticPropertyDecl3" classname="com.google.javascript.jscomp.TypeCheckTest" time="0.007"/>
  <testcase name="testDuplicateStaticPropertyDecl4" classname="com.google.javascript.jscomp.TypeCheckTest" time="0.002"/>
  <testcase name="testDuplicateStaticPropertyDecl5" classname="com.google.javascript.jscomp.TypeCheckTest" time="0.002"/>
  <testcase name="testDuplicateStaticPropertyDecl6" classname="com.google.javascript.jscomp.TypeCheckTest" time="0.007"/>
  <testcase name="testDuplicateStaticPropertyDecl7" classname="com.google.javascript.jscomp.TypeCheckTest" time="0.007"/>
  <testcase name="testDuplicateStaticPropertyDecl8" classname="com.google.javascript.jscomp.TypeCheckTest" time="0.008"/>
  <testcase name="testDuplicateStaticPropertyDecl9" classname="com.google.javascript.jscomp.TypeCheckTest" time="0.007"/>
  <testcase name="testConstructorClassTemplate" classname="com.google.javascript.jscomp.TypeCheckTest" time="0.007"/>
  <testcase name="testTemplateTypeRecursion1" classname="com.google.javascript.jscomp.TypeCheckTest" time="0.008"/>
  <testcase name="testTemplateTypeRecursion2" classname="com.google.javascript.jscomp.TypeCheckTest" time="0.007"/>
  <testcase name="testTemplateTypeRecursion3" classname="com.google.javascript.jscomp.TypeCheckTest" time="0.007"/>
  <testcase name="testBadStruct" classname="com.google.javascript.jscomp.TypeCheckTest" time="0.009"/>
  <testcase name="testDoubleNestedInterface" classname="com.google.javascript.jscomp.TypeCheckTest" time="0.007"/>
  <testcase name="testNotIIFE1" classname="com.google.javascript.jscomp.TypeCheckTest" time="0.006"/>
  <testcase name="testSheqRefinedScope" classname="com.google.javascript.jscomp.TypeCheckTest" time="0.007"/>
  <testcase name="testDeleteOperator1" classname="com.google.javascript.jscomp.TypeCheckTest" time="0.006"/>
  <testcase name="testDeleteOperator2" classname="com.google.javascript.jscomp.TypeCheckTest" time="0.007"/>
  <testcase name="testUnknownTypeDisabledByDefault" classname="com.google.javascript.jscomp.TypeCheckTest" time="0.006"/>
  <testcase name="testExtendBuiltInType1" classname="com.google.javascript.jscomp.TypeCheckTest" time="0.006"/>
  <testcase name="testExtendBuiltInType2" classname="com.google.javascript.jscomp.TypeCheckTest" time="0.006"/>
  <testcase name="testNoForwardTypeDeclarationAndNoBraces" classname="com.google.javascript.jscomp.TypeCheckTest" time="0.006"/>
  <testcase name="testUnknownsDontOverrideDeclaredTypesInLocalScope1" classname="com.google.javascript.jscomp.TypeCheckTest" time="0.006"/>
  <testcase name="testUnknownsDontOverrideDeclaredTypesInLocalScope2" classname="com.google.javascript.jscomp.TypeCheckTest" time="0.007"/>
  <testcase name="testCheckObjectKeysForEnumUsingClassWithToString" classname="com.google.javascript.jscomp.TypeCheckTest" time="0.006"/>
  <testcase name="testEs5ClassExtendingEs6Class_noWarning" classname="com.google.javascript.jscomp.TypeCheckTest" time="0.007"/>
  <testcase name="testInheritanceCheck10_1" classname="com.google.javascript.jscomp.TypeCheckTest" time="0.006"/>
  <testcase name="testInheritanceCheck10_2" classname="com.google.javascript.jscomp.TypeCheckTest" time="0.007"/>
  <testcase name="testInheritanceCheck10_3" classname="com.google.javascript.jscomp.TypeCheckTest" time="0.006"/>
  <testcase name="testCheckObjectKeysBadKey1" classname="com.google.javascript.jscomp.TypeCheckTest" time="0.006"/>
  <testcase name="testCheckObjectKeysBadKey2" classname="com.google.javascript.jscomp.TypeCheckTest" time="0.006"/>
  <testcase name="testCheckObjectKeysBadKey3" classname="com.google.javascript.jscomp.TypeCheckTest" time="0.007"/>
  <testcase name="testCheckObjectKeysBadKey4" classname="com.google.javascript.jscomp.TypeCheckTest" time="0.006"/>
  <testcase name="testCheckObjectKeysBadKey5" classname="com.google.javascript.jscomp.TypeCheckTest" time="0.006"/>
  <testcase name="testCheckObjectKeysBadKey6" classname="com.google.javascript.jscomp.TypeCheckTest" time="0.006"/>
  <testcase name="testCheckObjectKeysBadKey7" classname="com.google.javascript.jscomp.TypeCheckTest" time="0.006"/>
  <testcase name="testCheckObjectKeysBadKey8" classname="com.google.javascript.jscomp.TypeCheckTest" time="0.006"/>
  <testcase name="testCheckObjectKeysBadKey9" classname="com.google.javascript.jscomp.TypeCheckTest" time="0.006"/>
  <testcase name="testOptionalNullableArgFunctionParam2" classname="com.google.javascript.jscomp.TypeCheckTest" time="0.006"/>
  <testcase name="testOptionalNullableArgFunctionParam3" classname="com.google.javascript.jscomp.TypeCheckTest" time="0.007"/>
  <testcase name="testTemplatizedObject1" classname="com.google.javascript.jscomp.TypeCheckTest" time="0.006"/>
  <testcase name="testTemplatizedObject2" classname="com.google.javascript.jscomp.TypeCheckTest" time="0.007"/>
  <testcase name="testTemplatizedObject3" classname="com.google.javascript.jscomp.TypeCheckTest" time="0.007"/>
  <testcase name="testTemplatizedObject4" classname="com.google.javascript.jscomp.TypeCheckTest" time="0.006"/>
  <testcase name="testTemplatizedObject5" classname="com.google.javascript.jscomp.TypeCheckTest" time="0.006"/>
  <testcase name="testAliasedEnum1" classname="com.google.javascript.jscomp.TypeCheckTest" time="0.007"/>
  <testcase name="testAliasedEnum2" classname="com.google.javascript.jscomp.TypeCheckTest" time="0.006"/>
  <testcase name="testAliasedEnum3" classname="com.google.javascript.jscomp.TypeCheckTest" time="0.007"/>
  <testcase name="testAliasedEnum4" classname="com.google.javascript.jscomp.TypeCheckTest" time="0.006"/>
  <testcase name="testAliasedEnum5" classname="com.google.javascript.jscomp.TypeCheckTest" time="0.006"/>
  <testcase name="testNestedFunctionInference1" classname="com.google.javascript.jscomp.TypeCheckTest" time="0.007"/>
  <testcase name="testOptionalArgFunctionParam2" classname="com.google.javascript.jscomp.TypeCheckTest" time="0.005"/>
  <testcase name="testOptionalArgFunctionParam3" classname="com.google.javascript.jscomp.TypeCheckTest" time="0.006"/>
  <testcase name="testOptionalArgFunctionParam4" classname="com.google.javascript.jscomp.TypeCheckTest" time="0.005"/>
  <testcase name="testAbstractMethodInConcreteClass" classname="com.google.javascript.jscomp.TypeCheckTest" time="0.005"/>
  <testcase name="testStructuralInterfaceMatching11_1" classname="com.google.javascript.jscomp.TypeCheckTest" time="0.007"/>
  <testcase name="testStructuralInterfaceMatching13_2" classname="com.google.javascript.jscomp.TypeCheckTest" time="0.006"/>
  <testcase name="testStructuralInterfaceMatching13_3" classname="com.google.javascript.jscomp.TypeCheckTest" time="0.006"/>
  <testcase name="testStructuralInterfaceMatching16_1" classname="com.google.javascript.jscomp.TypeCheckTest" time="0.006"/>
  <testcase name="testStructuralInterfaceMatching17_1" classname="com.google.javascript.jscomp.TypeCheckTest" time="0.006"/>
  <testcase name="testStructuralInterfaceMatching18_1" classname="com.google.javascript.jscomp.TypeCheckTest" time="0.006"/>
  <testcase name="testStructuralInterfaceMatching22_1" classname="com.google.javascript.jscomp.TypeCheckTest" time="0.022"/>
  <testcase name="testStructuralInterfaceMatching22_2" classname="com.google.javascript.jscomp.TypeCheckTest" time="0.006"/>
  <testcase name="testStructuralInterfaceMatching24_1" classname="com.google.javascript.jscomp.TypeCheckTest" time="0.006"/>
  <testcase name="testStructuralInterfaceMatching26_1" classname="com.google.javascript.jscomp.TypeCheckTest" time="0.006"/>
  <testcase name="testStructuralInterfaceMatching29_1" classname="com.google.javascript.jscomp.TypeCheckTest" time="0.006"/>
  <testcase name="testStructuralInterfaceMatching30_3" classname="com.google.javascript.jscomp.TypeCheckTest" time="0.006"/>
  <testcase name="testStructuralInterfaceMatching31_1" classname="com.google.javascript.jscomp.TypeCheckTest" time="0.006"/>
  <testcase name="testStructuralInterfaceMatching32_2" classname="com.google.javascript.jscomp.TypeCheckTest" time="0.007"/>
  <testcase name="testStructuralInterfaceMatching33_3" classname="com.google.javascript.jscomp.TypeCheckTest" time="0.007"/>
  <testcase name="testStructuralInterfaceMatching36_2" classname="com.google.javascript.jscomp.TypeCheckTest" time="0.006"/>
  <testcase name="testStructuralInterfaceMatching36_3" classname="com.google.javascript.jscomp.TypeCheckTest" time="0.007"/>
  <testcase name="testStructuralInterfaceMatching40_1" classname="com.google.javascript.jscomp.TypeCheckTest" time="0.005"/>
  <testcase name="testStructuralInterfaceMatching41_1" classname="com.google.javascript.jscomp.TypeCheckTest" time="0.006"/>
  <testcase name="testStructuralInterfaceMatching49_2" classname="com.google.javascript.jscomp.TypeCheckTest" time="0.005"/>
  <testcase name="testForwardPropertyReference" classname="com.google.javascript.jscomp.TypeCheckTest" time="0.006"/>
  <testcase name="testBooleanReduction1" classname="com.google.javascript.jscomp.TypeCheckTest" time="0.005"/>
  <testcase name="testBooleanReduction2" classname="com.google.javascript.jscomp.TypeCheckTest" time="0.006"/>
  <testcase name="testBooleanReduction3" classname="com.google.javascript.jscomp.TypeCheckTest" time="0.006"/>
  <testcase name="testBooleanReduction4" classname="com.google.javascript.jscomp.TypeCheckTest" time="0.006"/>
  <testcase name="testBooleanReduction5" classname="com.google.javascript.jscomp.TypeCheckTest" time="0.006"/>
  <testcase name="testBooleanReduction6" classname="com.google.javascript.jscomp.TypeCheckTest" time="0.006"/>
  <testcase name="testBooleanReduction7" classname="com.google.javascript.jscomp.TypeCheckTest" time="0.006"/>
  <testcase name="testOptionalArgFunctionReturn" classname="com.google.javascript.jscomp.TypeCheckTest" time="0.006"/>
  <testcase name="testNonexistentPropertyAccessStructRecordSubtype" classname="com.google.javascript.jscomp.TypeCheckTest" time="0.006"/>
  <testcase name="testBug2335992" classname="com.google.javascript.jscomp.TypeCheckTest" time="0.006"/>
  <testcase name="testBug2341812" classname="com.google.javascript.jscomp.TypeCheckTest" time="0.006"/>
  <testcase name="testGetpropDict1" classname="com.google.javascript.jscomp.TypeCheckTest" time="0.006"/>
  <testcase name="testGetpropDict2" classname="com.google.javascript.jscomp.TypeCheckTest" time="0.007"/>
  <testcase name="testGetpropDict3" classname="com.google.javascript.jscomp.TypeCheckTest" time="0.007"/>
  <testcase name="testGetpropDict4" classname="com.google.javascript.jscomp.TypeCheckTest" time="0.007"/>
  <testcase name="testGetpropDict5" classname="com.google.javascript.jscomp.TypeCheckTest" time="0.006"/>
  <testcase name="testGetpropDict6" classname="com.google.javascript.jscomp.TypeCheckTest" time="0.005"/>
  <testcase name="testGetpropDict7" classname="com.google.javascript.jscomp.TypeCheckTest" time="0.006"/>
  <testcase name="testFunctionMasksVariableBug" classname="com.google.javascript.jscomp.TypeCheckTest" time="0.006"/>
  <testcase name="testPrototypeLoop" classname="com.google.javascript.jscomp.TypeCheckTest" time="0.002"/>
  <testcase name="testAddingMethodsUsingPrototypeIdiomComplexNamespace1" classname="com.google.javascript.jscomp.TypeCheckTest" time="0.006"/>
  <testcase name="testAddingMethodsUsingPrototypeIdiomComplexNamespace2" classname="com.google.javascript.jscomp.TypeCheckTest" time="0.006"/>
  <testcase name="testBadInterfaceExtendsNonExistentInterfaces" classname="com.google.javascript.jscomp.TypeCheckTest" time="0"/>
  <testcase name="testCovarianceForRecordType26AndAHalf" classname="com.google.javascript.jscomp.TypeCheckTest" time="0.006"/>
  <testcase name="testStructuralInterfaceMatching13" classname="com.google.javascript.jscomp.TypeCheckTest" time="0.006"/>
  <testcase name="testStructuralInterfaceMatching15" classname="com.google.javascript.jscomp.TypeCheckTest" time="0.006"/>
  <testcase name="testStructuralInterfaceMatching19" classname="com.google.javascript.jscomp.TypeCheckTest" time="0.006"/>
  <testcase name="testStructuralInterfaceMatching20" classname="com.google.javascript.jscomp.TypeCheckTest" time="0.007"/>
  <testcase name="testStructuralInterfaceMatching21" classname="com.google.javascript.jscomp.TypeCheckTest" time="0.007"/>
  <testcase name="testStructuralInterfaceMatching23" classname="com.google.javascript.jscomp.TypeCheckTest" time="0.006"/>
  <testcase name="testStructuralInterfaceMatching37" classname="com.google.javascript.jscomp.TypeCheckTest" time="0.007"/>
  <testcase name="testStructuralInterfaceMatching39" classname="com.google.javascript.jscomp.TypeCheckTest" time="0.007"/>
  <testcase name="testStructuralInterfaceMatching40" classname="com.google.javascript.jscomp.TypeCheckTest" time="0.006"/>
  <testcase name="testStructuralInterfaceMatching41" classname="com.google.javascript.jscomp.TypeCheckTest" time="0.006"/>
  <testcase name="testStructuralInterfaceMatching42" classname="com.google.javascript.jscomp.TypeCheckTest" time="0.006"/>
  <testcase name="testStructuralInterfaceMatching43" classname="com.google.javascript.jscomp.TypeCheckTest" time="0.006"/>
  <testcase name="testStructuralInterfaceMatching44" classname="com.google.javascript.jscomp.TypeCheckTest" time="0.006"/>
  <testcase name="testStructuralInterfaceMatching45" classname="com.google.javascript.jscomp.TypeCheckTest" time="0.006"/>
  <testcase name="testStructuralInterfaceMatching46" classname="com.google.javascript.jscomp.TypeCheckTest" time="0.006"/>
  <testcase name="testStructuralInterfaceMatching47" classname="com.google.javascript.jscomp.TypeCheckTest" time="0.005"/>
  <testcase name="testStructuralInterfaceMatching48" classname="com.google.javascript.jscomp.TypeCheckTest" time="0.006"/>
  <testcase name="testStructuralInterfaceMatching49" classname="com.google.javascript.jscomp.TypeCheckTest" time="0.005"/>
  <testcase name="testStructuralInterfaceMatching50" classname="com.google.javascript.jscomp.TypeCheckTest" time="0.006"/>
  <testcase name="testStaticDataPropertyOnNestedInterface" classname="com.google.javascript.jscomp.TypeCheckTest" time="0.006"/>
  <testcase name="testInitialTypingScope" classname="com.google.javascript.jscomp.TypeCheckTest" time="0.001"/>
  <testcase name="testTypeInferenceWithNoEntry1" classname="com.google.javascript.jscomp.TypeCheckTest" time="0.007"/>
  <testcase name="testTypeInferenceWithNoEntry2" classname="com.google.javascript.jscomp.TypeCheckTest" time="0.002"/>
  <testcase name="testTemplateTypeForwardReference" classname="com.google.javascript.jscomp.TypeCheckTest" time="0.005"/>
  <testcase name="testRestParametersWithGenericsNoWarning" classname="com.google.javascript.jscomp.TypeCheckTest" time="0.007"/>
  <testcase name="testBooleanNodeFalse" classname="com.google.javascript.jscomp.TypeCheckTest" time="0"/>
  <testcase name="testMultipleExtendsInterfaceParamPass" classname="com.google.javascript.jscomp.TypeCheckTest" time="0.006"/>
  <testcase name="testBackwardsTypedefUse2" classname="com.google.javascript.jscomp.TypeCheckTest" time="0.005"/>
  <testcase name="testBackwardsTypedefUse4" classname="com.google.javascript.jscomp.TypeCheckTest" time="0.005"/>
  <testcase name="testBackwardsTypedefUse6" classname="com.google.javascript.jscomp.TypeCheckTest" time="0.005"/>
  <testcase name="testBackwardsTypedefUse7" classname="com.google.javascript.jscomp.TypeCheckTest" time="0.006"/>
  <testcase name="testBackwardsTypedefUse8" classname="com.google.javascript.jscomp.TypeCheckTest" time="0.005"/>
  <testcase name="testBackwardsTypedefUse9" classname="com.google.javascript.jscomp.TypeCheckTest" time="0.005"/>
  <testcase name="testDeclaredNativeTypeEquality" classname="com.google.javascript.jscomp.TypeCheckTest" time="0.005"/>
  <testcase name="testNonexistentPropertyAccessStructSubtype2" classname="com.google.javascript.jscomp.TypeCheckTest" time="0.006"/>
  <testcase name="testFunctionLiteralDefinedThisArgument" classname="com.google.javascript.jscomp.TypeCheckTest" time="0.005"/>
  <testcase name="testPropAccess2" classname="com.google.javascript.jscomp.TypeCheckTest" time="0.005"/>
  <testcase name="testPropAccess3" classname="com.google.javascript.jscomp.TypeCheckTest" time="0.006"/>
  <testcase name="testPropAccess4" classname="com.google.javascript.jscomp.TypeCheckTest" time="0.006"/>
  <testcase name="testBackwardsEnumUse1" classname="com.google.javascript.jscomp.TypeCheckTest" time="0.005"/>
  <testcase name="testBackwardsEnumUse2" classname="com.google.javascript.jscomp.TypeCheckTest" time="0.006"/>
  <testcase name="testBackwardsEnumUse3" classname="com.google.javascript.jscomp.TypeCheckTest" time="0.005"/>
  <testcase name="testBackwardsEnumUse4" classname="com.google.javascript.jscomp.TypeCheckTest" time="0.005"/>
  <testcase name="testBackwardsEnumUse5" classname="com.google.javascript.jscomp.TypeCheckTest" time="0.005"/>
  <testcase name="testGetprop1" classname="com.google.javascript.jscomp.TypeCheckTest" time="0.005"/>
  <testcase name="testGetprop2" classname="com.google.javascript.jscomp.TypeCheckTest" time="0.006"/>
  <testcase name="testGetprop3" classname="com.google.javascript.jscomp.TypeCheckTest" time="0.005"/>
  <testcase name="testGetprop4" classname="com.google.javascript.jscomp.TypeCheckTest" time="0.005"/>
  <testcase name="testAbstractMethodNotImplemented1" classname="com.google.javascript.jscomp.TypeCheckTest" time="0.006"/>
  <testcase name="testAbstractMethodNotImplemented2" classname="com.google.javascript.jscomp.TypeCheckTest" time="0.006"/>
  <testcase name="testAbstractMethodNotImplemented3" classname="com.google.javascript.jscomp.TypeCheckTest" time="0.006"/>
  <testcase name="testAbstractMethodNotImplemented4" classname="com.google.javascript.jscomp.TypeCheckTest" time="0.006"/>
  <testcase name="testAbstractMethodNotImplemented5" classname="com.google.javascript.jscomp.TypeCheckTest" time="0.006"/>
  <testcase name="testAbstractMethodNotImplemented6" classname="com.google.javascript.jscomp.TypeCheckTest" time="0.006"/>
  <testcase name="testRecordWithTopProperty" classname="com.google.javascript.jscomp.TypeCheckTest" time="0.005"/>
  <testcase name="testArrayAccess1" classname="com.google.javascript.jscomp.TypeCheckTest" time="0.006"/>
  <testcase name="testArrayAccess2" classname="com.google.javascript.jscomp.TypeCheckTest" time="0.005"/>
  <testcase name="testArrayAccess3" classname="com.google.javascript.jscomp.TypeCheckTest" time="0.005"/>
  <testcase name="testArrayAccess4" classname="com.google.javascript.jscomp.TypeCheckTest" time="0.006"/>
  <testcase name="testArrayAccess6" classname="com.google.javascript.jscomp.TypeCheckTest" time="0.005"/>
  <testcase name="testArrayAccess7" classname="com.google.javascript.jscomp.TypeCheckTest" time="0.006"/>
  <testcase name="testArrayAccess8" classname="com.google.javascript.jscomp.TypeCheckTest" time="0.005"/>
  <testcase name="testArrayAccess9" classname="com.google.javascript.jscomp.TypeCheckTest" time="0.006"/>
  <testcase name="testObjLitDef1a" classname="com.google.javascript.jscomp.TypeCheckTest" time="0.005"/>
  <testcase name="testObjLitDef1b" classname="com.google.javascript.jscomp.TypeCheckTest" time="0.005"/>
  <testcase name="testObjLitDef2a" classname="com.google.javascript.jscomp.TypeCheckTest" time="0.005"/>
  <testcase name="testObjLitDef2b" classname="com.google.javascript.jscomp.TypeCheckTest" time="0.005"/>
  <testcase name="testObjLitDef3a" classname="com.google.javascript.jscomp.TypeCheckTest" time="0.006"/>
  <testcase name="testObjLitDef3b" classname="com.google.javascript.jscomp.TypeCheckTest" time="0.005"/>
  <testcase name="testScoping10" classname="com.google.javascript.jscomp.TypeCheckTest" time="0.005"/>
  <testcase name="testScoping11" classname="com.google.javascript.jscomp.TypeCheckTest" time="0.005"/>
  <testcase name="testScoping12" classname="com.google.javascript.jscomp.TypeCheckTest" time="0.006"/>
  <testcase name="testObjectPropertyTypeInferredInLocalScope1" classname="com.google.javascript.jscomp.TypeCheckTest" time="0.005"/>
  <testcase name="testObjectPropertyTypeInferredInLocalScope2" classname="com.google.javascript.jscomp.TypeCheckTest" time="0.005"/>
  <testcase name="testObjectPropertyTypeInferredInLocalScope3" classname="com.google.javascript.jscomp.TypeCheckTest" time="0.005"/>
  <testcase name="testGlobalThis1" classname="com.google.javascript.jscomp.TypeCheckTest" time="0.005"/>
  <testcase name="testGlobalThis2" classname="com.google.javascript.jscomp.TypeCheckTest" time="0.005"/>
  <testcase name="testGlobalThis3" classname="com.google.javascript.jscomp.TypeCheckTest" time="0.005"/>
  <testcase name="testGlobalThis4" classname="com.google.javascript.jscomp.TypeCheckTest" time="0.005"/>
  <testcase name="testGlobalThis5" classname="com.google.javascript.jscomp.TypeCheckTest" time="0.005"/>
  <testcase name="testGlobalThis6" classname="com.google.javascript.jscomp.TypeCheckTest" time="0.005"/>
  <testcase name="testGlobalThis7" classname="com.google.javascript.jscomp.TypeCheckTest" time="0.005"/>
  <testcase name="testGlobalThis8" classname="com.google.javascript.jscomp.TypeCheckTest" time="0.005"/>
  <testcase name="testGlobalThis9" classname="com.google.javascript.jscomp.TypeCheckTest" time="0.005"/>
  <testcase name="testGetelemStruct1" classname="com.google.javascript.jscomp.TypeCheckTest" time="0.005"/>
  <testcase name="testGetelemStruct2" classname="com.google.javascript.jscomp.TypeCheckTest" time="0.005"/>
  <testcase name="testGetelemStruct3" classname="com.google.javascript.jscomp.TypeCheckTest" time="0.006"/>
  <testcase name="testGetelemStruct4" classname="com.google.javascript.jscomp.TypeCheckTest" time="0.005"/>
  <testcase name="testGetelemStruct5" classname="com.google.javascript.jscomp.TypeCheckTest" time="0.005"/>
  <testcase name="testGetelemStruct6" classname="com.google.javascript.jscomp.TypeCheckTest" time="0.005"/>
  <testcase name="testGetelemStruct7" classname="com.google.javascript.jscomp.TypeCheckTest" time="0.006"/>
  <testcase name="testBug7701884" classname="com.google.javascript.jscomp.TypeCheckTest" time="0.006"/>
  <testcase name="testBadImplementsNonInterfaceType" classname="com.google.javascript.jscomp.TypeCheckTest" time="0.005"/>
  <testcase name="testInferredParam1" classname="com.google.javascript.jscomp.TypeCheckTest" time="0.006"/>
  <testcase name="testInferredParam2" classname="com.google.javascript.jscomp.TypeCheckTest" time="0.005"/>
  <testcase name="testInferredParam3" classname="com.google.javascript.jscomp.TypeCheckTest" time="0.006"/>
  <testcase name="testInferredParam4" classname="com.google.javascript.jscomp.TypeCheckTest" time="0.005"/>
  <testcase name="testInferredParam5" classname="com.google.javascript.jscomp.TypeCheckTest" time="0.005"/>
  <testcase name="testInferredParam6" classname="com.google.javascript.jscomp.TypeCheckTest" time="0.006"/>
  <testcase name="testInferredParam7" classname="com.google.javascript.jscomp.TypeCheckTest" time="0.005"/>
  <testcase name="testWhileRestrictsType1" classname="com.google.javascript.jscomp.TypeCheckTest" time="0.005"/>
  <testcase name="testWhileRestrictsType2" classname="com.google.javascript.jscomp.TypeCheckTest" time="0.005"/>
  <testcase name="testPrintFunctionName1" classname="com.google.javascript.jscomp.TypeCheckTest" time="0.005"/>
  <testcase name="testPrintFunctionName2" classname="com.google.javascript.jscomp.TypeCheckTest" time="0.005"/>
  <testcase name="testBadImplementsAConstructor" classname="com.google.javascript.jscomp.TypeCheckTest" time="0.005"/>
  <testcase name="testOptionalParameterComparedToUndefined" classname="com.google.javascript.jscomp.TypeCheckTest" time="0.005"/>
  <testcase name="testAddingMethodsPrototypeIdiomAndObjectLiteralSimpleNamespace" classname="com.google.javascript.jscomp.TypeCheckTest" time="0.005"/>
  <testcase name="testTemplatizedStructuralMismatch1" classname="com.google.javascript.jscomp.TypeCheckTest" time="0.005"/>
  <testcase name="testTemplatizedStructuralMismatch2" classname="com.google.javascript.jscomp.TypeCheckTest" time="0.005"/>
  <testcase name="testTemplatizedStructuralMismatch3" classname="com.google.javascript.jscomp.TypeCheckTest" time="0.005"/>
  <testcase name="testTemplatizedStructuralMismatch4" classname="com.google.javascript.jscomp.TypeCheckTest" time="0.006"/>
  <testcase name="testCovarianceForRecordType20_2" classname="com.google.javascript.jscomp.TypeCheckTest" time="0.005"/>
  <testcase name="testDuplicateInstanceMethod1" classname="com.google.javascript.jscomp.TypeCheckTest" time="0.005"/>
  <testcase name="testDuplicateInstanceMethod2" classname="com.google.javascript.jscomp.TypeCheckTest" time="0.005"/>
  <testcase name="testDuplicateInstanceMethod3" classname="com.google.javascript.jscomp.TypeCheckTest" time="0.005"/>
  <testcase name="testDuplicateInstanceMethod4" classname="com.google.javascript.jscomp.TypeCheckTest" time="0.005"/>
  <testcase name="testDuplicateInstanceMethod5" classname="com.google.javascript.jscomp.TypeCheckTest" time="0.005"/>
  <testcase name="testDuplicateInstanceMethod6" classname="com.google.javascript.jscomp.TypeCheckTest" time="0.006"/>
  <testcase name="testIn1" classname="com.google.javascript.jscomp.TypeCheckTest" time="0.004"/>
  <testcase name="testIn2" classname="com.google.javascript.jscomp.TypeCheckTest" time="0.005"/>
  <testcase name="testIn3" classname="com.google.javascript.jscomp.TypeCheckTest" time="0.005"/>
  <testcase name="testIn4" classname="com.google.javascript.jscomp.TypeCheckTest" time="0.005"/>
  <testcase name="testIn5" classname="com.google.javascript.jscomp.TypeCheckTest" time="0.005"/>
  <testcase name="testIn6" classname="com.google.javascript.jscomp.TypeCheckTest" time="0.086"/>
  <testcase name="testIn7" classname="com.google.javascript.jscomp.TypeCheckTest" time="0.006"/>
  <testcase name="testOr1" classname="com.google.javascript.jscomp.TypeCheckTest" time="0.005"/>
  <testcase name="testOr2" classname="com.google.javascript.jscomp.TypeCheckTest" time="0.006"/>
  <testcase name="testOr3" classname="com.google.javascript.jscomp.TypeCheckTest" time="0.005"/>
  <testcase name="testOr4" classname="com.google.javascript.jscomp.TypeCheckTest" time="0.005"/>
  <testcase name="testOr5" classname="com.google.javascript.jscomp.TypeCheckTest" time="0.005"/>
  <testcase name="testObjectLiteral" classname="com.google.javascript.jscomp.TypeCheckTest" time="0.004"/>
  <testcase name="testStructuralInterfaceWithUnknownProperty" classname="com.google.javascript.jscomp.TypeCheckTest" time="0.006"/>
  <testcase name="testOptionalAllType" classname="com.google.javascript.jscomp.TypeCheckTest" time="0.005"/>
  <testcase name="testOptionalUnknownIsAssignableToUnknown" classname="com.google.javascript.jscomp.TypeCheckTest" time="0.005"/>
  <testcase name="testAnonymousType1" classname="com.google.javascript.jscomp.TypeCheckTest" time="0.005"/>
  <testcase name="testAnonymousType2" classname="com.google.javascript.jscomp.TypeCheckTest" time="0.005"/>
  <testcase name="testAnonymousType3" classname="com.google.javascript.jscomp.TypeCheckTest" time="0.006"/>
  <testcase name="testOptimizePropertyMap1" classname="com.google.javascript.jscomp.TypeCheckTest" time="0.005"/>
  <testcase name="testOptimizePropertyMap2" classname="com.google.javascript.jscomp.TypeCheckTest" time="0.005"/>
  <testcase name="testOptimizePropertyMap3" classname="com.google.javascript.jscomp.TypeCheckTest" time="0.005"/>
  <testcase name="testOptimizePropertyMap4" classname="com.google.javascript.jscomp.TypeCheckTest" time="0.005"/>
  <testcase name="testOptimizePropertyMap5" classname="com.google.javascript.jscomp.TypeCheckTest" time="0.006"/>
  <testcase name="testOptimizePropertyMap6" classname="com.google.javascript.jscomp.TypeCheckTest" time="0.005"/>
  <testcase name="testOptimizePropertyMap7" classname="com.google.javascript.jscomp.TypeCheckTest" time="0.006"/>
  <testcase name="testOptimizePropertyMap8" classname="com.google.javascript.jscomp.TypeCheckTest" time="0.004"/>
  <testcase name="testOptimizePropertyMap9" classname="com.google.javascript.jscomp.TypeCheckTest" time="0.005"/>
  <testcase name="testHookRestrictsType1" classname="com.google.javascript.jscomp.TypeCheckTest" time="0.005"/>
  <testcase name="testHookRestrictsType2" classname="com.google.javascript.jscomp.TypeCheckTest" time="0.005"/>
  <testcase name="testHookRestrictsType3" classname="com.google.javascript.jscomp.TypeCheckTest" time="0.005"/>
  <testcase name="testHookRestrictsType4" classname="com.google.javascript.jscomp.TypeCheckTest" time="0.005"/>
  <testcase name="testHookRestrictsType5" classname="com.google.javascript.jscomp.TypeCheckTest" time="0.005"/>
  <testcase name="testHookRestrictsType6" classname="com.google.javascript.jscomp.TypeCheckTest" time="0.005"/>
  <testcase name="testHookRestrictsType7" classname="com.google.javascript.jscomp.TypeCheckTest" time="0.006"/>
  <testcase name="testCheckObjectKeysClassWithToString" classname="com.google.javascript.jscomp.TypeCheckTest" time="0.005"/>
  <testcase name="testBackwardsInferenceGoogArrayFilter1" classname="com.google.javascript.jscomp.TypeCheckTest" time="0.002"/>
  <testcase name="testBackwardsInferenceGoogArrayFilter2" classname="com.google.javascript.jscomp.TypeCheckTest" time="0.002"/>
  <testcase name="testBackwardsInferenceGoogArrayFilter3" classname="com.google.javascript.jscomp.TypeCheckTest" time="0.002"/>
  <testcase name="testBackwardsInferenceGoogArrayFilter4" classname="com.google.javascript.jscomp.TypeCheckTest" time="0.001"/>
  <testcase name="testUnionTemplateThisType" classname="com.google.javascript.jscomp.TypeCheckTest" time="0.006"/>
  <testcase name="testAddSingletonGetter" classname="com.google.javascript.jscomp.TypeCheckTest" time="0.006"/>
  <testcase name="testConstructorType1" classname="com.google.javascript.jscomp.TypeCheckTest" time="0.005"/>
  <testcase name="testConstructorType2" classname="com.google.javascript.jscomp.TypeCheckTest" time="0.005"/>
  <testcase name="testConstructorType3" classname="com.google.javascript.jscomp.TypeCheckTest" time="0.006"/>
  <testcase name="testConstructorType4" classname="com.google.javascript.jscomp.TypeCheckTest" time="0.005"/>
  <testcase name="testConstructorType5" classname="com.google.javascript.jscomp.TypeCheckTest" time="0.005"/>
  <testcase name="testConstructorType6" classname="com.google.javascript.jscomp.TypeCheckTest" time="0.005"/>
  <testcase name="testConstructorType7" classname="com.google.javascript.jscomp.TypeCheckTest" time="0.006"/>
  <testcase name="testConstructorType8" classname="com.google.javascript.jscomp.TypeCheckTest" time="0.005"/>
  <testcase name="testConstructorType9" classname="com.google.javascript.jscomp.TypeCheckTest" time="0.006"/>
  <testcase name="testFilter0" classname="com.google.javascript.jscomp.TypeCheckTest" time="0.006"/>
  <testcase name="testFilter1" classname="com.google.javascript.jscomp.TypeCheckTest" time="0.005"/>
  <testcase name="testFilter2" classname="com.google.javascript.jscomp.TypeCheckTest" time="0.006"/>
  <testcase name="testFilter3" classname="com.google.javascript.jscomp.TypeCheckTest" time="0.005"/>
  <testcase name="testTypeof2" classname="com.google.javascript.jscomp.TypeCheckTest" time="0.006"/>
  <testcase name="testTypeof3" classname="com.google.javascript.jscomp.TypeCheckTest" time="0.005"/>
  <testcase name="testAbstractMethodCall1" classname="com.google.javascript.jscomp.TypeCheckTest" time="0.006"/>
  <testcase name="testAbstractMethodCall2" classname="com.google.javascript.jscomp.TypeCheckTest" time="0.006"/>
  <testcase name="testAbstractMethodCall3" classname="com.google.javascript.jscomp.TypeCheckTest" time="0.005"/>
  <testcase name="testAbstractMethodCall4" classname="com.google.javascript.jscomp.TypeCheckTest" time="0.006"/>
  <testcase name="testAbstractMethodCall5" classname="com.google.javascript.jscomp.TypeCheckTest" time="0.005"/>
  <testcase name="testAbstractMethodCall6" classname="com.google.javascript.jscomp.TypeCheckTest" time="0.006"/>
  <testcase name="testAbstractMethodCall7" classname="com.google.javascript.jscomp.TypeCheckTest" time="0.005"/>
  <testcase name="testAbstractMethodCall8" classname="com.google.javascript.jscomp.TypeCheckTest" time="0.005"/>
  <testcase name="testAbstractMethodCall9" classname="com.google.javascript.jscomp.TypeCheckTest" time="0.006"/>
  <testcase name="testInheritanceCheck1" classname="com.google.javascript.jscomp.TypeCheckTest" time="0.005"/>
  <testcase name="testInheritanceCheck2" classname="com.google.javascript.jscomp.TypeCheckTest" time="0.005"/>
  <testcase name="testInheritanceCheck3" classname="com.google.javascript.jscomp.TypeCheckTest" time="0.005"/>
  <testcase name="testInheritanceCheck4" classname="com.google.javascript.jscomp.TypeCheckTest" time="0.005"/>
  <testcase name="testInheritanceCheck5" classname="com.google.javascript.jscomp.TypeCheckTest" time="0.005"/>
  <testcase name="testInheritanceCheck6" classname="com.google.javascript.jscomp.TypeCheckTest" time="0.005"/>
  <testcase name="testInheritanceCheck7" classname="com.google.javascript.jscomp.TypeCheckTest" time="0.005"/>
  <testcase name="testInheritanceCheck8" classname="com.google.javascript.jscomp.TypeCheckTest" time="0.005"/>
  <testcase name="testDuplicateVariableDefinition3_1" classname="com.google.javascript.jscomp.TypeCheckTest" time="0.006"/>
  <testcase name="testDuplicateVariableDefinition3_2" classname="com.google.javascript.jscomp.TypeCheckTest" time="0.005"/>
  <testcase name="testDuplicateVariableDefinition8_2" classname="com.google.javascript.jscomp.TypeCheckTest" time="0.005"/>
  <testcase name="testDuplicateVariableDefinition8_3" classname="com.google.javascript.jscomp.TypeCheckTest" time="0.005"/>
  <testcase name="testDuplicateVariableDefinition8_4" classname="com.google.javascript.jscomp.TypeCheckTest" time="0.006"/>
  <testcase name="testDuplicateVariableDefinition8_5" classname="com.google.javascript.jscomp.TypeCheckTest" time="0.005"/>
  <testcase name="testDuplicateVariableDefinition8_6" classname="com.google.javascript.jscomp.TypeCheckTest" time="0.005"/>
  <testcase name="testDuplicateVariableDefinition8_7" classname="com.google.javascript.jscomp.TypeCheckTest" time="0.005"/>
  <testcase name="testNoPersistentTypeInferenceForFunctionProperties" classname="com.google.javascript.jscomp.TypeCheckTest" time="0.005"/>
  <testcase name="testAdd10" classname="com.google.javascript.jscomp.TypeCheckTest" time="0.006"/>
  <testcase name="testAdd11" classname="com.google.javascript.jscomp.TypeCheckTest" time="0.005"/>
  <testcase name="testAdd12" classname="com.google.javascript.jscomp.TypeCheckTest" time="0.005"/>
  <testcase name="testAdd13" classname="com.google.javascript.jscomp.TypeCheckTest" time="0.005"/>
  <testcase name="testAdd14" classname="com.google.javascript.jscomp.TypeCheckTest" time="0.006"/>
  <testcase name="testAdd15" classname="com.google.javascript.jscomp.TypeCheckTest" time="0.005"/>
  <testcase name="testAdd16" classname="com.google.javascript.jscomp.TypeCheckTest" time="0.006"/>
  <testcase name="testAdd17" classname="com.google.javascript.jscomp.TypeCheckTest" time="0.006"/>
  <testcase name="testAdd18" classname="com.google.javascript.jscomp.TypeCheckTest" time="0.005"/>
  <testcase name="testAdd19" classname="com.google.javascript.jscomp.TypeCheckTest" time="0.006"/>
  <testcase name="testAdd20" classname="com.google.javascript.jscomp.TypeCheckTest" time="0.006"/>
  <testcase name="testAdd21" classname="com.google.javascript.jscomp.TypeCheckTest" time="0.005"/>
  <testcase name="testAnd10" classname="com.google.javascript.jscomp.TypeCheckTest" time="0.006"/>
  <testcase name="testBang1" classname="com.google.javascript.jscomp.TypeCheckTest" time="0.005"/>
  <testcase name="testBang2" classname="com.google.javascript.jscomp.TypeCheckTest" time="0.006"/>
  <testcase name="testBang3" classname="com.google.javascript.jscomp.TypeCheckTest" time="0.005"/>
  <testcase name="testBang4" classname="com.google.javascript.jscomp.TypeCheckTest" time="0.006"/>
  <testcase name="testBang5" classname="com.google.javascript.jscomp.TypeCheckTest" time="0.005"/>
  <testcase name="testBang6" classname="com.google.javascript.jscomp.TypeCheckTest" time="0.005"/>
  <testcase name="testBang7" classname="com.google.javascript.jscomp.TypeCheckTest" time="0.006"/>
  <testcase name="testCall1" classname="com.google.javascript.jscomp.TypeCheckTest" time="0.005"/>
  <testcase name="testCall2" classname="com.google.javascript.jscomp.TypeCheckTest" time="0.006"/>
  <testcase name="testCall3" classname="com.google.javascript.jscomp.TypeCheckTest" time="0.006"/>
  <testcase name="testCall4" classname="com.google.javascript.jscomp.TypeCheckTest" time="0.005"/>
  <testcase name="testCall5" classname="com.google.javascript.jscomp.TypeCheckTest" time="0.006"/>
  <testcase name="testCall6" classname="com.google.javascript.jscomp.TypeCheckTest" time="0.005"/>
  <testcase name="testCall7" classname="com.google.javascript.jscomp.TypeCheckTest" time="0.005"/>
  <testcase name="testCall8" classname="com.google.javascript.jscomp.TypeCheckTest" time="0.006"/>
  <testcase name="testCall9" classname="com.google.javascript.jscomp.TypeCheckTest" time="0.005"/>
  <testcase name="testCast2" classname="com.google.javascript.jscomp.TypeCheckTest" time="0.005"/>
  <testcase name="testCast3" classname="com.google.javascript.jscomp.TypeCheckTest" time="0.005"/>
  <testcase name="testCast4" classname="com.google.javascript.jscomp.TypeCheckTest" time="0.005"/>
  <testcase name="testCast5" classname="com.google.javascript.jscomp.TypeCheckTest" time="0.005"/>
  <testcase name="testCast6" classname="com.google.javascript.jscomp.TypeCheckTest" time="0.005"/>
  <testcase name="testCast7" classname="com.google.javascript.jscomp.TypeCheckTest" time="0.006"/>
  <testcase name="testCast8" classname="com.google.javascript.jscomp.TypeCheckTest" time="0.005"/>
  <testcase name="testCast9" classname="com.google.javascript.jscomp.TypeCheckTest" time="0.005"/>
  <testcase name="testBug12441160" classname="com.google.javascript.jscomp.TypeCheckTest" time="0.006"/>
  <testcase name="testFunctionArguments1" classname="com.google.javascript.jscomp.TypeCheckTest" time="0.005"/>
  <testcase name="testFunctionArguments2" classname="com.google.javascript.jscomp.TypeCheckTest" time="0.005"/>
  <testcase name="testFunctionArguments3" classname="com.google.javascript.jscomp.TypeCheckTest" time="0.005"/>
  <testcase name="testFunctionArguments4" classname="com.google.javascript.jscomp.TypeCheckTest" time="0.005"/>
  <testcase name="testFunctionArguments5" classname="com.google.javascript.jscomp.TypeCheckTest" time="0.005"/>
  <testcase name="testFunctionArguments6" classname="com.google.javascript.jscomp.TypeCheckTest" time="0.005"/>
  <testcase name="testFunctionArguments7" classname="com.google.javascript.jscomp.TypeCheckTest" time="0.005"/>
  <testcase name="testFunctionArguments8" classname="com.google.javascript.jscomp.TypeCheckTest" time="0.006"/>
  <testcase name="testFunctionArguments9" classname="com.google.javascript.jscomp.TypeCheckTest" time="0.005"/>
  <testcase name="testDfa10" classname="com.google.javascript.jscomp.TypeCheckTest" time="0.005"/>
  <testcase name="testDfa11" classname="com.google.javascript.jscomp.TypeCheckTest" time="0.006"/>
  <testcase name="testDfa12" classname="com.google.javascript.jscomp.TypeCheckTest" time="0.005"/>
  <testcase name="testDfa13" classname="com.google.javascript.jscomp.TypeCheckTest" time="0.005"/>
  <testcase name="testEnum1" classname="com.google.javascript.jscomp.TypeCheckTest" time="0.005"/>
  <testcase name="testEnum3" classname="com.google.javascript.jscomp.TypeCheckTest" time="0.004"/>
  <testcase name="testEnum4" classname="com.google.javascript.jscomp.TypeCheckTest" time="0.005"/>
  <testcase name="testEnum5" classname="com.google.javascript.jscomp.TypeCheckTest" time="0.005"/>
  <testcase name="testEnum6" classname="com.google.javascript.jscomp.TypeCheckTest" time="0.005"/>
  <testcase name="testEnum7" classname="com.google.javascript.jscomp.TypeCheckTest" time="0.006"/>
  <testcase name="testEnum8" classname="com.google.javascript.jscomp.TypeCheckTest" time="0.001"/>
  <testcase name="testEnum9" classname="com.google.javascript.jscomp.TypeCheckTest" time="0.001"/>
  <testcase name="testEnums" classname="com.google.javascript.jscomp.TypeCheckTest" time="0.005"/>
  <testcase name="testIIFE1" classname="com.google.javascript.jscomp.TypeCheckTest" time="0.006"/>
  <testcase name="testIIFE2" classname="com.google.javascript.jscomp.TypeCheckTest" time="0.006"/>
  <testcase name="testIIFE3" classname="com.google.javascript.jscomp.TypeCheckTest" time="0.005"/>
  <testcase name="testIIFE4" classname="com.google.javascript.jscomp.TypeCheckTest" time="0.006"/>
  <testcase name="testIIFE5" classname="com.google.javascript.jscomp.TypeCheckTest" time="0.057"/>
  <testcase name="testSetPrototypeToNewInstance" classname="com.google.javascript.jscomp.TypeCheckTest" time="0.006"/>
  <testcase name="testName1" classname="com.google.javascript.jscomp.TypeCheckTest" time="0.001"/>
  <testcase name="testName2" classname="com.google.javascript.jscomp.TypeCheckTest" time="0.001"/>
  <testcase name="testName3" classname="com.google.javascript.jscomp.TypeCheckTest" time="0"/>
  <testcase name="testName4" classname="com.google.javascript.jscomp.TypeCheckTest" time="0.001"/>
  <testcase name="testName5" classname="com.google.javascript.jscomp.TypeCheckTest" time="0"/>
  <testcase name="testNew10" classname="com.google.javascript.jscomp.TypeCheckTest" time="0.006"/>
  <testcase name="testNew11" classname="com.google.javascript.jscomp.TypeCheckTest" time="0.005"/>
  <testcase name="testNew12" classname="com.google.javascript.jscomp.TypeCheckTest" time="0.005"/>
  <testcase name="testNew13" classname="com.google.javascript.jscomp.TypeCheckTest" time="0.005"/>
  <testcase name="testNew14" classname="com.google.javascript.jscomp.TypeCheckTest" time="0.006"/>
  <testcase name="testNew15" classname="com.google.javascript.jscomp.TypeCheckTest" time="0.005"/>
  <testcase name="testNew16" classname="com.google.javascript.jscomp.TypeCheckTest" time="0.005"/>
  <testcase name="testNew17" classname="com.google.javascript.jscomp.TypeCheckTest" time="0.005"/>
  <testcase name="testNew18" classname="com.google.javascript.jscomp.TypeCheckTest" time="0.005"/>
  <testcase name="testNew19" classname="com.google.javascript.jscomp.TypeCheckTest" time="0.005"/>
  <testcase name="testNew20" classname="com.google.javascript.jscomp.TypeCheckTest" time="0.005"/>
  <testcase name="testThis1" classname="com.google.javascript.jscomp.TypeCheckTest" time="0.006"/>
  <testcase name="testThis2" classname="com.google.javascript.jscomp.TypeCheckTest" time="0.005"/>
  <testcase name="testThis3" classname="com.google.javascript.jscomp.TypeCheckTest" time="0.005"/>
  <testcase name="testThis4" classname="com.google.javascript.jscomp.TypeCheckTest" time="0.005"/>
  <testcase name="testThis5" classname="com.google.javascript.jscomp.TypeCheckTest" time="0.005"/>
  <testcase name="testThis6" classname="com.google.javascript.jscomp.TypeCheckTest" time="0.006"/>
  <testcase name="testThis7" classname="com.google.javascript.jscomp.TypeCheckTest" time="0.005"/>
  <testcase name="testThis8" classname="com.google.javascript.jscomp.TypeCheckTest" time="0.005"/>
  <testcase name="testThis9" classname="com.google.javascript.jscomp.TypeCheckTest" time="0.005"/>
  <testcase name="testVar10" classname="com.google.javascript.jscomp.TypeCheckTest" time="0.006"/>
  <testcase name="testVar11" classname="com.google.javascript.jscomp.TypeCheckTest" time="0.005"/>
  <testcase name="testVar12" classname="com.google.javascript.jscomp.TypeCheckTest" time="0.001"/>
  <testcase name="testVar13" classname="com.google.javascript.jscomp.TypeCheckTest" time="0.005"/>
  <testcase name="testVar14" classname="com.google.javascript.jscomp.TypeCheckTest" time="0.005"/>
  <testcase name="testVar15" classname="com.google.javascript.jscomp.TypeCheckTest" time="0.005"/>
  <testcase name="testComplexNamespace" classname="com.google.javascript.jscomp.TypeCheckTest" time="0.005"/>
  <testcase name="testArrayImplementsIArrayLike" classname="com.google.javascript.jscomp.TypeCheckTest" time="0.005"/>
  <testcase name="testAdd1" classname="com.google.javascript.jscomp.TypeCheckTest" time="0.005"/>
  <testcase name="testAdd2" classname="com.google.javascript.jscomp.TypeCheckTest" time="0.005"/>
  <testcase name="testAdd3" classname="com.google.javascript.jscomp.TypeCheckTest" time="0.004"/>
  <testcase name="testAdd4" classname="com.google.javascript.jscomp.TypeCheckTest" time="0.005"/>
  <testcase name="testAdd5" classname="com.google.javascript.jscomp.TypeCheckTest" time="0.005"/>
  <testcase name="testAdd6" classname="com.google.javascript.jscomp.TypeCheckTest" time="0.005"/>
  <testcase name="testAdd7" classname="com.google.javascript.jscomp.TypeCheckTest" time="0.006"/>
  <testcase name="testAdd8" classname="com.google.javascript.jscomp.TypeCheckTest" time="0.005"/>
  <testcase name="testAdd9" classname="com.google.javascript.jscomp.TypeCheckTest" time="0.005"/>
  <testcase name="testAnd1" classname="com.google.javascript.jscomp.TypeCheckTest" time="0.005"/>
  <testcase name="testAnd2" classname="com.google.javascript.jscomp.TypeCheckTest" time="0.006"/>
  <testcase name="testAnd3" classname="com.google.javascript.jscomp.TypeCheckTest" time="0.005"/>
  <testcase name="testAnd4" classname="com.google.javascript.jscomp.TypeCheckTest" time="0.005"/>
  <testcase name="testAnd5" classname="com.google.javascript.jscomp.TypeCheckTest" time="0.006"/>
  <testcase name="testAnd6" classname="com.google.javascript.jscomp.TypeCheckTest" time="0.005"/>
  <testcase name="testAnd7" classname="com.google.javascript.jscomp.TypeCheckTest" time="0.005"/>
  <testcase name="testAnd8" classname="com.google.javascript.jscomp.TypeCheckTest" time="0.005"/>
  <testcase name="testAnd9" classname="com.google.javascript.jscomp.TypeCheckTest" time="0.005"/>
  <testcase name="testDfa1" classname="com.google.javascript.jscomp.TypeCheckTest" time="0.005"/>
  <testcase name="testDfa2" classname="com.google.javascript.jscomp.TypeCheckTest" time="0.005"/>
  <testcase name="testDfa3" classname="com.google.javascript.jscomp.TypeCheckTest" time="0.005"/>
  <testcase name="testDfa4" classname="com.google.javascript.jscomp.TypeCheckTest" time="0.004"/>
  <testcase name="testDfa5" classname="com.google.javascript.jscomp.TypeCheckTest" time="0.005"/>
  <testcase name="testDfa6" classname="com.google.javascript.jscomp.TypeCheckTest" time="0.006"/>
  <testcase name="testDfa7" classname="com.google.javascript.jscomp.TypeCheckTest" time="0.005"/>
  <testcase name="testDfa8" classname="com.google.javascript.jscomp.TypeCheckTest" time="0.005"/>
  <testcase name="testDfa9" classname="com.google.javascript.jscomp.TypeCheckTest" time="0.006"/>
  <testcase name="testHook" classname="com.google.javascript.jscomp.TypeCheckTest" time="0.005"/>
  <testcase name="testNew1" classname="com.google.javascript.jscomp.TypeCheckTest" time="0.005"/>
  <testcase name="testNew2" classname="com.google.javascript.jscomp.TypeCheckTest" time="0.005"/>
  <testcase name="testNew3" classname="com.google.javascript.jscomp.TypeCheckTest" time="0.006"/>
  <testcase name="testNew4" classname="com.google.javascript.jscomp.TypeCheckTest" time="0.005"/>
  <testcase name="testNew5" classname="com.google.javascript.jscomp.TypeCheckTest" time="0.005"/>
  <testcase name="testNew6" classname="com.google.javascript.jscomp.TypeCheckTest" time="0.004"/>
  <testcase name="testNew7" classname="com.google.javascript.jscomp.TypeCheckTest" time="0.005"/>
  <testcase name="testNew8" classname="com.google.javascript.jscomp.TypeCheckTest" time="0.005"/>
  <testcase name="testNew9" classname="com.google.javascript.jscomp.TypeCheckTest" time="0.005"/>
  <testcase name="testVar1" classname="com.google.javascript.jscomp.TypeCheckTest" time="0.005"/>
  <testcase name="testVar2" classname="com.google.javascript.jscomp.TypeCheckTest" time="0.004"/>
  <testcase name="testVar3" classname="com.google.javascript.jscomp.TypeCheckTest" time="0.004"/>
  <testcase name="testVar4" classname="com.google.javascript.jscomp.TypeCheckTest" time="0.005"/>
  <testcase name="testVar5" classname="com.google.javascript.jscomp.TypeCheckTest" time="0.005"/>
  <testcase name="testVar6" classname="com.google.javascript.jscomp.TypeCheckTest" time="0.005"/>
  <testcase name="testVar7" classname="com.google.javascript.jscomp.TypeCheckTest" time="0.005"/>
  <testcase name="testVar8" classname="com.google.javascript.jscomp.TypeCheckTest" time="0.005"/>
  <testcase name="testVar9" classname="com.google.javascript.jscomp.TypeCheckTest" time="0.005"/>
  <testcase name="testDontCrashOnRecursiveTemplateReference" classname="com.google.javascript.jscomp.TypeCheckTest" time="0.005"/>
  <testcase name="testGetelemStruct_noErrorForGettingWellKnownSymbol" classname="com.google.javascript.jscomp.TypeCheckTest" time="0.005"/>
  <testcase name="testInterfacePropertyNotImplemented" classname="com.google.javascript.jscomp.TypeCheckTest" time="0.005"/>
  <testcase name="testCovarianceForRecordType10" classname="com.google.javascript.jscomp.TypeCheckTest" time="0.006"/>
  <testcase name="testCovarianceForRecordType11" classname="com.google.javascript.jscomp.TypeCheckTest" time="0.005"/>
  <testcase name="testCovarianceForRecordType12" classname="com.google.javascript.jscomp.TypeCheckTest" time="0.005"/>
  <testcase name="testCovarianceForRecordType13" classname="com.google.javascript.jscomp.TypeCheckTest" time="0.006"/>
  <testcase name="testCovarianceForRecordType14" classname="com.google.javascript.jscomp.TypeCheckTest" time="0.005"/>
  <testcase name="testCovarianceForRecordType15" classname="com.google.javascript.jscomp.TypeCheckTest" time="0.007"/>
  <testcase name="testCovarianceForRecordType16" classname="com.google.javascript.jscomp.TypeCheckTest" time="0.006"/>
  <testcase name="testCovarianceForRecordType17" classname="com.google.javascript.jscomp.TypeCheckTest" time="0.005"/>
  <testcase name="testCovarianceForRecordType18" classname="com.google.javascript.jscomp.TypeCheckTest" time="0.005"/>
  <testcase name="testCovarianceForRecordType19" classname="com.google.javascript.jscomp.TypeCheckTest" time="0.005"/>
  <testcase name="testCovarianceForRecordType20" classname="com.google.javascript.jscomp.TypeCheckTest" time="0.005"/>
  <testcase name="testCovarianceForRecordType21" classname="com.google.javascript.jscomp.TypeCheckTest" time="0.005"/>
  <testcase name="testCovarianceForRecordType22" classname="com.google.javascript.jscomp.TypeCheckTest" time="0.005"/>
  <testcase name="testCovarianceForRecordType23" classname="com.google.javascript.jscomp.TypeCheckTest" time="0.006"/>
  <testcase name="testCovarianceForRecordType24" classname="com.google.javascript.jscomp.TypeCheckTest" time="0.005"/>
  <testcase name="testCovarianceForRecordType25" classname="com.google.javascript.jscomp.TypeCheckTest" time="0.005"/>
  <testcase name="testCovarianceForRecordType26" classname="com.google.javascript.jscomp.TypeCheckTest" time="0.006"/>
  <testcase name="testCovarianceForRecordType27" classname="com.google.javascript.jscomp.TypeCheckTest" time="0.005"/>
  <testcase name="testCovarianceForRecordType28" classname="com.google.javascript.jscomp.TypeCheckTest" time="0.006"/>
  <testcase name="testCovarianceForRecordType29" classname="com.google.javascript.jscomp.TypeCheckTest" time="0.006"/>
  <testcase name="testCovarianceForRecordType30" classname="com.google.javascript.jscomp.TypeCheckTest" time="0.006"/>
  <testcase name="testCovarianceForRecordType31" classname="com.google.javascript.jscomp.TypeCheckTest" time="0.005"/>
  <testcase name="testMinimalConstructorAnnotation" classname="com.google.javascript.jscomp.TypeCheckTest" time="0.006"/>
  <testcase name="testBug12722936" classname="com.google.javascript.jscomp.TypeCheckTest" time="0.005"/>
  <testcase name="testInferredReturn1" classname="com.google.javascript.jscomp.TypeCheckTest" time="0.006"/>
  <testcase name="testInferredReturn2" classname="com.google.javascript.jscomp.TypeCheckTest" time="0.005"/>
  <testcase name="testInferredReturn3" classname="com.google.javascript.jscomp.TypeCheckTest" time="0.005"/>
  <testcase name="testInferredReturn4" classname="com.google.javascript.jscomp.TypeCheckTest" time="0.005"/>
  <testcase name="testInferredReturn5" classname="com.google.javascript.jscomp.TypeCheckTest" time="0.006"/>
  <testcase name="testInferredReturn6" classname="com.google.javascript.jscomp.TypeCheckTest" time="0.006"/>
  <testcase name="testInferredReturn7" classname="com.google.javascript.jscomp.TypeCheckTest" time="0.005"/>
  <testcase name="testInferredReturn8" classname="com.google.javascript.jscomp.TypeCheckTest" time="0.005"/>
  <testcase name="testOverriddenParams1" classname="com.google.javascript.jscomp.TypeCheckTest" time="0.006"/>
  <testcase name="testOverriddenParams2" classname="com.google.javascript.jscomp.TypeCheckTest" time="0.005"/>
  <testcase name="testOverriddenParams3" classname="com.google.javascript.jscomp.TypeCheckTest" time="0.006"/>
  <testcase name="testOverriddenParams4" classname="com.google.javascript.jscomp.TypeCheckTest" time="0.005"/>
  <testcase name="testOverriddenParams5" classname="com.google.javascript.jscomp.TypeCheckTest" time="0.005"/>
  <testcase name="testOverriddenParams6" classname="com.google.javascript.jscomp.TypeCheckTest" time="0.006"/>
  <testcase name="testOverriddenParams7" classname="com.google.javascript.jscomp.TypeCheckTest" time="0.005"/>
  <testcase name="testNumberNode" classname="com.google.javascript.jscomp.TypeCheckTest" time="0.001"/>
  <testcase name="testAssign1" classname="com.google.javascript.jscomp.TypeCheckTest" time="0.005"/>
  <testcase name="testAssign2" classname="com.google.javascript.jscomp.TypeCheckTest" time="0.006"/>
  <testcase name="testAssign3" classname="com.google.javascript.jscomp.TypeCheckTest" time="0.005"/>
  <testcase name="testAssign4" classname="com.google.javascript.jscomp.TypeCheckTest" time="0.005"/>
  <testcase name="testComparison2" classname="com.google.javascript.jscomp.TypeCheckTest" time="0.005"/>
  <testcase name="testComparison3" classname="com.google.javascript.jscomp.TypeCheckTest" time="0.005"/>
  <testcase name="testComparison4" classname="com.google.javascript.jscomp.TypeCheckTest" time="0.005"/>
  <testcase name="testComparison5" classname="com.google.javascript.jscomp.TypeCheckTest" time="0.005"/>
  <testcase name="testComparison6" classname="com.google.javascript.jscomp.TypeCheckTest" time="0.006"/>
  <testcase name="testComparison7" classname="com.google.javascript.jscomp.TypeCheckTest" time="0.004"/>
  <testcase name="testComparison8" classname="com.google.javascript.jscomp.TypeCheckTest" time="0.006"/>
  <testcase name="testComparison9" classname="com.google.javascript.jscomp.TypeCheckTest" time="0.005"/>
  <testcase name="testGetTypedPercent1" classname="com.google.javascript.jscomp.TypeCheckTest" time="0.001"/>
  <testcase name="testGetTypedPercent2" classname="com.google.javascript.jscomp.TypeCheckTest" time="0"/>
  <testcase name="testGetTypedPercent3" classname="com.google.javascript.jscomp.TypeCheckTest" time="0.001"/>
  <testcase name="testGetTypedPercent4" classname="com.google.javascript.jscomp.TypeCheckTest" time="0.001"/>
  <testcase name="testGetTypedPercent5" classname="com.google.javascript.jscomp.TypeCheckTest" time="0.001"/>
  <testcase name="testGetTypedPercent6" classname="com.google.javascript.jscomp.TypeCheckTest" time="0.001"/>
  <testcase name="testCallErrorConstructorAsFunction" classname="com.google.javascript.jscomp.TypeCheckTest" time="0.005"/>
  <testcase name="testIObject1" classname="com.google.javascript.jscomp.TypeCheckTest" time="0.005"/>
  <testcase name="testIObject2" classname="com.google.javascript.jscomp.TypeCheckTest" time="0.005"/>
  <testcase name="testIObject3" classname="com.google.javascript.jscomp.TypeCheckTest" time="0.006"/>
  <testcase name="testIObject4" classname="com.google.javascript.jscomp.TypeCheckTest" time="0.005"/>
  <testcase name="testIObject5" classname="com.google.javascript.jscomp.TypeCheckTest" time="0.086"/>
  <testcase name="testIObject6" classname="com.google.javascript.jscomp.TypeCheckTest" time="0.006"/>
  <testcase name="testIObject7" classname="com.google.javascript.jscomp.TypeCheckTest" time="0.005"/>
  <testcase name="testIObject8" classname="com.google.javascript.jscomp.TypeCheckTest" time="0.005"/>
  <testcase name="testIObject9" classname="com.google.javascript.jscomp.TypeCheckTest" time="0.005"/>
  <testcase name="testNamespacedConstructor" classname="com.google.javascript.jscomp.TypeCheckTest" time="0.005"/>
  <testcase name="testAbstractMethodInInterface" classname="com.google.javascript.jscomp.TypeCheckTest" time="0.005"/>
  <testcase name="testSubtypeNotTemplated1" classname="com.google.javascript.jscomp.TypeCheckTest" time="0.004"/>
  <testcase name="testSubtypeNotTemplated2" classname="com.google.javascript.jscomp.TypeCheckTest" time="0.005"/>
  <testcase name="testConstDecl1" classname="com.google.javascript.jscomp.TypeCheckTest" time="0.005"/>
  <testcase name="testConstDecl2" classname="com.google.javascript.jscomp.TypeCheckTest" time="0.005"/>
  <testcase name="testCheckObjectKeysVariousTags1" classname="com.google.javascript.jscomp.TypeCheckTest" time="0.005"/>
  <testcase name="testCheckObjectKeysVariousTags2" classname="com.google.javascript.jscomp.TypeCheckTest" time="0.004"/>
  <testcase name="testCheckObjectKeysVariousTags3" classname="com.google.javascript.jscomp.TypeCheckTest" time="0.005"/>
  <testcase name="testCheckObjectKeysVariousTags4" classname="com.google.javascript.jscomp.TypeCheckTest" time="0.005"/>
  <testcase name="testFlowScopeBug1" classname="com.google.javascript.jscomp.TypeCheckTest" time="0.004"/>
  <testcase name="testFlowScopeBug2" classname="com.google.javascript.jscomp.TypeCheckTest" time="0.005"/>
  <testcase name="testBadMultipleExtendsClass" classname="com.google.javascript.jscomp.TypeCheckTest" time="0.005"/>
  <testcase name="testOptionalUnknownNamedType" classname="com.google.javascript.jscomp.TypeCheckTest" time="0.005"/>
  <testcase name="testConstructorAlias1" classname="com.google.javascript.jscomp.TypeCheckTest" time="0.004"/>
  <testcase name="testConstructorAlias2" classname="com.google.javascript.jscomp.TypeCheckTest" time="0.005"/>
  <testcase name="testConstructorAlias3" classname="com.google.javascript.jscomp.TypeCheckTest" time="0.005"/>
  <testcase name="testConstructorAlias4" classname="com.google.javascript.jscomp.TypeCheckTest" time="0.005"/>
  <testcase name="testConstructorAlias5" classname="com.google.javascript.jscomp.TypeCheckTest" time="0.005"/>
  <testcase name="testConstructorAlias6" classname="com.google.javascript.jscomp.TypeCheckTest" time="0.004"/>
  <testcase name="testConstructorAlias7" classname="com.google.javascript.jscomp.TypeCheckTest" time="0.005"/>
  <testcase name="testConstructorAlias8" classname="com.google.javascript.jscomp.TypeCheckTest" time="0.005"/>
  <testcase name="testConstructorAlias9" classname="com.google.javascript.jscomp.TypeCheckTest" time="0.005"/>
  <testcase name="testTypeInferenceWithClosure1" classname="com.google.javascript.jscomp.TypeCheckTest" time="0.005"/>
  <testcase name="testTypeInferenceWithClosure2" classname="com.google.javascript.jscomp.TypeCheckTest" time="0.005"/>
  <testcase name="testStubConstructorImplementingInterface" classname="com.google.javascript.jscomp.TypeCheckTest" time="0.001"/>
  <testcase name="testBug8017789" classname="com.google.javascript.jscomp.TypeCheckTest" time="0.005"/>
  <testcase name="testUnknownPrototypeChain" classname="com.google.javascript.jscomp.TypeCheckTest" time="0.005"/>
  <testcase name="testInterfacePropertyNotImplemented2" classname="com.google.javascript.jscomp.TypeCheckTest" time="0.005"/>
  <testcase name="testInterfacePropertyNotImplemented3" classname="com.google.javascript.jscomp.TypeCheckTest" time="0.005"/>
  <testcase name="testInterfaceAssignment1" classname="com.google.javascript.jscomp.TypeCheckTest" time="0.005"/>
  <testcase name="testInterfaceAssignment2" classname="com.google.javascript.jscomp.TypeCheckTest" time="0.004"/>
  <testcase name="testInterfaceAssignment3" classname="com.google.javascript.jscomp.TypeCheckTest" time="0.005"/>
  <testcase name="testInterfaceAssignment4" classname="com.google.javascript.jscomp.TypeCheckTest" time="0.005"/>
  <testcase name="testInterfaceAssignment5" classname="com.google.javascript.jscomp.TypeCheckTest" time="0.005"/>
  <testcase name="testInterfaceAssignment6" classname="com.google.javascript.jscomp.TypeCheckTest" time="0.005"/>
  <testcase name="testInterfaceAssignment7" classname="com.google.javascript.jscomp.TypeCheckTest" time="0.005"/>
  <testcase name="testInterfaceAssignment8" classname="com.google.javascript.jscomp.TypeCheckTest" time="0.005"/>
  <testcase name="testInterfaceAssignment9" classname="com.google.javascript.jscomp.TypeCheckTest" time="0.005"/>
  <testcase name="testInheritPropFromMultipleInterfaces1" classname="com.google.javascript.jscomp.TypeCheckTest" time="0.004"/>
  <testcase name="testInheritPropFromMultipleInterfaces2" classname="com.google.javascript.jscomp.TypeCheckTest" time="0.006"/>
  <testcase name="testInheritPropFromMultipleInterfaces3" classname="com.google.javascript.jscomp.TypeCheckTest" time="0.006"/>
  <testcase name="testNonNullTemplatedThis" classname="com.google.javascript.jscomp.TypeCheckTest" time="0.006"/>
  <testcase name="testStructuralInterfaceMatching1_1" classname="com.google.javascript.jscomp.TypeCheckTest" time="0.005"/>
  <testcase name="testStructuralInterfaceMatching4_1" classname="com.google.javascript.jscomp.TypeCheckTest" time="0.005"/>
  <testcase name="testStructuralInterfaceMatching5_1" classname="com.google.javascript.jscomp.TypeCheckTest" time="0.005"/>
  <testcase name="testStructuralInterfaceMatching7_1" classname="com.google.javascript.jscomp.TypeCheckTest" time="0.005"/>
  <testcase name="testBadDict" classname="com.google.javascript.jscomp.TypeCheckTest" time="0.004"/>
  <testcase name="testPropertyInferredPropagation" classname="com.google.javascript.jscomp.TypeCheckTest" time="0.005"/>
  <testcase name="testBitOperation1" classname="com.google.javascript.jscomp.TypeCheckTest" time="0.005"/>
  <testcase name="testBitOperation2" classname="com.google.javascript.jscomp.TypeCheckTest" time="0.005"/>
  <testcase name="testBitOperation3" classname="com.google.javascript.jscomp.TypeCheckTest" time="0.005"/>
  <testcase name="testBitOperation4" classname="com.google.javascript.jscomp.TypeCheckTest" time="0.005"/>
  <testcase name="testBitOperation5" classname="com.google.javascript.jscomp.TypeCheckTest" time="0.005"/>
  <testcase name="testBitOperation6" classname="com.google.javascript.jscomp.TypeCheckTest" time="0.004"/>
  <testcase name="testBitOperation7" classname="com.google.javascript.jscomp.TypeCheckTest" time="0.004"/>
  <testcase name="testBitOperation8" classname="com.google.javascript.jscomp.TypeCheckTest" time="0.005"/>
  <testcase name="testBitOperation9" classname="com.google.javascript.jscomp.TypeCheckTest" time="0.005"/>
  <testcase name="testBadConstructorCall" classname="com.google.javascript.jscomp.TypeCheckTest" time="0.005"/>
  <testcase name="testPropertyUsedBeforeDefinition1" classname="com.google.javascript.jscomp.TypeCheckTest" time="0.006"/>
  <testcase name="testPropertyUsedBeforeDefinition2" classname="com.google.javascript.jscomp.TypeCheckTest" time="0.005"/>
  <testcase name="testStubFunctionDeclaration10" classname="com.google.javascript.jscomp.TypeCheckTest" time="0.005"/>
  <testcase name="testAbstractMethodCall_Es6ClassWithSpread" classname="com.google.javascript.jscomp.TypeCheckTest" time="0.01"/>
  <testcase name="testNonexistentPropertyAccessStructSubtype" classname="com.google.javascript.jscomp.TypeCheckTest" time="0.005"/>
  <testcase name="testPrototypePropertyTypes" classname="com.google.javascript.jscomp.TypeCheckTest" time="0.005"/>
  <testcase name="testImplementsExtendsLoop" classname="com.google.javascript.jscomp.TypeCheckTest" time="0.002"/>
  <testcase name="testBooleanUnboxing" classname="com.google.javascript.jscomp.TypeCheckTest" time="0.004"/>
  <testcase name="testAnnotatedPropertyOnInterface1" classname="com.google.javascript.jscomp.TypeCheckTest" time="0.006"/>
  <testcase name="testAnnotatedPropertyOnInterface2" classname="com.google.javascript.jscomp.TypeCheckTest" time="0.005"/>
  <testcase name="testAnnotatedPropertyOnInterface3" classname="com.google.javascript.jscomp.TypeCheckTest" time="0.004"/>
  <testcase name="testAnnotatedPropertyOnInterface4" classname="com.google.javascript.jscomp.TypeCheckTest" time="0.005"/>
  <testcase name="testSuperClassDefinedAfterSubClass1" classname="com.google.javascript.jscomp.TypeCheckTest" time="0.005"/>
  <testcase name="testSuperClassDefinedAfterSubClass2" classname="com.google.javascript.jscomp.TypeCheckTest" time="0.005"/>
  <testcase name="testBooleanAutoboxing" classname="com.google.javascript.jscomp.TypeCheckTest" time="0.005"/>
  <testcase name="testTypeCheckCustomExterns" classname="com.google.javascript.jscomp.TypeCheckTest" time="0.005"/>
  <testcase name="testUndeclaredGlobalProperty1" classname="com.google.javascript.jscomp.TypeCheckTest" time="0.005"/>
  <testcase name="testUndeclaredGlobalProperty2" classname="com.google.javascript.jscomp.TypeCheckTest" time="0.005"/>
  <testcase name="testRestParameters" classname="com.google.javascript.jscomp.TypeCheckTest" time="0.005"/>
  <testcase name="testBadImplementsNonObjectType" classname="com.google.javascript.jscomp.TypeCheckTest" time="0.005"/>
  <testcase name="testDontOverrideNativeScalarTypes" classname="com.google.javascript.jscomp.TypeCheckTest" time="0.006"/>
  <testcase name="testCheckObjectKeyRecursiveType" classname="com.google.javascript.jscomp.TypeCheckTest" time="0.005"/>
  <testcase name="testStringAutoboxing" classname="com.google.javascript.jscomp.TypeCheckTest" time="0.005"/>
  <testcase name="testDirectPrototypeAssignment1" classname="com.google.javascript.jscomp.TypeCheckTest" time="0.005"/>
  <testcase name="testDirectPrototypeAssignment2" classname="com.google.javascript.jscomp.TypeCheckTest" time="0.006"/>
  <testcase name="testDirectPrototypeAssignment3" classname="com.google.javascript.jscomp.TypeCheckTest" time="0.005"/>
  <testcase name="testIArrayLikeAccess1" classname="com.google.javascript.jscomp.TypeCheckTest" time="0.005"/>
  <testcase name="testIArrayLikeAccess2" classname="com.google.javascript.jscomp.TypeCheckTest" time="0.005"/>
  <testcase name="testDefinePropertyOnNullableObject1" classname="com.google.javascript.jscomp.TypeCheckTest" time="0.005"/>
  <testcase name="testDefinePropertyOnNullableObject2" classname="com.google.javascript.jscomp.TypeCheckTest" time="0.005"/>
  <testcase name="testInterfaceExtendsLoop2" classname="com.google.javascript.jscomp.TypeCheckTest" time="0.001"/>
  <testcase name="testIArrayLike10" classname="com.google.javascript.jscomp.TypeCheckTest" time="0.006"/>
  <testcase name="testIArrayLike11" classname="com.google.javascript.jscomp.TypeCheckTest" time="0.005"/>
  <testcase name="testIArrayLike12" classname="com.google.javascript.jscomp.TypeCheckTest" time="0.006"/>
  <testcase name="testIArrayLike13" classname="com.google.javascript.jscomp.TypeCheckTest" time="0.039"/>
  <testcase name="testIArrayLikeStructuralMatch1" classname="com.google.javascript.jscomp.TypeCheckTest" time="0.01"/>
  <testcase name="testIArrayLikeStructuralMatch2" classname="com.google.javascript.jscomp.TypeCheckTest" time="0.01"/>
  <testcase name="testIArrayLikeStructuralMatch3" classname="com.google.javascript.jscomp.TypeCheckTest" time="0.009"/>
  <testcase name="testIArrayLikeStructuralMatch4" classname="com.google.javascript.jscomp.TypeCheckTest" time="0.008"/>
  <testcase name="testIArrayLikeStructuralMatch5" classname="com.google.javascript.jscomp.TypeCheckTest" time="0.008"/>
  <testcase name="testIArrayLikeStructuralMatch6" classname="com.google.javascript.jscomp.TypeCheckTest" time="0.008"/>
  <testcase name="testGenerics1a" classname="com.google.javascript.jscomp.TypeCheckTest" time="0.008"/>
  <testcase name="testGenerics1b" classname="com.google.javascript.jscomp.TypeCheckTest" time="0.007"/>
  <testcase name="testFunctionBind1" classname="com.google.javascript.jscomp.TypeCheckTest" time="0.008"/>
  <testcase name="testFunctionBind2" classname="com.google.javascript.jscomp.TypeCheckTest" time="0.013"/>
  <testcase name="testFunctionBind3" classname="com.google.javascript.jscomp.TypeCheckTest" time="0.01"/>
  <testcase name="testFunctionBind4" classname="com.google.javascript.jscomp.TypeCheckTest" time="0.011"/>
  <testcase name="testFunctionBind5" classname="com.google.javascript.jscomp.TypeCheckTest" time="0.011"/>
  <testcase name="testFunctionBind6" classname="com.google.javascript.jscomp.TypeCheckTest" time="0.01"/>
  <testcase name="testFunctionBind7" classname="com.google.javascript.jscomp.TypeCheckTest" time="0.011"/>
  <testcase name="testFunctionBind8" classname="com.google.javascript.jscomp.TypeCheckTest" time="0.01"/>
  <testcase name="testFunctionBind9" classname="com.google.javascript.jscomp.TypeCheckTest" time="0.011"/>
  <testcase name="testFunctionCall1" classname="com.google.javascript.jscomp.TypeCheckTest" time="0.007"/>
  <testcase name="testFunctionCall2" classname="com.google.javascript.jscomp.TypeCheckTest" time="0.006"/>
  <testcase name="testFunctionCall3" classname="com.google.javascript.jscomp.TypeCheckTest" time="0.006"/>
  <testcase name="testFunctionCall4" classname="com.google.javascript.jscomp.TypeCheckTest" time="0.006"/>
  <testcase name="testFunctionCall5" classname="com.google.javascript.jscomp.TypeCheckTest" time="0.006"/>
  <testcase name="testFunctionCall6" classname="com.google.javascript.jscomp.TypeCheckTest" time="0.006"/>
  <testcase name="testFunctionCall7" classname="com.google.javascript.jscomp.TypeCheckTest" time="0.006"/>
  <testcase name="testFunctionCall8" classname="com.google.javascript.jscomp.TypeCheckTest" time="0.006"/>
  <testcase name="testFunctionCall9" classname="com.google.javascript.jscomp.TypeCheckTest" time="0.006"/>
  <testcase name="testBadExtends1" classname="com.google.javascript.jscomp.TypeCheckTest" time="0.006"/>
  <testcase name="testBadExtends2" classname="com.google.javascript.jscomp.TypeCheckTest" time="0.006"/>
  <testcase name="testBadExtends3" classname="com.google.javascript.jscomp.TypeCheckTest" time="0.006"/>
  <testcase name="testBadExtends4" classname="com.google.javascript.jscomp.TypeCheckTest" time="0.006"/>
  <testcase name="testBadExtends5" classname="com.google.javascript.jscomp.TypeCheckTest" time="0.006"/>
  <testcase name="testBadExtends6" classname="com.google.javascript.jscomp.TypeCheckTest" time="0.006"/>
  <testcase name="testPropertyCanBeDefinedInObject" classname="com.google.javascript.jscomp.TypeCheckTest" time="0.006"/>
  <testcase name="testBadSuperclassInheritance1" classname="com.google.javascript.jscomp.TypeCheckTest" time="0.006"/>
  <testcase name="testBadSuperclassInheritance2" classname="com.google.javascript.jscomp.TypeCheckTest" time="0.006"/>
  <testcase name="testBadSuperclassInheritance3" classname="com.google.javascript.jscomp.TypeCheckTest" time="0.006"/>
  <testcase name="testLends10" classname="com.google.javascript.jscomp.TypeCheckTest" time="0.006"/>
  <testcase name="testLends11" classname="com.google.javascript.jscomp.TypeCheckTest" time="0.007"/>
  <testcase name="testAbstractMethodCall_Indirect1" classname="com.google.javascript.jscomp.TypeCheckTest" time="0.006"/>
  <testcase name="testAbstractMethodCall_Indirect2" classname="com.google.javascript.jscomp.TypeCheckTest" time="0.006"/>
  <testcase name="testUnknownForIn" classname="com.google.javascript.jscomp.TypeCheckTest" time="0.006"/>
  <testcase name="testTypeCheckBasicDowncast" classname="com.google.javascript.jscomp.TypeCheckTest" time="0.006"/>
  <testcase name="testNonexistentPropertyAccessStructInterfaceSubtype" classname="com.google.javascript.jscomp.TypeCheckTest" time="0.006"/>
  <testcase name="testConstructorType10" classname="com.google.javascript.jscomp.TypeCheckTest" time="0.006"/>
  <testcase name="testConstructorType11" classname="com.google.javascript.jscomp.TypeCheckTest" time="0.006"/>
  <testcase name="testConstructorType12" classname="com.google.javascript.jscomp.TypeCheckTest" time="0.006"/>
  <testcase name="testConcreteMethodInAbstractClass1" classname="com.google.javascript.jscomp.TypeCheckTest" time="0.006"/>
  <testcase name="testConcreteMethodInAbstractClass2" classname="com.google.javascript.jscomp.TypeCheckTest" time="0.007"/>
  <testcase name="testForwardTypeDeclaration1" classname="com.google.javascript.jscomp.TypeCheckTest" time="0.001"/>
  <testcase name="testForwardTypeDeclaration2" classname="com.google.javascript.jscomp.TypeCheckTest" time="0.002"/>
  <testcase name="testForwardTypeDeclaration3" classname="com.google.javascript.jscomp.TypeCheckTest" time="0.001"/>
  <testcase name="testForwardTypeDeclaration4" classname="com.google.javascript.jscomp.TypeCheckTest" time="0.001"/>
  <testcase name="testForwardTypeDeclaration5" classname="com.google.javascript.jscomp.TypeCheckTest" time="0.001"/>
  <testcase name="testForwardTypeDeclaration6" classname="com.google.javascript.jscomp.TypeCheckTest" time="0.001"/>
  <testcase name="testForwardTypeDeclaration7" classname="com.google.javascript.jscomp.TypeCheckTest" time="0.001"/>
  <testcase name="testForwardTypeDeclaration8" classname="com.google.javascript.jscomp.TypeCheckTest" time="0.001"/>
  <testcase name="testForwardTypeDeclaration9" classname="com.google.javascript.jscomp.TypeCheckTest" time="0.001"/>
  <testcase name="testDontAddMethodsIfNoConstructor" classname="com.google.javascript.jscomp.TypeCheckTest" time="0.007"/>
  <testcase name="testConstructorAlias10" classname="com.google.javascript.jscomp.TypeCheckTest" time="0.006"/>
  <testcase name="testConstructorAlias11" classname="com.google.javascript.jscomp.TypeCheckTest" time="0.007"/>
  <testcase name="testModuloNullUndefThatWorkedWithoutSpecialSubtypingRules1" classname="com.google.javascript.jscomp.TypeCheckTest" time="0.006"/>
  <testcase name="testModuloNullUndefThatWorkedWithoutSpecialSubtypingRules2" classname="com.google.javascript.jscomp.TypeCheckTest" time="0.007"/>
  <testcase name="testModuloNullUndefThatWorkedWithoutSpecialSubtypingRules3" classname="com.google.javascript.jscomp.TypeCheckTest" time="0.006"/>
  <testcase name="testModuloNullUndefThatWorkedWithoutSpecialSubtypingRules4" classname="com.google.javascript.jscomp.TypeCheckTest" time="0.006"/>
  <testcase name="testAbstractMethodCall_Es6Class_prototype_warning" classname="com.google.javascript.jscomp.TypeCheckTest" time="0.01"/>
  <testcase name="testOptionalArgFunctionParam" classname="com.google.javascript.jscomp.TypeCheckTest" time="0.006"/>
  <testcase name="testObjLitDef4" classname="com.google.javascript.jscomp.TypeCheckTest" time="0.006"/>
  <testcase name="testObjLitDef5" classname="com.google.javascript.jscomp.TypeCheckTest" time="0.006"/>
  <testcase name="testObjLitDef6" classname="com.google.javascript.jscomp.TypeCheckTest" time="0.006"/>
  <testcase name="testObjLitDef7" classname="com.google.javascript.jscomp.TypeCheckTest" time="0.006"/>
  <testcase name="testFunctionInference21a" classname="com.google.javascript.jscomp.TypeCheckTest" time="0.006"/>
  <testcase name="testFunctionInference21b" classname="com.google.javascript.jscomp.TypeCheckTest" time="0.006"/>
  <testcase name="testStubFunctionDeclaration1" classname="com.google.javascript.jscomp.TypeCheckTest" time="0.006"/>
  <testcase name="testStubFunctionDeclaration2" classname="com.google.javascript.jscomp.TypeCheckTest" time="0.001"/>
  <testcase name="testStubFunctionDeclaration3" classname="com.google.javascript.jscomp.TypeCheckTest" time="0.006"/>
  <testcase name="testStubFunctionDeclaration4" classname="com.google.javascript.jscomp.TypeCheckTest" time="0.006"/>
  <testcase name="testStubFunctionDeclaration5" classname="com.google.javascript.jscomp.TypeCheckTest" time="0.006"/>
  <testcase name="testStubFunctionDeclaration6" classname="com.google.javascript.jscomp.TypeCheckTest" time="0.006"/>
  <testcase name="testStubFunctionDeclaration7" classname="com.google.javascript.jscomp.TypeCheckTest" time="0.006"/>
  <testcase name="testStubFunctionDeclaration8" classname="com.google.javascript.jscomp.TypeCheckTest" time="0.006"/>
  <testcase name="testStubFunctionDeclaration9" classname="com.google.javascript.jscomp.TypeCheckTest" time="0.006"/>
  <testcase name="testUnknownTypeReport" classname="com.google.javascript.jscomp.TypeCheckTest" time="0.006"/>
  <testcase name="testWarnDataPropertyOnInterface3" classname="com.google.javascript.jscomp.TypeCheckTest" time="0.006"/>
  <testcase name="testWarnDataPropertyOnInterface4" classname="com.google.javascript.jscomp.TypeCheckTest" time="0.006"/>
  <testcase name="testFunctionLiteralUnreadNullThisArgument" classname="com.google.javascript.jscomp.TypeCheckTest" time="0.007"/>
  <testcase name="testTemplatizedObjectOnWindow" classname="com.google.javascript.jscomp.TypeCheckTest" time="0.006"/>
  <testcase name="testValueTypeBuiltInPrototypePropertyType" classname="com.google.javascript.jscomp.TypeCheckTest" time="0.006"/>
  <testcase name="testInterfaceInheritanceCheck10" classname="com.google.javascript.jscomp.TypeCheckTest" time="0.007"/>
  <testcase name="testInterfaceInheritanceCheck11" classname="com.google.javascript.jscomp.TypeCheckTest" time="0.006"/>
  <testcase name="testInterfaceInheritanceCheck12" classname="com.google.javascript.jscomp.TypeCheckTest" time="0.006"/>
  <testcase name="testInterfaceInheritanceCheck13" classname="com.google.javascript.jscomp.TypeCheckTest" time="0.006"/>
  <testcase name="testInterfaceInheritanceCheck14" classname="com.google.javascript.jscomp.TypeCheckTest" time="0.006"/>
  <testcase name="testInterfaceInheritanceCheck15" classname="com.google.javascript.jscomp.TypeCheckTest" time="0.006"/>
  <testcase name="testInterfaceInheritanceCheck16" classname="com.google.javascript.jscomp.TypeCheckTest" time="0.007"/>
  <testcase name="testQualifiedNameReduction1" classname="com.google.javascript.jscomp.TypeCheckTest" time="0.005"/>
  <testcase name="testQualifiedNameReduction2" classname="com.google.javascript.jscomp.TypeCheckTest" time="0.006"/>
  <testcase name="testQualifiedNameReduction3" classname="com.google.javascript.jscomp.TypeCheckTest" time="0.007"/>
  <testcase name="testQualifiedNameReduction4" classname="com.google.javascript.jscomp.TypeCheckTest" time="0.002"/>
  <testcase name="testQualifiedNameReduction6" classname="com.google.javascript.jscomp.TypeCheckTest" time="0.006"/>
  <testcase name="testQualifiedNameReduction7" classname="com.google.javascript.jscomp.TypeCheckTest" time="0.006"/>
  <testcase name="testQualifiedNameReduction8" classname="com.google.javascript.jscomp.TypeCheckTest" time="0.006"/>
  <testcase name="testQualifiedNameReduction9" classname="com.google.javascript.jscomp.TypeCheckTest" time="0.006"/>
  <testcase name="testEnumStaticMethod1" classname="com.google.javascript.jscomp.TypeCheckTest" time="0.006"/>
  <testcase name="testEnumStaticMethod2" classname="com.google.javascript.jscomp.TypeCheckTest" time="0.007"/>
  <testcase name="testMissingProperty1" classname="com.google.javascript.jscomp.TypeCheckTest" time="0.062"/>
  <testcase name="testMissingProperty2" classname="com.google.javascript.jscomp.TypeCheckTest" time="0.006"/>
  <testcase name="testMissingProperty3" classname="com.google.javascript.jscomp.TypeCheckTest" time="0.006"/>
  <testcase name="testMissingProperty4" classname="com.google.javascript.jscomp.TypeCheckTest" time="0.005"/>
  <testcase name="testMissingProperty5" classname="com.google.javascript.jscomp.TypeCheckTest" time="0.006"/>
  <testcase name="testMissingProperty6" classname="com.google.javascript.jscomp.TypeCheckTest" time="0.006"/>
  <testcase name="testMissingProperty7" classname="com.google.javascript.jscomp.TypeCheckTest" time="0.006"/>
  <testcase name="testMissingProperty8" classname="com.google.javascript.jscomp.TypeCheckTest" time="0.005"/>
  <testcase name="testMissingProperty9" classname="com.google.javascript.jscomp.TypeCheckTest" time="0.006"/>
  <testcase name="testStructuralInterfaceWithOptionalProperty" classname="com.google.javascript.jscomp.TypeCheckTest" time="0.006"/>
  <testcase name="testStructuralInterfaceWithTopProperty" classname="com.google.javascript.jscomp.TypeCheckTest" time="0.006"/>
  <testcase name="testCovarianceForRecordType1" classname="com.google.javascript.jscomp.TypeCheckTest" time="0.009"/>
  <testcase name="testCovarianceForRecordType2" classname="com.google.javascript.jscomp.TypeCheckTest" time="0.006"/>
  <testcase name="testCovarianceForRecordType3" classname="com.google.javascript.jscomp.TypeCheckTest" time="0.006"/>
  <testcase name="testCovarianceForRecordType4" classname="com.google.javascript.jscomp.TypeCheckTest" time="0.006"/>
  <testcase name="testCovarianceForRecordType5" classname="com.google.javascript.jscomp.TypeCheckTest" time="0.006"/>
  <testcase name="testCovarianceForRecordType6" classname="com.google.javascript.jscomp.TypeCheckTest" time="0.006"/>
  <testcase name="testCovarianceForRecordType7" classname="com.google.javascript.jscomp.TypeCheckTest" time="0.006"/>
  <testcase name="testCovarianceForRecordType8" classname="com.google.javascript.jscomp.TypeCheckTest" time="0.006"/>
  <testcase name="testCovarianceForRecordType9" classname="com.google.javascript.jscomp.TypeCheckTest" time="0.006"/>
  <testcase name="testMissingProperty28a" classname="com.google.javascript.jscomp.TypeCheckTest" time="0.006"/>
  <testcase name="testMissingProperty28b" classname="com.google.javascript.jscomp.TypeCheckTest" time="0.006"/>
  <testcase name="testErrorMismatchingPropertyOnInterface4" classname="com.google.javascript.jscomp.TypeCheckTest" time="0.005"/>
  <testcase name="testErrorMismatchingPropertyOnInterface5" classname="com.google.javascript.jscomp.TypeCheckTest" time="0.006"/>
  <testcase name="testErrorMismatchingPropertyOnInterface6" classname="com.google.javascript.jscomp.TypeCheckTest" time="0.001"/>
  <testcase name="testInheritSameGenericInterfaceFromDifferentPaths" classname="com.google.javascript.jscomp.TypeCheckTest" time="0.006"/>
  <testcase name="testIObject10" classname="com.google.javascript.jscomp.TypeCheckTest" time="0.006"/>
  <testcase name="testIObject11" classname="com.google.javascript.jscomp.TypeCheckTest" time="0.006"/>
  <testcase name="testIObject12" classname="com.google.javascript.jscomp.TypeCheckTest" time="0.006"/>
  <testcase name="testIObject13" classname="com.google.javascript.jscomp.TypeCheckTest" time="0.005"/>
  <testcase name="testIObject14" classname="com.google.javascript.jscomp.TypeCheckTest" time="0.006"/>
  <testcase name="testTypeDef1" classname="com.google.javascript.jscomp.TypeCheckTest" time="0.005"/>
  <testcase name="testTypeDef2" classname="com.google.javascript.jscomp.TypeCheckTest" time="0.005"/>
  <testcase name="testTypeDef3" classname="com.google.javascript.jscomp.TypeCheckTest" time="0.005"/>
  <testcase name="testTypeDef4" classname="com.google.javascript.jscomp.TypeCheckTest" time="0.005"/>
  <testcase name="testTypeDef5" classname="com.google.javascript.jscomp.TypeCheckTest" time="0.005"/>
  <testcase name="testTemplateMap1" classname="com.google.javascript.jscomp.TypeCheckTest" time="0.006"/>
  <testcase name="testTemplateMap2" classname="com.google.javascript.jscomp.TypeCheckTest" time="0.005"/>
  <testcase name="testTemplateMap3" classname="com.google.javascript.jscomp.TypeCheckTest" time="0.005"/>
  <testcase name="testTemplateMap4" classname="com.google.javascript.jscomp.TypeCheckTest" time="0.006"/>
  <testcase name="testTemplateMap5" classname="com.google.javascript.jscomp.TypeCheckTest" time="0.005"/>
  <testcase name="testTemplateMap6" classname="com.google.javascript.jscomp.TypeCheckTest" time="0.005"/>
  <testcase name="testDeclareBuiltInConstructor" classname="com.google.javascript.jscomp.TypeCheckTest" time="0.005"/>
  <testcase name="testImplicitCastNotInExterns" classname="com.google.javascript.jscomp.TypeCheckTest" time="0.001"/>
  <testcase name="testTemplatized1" classname="com.google.javascript.jscomp.TypeCheckTest" time="0.004"/>
  <testcase name="testTemplatized2" classname="com.google.javascript.jscomp.TypeCheckTest" time="0.005"/>
  <testcase name="testTemplatized3" classname="com.google.javascript.jscomp.TypeCheckTest" time="0.005"/>
  <testcase name="testTemplatized4" classname="com.google.javascript.jscomp.TypeCheckTest" time="0.004"/>
  <testcase name="testTemplatized5" classname="com.google.javascript.jscomp.TypeCheckTest" time="0.006"/>
  <testcase name="testTemplatized6" classname="com.google.javascript.jscomp.TypeCheckTest" time="0.005"/>
  <testcase name="testTemplatized7" classname="com.google.javascript.jscomp.TypeCheckTest" time="0.005"/>
  <testcase name="testTemplatized9" classname="com.google.javascript.jscomp.TypeCheckTest" time="0.005"/>
  <testcase name="testBug901455a" classname="com.google.javascript.jscomp.TypeCheckTest" time="0.005"/>
  <testcase name="testBug901455b" classname="com.google.javascript.jscomp.TypeCheckTest" time="0.005"/>
  <testcase name="testBug911118a" classname="com.google.javascript.jscomp.TypeCheckTest" time="0.004"/>
  <testcase name="testBug911118b" classname="com.google.javascript.jscomp.TypeCheckTest" time="0.005"/>
  <testcase name="testDuplicateTypeDef" classname="com.google.javascript.jscomp.TypeCheckTest" time="0.005"/>
  <testcase name="testStructuralInterfacesMatchOwnProperties1" classname="com.google.javascript.jscomp.TypeCheckTest" time="0.005"/>
  <testcase name="testStructuralInterfacesMatchOwnProperties2" classname="com.google.javascript.jscomp.TypeCheckTest" time="0.005"/>
  <testcase name="testStructuralInterfacesMatchOwnProperties3" classname="com.google.javascript.jscomp.TypeCheckTest" time="0.005"/>
  <testcase name="testBadInterfaceExtends1" classname="com.google.javascript.jscomp.TypeCheckTest" time="0.005"/>
  <testcase name="testBadInterfaceExtends2" classname="com.google.javascript.jscomp.TypeCheckTest" time="0.005"/>
  <testcase name="testBadInterfaceExtends3" classname="com.google.javascript.jscomp.TypeCheckTest" time="0.004"/>
  <testcase name="testBadInterfaceExtends4" classname="com.google.javascript.jscomp.TypeCheckTest" time="0.005"/>
  <testcase name="testBadInterfaceExtends5" classname="com.google.javascript.jscomp.TypeCheckTest" time="0.044"/>
  <testcase name="testNumberAutoboxing" classname="com.google.javascript.jscomp.TypeCheckTest" time="0.005"/>
  <testcase name="testCast17a" classname="com.google.javascript.jscomp.TypeCheckTest" time="0.005"/>
  <testcase name="testCast17b" classname="com.google.javascript.jscomp.TypeCheckTest" time="0.005"/>
  <testcase name="testCast27a" classname="com.google.javascript.jscomp.TypeCheckTest" time="0.005"/>
  <testcase name="testCast28a" classname="com.google.javascript.jscomp.TypeCheckTest" time="0.005"/>
  <testcase name="testCast29a" classname="com.google.javascript.jscomp.TypeCheckTest" time="0.005"/>
  <testcase name="testCast29b" classname="com.google.javascript.jscomp.TypeCheckTest" time="0.004"/>
  <testcase name="testCast29c" classname="com.google.javascript.jscomp.TypeCheckTest" time="0.005"/>
  <testcase name="testCast33a" classname="com.google.javascript.jscomp.TypeCheckTest" time="0.005"/>
  <testcase name="testCast33b" classname="com.google.javascript.jscomp.TypeCheckTest" time="0.005"/>
  <testcase name="testCast33c" classname="com.google.javascript.jscomp.TypeCheckTest" time="0.005"/>
  <testcase name="testCast33d" classname="com.google.javascript.jscomp.TypeCheckTest" time="0.005"/>
  <testcase name="testCast34a" classname="com.google.javascript.jscomp.TypeCheckTest" time="0.004"/>
  <testcase name="testCast34b" classname="com.google.javascript.jscomp.TypeCheckTest" time="0.005"/>
  <testcase name="testTypeCheckNoDowncastToNumber" classname="com.google.javascript.jscomp.TypeCheckTest" time="0.005"/>
  <testcase name="testIArrayLikeCovariant1" classname="com.google.javascript.jscomp.TypeCheckTest" time="0.005"/>
  <testcase name="testIArrayLikeCovariant2" classname="com.google.javascript.jscomp.TypeCheckTest" time="0.005"/>
  <testcase name="testBug592170" classname="com.google.javascript.jscomp.TypeCheckTest" time="0.005"/>
  <testcase name="testGetelemStruct_noErrorForSettingWellKnownSymbol" classname="com.google.javascript.jscomp.TypeCheckTest" time="0.005"/>
  <testcase name="testObjectLiteralDeclaration1" classname="com.google.javascript.jscomp.TypeCheckTest" time="0.005"/>
  <testcase name="testObjectLiteralDeclaration2" classname="com.google.javascript.jscomp.TypeCheckTest" time="0.004"/>
  <testcase name="testObjectLiteralDeclaration3" classname="com.google.javascript.jscomp.TypeCheckTest" time="0.005"/>
  <testcase name="testObjectLiteralDeclaration4" classname="com.google.javascript.jscomp.TypeCheckTest" time="0.001"/>
  <testcase name="testObjectLiteralDeclaration5" classname="com.google.javascript.jscomp.TypeCheckTest" time="0.005"/>
  <testcase name="testObjectLiteralDeclaration6" classname="com.google.javascript.jscomp.TypeCheckTest" time="0.004"/>
  <testcase name="testObjectLiteralDeclaration7" classname="com.google.javascript.jscomp.TypeCheckTest" time="0.005"/>
  <testcase name="testTypeInferenceWithCast1" classname="com.google.javascript.jscomp.TypeCheckTest" time="0.005"/>
  <testcase name="testTypeInferenceWithCast2" classname="com.google.javascript.jscomp.TypeCheckTest" time="0.005"/>
  <testcase name="testTypeInferenceWithCast3" classname="com.google.javascript.jscomp.TypeCheckTest" time="0.005"/>
  <testcase name="testTypeInferenceWithCast4" classname="com.google.javascript.jscomp.TypeCheckTest" time="0.004"/>
  <testcase name="testTypeInferenceWithCast5" classname="com.google.javascript.jscomp.TypeCheckTest" time="0.005"/>
  <testcase name="testGoodExtends10" classname="com.google.javascript.jscomp.TypeCheckTest" time="0.005"/>
  <testcase name="testGoodExtends11" classname="com.google.javascript.jscomp.TypeCheckTest" time="0.005"/>
  <testcase name="testGoodExtends12" classname="com.google.javascript.jscomp.TypeCheckTest" time="0.004"/>
  <testcase name="testGoodExtends13" classname="com.google.javascript.jscomp.TypeCheckTest" time="0.006"/>
  <testcase name="testGoodExtends14" classname="com.google.javascript.jscomp.TypeCheckTest" time="0.005"/>
  <testcase name="testGoodExtends15" classname="com.google.javascript.jscomp.TypeCheckTest" time="0.006"/>
  <testcase name="testGoodExtends16" classname="com.google.javascript.jscomp.TypeCheckTest" time="0.005"/>
  <testcase name="testGoodExtends17" classname="com.google.javascript.jscomp.TypeCheckTest" time="0.006"/>
  <testcase name="testGoodExtends18" classname="com.google.javascript.jscomp.TypeCheckTest" time="0.005"/>
  <testcase name="testGoodExtends19" classname="com.google.javascript.jscomp.TypeCheckTest" time="0.006"/>
  <testcase name="testInterfaceExtends" classname="com.google.javascript.jscomp.TypeCheckTest" time="0.005"/>
  <testcase name="testScoping1" classname="com.google.javascript.jscomp.TypeCheckTest" time="0.006"/>
  <testcase name="testScoping2" classname="com.google.javascript.jscomp.TypeCheckTest" time="0.004"/>
  <testcase name="testScoping3" classname="com.google.javascript.jscomp.TypeCheckTest" time="0.005"/>
  <testcase name="testScoping4" classname="com.google.javascript.jscomp.TypeCheckTest" time="0.005"/>
  <testcase name="testScoping5" classname="com.google.javascript.jscomp.TypeCheckTest" time="0.004"/>
  <testcase name="testScoping6" classname="com.google.javascript.jscomp.TypeCheckTest" time="0.006"/>
  <testcase name="testScoping7" classname="com.google.javascript.jscomp.TypeCheckTest" time="0.005"/>
  <testcase name="testScoping8" classname="com.google.javascript.jscomp.TypeCheckTest" time="0.004"/>
  <testcase name="testScoping9" classname="com.google.javascript.jscomp.TypeCheckTest" time="0.005"/>
  <testcase name="testb38182645" classname="com.google.javascript.jscomp.TypeCheckTest" time="0.005"/>
  <testcase name="testTemplatizedArray1" classname="com.google.javascript.jscomp.TypeCheckTest" time="0.004"/>
  <testcase name="testTemplatizedArray2" classname="com.google.javascript.jscomp.TypeCheckTest" time="0.005"/>
  <testcase name="testTemplatizedArray3" classname="com.google.javascript.jscomp.TypeCheckTest" time="0.004"/>
  <testcase name="testTemplatizedArray4" classname="com.google.javascript.jscomp.TypeCheckTest" time="0.005"/>
  <testcase name="testTemplatizedArray5" classname="com.google.javascript.jscomp.TypeCheckTest" time="0.005"/>
  <testcase name="testTemplatizedArray6" classname="com.google.javascript.jscomp.TypeCheckTest" time="0.004"/>
  <testcase name="testTemplatizedArray7" classname="com.google.javascript.jscomp.TypeCheckTest" time="0.005"/>
  <testcase name="testTemplatedFunctionInUnion1" classname="com.google.javascript.jscomp.TypeCheckTest" time="0.004"/>
  <testcase name="testReflectObject1" classname="com.google.javascript.jscomp.TypeCheckTest" time="0.001"/>
  <testcase name="testReflectObject2" classname="com.google.javascript.jscomp.TypeCheckTest" time="0.001"/>
  <testcase name="testSuperclassMatchWithMixin" classname="com.google.javascript.jscomp.TypeCheckTest" time="0.005"/>
  <testcase name="testBug908625" classname="com.google.javascript.jscomp.TypeCheckTest" time="0.005"/>
  <testcase name="testBug908701" classname="com.google.javascript.jscomp.TypeCheckTest" time="0.004"/>
  <testcase name="testBug909000" classname="com.google.javascript.jscomp.TypeCheckTest" time="0.073"/>
  <testcase name="testBug930117" classname="com.google.javascript.jscomp.TypeCheckTest" time="0.005"/>
  <testcase name="testValueOfComparison1" classname="com.google.javascript.jscomp.TypeCheckTest" time="0.005"/>
  <testcase name="testValueOfComparison2" classname="com.google.javascript.jscomp.TypeCheckTest" time="0.005"/>
  <testcase name="testValueOfComparison3" classname="com.google.javascript.jscomp.TypeCheckTest" time="0.005"/>
  <testcase name="testAbstractMethodCall10" classname="com.google.javascript.jscomp.TypeCheckTest" time="0.005"/>
  <testcase name="testAbstractMethodCall11" classname="com.google.javascript.jscomp.TypeCheckTest" time="0.005"/>
  <testcase name="testAbstractMethodCall12" classname="com.google.javascript.jscomp.TypeCheckTest" time="0.005"/>
  <testcase name="testAbstractMethodCall13" classname="com.google.javascript.jscomp.TypeCheckTest" time="0.005"/>
  <testcase name="testControlFlowRestrictsType1" classname="com.google.javascript.jscomp.TypeCheckTest" time="0.005"/>
  <testcase name="testControlFlowRestrictsType2" classname="com.google.javascript.jscomp.TypeCheckTest" time="0.005"/>
  <testcase name="testControlFlowRestrictsType3" classname="com.google.javascript.jscomp.TypeCheckTest" time="0.005"/>
  <testcase name="testControlFlowRestrictsType4" classname="com.google.javascript.jscomp.TypeCheckTest" time="0.006"/>
  <testcase name="testControlFlowRestrictsType5" classname="com.google.javascript.jscomp.TypeCheckTest" time="0.005"/>
  <testcase name="testControlFlowRestrictsType6" classname="com.google.javascript.jscomp.TypeCheckTest" time="0.005"/>
  <testcase name="testControlFlowRestrictsType7" classname="com.google.javascript.jscomp.TypeCheckTest" time="0.006"/>
  <testcase name="testControlFlowRestrictsType8" classname="com.google.javascript.jscomp.TypeCheckTest" time="0.006"/>
  <testcase name="testControlFlowRestrictsType9" classname="com.google.javascript.jscomp.TypeCheckTest" time="0.005"/>
  <testcase name="testGatherProperyWithoutAnnotation1" classname="com.google.javascript.jscomp.TypeCheckTest" time="0.008"/>
  <testcase name="testGatherProperyWithoutAnnotation2" classname="com.google.javascript.jscomp.TypeCheckTest" time="0.01"/>
  <testcase name="testTypeCheckCustomExterns2" classname="com.google.javascript.jscomp.TypeCheckTest" time="0.009"/>
  <testcase name="testResolutionViaRegistry1" classname="com.google.javascript.jscomp.TypeCheckTest" time="0.011"/>
  <testcase name="testResolutionViaRegistry2" classname="com.google.javascript.jscomp.TypeCheckTest" time="0.009"/>
  <testcase name="testResolutionViaRegistry3" classname="com.google.javascript.jscomp.TypeCheckTest" time="0.01"/>
  <testcase name="testResolutionViaRegistry4" classname="com.google.javascript.jscomp.TypeCheckTest" time="0.01"/>
  <testcase name="testResolutionViaRegistry5" classname="com.google.javascript.jscomp.TypeCheckTest" time="0.008"/>
  <testcase name="testAbstractMethodImplemented1" classname="com.google.javascript.jscomp.TypeCheckTest" time="0.009"/>
  <testcase name="testAbstractMethodImplemented2" classname="com.google.javascript.jscomp.TypeCheckTest" time="0.009"/>
  <testcase name="testDuplicateVariableDefinition1" classname="com.google.javascript.jscomp.TypeCheckTest" time="0.007"/>
  <testcase name="testDuplicateVariableDefinition3" classname="com.google.javascript.jscomp.TypeCheckTest" time="0.005"/>
  <testcase name="testDuplicateVariableDefinition4" classname="com.google.javascript.jscomp.TypeCheckTest" time="0.005"/>
  <testcase name="testDuplicateVariableDefinition5" classname="com.google.javascript.jscomp.TypeCheckTest" time="0.005"/>
  <testcase name="testDuplicateVariableDefinition6" classname="com.google.javascript.jscomp.TypeCheckTest" time="0.005"/>
  <testcase name="testDuplicateVariableDefinition7" classname="com.google.javascript.jscomp.TypeCheckTest" time="0.005"/>
  <testcase name="testDuplicateVariableDefinition8" classname="com.google.javascript.jscomp.TypeCheckTest" time="0.005"/>
  <testcase name="testBackwardsTypedefUse10" classname="com.google.javascript.jscomp.TypeCheckTest" time="0.005"/>
  <testcase name="testGlobalThis2b" classname="com.google.javascript.jscomp.TypeCheckTest" time="0.005"/>
  <testcase name="testIArrayLike1" classname="com.google.javascript.jscomp.TypeCheckTest" time="0.006"/>
  <testcase name="testIArrayLike2" classname="com.google.javascript.jscomp.TypeCheckTest" time="0.006"/>
  <testcase name="testIArrayLike3" classname="com.google.javascript.jscomp.TypeCheckTest" time="0.006"/>
  <testcase name="testIArrayLike4" classname="com.google.javascript.jscomp.TypeCheckTest" time="0.005"/>
  <testcase name="testIArrayLike5" classname="com.google.javascript.jscomp.TypeCheckTest" time="0.006"/>
  <testcase name="testIArrayLike6" classname="com.google.javascript.jscomp.TypeCheckTest" time="0.006"/>
  <testcase name="testIArrayLike7" classname="com.google.javascript.jscomp.TypeCheckTest" time="0.006"/>
  <testcase name="testIArrayLike8" classname="com.google.javascript.jscomp.TypeCheckTest" time="0.005"/>
  <testcase name="testIArrayLike9" classname="com.google.javascript.jscomp.TypeCheckTest" time="0.005"/>
  <testcase name="testFunctionInference10" classname="com.google.javascript.jscomp.TypeCheckTest" time="0.006"/>
  <testcase name="testFunctionInference11" classname="com.google.javascript.jscomp.TypeCheckTest" time="0.004"/>
  <testcase name="testFunctionInference12" classname="com.google.javascript.jscomp.TypeCheckTest" time="0.005"/>
  <testcase name="testFunctionInference13" classname="com.google.javascript.jscomp.TypeCheckTest" time="0.005"/>
  <testcase name="testFunctionInference14" classname="com.google.javascript.jscomp.TypeCheckTest" time="0.005"/>
  <testcase name="testFunctionInference15" classname="com.google.javascript.jscomp.TypeCheckTest" time="0.005"/>
  <testcase name="testFunctionInference16" classname="com.google.javascript.jscomp.TypeCheckTest" time="0.005"/>
  <testcase name="testFunctionInference17" classname="com.google.javascript.jscomp.TypeCheckTest" time="0.005"/>
  <testcase name="testFunctionInference18" classname="com.google.javascript.jscomp.TypeCheckTest" time="0.005"/>
  <testcase name="testFunctionInference19" classname="com.google.javascript.jscomp.TypeCheckTest" time="0.005"/>
  <testcase name="testFunctionInference20" classname="com.google.javascript.jscomp.TypeCheckTest" time="0.005"/>
  <testcase name="testFunctionInference22" classname="com.google.javascript.jscomp.TypeCheckTest" time="0.006"/>
  <testcase name="testFunctionInference23" classname="com.google.javascript.jscomp.TypeCheckTest" time="0.005"/>
  <testcase name="testInterfaceExtendsResolution" classname="com.google.javascript.jscomp.TypeCheckTest" time="0.005"/>
  <testcase name="testInterfaceInstantiation" classname="com.google.javascript.jscomp.TypeCheckTest" time="0.005"/>
  <testcase name="testStructuralInterfaceWithOptionalUnknownProperty" classname="com.google.javascript.jscomp.TypeCheckTest" time="0.005"/>
  <testcase name="testNumericComparison1" classname="com.google.javascript.jscomp.TypeCheckTest" time="0.067"/>
  <testcase name="testNumericComparison2" classname="com.google.javascript.jscomp.TypeCheckTest" time="0.006"/>
  <testcase name="testNumericComparison3" classname="com.google.javascript.jscomp.TypeCheckTest" time="0.005"/>
  <testcase name="testNumericComparison4" classname="com.google.javascript.jscomp.TypeCheckTest" time="0.005"/>
  <testcase name="testNumericComparison5" classname="com.google.javascript.jscomp.TypeCheckTest" time="0.005"/>
  <testcase name="testNumericComparison6" classname="com.google.javascript.jscomp.TypeCheckTest" time="0.005"/>
  <testcase name="testBooleanPreservation1" classname="com.google.javascript.jscomp.TypeCheckTest" time="0.005"/>
  <testcase name="testBooleanPreservation2" classname="com.google.javascript.jscomp.TypeCheckTest" time="0.005"/>
  <testcase name="testBooleanPreservation3" classname="com.google.javascript.jscomp.TypeCheckTest" time="0.005"/>
  <testcase name="testBooleanPreservation4" classname="com.google.javascript.jscomp.TypeCheckTest" time="0.005"/>
  <testcase name="testInnerFunction1" classname="com.google.javascript.jscomp.TypeCheckTest" time="0.005"/>
  <testcase name="testInnerFunction2" classname="com.google.javascript.jscomp.TypeCheckTest" time="0.005"/>
  <testcase name="testInnerFunction3" classname="com.google.javascript.jscomp.TypeCheckTest" time="0.004"/>
  <testcase name="testInnerFunction4" classname="com.google.javascript.jscomp.TypeCheckTest" time="0.005"/>
  <testcase name="testInnerFunction5" classname="com.google.javascript.jscomp.TypeCheckTest" time="0.005"/>
  <testcase name="testInnerFunction6" classname="com.google.javascript.jscomp.TypeCheckTest" time="0.002"/>
  <testcase name="testInnerFunction7" classname="com.google.javascript.jscomp.TypeCheckTest" time="0.002"/>
  <testcase name="testInnerFunction8" classname="com.google.javascript.jscomp.TypeCheckTest" time="0.001"/>
  <testcase name="testInnerFunction9" classname="com.google.javascript.jscomp.TypeCheckTest" time="0.005"/>
  <testcase name="testMultipleExtendsInterface1" classname="com.google.javascript.jscomp.TypeCheckTest" time="0.006"/>
  <testcase name="testMultipleExtendsInterface2" classname="com.google.javascript.jscomp.TypeCheckTest" time="0.005"/>
  <testcase name="testMultipleExtendsInterface3" classname="com.google.javascript.jscomp.TypeCheckTest" time="0.004"/>
  <testcase name="testMultipleExtendsInterface4" classname="com.google.javascript.jscomp.TypeCheckTest" time="0.005"/>
  <testcase name="testMultipleExtendsInterface5" classname="com.google.javascript.jscomp.TypeCheckTest" time="0.006"/>
  <testcase name="testMultipleExtendsInterface6" classname="com.google.javascript.jscomp.TypeCheckTest" time="0.005"/>
  <testcase name="testImplementsLoop" classname="com.google.javascript.jscomp.TypeCheckTest" time="0.001"/>
  <testcase name="testInOnStruct" classname="com.google.javascript.jscomp.TypeCheckTest" time="0.005"/>
  <testcase name="testBug13641083a" classname="com.google.javascript.jscomp.TypeCheckTest" time="0.004"/>
  <testcase name="testBug13641083b" classname="com.google.javascript.jscomp.TypeCheckTest" time="0.005"/>
  <testcase name="testEs5ClassExtendingEs6Class" classname="com.google.javascript.jscomp.TypeCheckTest" time="0.005"/>
  <testcase name="testGoodSuperCall" classname="com.google.javascript.jscomp.TypeCheckTest" time="0.008"/>
  <testcase name="testNoResolvedTypeDoesntCauseInfiniteLoop" classname="com.google.javascript.jscomp.TypeCheckTest" time="0.002"/>
  <testcase name="testArrayLegacyAccess1" classname="com.google.javascript.jscomp.TypeCheckTest" time="0.004"/>
  <testcase name="testOptionalArgFunctionReturn2" classname="com.google.javascript.jscomp.TypeCheckTest" time="0.005"/>
  <testcase name="testScopedConstructors1" classname="com.google.javascript.jscomp.TypeCheckTest" time="0.005"/>
  <testcase name="testScopedConstructors2" classname="com.google.javascript.jscomp.TypeCheckTest" time="0.005"/>
  <testcase name="testAbstractMethodInConcreteClassExtendingAbstractClass" classname="com.google.javascript.jscomp.TypeCheckTest" time="0.005"/>
  <testcase name="testInheritanceCheck12" classname="com.google.javascript.jscomp.TypeCheckTest" time="0.005"/>
  <testcase name="testInheritanceCheck13" classname="com.google.javascript.jscomp.TypeCheckTest" time="0.005"/>
  <testcase name="testInheritanceCheck14" classname="com.google.javascript.jscomp.TypeCheckTest" time="0.001"/>
  <testcase name="testInheritanceCheck15" classname="com.google.javascript.jscomp.TypeCheckTest" time="0.005"/>
  <testcase name="testInheritanceCheck16" classname="com.google.javascript.jscomp.TypeCheckTest" time="0.005"/>
  <testcase name="testInheritanceCheck17" classname="com.google.javascript.jscomp.TypeCheckTest" time="0.005"/>
  <testcase name="testDeterminacyIssue" classname="com.google.javascript.jscomp.TypeCheckTest" time="0.004"/>
  <testcase name="testTemplateTypeForwardReference_declaredMissing" classname="com.google.javascript.jscomp.TypeCheckTest" time="0.005"/>
  <testcase name="testInnerFunction10" classname="com.google.javascript.jscomp.TypeCheckTest" time="0.005"/>
  <testcase name="testInnerFunction11" classname="com.google.javascript.jscomp.TypeCheckTest" time="0.006"/>
  <testcase name="testInheritanceCheck9_1" classname="com.google.javascript.jscomp.TypeCheckTest" time="0.005"/>
  <testcase name="testInheritanceCheck9_2" classname="com.google.javascript.jscomp.TypeCheckTest" time="0.005"/>
  <testcase name="testInheritanceCheck9_3" classname="com.google.javascript.jscomp.TypeCheckTest" time="0.005"/>
  <testcase name="testRecordType1" classname="com.google.javascript.jscomp.TypeCheckTest" time="0.005"/>
  <testcase name="testRecordType2" classname="com.google.javascript.jscomp.TypeCheckTest" time="0.004"/>
  <testcase name="testRecordType3" classname="com.google.javascript.jscomp.TypeCheckTest" time="0.005"/>
  <testcase name="testRecordType4" classname="com.google.javascript.jscomp.TypeCheckTest" time="0.001"/>
  <testcase name="testRecordType5" classname="com.google.javascript.jscomp.TypeCheckTest" time="0.005"/>
  <testcase name="testRecordType6" classname="com.google.javascript.jscomp.TypeCheckTest" time="0.005"/>
  <testcase name="testRecordType7" classname="com.google.javascript.jscomp.TypeCheckTest" time="0.005"/>
  <testcase name="testRecordType8" classname="com.google.javascript.jscomp.TypeCheckTest" time="0.005"/>
  <testcase name="testFunctionAssignement" classname="com.google.javascript.jscomp.TypeCheckTest" time="0.005"/>
  <testcase name="testFilterNoResolvedType" classname="com.google.javascript.jscomp.TypeCheckTest" time="0.001"/>
  <testcase name="testIssue1024a" classname="com.google.javascript.jscomp.TypeCheckTest" time="0.005"/>
  <testcase name="testIssue1024b" classname="com.google.javascript.jscomp.TypeCheckTest" time="0.005"/>
  <testcase name="testIssue1201b" classname="com.google.javascript.jscomp.TypeCheckTest" time="0.005"/>
  <testcase name="testIssue1201c" classname="com.google.javascript.jscomp.TypeCheckTest" time="0.005"/>
  <testcase name="testReturn1" classname="com.google.javascript.jscomp.TypeCheckTest" time="0.005"/>
  <testcase name="testReturn2" classname="com.google.javascript.jscomp.TypeCheckTest" time="0.005"/>
  <testcase name="testReturn3" classname="com.google.javascript.jscomp.TypeCheckTest" time="0.005"/>
  <testcase name="testReturn4" classname="com.google.javascript.jscomp.TypeCheckTest" time="0.005"/>
  <testcase name="testReturn5" classname="com.google.javascript.jscomp.TypeCheckTest" time="0.004"/>
  <testcase name="testReturn6" classname="com.google.javascript.jscomp.TypeCheckTest" time="0.085"/>
  <testcase name="testReturn7" classname="com.google.javascript.jscomp.TypeCheckTest" time="0.005"/>
  <testcase name="testReturn8" classname="com.google.javascript.jscomp.TypeCheckTest" time="0.006"/>
  <testcase name="testRecordWithOptionalProperty" classname="com.google.javascript.jscomp.TypeCheckTest" time="0.005"/>
  <testcase name="testStaticMethodDeclaration1" classname="com.google.javascript.jscomp.TypeCheckTest" time="0.005"/>
  <testcase name="testStaticMethodDeclaration2" classname="com.google.javascript.jscomp.TypeCheckTest" time="0.005"/>
  <testcase name="testStaticMethodDeclaration3" classname="com.google.javascript.jscomp.TypeCheckTest" time="0.005"/>
  <testcase name="testSuperclassMatch" classname="com.google.javascript.jscomp.TypeCheckTest" time="0.005"/>
  <testcase name="testQualifiedNameReduction10" classname="com.google.javascript.jscomp.TypeCheckTest" time="0.005"/>
  <testcase name="testQualifiedNameReduction5a" classname="com.google.javascript.jscomp.TypeCheckTest" time="0.005"/>
  <testcase name="testQualifiedNameReduction5b" classname="com.google.javascript.jscomp.TypeCheckTest" time="0.004"/>
  <testcase name="testQualifiedNameReduction5c" classname="com.google.javascript.jscomp.TypeCheckTest" time="0.005"/>
  <testcase name="testQualifiedNameReduction7a" classname="com.google.javascript.jscomp.TypeCheckTest" time="0.005"/>
  <testcase name="testCatchExpression1" classname="com.google.javascript.jscomp.TypeCheckTest" time="0.005"/>
  <testcase name="testCatchExpression2" classname="com.google.javascript.jscomp.TypeCheckTest" time="0.005"/>
  <testcase name="testDirectPrototypeAssign" classname="com.google.javascript.jscomp.TypeCheckTest" time="0.004"/>
  <testcase name="testNonexistentPropertyAccessOnStructOrObject" classname="com.google.javascript.jscomp.TypeCheckTest" time="0.005"/>
  <testcase name="testOverriddenReturn1" classname="com.google.javascript.jscomp.TypeCheckTest" time="0.005"/>
  <testcase name="testOverriddenReturn2" classname="com.google.javascript.jscomp.TypeCheckTest" time="0.005"/>
  <testcase name="testOverriddenReturn3" classname="com.google.javascript.jscomp.TypeCheckTest" time="0.005"/>
  <testcase name="testOverriddenReturn4" classname="com.google.javascript.jscomp.TypeCheckTest" time="0.005"/>
  <testcase name="testOptionalArgFunctionParamError" classname="com.google.javascript.jscomp.TypeCheckTest" time="0.005"/>
  <testcase name="testTypeCheck10" classname="com.google.javascript.jscomp.TypeCheckTest" time="0.006"/>
  <testcase name="testTypeCheck11" classname="com.google.javascript.jscomp.TypeCheckTest" time="0.005"/>
  <testcase name="testTypeCheck12" classname="com.google.javascript.jscomp.TypeCheckTest" time="0.006"/>
  <testcase name="testTypeCheck13" classname="com.google.javascript.jscomp.TypeCheckTest" time="0.005"/>
  <testcase name="testTypeCheck14" classname="com.google.javascript.jscomp.TypeCheckTest" time="0.005"/>
  <testcase name="testTypeCheck15" classname="com.google.javascript.jscomp.TypeCheckTest" time="0.004"/>
  <testcase name="testTypeCheck16" classname="com.google.javascript.jscomp.TypeCheckTest" time="0.005"/>
  <testcase name="testTypeCheck17" classname="com.google.javascript.jscomp.TypeCheckTest" time="0.005"/>
  <testcase name="testTypeCheck18" classname="com.google.javascript.jscomp.TypeCheckTest" time="0.005"/>
  <testcase name="testTypeCheck19" classname="com.google.javascript.jscomp.TypeCheckTest" time="0.005"/>
  <testcase name="testTypeCheck20" classname="com.google.javascript.jscomp.TypeCheckTest" time="0.005"/>
  <testcase name="testTypeCheck21" classname="com.google.javascript.jscomp.TypeCheckTest" time="0.005"/>
  <testcase name="testTypeCheck22" classname="com.google.javascript.jscomp.TypeCheckTest" time="0.004"/>
  <testcase name="testTypeCheck23" classname="com.google.javascript.jscomp.TypeCheckTest" time="0.005"/>
  <testcase name="testTypeCheck24" classname="com.google.javascript.jscomp.TypeCheckTest" time="0.005"/>
  <testcase name="testTypeCheck25" classname="com.google.javascript.jscomp.TypeCheckTest" time="0.005"/>
  <testcase name="testTypeCheck26" classname="com.google.javascript.jscomp.TypeCheckTest" time="0.004"/>
  <testcase name="testTypeCheck27" classname="com.google.javascript.jscomp.TypeCheckTest" time="0.005"/>
  <testcase name="testTypeCheck28" classname="com.google.javascript.jscomp.TypeCheckTest" time="0.005"/>
  <testcase name="testQualifiedNameInference10" classname="com.google.javascript.jscomp.TypeCheckTest" time="0.004"/>
  <testcase name="testQualifiedNameInference11" classname="com.google.javascript.jscomp.TypeCheckTest" time="0.005"/>
  <testcase name="testQualifiedNameInference12" classname="com.google.javascript.jscomp.TypeCheckTest" time="0.005"/>
  <testcase name="testQualifiedNameInference13" classname="com.google.javascript.jscomp.TypeCheckTest" time="0.004"/>
  <testcase name="testMismatchingOverridingInferredPropertyBeforeDeclaredProperty1" classname="com.google.javascript.jscomp.TypeCheckTest" time="0.005"/>
  <testcase name="testMismatchingOverridingInferredPropertyBeforeDeclaredProperty2" classname="com.google.javascript.jscomp.TypeCheckTest" time="0.005"/>
  <testcase name="testMismatchingOverridingInferredPropertyBeforeDeclaredProperty3" classname="com.google.javascript.jscomp.TypeCheckTest" time="0.004"/>
  <testcase name="testMismatchingOverridingInferredPropertyBeforeDeclaredProperty4" classname="com.google.javascript.jscomp.TypeCheckTest" time="0.005"/>
  <testcase name="testIssue1002" classname="com.google.javascript.jscomp.TypeCheckTest" time="0.005"/>
  <testcase name="testIssue1023" classname="com.google.javascript.jscomp.TypeCheckTest" time="0.004"/>
  <testcase name="testIssue1047" classname="com.google.javascript.jscomp.TypeCheckTest" time="0.005"/>
  <testcase name="testIssue1056" classname="com.google.javascript.jscomp.TypeCheckTest" time="0.004"/>
  <testcase name="testIssue1058" classname="com.google.javascript.jscomp.TypeCheckTest" time="0.006"/>
  <testcase name="testIssue1072" classname="com.google.javascript.jscomp.TypeCheckTest" time="0.004"/>
  <testcase name="testIssue1123" classname="com.google.javascript.jscomp.TypeCheckTest" time="0.005"/>
  <testcase name="testIssue1201" classname="com.google.javascript.jscomp.TypeCheckTest" time="0.005"/>
  <testcase name="testIssue124b" classname="com.google.javascript.jscomp.TypeCheckTest" time="0.005"/>
  <testcase name="testIssue537a" classname="com.google.javascript.jscomp.TypeCheckTest" time="0.005"/>
  <testcase name="testIssue537b" classname="com.google.javascript.jscomp.TypeCheckTest" time="0.006"/>
  <testcase name="testIssue537c" classname="com.google.javascript.jscomp.TypeCheckTest" time="0.005"/>
  <testcase name="testIssue537d" classname="com.google.javascript.jscomp.TypeCheckTest" time="0.005"/>
  <testcase name="testIssue635b" classname="com.google.javascript.jscomp.TypeCheckTest" time="0.005"/>
  <testcase name="testIssue926a" classname="com.google.javascript.jscomp.TypeCheckTest" time="0.005"/>
  <testcase name="testIssue926b" classname="com.google.javascript.jscomp.TypeCheckTest" time="0.075"/>
  <testcase name="testQualifiedNameInference1" classname="com.google.javascript.jscomp.TypeCheckTest" time="0.006"/>
  <testcase name="testQualifiedNameInference2" classname="com.google.javascript.jscomp.TypeCheckTest" time="0.005"/>
  <testcase name="testQualifiedNameInference3" classname="com.google.javascript.jscomp.TypeCheckTest" time="0.006"/>
  <testcase name="testQualifiedNameInference4" classname="com.google.javascript.jscomp.TypeCheckTest" time="0.005"/>
  <testcase name="testQualifiedNameInference5" classname="com.google.javascript.jscomp.TypeCheckTest" time="0.006"/>
  <testcase name="testQualifiedNameInference6" classname="com.google.javascript.jscomp.TypeCheckTest" time="0.006"/>
  <testcase name="testQualifiedNameInference7" classname="com.google.javascript.jscomp.TypeCheckTest" time="0.006"/>
  <testcase name="testQualifiedNameInference8" classname="com.google.javascript.jscomp.TypeCheckTest" time="0.001"/>
  <testcase name="testQualifiedNameInference9" classname="com.google.javascript.jscomp.TypeCheckTest" time="0.006"/>
  <testcase name="testAbstractSpread" classname="com.google.javascript.jscomp.TypeCheckTest" time="0.012"/>
  <testcase name="testFunctionLiteralDefinedThisArgument2" classname="com.google.javascript.jscomp.TypeCheckTest" time="0.006"/>
  <testcase name="testInterfaceNonEmptyFunction" classname="com.google.javascript.jscomp.TypeCheckTest" time="0.005"/>
  <testcase name="testTemplatizedTypeSubtypes2" classname="com.google.javascript.jscomp.TypeCheckTest" time="0.001"/>
  <testcase name="testImplicitCast1" classname="com.google.javascript.jscomp.TypeCheckTest" time="0.001"/>
  <testcase name="testImplicitCast2" classname="com.google.javascript.jscomp.TypeCheckTest" time="0.001"/>
  <testcase name="testTemplateTypeWithUnresolvedType" classname="com.google.javascript.jscomp.TypeCheckTest" time="0.002"/>
  <testcase name="testMultipleExtendsInterfaceAssignment" classname="com.google.javascript.jscomp.TypeCheckTest" time="0.005"/>
  <testcase name="testStructuralInterfaceMatching30_1_1" classname="com.google.javascript.jscomp.TypeCheckTest" time="0.006"/>
  <testcase name="testStructuralInterfaceMatching30_2_1" classname="com.google.javascript.jscomp.TypeCheckTest" time="0.006"/>
  <testcase name="testStructuralInterfaceMatching30_3_1" classname="com.google.javascript.jscomp.TypeCheckTest" time="0.005"/>
  <testcase name="testStructuralInterfaceMatching30_3_2" classname="com.google.javascript.jscomp.TypeCheckTest" time="0.005"/>
  <testcase name="testStructuralInterfaceMatching30_3_3" classname="com.google.javascript.jscomp.TypeCheckTest" time="0.005"/>
  <testcase name="testStructuralInterfaceMatching30_3_4" classname="com.google.javascript.jscomp.TypeCheckTest" time="0.006"/>
  <testcase name="testStructuralInterfaceMatching30_4_1" classname="com.google.javascript.jscomp.TypeCheckTest" time="0.005"/>
  <testcase name="testStructuralInterfaceMatching30_4_2" classname="com.google.javascript.jscomp.TypeCheckTest" time="0.005"/>
  <testcase name="testUnknownConstructorInstanceType1" classname="com.google.javascript.jscomp.TypeCheckTest" time="0.005"/>
  <testcase name="testUnknownConstructorInstanceType2" classname="com.google.javascript.jscomp.TypeCheckTest" time="0.005"/>
  <testcase name="testUnknownConstructorInstanceType3" classname="com.google.javascript.jscomp.TypeCheckTest" time="0.005"/>
  <testcase name="testExtendFunction1" classname="com.google.javascript.jscomp.TypeCheckTest" time="0.005"/>
  <testcase name="testExtendFunction2" classname="com.google.javascript.jscomp.TypeCheckTest" time="0.005"/>
  <testcase name="testPropertyInference1" classname="com.google.javascript.jscomp.TypeCheckTest" time="0.005"/>
  <testcase name="testPropertyInference2" classname="com.google.javascript.jscomp.TypeCheckTest" time="0.004"/>
  <testcase name="testPropertyInference3" classname="com.google.javascript.jscomp.TypeCheckTest" time="0.005"/>
  <testcase name="testPropertyInference4" classname="com.google.javascript.jscomp.TypeCheckTest" time="0.005"/>
  <testcase name="testPropertyInference5" classname="com.google.javascript.jscomp.TypeCheckTest" time="0.005"/>
  <testcase name="testPropertyInference6" classname="com.google.javascript.jscomp.TypeCheckTest" time="0.004"/>
  <testcase name="testPropertyInference7" classname="com.google.javascript.jscomp.TypeCheckTest" time="0.005"/>
  <testcase name="testPropertyInference8" classname="com.google.javascript.jscomp.TypeCheckTest" time="0.005"/>
  <testcase name="testPropertyInference9" classname="com.google.javascript.jscomp.TypeCheckTest" time="0.005"/>
  <testcase name="testResolvingNamedTypes" classname="com.google.javascript.jscomp.TypeCheckTest" time="0.001"/>
  <testcase name="testCheckObjectKeysBadKey10" classname="com.google.javascript.jscomp.TypeCheckTest" time="0.005"/>
  <testcase name="testCheckObjectKeysBadKey11" classname="com.google.javascript.jscomp.TypeCheckTest" time="0.005"/>
  <testcase name="testCheckObjectKeysGoodKey1" classname="com.google.javascript.jscomp.TypeCheckTest" time="0.004"/>
  <testcase name="testCheckObjectKeysGoodKey2" classname="com.google.javascript.jscomp.TypeCheckTest" time="0.005"/>
  <testcase name="testCheckObjectKeysGoodKey3" classname="com.google.javascript.jscomp.TypeCheckTest" time="0.005"/>
  <testcase name="testCheckObjectKeysGoodKey4" classname="com.google.javascript.jscomp.TypeCheckTest" time="0.004"/>
  <testcase name="testCheckObjectKeysGoodKey5" classname="com.google.javascript.jscomp.TypeCheckTest" time="0.005"/>
  <testcase name="testCheckObjectKeysGoodKey6" classname="com.google.javascript.jscomp.TypeCheckTest" time="0.005"/>
  <testcase name="testCheckObjectKeysGoodKey7" classname="com.google.javascript.jscomp.TypeCheckTest" time="0.004"/>
  <testcase name="testCheckObjectKeysGoodKey8" classname="com.google.javascript.jscomp.TypeCheckTest" time="0.005"/>
  <testcase name="testCheckObjectKeysGoodKey9" classname="com.google.javascript.jscomp.TypeCheckTest" time="0.004"/>
  <testcase name="testTypeOfReduction1" classname="com.google.javascript.jscomp.TypeCheckTest" time="0.005"/>
  <testcase name="testTypeOfReduction2" classname="com.google.javascript.jscomp.TypeCheckTest" time="0.006"/>
  <testcase name="testTypeOfReduction3" classname="com.google.javascript.jscomp.TypeCheckTest" time="0.004"/>
  <testcase name="testTypeOfReduction4" classname="com.google.javascript.jscomp.TypeCheckTest" time="0.005"/>
  <testcase name="testTypeOfReduction5" classname="com.google.javascript.jscomp.TypeCheckTest" time="0.005"/>
  <testcase name="testTypeOfReduction6" classname="com.google.javascript.jscomp.TypeCheckTest" time="0.005"/>
  <testcase name="testTypeOfReduction7" classname="com.google.javascript.jscomp.TypeCheckTest" time="0.004"/>
  <testcase name="testTypeOfReduction8" classname="com.google.javascript.jscomp.TypeCheckTest" time="0.002"/>
  <testcase name="testTypeOfReduction9" classname="com.google.javascript.jscomp.TypeCheckTest" time="0.002"/>
  <testcase name="testPropertyTypeOfUnionType" classname="com.google.javascript.jscomp.TypeCheckTest" time="0.005"/>
  <testcase name="testBackwardsConstructor1" classname="com.google.javascript.jscomp.TypeCheckTest" time="0.004"/>
  <testcase name="testBackwardsConstructor2" classname="com.google.javascript.jscomp.TypeCheckTest" time="0.005"/>
  <testcase name="testBooleanNodeTrue" classname="com.google.javascript.jscomp.TypeCheckTest" time="0"/>
  <testcase name="testNonAbstractMethodCall_Es6Class_prototype" classname="com.google.javascript.jscomp.TypeCheckTest" time="0.009"/>
  <testcase name="testNativeCast1" classname="com.google.javascript.jscomp.TypeCheckTest" time="0.005"/>
  <testcase name="testNativeCast2" classname="com.google.javascript.jscomp.TypeCheckTest" time="0.005"/>
  <testcase name="testNativeCast3" classname="com.google.javascript.jscomp.TypeCheckTest" time="1.247"/>
  <testcase name="testNativeCast4" classname="com.google.javascript.jscomp.TypeCheckTest" time="0.005"/>
  <testcase name="testDuplicateRecordFields1" classname="com.google.javascript.jscomp.TypeCheckTest" time="0.005"/>
  <testcase name="testDuplicateRecordFields2" classname="com.google.javascript.jscomp.TypeCheckTest" time="0.001"/>
  <testcase name="testGoodImplements1" classname="com.google.javascript.jscomp.TypeCheckTest" time="0.005"/>
  <testcase name="testGoodImplements2" classname="com.google.javascript.jscomp.TypeCheckTest" time="0.005"/>
  <testcase name="testGoodImplements3" classname="com.google.javascript.jscomp.TypeCheckTest" time="0.005"/>
  <testcase name="testGoodImplements4" classname="com.google.javascript.jscomp.TypeCheckTest" time="0.005"/>
  <testcase name="testGoodImplements5" classname="com.google.javascript.jscomp.TypeCheckTest" time="0.005"/>
  <testcase name="testGoodImplements6" classname="com.google.javascript.jscomp.TypeCheckTest" time="0.004"/>
  <testcase name="testGoodImplements7" classname="com.google.javascript.jscomp.TypeCheckTest" time="0.005"/>
  <testcase name="testGoodImplements8" classname="com.google.javascript.jscomp.TypeCheckTest" time="0.005"/>
  <testcase name="testForwardTypeDeclaration10" classname="com.google.javascript.jscomp.TypeCheckTest" time="0.002"/>
  <testcase name="testForwardTypeDeclaration12" classname="com.google.javascript.jscomp.TypeCheckTest" time="0.001"/>
  <testcase name="testForwardTypeDeclaration13" classname="com.google.javascript.jscomp.TypeCheckTest" time="0.001"/>
  <testcase name="testAbstractMethodCall_Es6Class" classname="com.google.javascript.jscomp.TypeCheckTest" time="0.008"/>
  <testcase name="testInterfaceExtendsLoop" classname="com.google.javascript.jscomp.TypeCheckTest" time="0.001"/>
  <testcase name="testConcreteMethodOverridingAbstractMethod" classname="com.google.javascript.jscomp.TypeCheckTest" time="0.005"/>
  <testcase name="testPropertyInference10" classname="com.google.javascript.jscomp.TypeCheckTest" time="0.005"/>
  <testcase name="testStringUnboxing" classname="com.google.javascript.jscomp.TypeCheckTest" time="0.006"/>
  <testcase name="testCallDateConstructorAsFunction" classname="com.google.javascript.jscomp.TypeCheckTest" time="0.005"/>
  <testcase name="testDataPropertyOnInterface1" classname="com.google.javascript.jscomp.TypeCheckTest" time="0.005"/>
  <testcase name="testDataPropertyOnInterface2" classname="com.google.javascript.jscomp.TypeCheckTest" time="0.005"/>
  <testcase name="testDataPropertyOnInterface3" classname="com.google.javascript.jscomp.TypeCheckTest" time="0.005"/>
  <testcase name="testDataPropertyOnInterface4" classname="com.google.javascript.jscomp.TypeCheckTest" time="0.005"/>
  <testcase name="testNamespaceType1" classname="com.google.javascript.jscomp.TypeCheckTest" time="0.005"/>
  <testcase name="testNamespaceType2" classname="com.google.javascript.jscomp.TypeCheckTest" time="0.006"/>
  <testcase name="testCircularTypeDef" classname="com.google.javascript.jscomp.TypeCheckTest" time="0.005"/>
  <testcase name="testPrototypePropertyReference" classname="com.google.javascript.jscomp.TypeCheckTest" time="0.006"/>
  <testcase name="testInstanceOfReduction1" classname="com.google.javascript.jscomp.TypeCheckTest" time="0.005"/>
  <testcase name="testInstanceOfReduction2" classname="com.google.javascript.jscomp.TypeCheckTest" time="0.005"/>
  <testcase name="testInstanceOfReduction3" classname="com.google.javascript.jscomp.TypeCheckTest" time="0.004"/>
  <testcase name="testCall10" classname="com.google.javascript.jscomp.TypeCheckTest" time="0.005"/>
  <testcase name="testCall11" classname="com.google.javascript.jscomp.TypeCheckTest" time="0.005"/>
  <testcase name="testCast10" classname="com.google.javascript.jscomp.TypeCheckTest" time="0.004"/>
  <testcase name="testCast11" classname="com.google.javascript.jscomp.TypeCheckTest" time="0.005"/>
  <testcase name="testCast12" classname="com.google.javascript.jscomp.TypeCheckTest" time="0.005"/>
  <testcase name="testCast13" classname="com.google.javascript.jscomp.TypeCheckTest" time="0.001"/>
  <testcase name="testCast14" classname="com.google.javascript.jscomp.TypeCheckTest" time="0"/>
  <testcase name="testCast15" classname="com.google.javascript.jscomp.TypeCheckTest" time="0.006"/>
  <testcase name="testCast16" classname="com.google.javascript.jscomp.TypeCheckTest" time="0.005"/>
  <testcase name="testCast19" classname="com.google.javascript.jscomp.TypeCheckTest" time="0.004"/>
  <testcase name="testCast20" classname="com.google.javascript.jscomp.TypeCheckTest" time="0.005"/>
  <testcase name="testCast21" classname="com.google.javascript.jscomp.TypeCheckTest" time="0.005"/>
  <testcase name="testCast22" classname="com.google.javascript.jscomp.TypeCheckTest" time="0.004"/>
  <testcase name="testCast23" classname="com.google.javascript.jscomp.TypeCheckTest" time="0.005"/>
  <testcase name="testCast24" classname="com.google.javascript.jscomp.TypeCheckTest" time="0.005"/>
  <testcase name="testCast25" classname="com.google.javascript.jscomp.TypeCheckTest" time="0.005"/>
  <testcase name="testCast26" classname="com.google.javascript.jscomp.TypeCheckTest" time="0.005"/>
  <testcase name="testCast27" classname="com.google.javascript.jscomp.TypeCheckTest" time="0.005"/>
  <testcase name="testCast28" classname="com.google.javascript.jscomp.TypeCheckTest" time="0.005"/>
  <testcase name="testCast30" classname="com.google.javascript.jscomp.TypeCheckTest" time="0.006"/>
  <testcase name="testCast31" classname="com.google.javascript.jscomp.TypeCheckTest" time="0.005"/>
  <testcase name="testCast32" classname="com.google.javascript.jscomp.TypeCheckTest" time="0.005"/>
  <testcase name="testCast3a" classname="com.google.javascript.jscomp.TypeCheckTest" time="0.005"/>
  <testcase name="testCast5a" classname="com.google.javascript.jscomp.TypeCheckTest" time="0.005"/>
  <testcase name="testDuplicateLocalVarDecl" classname="com.google.javascript.jscomp.TypeCheckTest" time="0.001"/>
  <testcase name="testComparison10" classname="com.google.javascript.jscomp.TypeCheckTest" time="0.005"/>
  <testcase name="testComparison11" classname="com.google.javascript.jscomp.TypeCheckTest" time="0.005"/>
  <testcase name="testComparison12" classname="com.google.javascript.jscomp.TypeCheckTest" time="0.005"/>
  <testcase name="testComparison13" classname="com.google.javascript.jscomp.TypeCheckTest" time="0.005"/>
  <testcase name="testComparison14" classname="com.google.javascript.jscomp.TypeCheckTest" time="0.005"/>
  <testcase name="testComparison15" classname="com.google.javascript.jscomp.TypeCheckTest" time="0.002"/>
  <testcase name="testExtendedInterfacePropertiesCompatibility1" classname="com.google.javascript.jscomp.TypeCheckTest" time="0.005"/>
  <testcase name="testExtendedInterfacePropertiesCompatibility2" classname="com.google.javascript.jscomp.TypeCheckTest" time="0.001"/>
  <testcase name="testExtendedInterfacePropertiesCompatibility3" classname="com.google.javascript.jscomp.TypeCheckTest" time="0.005"/>
  <testcase name="testExtendedInterfacePropertiesCompatibility4" classname="com.google.javascript.jscomp.TypeCheckTest" time="0.005"/>
  <testcase name="testExtendedInterfacePropertiesCompatibility5" classname="com.google.javascript.jscomp.TypeCheckTest" time="0.002"/>
  <testcase name="testExtendedInterfacePropertiesCompatibility6" classname="com.google.javascript.jscomp.TypeCheckTest" time="0.005"/>
  <testcase name="testExtendedInterfacePropertiesCompatibility7" classname="com.google.javascript.jscomp.TypeCheckTest" time="0.001"/>
  <testcase name="testExtendedInterfacePropertiesCompatibility8" classname="com.google.javascript.jscomp.TypeCheckTest" time="0.001"/>
  <testcase name="testExtendedInterfacePropertiesCompatibility9" classname="com.google.javascript.jscomp.TypeCheckTest" time="0.005"/>
  <testcase name="testFunctionArguments10" classname="com.google.javascript.jscomp.TypeCheckTest" time="0.005"/>
  <testcase name="testFunctionArguments11" classname="com.google.javascript.jscomp.TypeCheckTest" time="0.065"/>
  <testcase name="testFunctionArguments12" classname="com.google.javascript.jscomp.TypeCheckTest" time="0.005"/>
  <testcase name="testFunctionArguments13" classname="com.google.javascript.jscomp.TypeCheckTest" time="0.005"/>
  <testcase name="testFunctionArguments14" classname="com.google.javascript.jscomp.TypeCheckTest" time="0.005"/>
  <testcase name="testFunctionArguments15" classname="com.google.javascript.jscomp.TypeCheckTest" time="0.005"/>
  <testcase name="testFunctionArguments16" classname="com.google.javascript.jscomp.TypeCheckTest" time="0.005"/>
  <testcase name="testFunctionArguments17" classname="com.google.javascript.jscomp.TypeCheckTest" time="0.005"/>
  <testcase name="testFunctionArguments18" classname="com.google.javascript.jscomp.TypeCheckTest" time="0.005"/>
  <testcase name="testHigherOrderFunctions1" classname="com.google.javascript.jscomp.TypeCheckTest" time="0.005"/>
  <testcase name="testHigherOrderFunctions2" classname="com.google.javascript.jscomp.TypeCheckTest" time="0.005"/>
  <testcase name="testHigherOrderFunctions3" classname="com.google.javascript.jscomp.TypeCheckTest" time="0.005"/>
  <testcase name="testHigherOrderFunctions4" classname="com.google.javascript.jscomp.TypeCheckTest" time="0.005"/>
  <testcase name="testHigherOrderFunctions5" classname="com.google.javascript.jscomp.TypeCheckTest" time="0.005"/>
  <testcase name="testImplicitCastSubclassAccess" classname="com.google.javascript.jscomp.TypeCheckTest" time="0.001"/>
  <testcase name="testPrivateType" classname="com.google.javascript.jscomp.TypeCheckTest" time="0.004"/>
  <testcase name="testBadImplementsDuplicateInterface1" classname="com.google.javascript.jscomp.TypeCheckTest" time="0.005"/>
  <testcase name="testBadImplementsDuplicateInterface2" classname="com.google.javascript.jscomp.TypeCheckTest" time="0.005"/>
  <testcase name="testEnum10" classname="com.google.javascript.jscomp.TypeCheckTest" time="0.005"/>
  <testcase name="testEnum11" classname="com.google.javascript.jscomp.TypeCheckTest" time="0.005"/>
  <testcase name="testEnum12" classname="com.google.javascript.jscomp.TypeCheckTest" time="0.004"/>
  <testcase name="testEnum13" classname="com.google.javascript.jscomp.TypeCheckTest" time="0.005"/>
  <testcase name="testEnum14" classname="com.google.javascript.jscomp.TypeCheckTest" time="0.005"/>
  <testcase name="testEnum15" classname="com.google.javascript.jscomp.TypeCheckTest" time="0.004"/>
  <testcase name="testEnum16" classname="com.google.javascript.jscomp.TypeCheckTest" time="0.005"/>
  <testcase name="testEnum17" classname="com.google.javascript.jscomp.TypeCheckTest" time="0.004"/>
  <testcase name="testEnum18" classname="com.google.javascript.jscomp.TypeCheckTest" time="0.005"/>
  <testcase name="testEnum19" classname="com.google.javascript.jscomp.TypeCheckTest" time="0.005"/>
  <testcase name="testEnum20" classname="com.google.javascript.jscomp.TypeCheckTest" time="0.004"/>
  <testcase name="testEnum21" classname="com.google.javascript.jscomp.TypeCheckTest" time="0.005"/>
  <testcase name="testEnum22" classname="com.google.javascript.jscomp.TypeCheckTest" time="0.004"/>
  <testcase name="testEnum23" classname="com.google.javascript.jscomp.TypeCheckTest" time="0.005"/>
  <testcase name="testEnum24" classname="com.google.javascript.jscomp.TypeCheckTest" time="0.005"/>
  <testcase name="testEnum25" classname="com.google.javascript.jscomp.TypeCheckTest" time="0.005"/>
  <testcase name="testEnum26" classname="com.google.javascript.jscomp.TypeCheckTest" time="0.004"/>
  <testcase name="testEnum27" classname="com.google.javascript.jscomp.TypeCheckTest" time="0.005"/>
  <testcase name="testEnum28" classname="com.google.javascript.jscomp.TypeCheckTest" time="0.004"/>
  <testcase name="testEnum29" classname="com.google.javascript.jscomp.TypeCheckTest" time="0.005"/>
  <testcase name="testEnum30" classname="com.google.javascript.jscomp.TypeCheckTest" time="0.004"/>
  <testcase name="testEnum31" classname="com.google.javascript.jscomp.TypeCheckTest" time="0.005"/>
  <testcase name="testEnum32" classname="com.google.javascript.jscomp.TypeCheckTest" time="0.004"/>
  <testcase name="testEnum34" classname="com.google.javascript.jscomp.TypeCheckTest" time="0.005"/>
  <testcase name="testEnum35" classname="com.google.javascript.jscomp.TypeCheckTest" time="0.005"/>
  <testcase name="testEnum36" classname="com.google.javascript.jscomp.TypeCheckTest" time="0.005"/>
  <testcase name="testEnum37" classname="com.google.javascript.jscomp.TypeCheckTest" time="0.004"/>
  <testcase name="testEnum38" classname="com.google.javascript.jscomp.TypeCheckTest" time="0.005"/>
  <testcase name="testEnum39" classname="com.google.javascript.jscomp.TypeCheckTest" time="0.005"/>
  <testcase name="testEnum40" classname="com.google.javascript.jscomp.TypeCheckTest" time="0.005"/>
  <testcase name="testEnum41" classname="com.google.javascript.jscomp.TypeCheckTest" time="0.005"/>
  <testcase name="testEnum42" classname="com.google.javascript.jscomp.TypeCheckTest" time="0.005"/>
  <testcase name="testAddingMethodsUsingPrototypeIdiomSimpleNamespace" classname="com.google.javascript.jscomp.TypeCheckTest" time="0.004"/>
  <testcase name="testCheckObjectKeysWithNamedType" classname="com.google.javascript.jscomp.TypeCheckTest" time="0.005"/>
  <testcase name="testTypeCheckStandaloneAST" classname="com.google.javascript.jscomp.TypeCheckTest" time="0.001"/>
  <testcase name="testForIn1" classname="com.google.javascript.jscomp.TypeCheckTest" time="0.004"/>
  <testcase name="testForIn2" classname="com.google.javascript.jscomp.TypeCheckTest" time="0.005"/>
  <testcase name="testForIn3" classname="com.google.javascript.jscomp.TypeCheckTest" time="0.005"/>
  <testcase name="testForIn4" classname="com.google.javascript.jscomp.TypeCheckTest" time="0.005"/>
  <testcase name="testForIn5" classname="com.google.javascript.jscomp.TypeCheckTest" time="0.005"/>
  <testcase name="testStructuralInterfaceCycleDoesntCrash" classname="com.google.javascript.jscomp.TypeCheckTest" time="0.006"/>
  <testcase name="testTemplatizedStructuralMatch1" classname="com.google.javascript.jscomp.TypeCheckTest" time="0.005"/>
  <testcase name="testTemplatizedStructuralMatch2" classname="com.google.javascript.jscomp.TypeCheckTest" time="0.005"/>
  <testcase name="testTemplatizedStructuralMatch3" classname="com.google.javascript.jscomp.TypeCheckTest" time="0.005"/>
  <testcase name="testNonexistentPropertyAccessOnStruct" classname="com.google.javascript.jscomp.TypeCheckTest" time="0.005"/>
  <testcase name="testControlFlowRestrictsType10" classname="com.google.javascript.jscomp.TypeCheckTest" time="0.005"/>
  <testcase name="testControlFlowRestrictsType11" classname="com.google.javascript.jscomp.TypeCheckTest" time="0.005"/>
  <testcase name="testGoodExtends1" classname="com.google.javascript.jscomp.TypeCheckTest" time="0.005"/>
  <testcase name="testGoodExtends2" classname="com.google.javascript.jscomp.TypeCheckTest" time="0.004"/>
  <testcase name="testGoodExtends3" classname="com.google.javascript.jscomp.TypeCheckTest" time="0.05"/>
  <testcase name="testGoodExtends4" classname="com.google.javascript.jscomp.TypeCheckTest" time="0.005"/>
  <testcase name="testGoodExtends5" classname="com.google.javascript.jscomp.TypeCheckTest" time="0.005"/>
  <testcase name="testGoodExtends6" classname="com.google.javascript.jscomp.TypeCheckTest" time="0.006"/>
  <testcase name="testGoodExtends7" classname="com.google.javascript.jscomp.TypeCheckTest" time="0.004"/>
  <testcase name="testGoodExtends8" classname="com.google.javascript.jscomp.TypeCheckTest" time="0.005"/>
  <testcase name="testGoodExtends9" classname="com.google.javascript.jscomp.TypeCheckTest" time="0.005"/>
  <testcase name="testTypeCheckDefaultExterns" classname="com.google.javascript.jscomp.TypeCheckTest" time="0.004"/>
  <testcase name="testTypeRedefinition" classname="com.google.javascript.jscomp.TypeCheckTest" time="0.001"/>
  <testcase name="testProtoDoesNotRequireOverrideFromInterface" classname="com.google.javascript.jscomp.TypeCheckTest" time="0.005"/>
  <testcase name="testIssue124" classname="com.google.javascript.jscomp.TypeCheckTest" time="0.005"/>
  <testcase name="testIssue259" classname="com.google.javascript.jscomp.TypeCheckTest" time="0.005"/>
  <testcase name="testIssue301" classname="com.google.javascript.jscomp.TypeCheckTest" time="0.005"/>
  <testcase name="testIssue368" classname="com.google.javascript.jscomp.TypeCheckTest" time="0.005"/>
  <testcase name="testIssue380" classname="com.google.javascript.jscomp.TypeCheckTest" time="0.005"/>
  <testcase name="testIssue483" classname="com.google.javascript.jscomp.TypeCheckTest" time="0.005"/>
  <testcase name="testIssue586" classname="com.google.javascript.jscomp.TypeCheckTest" time="0.005"/>
  <testcase name="testIssue61b" classname="com.google.javascript.jscomp.TypeCheckTest" time="0.005"/>
  <testcase name="testIssue635" classname="com.google.javascript.jscomp.TypeCheckTest" time="0.005"/>
  <testcase name="testIssue669" classname="com.google.javascript.jscomp.TypeCheckTest" time="0.005"/>
  <testcase name="testIssue688" classname="com.google.javascript.jscomp.TypeCheckTest" time="0.005"/>
  <testcase name="testIssue700" classname="com.google.javascript.jscomp.TypeCheckTest" time="0.006"/>
  <testcase name="testIssue725" classname="com.google.javascript.jscomp.TypeCheckTest" time="0.005"/>
  <testcase name="testIssue726" classname="com.google.javascript.jscomp.TypeCheckTest" time="0.005"/>
  <testcase name="testIssue765" classname="com.google.javascript.jscomp.TypeCheckTest" time="0.005"/>
  <testcase name="testIssue783" classname="com.google.javascript.jscomp.TypeCheckTest" time="0.005"/>
  <testcase name="testIssue791" classname="com.google.javascript.jscomp.TypeCheckTest" time="0.005"/>
  <testcase name="testIssue810" classname="com.google.javascript.jscomp.TypeCheckTest" time="0.005"/>
  <testcase name="testStructuralInterfacesMatchFunctionNamespace1" classname="com.google.javascript.jscomp.TypeCheckTest" time="0.004"/>
  <testcase name="testStructuralInterfacesMatchFunctionNamespace2" classname="com.google.javascript.jscomp.TypeCheckTest" time="0.005"/>
  <testcase name="testStructuralInterfacesMatchFunctionNamespace3" classname="com.google.javascript.jscomp.TypeCheckTest" time="0.005"/>
  <testcase name="testCheckObjectKeysGoodKey10" classname="com.google.javascript.jscomp.TypeCheckTest" time="0.005"/>
  <testcase name="testCheckObjectKeysGoodKey11" classname="com.google.javascript.jscomp.TypeCheckTest" time="0.004"/>
  <testcase name="testCheckObjectKeysGoodKey12" classname="com.google.javascript.jscomp.TypeCheckTest" time="0.005"/>
  <testcase name="testCheckObjectKeysGoodKey13" classname="com.google.javascript.jscomp.TypeCheckTest" time="0.005"/>
  <testcase name="testCheckObjectKeysGoodKey14" classname="com.google.javascript.jscomp.TypeCheckTest" time="0.005"/>
  <testcase name="testCheckObjectKeysGoodKey15" classname="com.google.javascript.jscomp.TypeCheckTest" time="0.005"/>
  <testcase name="testBadImplements1" classname="com.google.javascript.jscomp.TypeCheckTest" time="0.005"/>
  <testcase name="testBadImplements2" classname="com.google.javascript.jscomp.TypeCheckTest" time="0.005"/>
  <testcase name="testBadImplements3" classname="com.google.javascript.jscomp.TypeCheckTest" time="0.005"/>
  <testcase name="testBadImplements4" classname="com.google.javascript.jscomp.TypeCheckTest" time="0.005"/>
  <testcase name="testBadImplements5" classname="com.google.javascript.jscomp.TypeCheckTest" time="0.005"/>
  <testcase name="testBadImplements6" classname="com.google.javascript.jscomp.TypeCheckTest" time="0.001"/>
  <testcase name="testBadImplements7" classname="com.google.javascript.jscomp.TypeCheckTest" time="0.005"/>
  <testcase name="testBadImplements8" classname="com.google.javascript.jscomp.TypeCheckTest" time="0.005"/>
  <testcase name="testAssignInference" classname="com.google.javascript.jscomp.TypeCheckTest" time="0.005"/>
  <testcase name="testSwitchCase1" classname="com.google.javascript.jscomp.TypeCheckTest" time="0.005"/>
  <testcase name="testSwitchCase2" classname="com.google.javascript.jscomp.TypeCheckTest" time="0.005"/>
  <testcase name="testSwitchCase3" classname="com.google.javascript.jscomp.TypeCheckTest" time="0.005"/>
  <testcase name="testSwitchCase4" classname="com.google.javascript.jscomp.TypeCheckTest" time="0.005"/>
  <testcase name="testSwitchCase5" classname="com.google.javascript.jscomp.TypeCheckTest" time="0.005"/>
  <testcase name="testSwitchCase6" classname="com.google.javascript.jscomp.TypeCheckTest" time="0.005"/>
  <testcase name="testSwitchCase7" classname="com.google.javascript.jscomp.TypeCheckTest" time="0.006"/>
  <testcase name="testSwitchCase8" classname="com.google.javascript.jscomp.TypeCheckTest" time="0.005"/>
  <testcase name="testTemplateType10" classname="com.google.javascript.jscomp.TypeCheckTest" time="0.005"/>
  <testcase name="testTemplateType11" classname="com.google.javascript.jscomp.TypeCheckTest" time="0.005"/>
  <testcase name="testTemplateType12" classname="com.google.javascript.jscomp.TypeCheckTest" time="0.005"/>
  <testcase name="testTemplateType13" classname="com.google.javascript.jscomp.TypeCheckTest" time="0.005"/>
  <testcase name="testTemplateType14" classname="com.google.javascript.jscomp.TypeCheckTest" time="0.004"/>
  <testcase name="testTemplateType15" classname="com.google.javascript.jscomp.TypeCheckTest" time="0.005"/>
  <testcase name="testTemplateType16" classname="com.google.javascript.jscomp.TypeCheckTest" time="0.005"/>
  <testcase name="testTemplateType17" classname="com.google.javascript.jscomp.TypeCheckTest" time="0.005"/>
  <testcase name="testTemplateType18" classname="com.google.javascript.jscomp.TypeCheckTest" time="0.005"/>
  <testcase name="testTemplateType19" classname="com.google.javascript.jscomp.TypeCheckTest" time="0.005"/>
  <testcase name="testTemplateType20" classname="com.google.javascript.jscomp.TypeCheckTest" time="0.038"/>
  <testcase name="testTemplateType21" classname="com.google.javascript.jscomp.TypeCheckTest" time="0.005"/>
  <testcase name="testTemplateType22" classname="com.google.javascript.jscomp.TypeCheckTest" time="0.005"/>
  <testcase name="testTemplateType23" classname="com.google.javascript.jscomp.TypeCheckTest" time="0.005"/>
  <testcase name="testTemplateType24" classname="com.google.javascript.jscomp.TypeCheckTest" time="0.006"/>
  <testcase name="testTemplateType25" classname="com.google.javascript.jscomp.TypeCheckTest" time="0.005"/>
  <testcase name="testTemplateType26" classname="com.google.javascript.jscomp.TypeCheckTest" time="0.005"/>
  <testcase name="testUpdateParameterTypeOnClosure" classname="com.google.javascript.jscomp.TypeCheckTest" time="0.001"/>
  <testcase name="testUnionOfFunctionAndType" classname="com.google.javascript.jscomp.TypeCheckTest" time="0.005"/>
  <testcase name="testNumberUnboxing" classname="com.google.javascript.jscomp.TypeCheckTest" time="0.005"/>
  <testcase name="testExtendedInterfacePropertiesCompatibilityNoError" classname="com.google.javascript.jscomp.TypeCheckTest" time="0.005"/>
  <testcase name="testLends1" classname="com.google.javascript.jscomp.TypeCheckTest" time="0.005"/>
  <testcase name="testLends2" classname="com.google.javascript.jscomp.TypeCheckTest" time="0.005"/>
  <testcase name="testLends3" classname="com.google.javascript.jscomp.TypeCheckTest" time="0.004"/>
  <testcase name="testLends4" classname="com.google.javascript.jscomp.TypeCheckTest" time="0.005"/>
  <testcase name="testLends5" classname="com.google.javascript.jscomp.TypeCheckTest" time="0.005"/>
  <testcase name="testLends6" classname="com.google.javascript.jscomp.TypeCheckTest" time="0.005"/>
  <testcase name="testLends7" classname="com.google.javascript.jscomp.TypeCheckTest" time="0.005"/>
  <testcase name="testLends8" classname="com.google.javascript.jscomp.TypeCheckTest" time="0.005"/>
  <testcase name="testLends9" classname="com.google.javascript.jscomp.TypeCheckTest" time="0"/>
  <testcase name="testInstanceof1" classname="com.google.javascript.jscomp.TypeCheckTest" time="0.005"/>
  <testcase name="testInstanceof2" classname="com.google.javascript.jscomp.TypeCheckTest" time="0.005"/>
  <testcase name="testInstanceof3" classname="com.google.javascript.jscomp.TypeCheckTest" time="0.005"/>
  <testcase name="testInstanceof4" classname="com.google.javascript.jscomp.TypeCheckTest" time="0.005"/>
  <testcase name="testInstanceof5" classname="com.google.javascript.jscomp.TypeCheckTest" time="0.004"/>
  <testcase name="testInstanceof6" classname="com.google.javascript.jscomp.TypeCheckTest" time="0.005"/>
  <testcase name="testCallArrayConstructorAsFunction" classname="com.google.javascript.jscomp.TypeCheckTest" time="0.005"/>
  <testcase name="testFunctionInference1" classname="com.google.javascript.jscomp.TypeCheckTest" time="0.005"/>
  <testcase name="testFunctionInference2" classname="com.google.javascript.jscomp.TypeCheckTest" time="0.005"/>
  <testcase name="testFunctionInference3" classname="com.google.javascript.jscomp.TypeCheckTest" time="0.004"/>
  <testcase name="testFunctionInference4" classname="com.google.javascript.jscomp.TypeCheckTest" time="0.005"/>
  <testcase name="testFunctionInference5" classname="com.google.javascript.jscomp.TypeCheckTest" time="0.005"/>
  <testcase name="testFunctionInference6" classname="com.google.javascript.jscomp.TypeCheckTest" time="0.004"/>
  <testcase name="testFunctionInference7" classname="com.google.javascript.jscomp.TypeCheckTest" time="0.005"/>
  <testcase name="testFunctionInference8" classname="com.google.javascript.jscomp.TypeCheckTest" time="0.005"/>
  <testcase name="testFunctionInference9" classname="com.google.javascript.jscomp.TypeCheckTest" time="0.004"/>
  <testcase name="testTemplatizedStructuralMismatchNotFound" classname="com.google.javascript.jscomp.TypeCheckTest" time="0.005"/>
  <testcase name="testModuleReferenceNotAllowed" classname="com.google.javascript.jscomp.TypeCheckTest" time="0.005"/>
  <testcase name="testNullOr" classname="com.google.javascript.jscomp.TypeCheckTest" time="0.004"/>
  <testcase name="testPropAccess" classname="com.google.javascript.jscomp.TypeCheckTest" time="0.005"/>
  <testcase name="testRecordWithOptionalUnknownProperty" classname="com.google.javascript.jscomp.TypeCheckTest" time="0.005"/>
  <testcase name="testRecursiveTemplatizedStructuralInterface" classname="com.google.javascript.jscomp.TypeCheckTest" time="0.005"/>
  <testcase name="testLocallyInferredGlobalProperty1" classname="com.google.javascript.jscomp.TypeCheckTest" time="0.005"/>
  <testcase name="testForinOnStruct" classname="com.google.javascript.jscomp.TypeCheckTest" time="0.005"/>
  <testcase name="testRecordWithUnknownProperty" classname="com.google.javascript.jscomp.TypeCheckTest" time="0.005"/>
  <testcase name="testBug1484445" classname="com.google.javascript.jscomp.TypeCheckTest" time="0.005"/>
  <testcase name="testTypeCheck1" classname="com.google.javascript.jscomp.TypeCheckTest" time="0.005"/>
  <testcase name="testTypeCheck2" classname="com.google.javascript.jscomp.TypeCheckTest" time="0.004"/>
  <testcase name="testTypeCheck4" classname="com.google.javascript.jscomp.TypeCheckTest" time="0.005"/>
  <testcase name="testTypeCheck5" classname="com.google.javascript.jscomp.TypeCheckTest" time="0.005"/>
  <testcase name="testTypeCheck6" classname="com.google.javascript.jscomp.TypeCheckTest" time="0.004"/>
  <testcase name="testTypeCheck8" classname="com.google.javascript.jscomp.TypeCheckTest" time="0.005"/>
  <testcase name="testTypeCheck9" classname="com.google.javascript.jscomp.TypeCheckTest" time="0.005"/>
  <testcase name="testTemplateTypeWithTypeDef1a" classname="com.google.javascript.jscomp.TypeCheckTest" time="0.005"/>
  <testcase name="testTemplateTypeWithTypeDef1b" classname="com.google.javascript.jscomp.TypeCheckTest" time="0.004"/>
  <testcase name="testTemplateTypeWithTypeDef2a" classname="com.google.javascript.jscomp.TypeCheckTest" time="0.005"/>
  <testcase name="testTemplateTypeWithTypeDef2b" classname="com.google.javascript.jscomp.TypeCheckTest" time="0.005"/>
  <testcase name="testTemplateTypeWithTypeDef2c" classname="com.google.javascript.jscomp.TypeCheckTest" time="0.004"/>
  <testcase name="testTemplateTypeWithTypeDef2d" classname="com.google.javascript.jscomp.TypeCheckTest" time="0.005"/>
  <testcase name="testIssue61" classname="com.google.javascript.jscomp.TypeCheckTest" time="0.005"/>
  <testcase name="testIssue86" classname="com.google.javascript.jscomp.TypeCheckTest" time="0.004"/>
  <testcase name="testTemplateType1" classname="com.google.javascript.jscomp.TypeCheckTest" time="0.005"/>
  <testcase name="testTemplateType2" classname="com.google.javascript.jscomp.TypeCheckTest" time="0.004"/>
  <testcase name="testTemplateType3" classname="com.google.javascript.jscomp.TypeCheckTest" time="0.005"/>
  <testcase name="testTemplateType4" classname="com.google.javascript.jscomp.TypeCheckTest" time="0.004"/>
  <testcase name="testTemplateType5" classname="com.google.javascript.jscomp.TypeCheckTest" time="0.005"/>
  <testcase name="testTemplateType6" classname="com.google.javascript.jscomp.TypeCheckTest" time="0.042"/>
  <testcase name="testTemplateType7" classname="com.google.javascript.jscomp.TypeCheckTest" time="0.005"/>
  <testcase name="testTemplateType8" classname="com.google.javascript.jscomp.TypeCheckTest" time="0.005"/>
  <testcase name="testTemplateType9" classname="com.google.javascript.jscomp.TypeCheckTest" time="0.005"/>
  <testcase name="testAbstractMethodCall_Es6Class_prototype" classname="com.google.javascript.jscomp.TypeCheckTest" time="0.008"/>
  <testcase name="testMethodInference1" classname="com.google.javascript.jscomp.TypeCheckTest" time="0.005"/>
  <testcase name="testMethodInference2" classname="com.google.javascript.jscomp.TypeCheckTest" time="0.005"/>
  <testcase name="testMethodInference3" classname="com.google.javascript.jscomp.TypeCheckTest" time="0.004"/>
  <testcase name="testMethodInference4" classname="com.google.javascript.jscomp.TypeCheckTest" time="0.005"/>
  <testcase name="testMethodInference5" classname="com.google.javascript.jscomp.TypeCheckTest" time="0.005"/>
  <testcase name="testMethodInference6" classname="com.google.javascript.jscomp.TypeCheckTest" time="0.004"/>
  <testcase name="testMethodInference7" classname="com.google.javascript.jscomp.TypeCheckTest" time="0.005"/>
  <testcase name="testMethodInference8" classname="com.google.javascript.jscomp.TypeCheckTest" time="0.004"/>
  <testcase name="testMethodInference9" classname="com.google.javascript.jscomp.TypeCheckTest" time="0.005"/>
  <testcase name="testUndefinedNode" classname="com.google.javascript.jscomp.TypeCheckTest" time="0.001"/>
  <testcase name="testThisTypeOfFunction1" classname="com.google.javascript.jscomp.TypeCheckTest" time="0.004"/>
  <testcase name="testThisTypeOfFunction2" classname="com.google.javascript.jscomp.TypeCheckTest" time="0.005"/>
  <testcase name="testThisTypeOfFunction3" classname="com.google.javascript.jscomp.TypeCheckTest" time="0.005"/>
  <testcase name="testThisTypeOfFunction4" classname="com.google.javascript.jscomp.TypeCheckTest" time="0.005"/>
  <testcase name="testThisTypeOfFunction5" classname="com.google.javascript.jscomp.TypeCheckTest" time="0.004"/>
  <testcase name="testThis10" classname="com.google.javascript.jscomp.TypeCheckTest" time="0.005"/>
  <testcase name="testThis11" classname="com.google.javascript.jscomp.TypeCheckTest" time="0.005"/>
  <testcase name="testThis12" classname="com.google.javascript.jscomp.TypeCheckTest" time="0.004"/>
  <testcase name="testThis13" classname="com.google.javascript.jscomp.TypeCheckTest" time="0.005"/>
  <testcase name="testThis14" classname="com.google.javascript.jscomp.TypeCheckTest" time="0.005"/>
  <testcase name="testTemplateTypeForwardReference_declared" classname="com.google.javascript.jscomp.TypeCheckTest" time="0.005"/>
  <testcase name="testTypeof" classname="com.google.javascript.jscomp.TypeCheckTest" time="0.005"/>
  <testcase name="testTemplateTypeForwardReference_extends" classname="com.google.javascript.jscomp.TypeCheckTest" time="0.004"/>
  <testcase name="testBadSuperCall" classname="com.google.javascript.jscomp.TypeCheckTest" time="0.008"/>
  <testcase name="testAbstractMethodInAbstractClass" classname="com.google.javascript.jscomp.TypeCheckTest" time="0.005"/>
  <testcase name="testBug1859535" classname="com.google.javascript.jscomp.TypeCheckTest" time="0.005"/>
  <testcase name="testBooleanType" classname="com.google.javascript.jscomp.TypeCheckTest" time="0.005"/>
  <testcase name="testTypeCheckInlineReturns" classname="com.google.javascript.jscomp.TypeCheckTest" time="0.005"/>
  <testcase name="testClosure1" classname="com.google.javascript.jscomp.TypeCheckTest" time="0.001"/>
  <testcase name="testClosure2" classname="com.google.javascript.jscomp.TypeCheckTest" time="0.002"/>
  <testcase name="testClosure3" classname="com.google.javascript.jscomp.TypeCheckTest" time="0.001"/>
  <testcase name="testClosure4" classname="com.google.javascript.jscomp.TypeCheckTest" time="0.001"/>
  <testcase name="testClosure5" classname="com.google.javascript.jscomp.TypeCheckTest" time="0.002"/>
  <testcase name="testClosure6" classname="com.google.javascript.jscomp.TypeCheckTest" time="0.001"/>
  <testcase name="testClosure7" classname="com.google.javascript.jscomp.TypeCheckTest" time="0.002"/>
  <testcase name="testBug1940591" classname="com.google.javascript.jscomp.TypeCheckTest" time="0.005"/>
  <testcase name="testBug1940769" classname="com.google.javascript.jscomp.TypeCheckTest" time="0.004"/>
  <testcase name="testBug1942972" classname="com.google.javascript.jscomp.TypeCheckTest" time="0.005"/>
  <testcase name="testBug1943776" classname="com.google.javascript.jscomp.TypeCheckTest" time="0.004"/>
  <testcase name="testBug1987544" classname="com.google.javascript.jscomp.TypeCheckTest" time="0.005"/>
  <testcase name="testInterfaceAssignment10" classname="com.google.javascript.jscomp.TypeCheckTest" time="0.005"/>
  <testcase name="testInterfaceAssignment11" classname="com.google.javascript.jscomp.TypeCheckTest" time="0.004"/>
  <testcase name="testInterfaceAssignment12" classname="com.google.javascript.jscomp.TypeCheckTest" time="0.005"/>
  <testcase name="testInterfaceAssignment13" classname="com.google.javascript.jscomp.TypeCheckTest" time="0.005"/>
  <testcase name="testNestedCasts" classname="com.google.javascript.jscomp.TypeCheckTest" time="0.004"/>
  <testcase name="testTemplatized10" classname="com.google.javascript.jscomp.TypeCheckTest" time="0.005"/>
  <testcase name="testTemplatized11" classname="com.google.javascript.jscomp.TypeCheckTest" time="0.005"/>
  <testcase name="testStructuralInterfaceMatching1" classname="com.google.javascript.jscomp.TypeCheckTest" time="0.005"/>
  <testcase name="testStructuralInterfaceMatching2" classname="com.google.javascript.jscomp.TypeCheckTest" time="0.004"/>
  <testcase name="testStructuralInterfaceMatching3" classname="com.google.javascript.jscomp.TypeCheckTest" time="0.004"/>
  <testcase name="testStructuralInterfaceMatching9" classname="com.google.javascript.jscomp.TypeCheckTest" time="0.005"/>
  <testcase name="testNullAnd" classname="com.google.javascript.jscomp.TypeCheckTest" time="0.004"/>
  <testcase name="testGenericRelationalExpression" classname="com.google.javascript.jscomp.TypeCheckTest" time="0.005"/>
  <testcase name="testStringComparison1" classname="com.google.javascript.jscomp.TypeCheckTest" time="0.004"/>
  <testcase name="testStringComparison2" classname="com.google.javascript.jscomp.TypeCheckTest" time="0.005"/>
  <testcase name="testStringComparison3" classname="com.google.javascript.jscomp.TypeCheckTest" time="0.004"/>
  <testcase name="testStringComparison4" classname="com.google.javascript.jscomp.TypeCheckTest" time="0.005"/>
  <testcase name="testStringComparison5" classname="com.google.javascript.jscomp.TypeCheckTest" time="0.004"/>
  <testcase name="testStringComparison6" classname="com.google.javascript.jscomp.TypeCheckTest" time="0.005"/>
  <testcase name="testTypeOfReduction10" classname="com.google.javascript.jscomp.TypeCheckTest" time="0.001"/>
  <testcase name="testTypeOfReduction11" classname="com.google.javascript.jscomp.TypeCheckTest" time="0.002"/>
  <testcase name="testTypeOfReduction12" classname="com.google.javascript.jscomp.TypeCheckTest" time="0.004"/>
  <testcase name="testTypeOfReduction13" classname="com.google.javascript.jscomp.TypeCheckTest" time="0.002"/>
  <testcase name="testTypeOfReduction14" classname="com.google.javascript.jscomp.TypeCheckTest" time="0.001"/>
  <testcase name="testTypeOfReduction15" classname="com.google.javascript.jscomp.TypeCheckTest" time="0.001"/>
  <testcase name="testTypeOfReduction16" classname="com.google.javascript.jscomp.TypeCheckTest" time="0.002"/>
  <testcase name="testAssignToUntypedVariable" classname="com.google.javascript.jscomp.TypeCheckTest" time="0.004"/>
  <testcase name="testMissingProperty10" classname="com.google.javascript.jscomp.TypeCheckTest" time="0.265"/>
  <testcase name="testMissingProperty11" classname="com.google.javascript.jscomp.TypeCheckTest" time="0.005"/>
  <testcase name="testMissingProperty12" classname="com.google.javascript.jscomp.TypeCheckTest" time="0.005"/>
  <testcase name="testMissingProperty13" classname="com.google.javascript.jscomp.TypeCheckTest" time="0.005"/>
  <testcase name="testMissingProperty14" classname="com.google.javascript.jscomp.TypeCheckTest" time="0.005"/>
  <testcase name="testMissingProperty15" classname="com.google.javascript.jscomp.TypeCheckTest" time="0.005"/>
  <testcase name="testMissingProperty16" classname="com.google.javascript.jscomp.TypeCheckTest" time="0.005"/>
  <testcase name="testMissingProperty17" classname="com.google.javascript.jscomp.TypeCheckTest" time="0.004"/>
  <testcase name="testMissingProperty18" classname="com.google.javascript.jscomp.TypeCheckTest" time="0.005"/>
  <testcase name="testMissingProperty19" classname="com.google.javascript.jscomp.TypeCheckTest" time="0.005"/>
  <testcase name="testMissingProperty20" classname="com.google.javascript.jscomp.TypeCheckTest" time="0.005"/>
  <testcase name="testMissingProperty21" classname="com.google.javascript.jscomp.TypeCheckTest" time="0.004"/>
  <testcase name="testMissingProperty22" classname="com.google.javascript.jscomp.TypeCheckTest" time="0.005"/>
  <testcase name="testMissingProperty23" classname="com.google.javascript.jscomp.TypeCheckTest" time="0.005"/>
  <testcase name="testMissingProperty24" classname="com.google.javascript.jscomp.TypeCheckTest" time="0"/>
  <testcase name="testMissingProperty25" classname="com.google.javascript.jscomp.TypeCheckTest" time="0.005"/>
  <testcase name="testMissingProperty26" classname="com.google.javascript.jscomp.TypeCheckTest" time="0.005"/>
  <testcase name="testMissingProperty27" classname="com.google.javascript.jscomp.TypeCheckTest" time="0.001"/>
  <testcase name="testMissingProperty29" classname="com.google.javascript.jscomp.TypeCheckTest" time="0.001"/>
  <testcase name="testMissingProperty30" classname="com.google.javascript.jscomp.TypeCheckTest" time="0.004"/>
  <testcase name="testMissingProperty31" classname="com.google.javascript.jscomp.TypeCheckTest" time="0.005"/>
  <testcase name="testMissingProperty32" classname="com.google.javascript.jscomp.TypeCheckTest" time="0.005"/>
  <testcase name="testMissingProperty33" classname="com.google.javascript.jscomp.TypeCheckTest" time="0.005"/>
  <testcase name="testMissingProperty34" classname="com.google.javascript.jscomp.TypeCheckTest" time="0.005"/>
  <testcase name="testMissingProperty35" classname="com.google.javascript.jscomp.TypeCheckTest" time="0.005"/>
  <testcase name="testMissingProperty36" classname="com.google.javascript.jscomp.TypeCheckTest" time="0.004"/>
  <testcase name="testMissingProperty37" classname="com.google.javascript.jscomp.TypeCheckTest" time="0.005"/>
  <testcase name="testMissingProperty38" classname="com.google.javascript.jscomp.TypeCheckTest" time="0.005"/>
  <testcase name="testMissingProperty39" classname="com.google.javascript.jscomp.TypeCheckTest" time="0.006"/>
  <testcase name="testMissingProperty40" classname="com.google.javascript.jscomp.TypeCheckTest" time="0"/>
  <testcase name="testMissingProperty41" classname="com.google.javascript.jscomp.TypeCheckTest" time="0.005"/>
  <testcase name="testMissingProperty42" classname="com.google.javascript.jscomp.TypeCheckTest" time="0.005"/>
  <testcase name="testMissingProperty43" classname="com.google.javascript.jscomp.TypeCheckTest" time="0.005"/>
  <testcase name="testNonexistentPropertyAccessOnExternStruct" classname="com.google.javascript.jscomp.TypeCheckTest" time="0.001"/>
  <testcase name="testCheckObjectKeysClassInheritsToString" classname="com.google.javascript.jscomp.TypeCheckTest" time="0.005"/>
  <testcase name="testWarnUnannotatedPropertyOnInterface5" classname="com.google.javascript.jscomp.TypeCheckTest" time="0.004"/>
  <testcase name="testWarnUnannotatedPropertyOnInterface6" classname="com.google.javascript.jscomp.TypeCheckTest" time="0.005"/>
  <testcase name="testStringNode" classname="com.google.javascript.jscomp.TypeCheckTest" time="0.001"/>
  <testcase name="testNoForwardTypeDeclaration" classname="com.google.javascript.jscomp.TypeCheckTest" time="0.005"/>
  <testcase name="testLateExtends" classname="com.google.javascript.jscomp.TypeCheckTest" time="0.006"/>
  <testcase name="testDontCrashOnDupPropDefinition" classname="com.google.javascript.jscomp.TypeCheckTest" time="0.005"/>
  <testcase name="testInterfaceInheritanceCheck1" classname="com.google.javascript.jscomp.TypeCheckTest" time="0.005"/>
  <testcase name="testInterfaceInheritanceCheck2" classname="com.google.javascript.jscomp.TypeCheckTest" time="0.005"/>
  <testcase name="testInterfaceInheritanceCheck3" classname="com.google.javascript.jscomp.TypeCheckTest" time="0.005"/>
  <testcase name="testInterfaceInheritanceCheck4" classname="com.google.javascript.jscomp.TypeCheckTest" time="0.005"/>
  <testcase name="testInterfaceInheritanceCheck5" classname="com.google.javascript.jscomp.TypeCheckTest" time="0.005"/>
  <testcase name="testInterfaceInheritanceCheck6" classname="com.google.javascript.jscomp.TypeCheckTest" time="0.005"/>
  <testcase name="testInterfaceInheritanceCheck7" classname="com.google.javascript.jscomp.TypeCheckTest" time="0.005"/>
  <testcase name="testInterfaceInheritanceCheck8" classname="com.google.javascript.jscomp.TypeCheckTest" time="0.001"/>
  <testcase name="testInterfaceInheritanceCheck9" classname="com.google.javascript.jscomp.TypeCheckTest" time="0.005"/>
  <testcase name="testCast4Types" classname="com.google.javascript.jscomp.TypeCheckTest" time="0.004"/>
  <testcase name="testConversionFromInterfaceToRecursiveConstructor" classname="com.google.javascript.jscomp.TypeCheckTest" time="0.002"/>
  <testcase name="testSetprop10" classname="com.google.javascript.jscomp.TypeCheckTest" time="0.005"/>
  <testcase name="testSetprop11" classname="com.google.javascript.jscomp.TypeCheckTest" time="0.004"/>
  <testcase name="testSetprop12" classname="com.google.javascript.jscomp.TypeCheckTest" time="0.005"/>
  <testcase name="testSetprop13" classname="com.google.javascript.jscomp.TypeCheckTest" time="0.005"/>
  <testcase name="testSetprop14" classname="com.google.javascript.jscomp.TypeCheckTest" time="0.005"/>
  <testcase name="testSetprop15" classname="com.google.javascript.jscomp.TypeCheckTest" time="0.004"/>
  <testcase name="testTypedefBeforeUse" classname="com.google.javascript.jscomp.TypeCheckTest" time="0.005"/>
  <testcase name="testGoogBind1" classname="com.google.javascript.jscomp.TypeCheckTest" time="0.001"/>
  <testcase name="testGoogBind2" classname="com.google.javascript.jscomp.TypeCheckTest" time="0.001"/>
  <testcase name="testNoPersistentTypeInferenceForObjectProperties" classname="com.google.javascript.jscomp.TypeCheckTest" time="0.005"/>
  <testcase name="testDontDropPropertiesInUnion1" classname="com.google.javascript.jscomp.TypeCheckTest" time="0.005"/>
  <testcase name="testDontDropPropertiesInUnion2" classname="com.google.javascript.jscomp.TypeCheckTest" time="0.005"/>
  <testcase name="testDontDropPropertiesInUnion3" classname="com.google.javascript.jscomp.TypeCheckTest" time="0.005"/>
  <testcase name="testDontDropPropertiesInUnion4" classname="com.google.javascript.jscomp.TypeCheckTest" time="0.004"/>
  <testcase name="testDontDropPropertiesInUnion5" classname="com.google.javascript.jscomp.TypeCheckTest" time="0.005"/>
  <testcase name="testDontDropPropertiesInUnion6" classname="com.google.javascript.jscomp.TypeCheckTest" time="0.005"/>
  <testcase name="testDontDropPropertiesInUnion7" classname="com.google.javascript.jscomp.TypeCheckTest" time="0.005"/>
  <testcase name="testOverriddenProperty1" classname="com.google.javascript.jscomp.TypeCheckTest" time="0.004"/>
  <testcase name="testOverriddenProperty2" classname="com.google.javascript.jscomp.TypeCheckTest" time="0.005"/>
  <testcase name="testOverriddenProperty3" classname="com.google.javascript.jscomp.TypeCheckTest" time="0.041"/>
  <testcase name="testOverriddenProperty4" classname="com.google.javascript.jscomp.TypeCheckTest" time="0.005"/>
  <testcase name="testOverriddenProperty5" classname="com.google.javascript.jscomp.TypeCheckTest" time="0.005"/>
  <testcase name="testOverriddenProperty6" classname="com.google.javascript.jscomp.TypeCheckTest" time="0.005"/>
  <testcase name="testAnonymousPrototype1" classname="com.google.javascript.jscomp.TypeCheckTest" time="0.004"/>
  <testcase name="testAnonymousPrototype2" classname="com.google.javascript.jscomp.TypeCheckTest" time="0.005"/>
  <testcase name="testUndefinedVar" classname="com.google.javascript.jscomp.TypeCheckTest" time="0.005"/>
  <testcase name="testDuplicateStaticMethodDecl1" classname="com.google.javascript.jscomp.TypeCheckTest" time="0.005"/>
  <testcase name="testDuplicateStaticMethodDecl2" classname="com.google.javascript.jscomp.TypeCheckTest" time="0.004"/>
  <testcase name="testDuplicateStaticMethodDecl3" classname="com.google.javascript.jscomp.TypeCheckTest" time="0.005"/>
  <testcase name="testDuplicateStaticMethodDecl4" classname="com.google.javascript.jscomp.TypeCheckTest" time="0.005"/>
  <testcase name="testDuplicateStaticMethodDecl5" classname="com.google.javascript.jscomp.TypeCheckTest" time="0.005"/>
  <testcase name="testDuplicateStaticMethodDecl6" classname="com.google.javascript.jscomp.TypeCheckTest" time="0.005"/>
  <testcase name="testSetprop1" classname="com.google.javascript.jscomp.TypeCheckTest" time="0.004"/>
  <testcase name="testSetprop2" classname="com.google.javascript.jscomp.TypeCheckTest" time="0.005"/>
  <testcase name="testSetprop3" classname="com.google.javascript.jscomp.TypeCheckTest" time="0.005"/>
  <testcase name="testSetprop4" classname="com.google.javascript.jscomp.TypeCheckTest" time="0.005"/>
  <testcase name="testSetprop5" classname="com.google.javascript.jscomp.TypeCheckTest" time="0.005"/>
  <testcase name="testSetprop6" classname="com.google.javascript.jscomp.TypeCheckTest" time="0.005"/>
  <testcase name="testSetprop7" classname="com.google.javascript.jscomp.TypeCheckTest" time="0.004"/>
  <testcase name="testSetprop8" classname="com.google.javascript.jscomp.TypeCheckTest" time="0.001"/>
  <testcase name="testSetprop9" classname="com.google.javascript.jscomp.TypeCheckTest" time="0.001"/>
  <testcase name="testTemplatedThisType1" classname="com.google.javascript.jscomp.TypeCheckTest" time="0.005"/>
  <testcase name="testTemplatedThisType2" classname="com.google.javascript.jscomp.TypeCheckTest" time="0.005"/>
</testsuite>