<?xml version="1.0" encoding="UTF-8"?>
<testsuite xmlns:xsi="http://www.w3.org/2001/XMLSchema-instance" xsi:schemaLocation="https://maven.apache.org/surefire/maven-surefire-plugin/xsd/surefire-test-report.xsd" name="com.google.javascript.jscomp.ProcessClosurePrimitivesTest" time="0.118" tests="123" errors="0" skipped="0" failures="0">
  <properties>
    <property name="java.runtime.name" value="OpenJDK Runtime Environment"/>
    <property name="sun.boot.library.path" value="/usr/lib/jvm/java-8-openjdk-amd64/jre/lib/amd64"/>
    <property name="java.vm.version" value="25.151-b12"/>
    <property name="java.vm.vendor" value="Oracle Corporation"/>
    <property name="maven.multiModuleProjectDirectory" value="/home/wju/test-proj/closure-compiler"/>
    <property name="java.vendor.url" value="http://java.oracle.com/"/>
    <property name="path.separator" value=":"/>
    <property name="guice.disable.misplaced.annotation.check" value="true"/>
    <property name="java.vm.name" value="OpenJDK 64-Bit Server VM"/>
    <property name="file.encoding.pkg" value="sun.io"/>
    <property name="user.country" value="US"/>
    <property name="sun.java.launcher" value="SUN_STANDARD"/>
    <property name="sun.os.patch.level" value="unknown"/>
    <property name="java.vm.specification.name" value="Java Virtual Machine Specification"/>
    <property name="user.dir" value="/home/wju/test-proj/closure-compiler"/>
    <property name="java.runtime.version" value="1.8.0_151-8u151-b12-0ubuntu0.16.04.2-b12"/>
    <property name="java.awt.graphicsenv" value="sun.awt.X11GraphicsEnvironment"/>
    <property name="java.endorsed.dirs" value="/usr/lib/jvm/java-8-openjdk-amd64/jre/lib/endorsed"/>
    <property name="os.arch" value="amd64"/>
    <property name="java.io.tmpdir" value="/tmp"/>
    <property name="line.separator" value="&#10;"/>
    <property name="java.vm.specification.vendor" value="Oracle Corporation"/>
    <property name="os.name" value="Linux"/>
    <property name="net.sourceforge.cobertura.datafile" value="/home/wju/test-proj/closure-compiler/target/cobertura/cobertura.ser"/>
    <property name="classworlds.conf" value="/usr/share/maven/bin/m2.conf"/>
    <property name="sun.jnu.encoding" value="UTF-8"/>
    <property name="java.library.path" value="/usr/java/packages/lib/amd64:/usr/lib/x86_64-linux-gnu/jni:/lib/x86_64-linux-gnu:/usr/lib/x86_64-linux-gnu:/usr/lib/jni:/lib:/usr/lib"/>
    <property name="java.specification.name" value="Java Platform API Specification"/>
    <property name="java.class.version" value="52.0"/>
    <property name="sun.management.compiler" value="HotSpot 64-Bit Tiered Compilers"/>
    <property name="os.version" value="4.4.0-109-generic"/>
    <property name="user.home" value="/home/wju"/>
    <property name="user.timezone" value="America/Los_Angeles"/>
    <property name="java.awt.printerjob" value="sun.print.PSPrinterJob"/>
    <property name="java.specification.version" value="1.8"/>
    <property name="file.encoding" value="UTF-8"/>
    <property name="user.name" value="wju"/>
    <property name="java.class.path" value="/usr/share/maven/boot/plexus-classworlds-2.x.jar"/>
    <property name="java.vm.specification.version" value="1.8"/>
    <property name="sun.arch.data.model" value="64"/>
    <property name="java.home" value="/usr/lib/jvm/java-8-openjdk-amd64/jre"/>
    <property name="sun.java.command" value="org.codehaus.plexus.classworlds.launcher.Launcher cobertura:cobertura"/>
    <property name="java.specification.vendor" value="Oracle Corporation"/>
    <property name="user.language" value="en"/>
    <property name="awt.toolkit" value="sun.awt.X11.XToolkit"/>
    <property name="java.vm.info" value="mixed mode"/>
    <property name="java.version" value="1.8.0_151"/>
    <property name="java.ext.dirs" value="/usr/lib/jvm/java-8-openjdk-amd64/jre/lib/ext:/usr/java/packages/lib/ext"/>
    <property name="securerandom.source" value="file:/dev/./urandom"/>
    <property name="sun.boot.class.path" value="/usr/lib/jvm/java-8-openjdk-amd64/jre/lib/resources.jar:/usr/lib/jvm/java-8-openjdk-amd64/jre/lib/rt.jar:/usr/lib/jvm/java-8-openjdk-amd64/jre/lib/sunrsasign.jar:/usr/lib/jvm/java-8-openjdk-amd64/jre/lib/jsse.jar:/usr/lib/jvm/java-8-openjdk-amd64/jre/lib/jce.jar:/usr/lib/jvm/java-8-openjdk-amd64/jre/lib/charsets.jar:/usr/lib/jvm/java-8-openjdk-amd64/jre/lib/jfr.jar:/usr/lib/jvm/java-8-openjdk-amd64/jre/classes"/>
    <property name="java.vendor" value="Oracle Corporation"/>
    <property name="maven.home" value="/usr/share/maven"/>
    <property name="file.separator" value="/"/>
    <property name="java.vendor.url.bug" value="http://bugreport.sun.com/bugreport/"/>
    <property name="sun.cpu.endian" value="little"/>
    <property name="sun.io.unicode.encoding" value="UnicodeLittle"/>
    <property name="project.build.outputDirectory" value="/home/wju/test-proj/closure-compiler/target/generated-classes/cobertura"/>
    <property name="sun.cpu.isalist" value=""/>
  </properties>
  <testcase name="testReorderedProvides" classname="com.google.javascript.jscomp.ProcessClosurePrimitivesTest" time="0.002"/>
  <testcase name="testRemovalMultipleAssignment1" classname="com.google.javascript.jscomp.ProcessClosurePrimitivesTest" time="0"/>
  <testcase name="testRemovalMultipleAssignment2" classname="com.google.javascript.jscomp.ProcessClosurePrimitivesTest" time="0.001"/>
  <testcase name="testRemovalMultipleAssignment3" classname="com.google.javascript.jscomp.ProcessClosurePrimitivesTest" time="0.002"/>
  <testcase name="testRemovalMultipleAssignment4" classname="com.google.javascript.jscomp.ProcessClosurePrimitivesTest" time="0"/>
  <testcase name="testNoStubForProvidedTypedef2" classname="com.google.javascript.jscomp.ProcessClosurePrimitivesTest" time="0.001"/>
  <testcase name="testNoStubForProvidedTypedef4" classname="com.google.javascript.jscomp.ProcessClosurePrimitivesTest" time="0.001"/>
  <testcase name="testInvalidProvide" classname="com.google.javascript.jscomp.ProcessClosurePrimitivesTest" time="0.001"/>
  <testcase name="testProvideErrorCases2" classname="com.google.javascript.jscomp.ProcessClosurePrimitivesTest" time="0.004"/>
  <testcase name="testBanGoogBase" classname="com.google.javascript.jscomp.ProcessClosurePrimitivesTest" time="0"/>
  <testcase name="testRemovalOfRequires" classname="com.google.javascript.jscomp.ProcessClosurePrimitivesTest" time="0.004"/>
  <testcase name="testInvalidGoogBase14b" classname="com.google.javascript.jscomp.ProcessClosurePrimitivesTest" time="0"/>
  <testcase name="testProvideAfterDeclarationError" classname="com.google.javascript.jscomp.ProcessClosurePrimitivesTest" time="0.001"/>
  <testcase name="testRemovalMultipleAssignmentInIf1" classname="com.google.javascript.jscomp.ProcessClosurePrimitivesTest" time="0"/>
  <testcase name="testRemovalMultipleAssignmentInIf2" classname="com.google.javascript.jscomp.ProcessClosurePrimitivesTest" time="0.001"/>
  <testcase name="testRemovalMultipleAssignmentInIf3" classname="com.google.javascript.jscomp.ProcessClosurePrimitivesTest" time="0.001"/>
  <testcase name="testRemovalMultipleAssignmentInIf4" classname="com.google.javascript.jscomp.ProcessClosurePrimitivesTest" time="0"/>
  <testcase name="testProvideErrorCases" classname="com.google.javascript.jscomp.ProcessClosurePrimitivesTest" time="0.002"/>
  <testcase name="testRemovalOfProvidedObjLit" classname="com.google.javascript.jscomp.ProcessClosurePrimitivesTest" time="0.009"/>
  <testcase name="testDefineInExterns" classname="com.google.javascript.jscomp.ProcessClosurePrimitivesTest" time="0.002"/>
  <testcase name="testValidGoogBase1" classname="com.google.javascript.jscomp.ProcessClosurePrimitivesTest" time="0.001"/>
  <testcase name="testValidGoogBase2" classname="com.google.javascript.jscomp.ProcessClosurePrimitivesTest" time="0.001"/>
  <testcase name="testValidGoogBase3" classname="com.google.javascript.jscomp.ProcessClosurePrimitivesTest" time="0.001"/>
  <testcase name="testValidGoogBase4" classname="com.google.javascript.jscomp.ProcessClosurePrimitivesTest" time="0.001"/>
  <testcase name="testValidGoogBase5" classname="com.google.javascript.jscomp.ProcessClosurePrimitivesTest" time="0"/>
  <testcase name="testValidGoogBase6" classname="com.google.javascript.jscomp.ProcessClosurePrimitivesTest" time="0.001"/>
  <testcase name="testSetCssNameMappingByTemplate" classname="com.google.javascript.jscomp.ProcessClosurePrimitivesTest" time="0.001"/>
  <testcase name="testForwardDeclarations" classname="com.google.javascript.jscomp.ProcessClosurePrimitivesTest" time="0.001"/>
  <testcase name="testSimpleProvides" classname="com.google.javascript.jscomp.ProcessClosurePrimitivesTest" time="0.004"/>
  <testcase name="testMultipleDeclarationError1" classname="com.google.javascript.jscomp.ProcessClosurePrimitivesTest" time="0"/>
  <testcase name="testMultipleDeclarationError2" classname="com.google.javascript.jscomp.ProcessClosurePrimitivesTest" time="0.001"/>
  <testcase name="testMultipleDeclarationError3" classname="com.google.javascript.jscomp.ProcessClosurePrimitivesTest" time="0.001"/>
  <testcase name="testPreserveGoogRequires" classname="com.google.javascript.jscomp.ProcessClosurePrimitivesTest" time="0.001"/>
  <testcase name="testSetCssNameMappingNonStringValueReturnsError" classname="com.google.javascript.jscomp.ProcessClosurePrimitivesTest" time="0.002"/>
  <testcase name="testNoRemovalFunction1" classname="com.google.javascript.jscomp.ProcessClosurePrimitivesTest" time="0.001"/>
  <testcase name="testNoRemovalFunction2" classname="com.google.javascript.jscomp.ProcessClosurePrimitivesTest" time="0.001"/>
  <testcase name="testNoRemovalFunction3" classname="com.google.javascript.jscomp.ProcessClosurePrimitivesTest" time="0"/>
  <testcase name="testValidGoogMethod" classname="com.google.javascript.jscomp.ProcessClosurePrimitivesTest" time="0.005"/>
  <testcase name="testValidBase1" classname="com.google.javascript.jscomp.ProcessClosurePrimitivesTest" time="0"/>
  <testcase name="testValidBase2" classname="com.google.javascript.jscomp.ProcessClosurePrimitivesTest" time="0.001"/>
  <testcase name="testValidBase3" classname="com.google.javascript.jscomp.ProcessClosurePrimitivesTest" time="0.001"/>
  <testcase name="testValidBase4" classname="com.google.javascript.jscomp.ProcessClosurePrimitivesTest" time="0.001"/>
  <testcase name="testValidBase5" classname="com.google.javascript.jscomp.ProcessClosurePrimitivesTest" time="0"/>
  <testcase name="testValidBase6" classname="com.google.javascript.jscomp.ProcessClosurePrimitivesTest" time="0.001"/>
  <testcase name="testValidBase7" classname="com.google.javascript.jscomp.ProcessClosurePrimitivesTest" time="0.001"/>
  <testcase name="testValidSetCssNameMappingWithType" classname="com.google.javascript.jscomp.ProcessClosurePrimitivesTest" time="0.001"/>
  <testcase name="testImplicitProvideInIndependentModules" classname="com.google.javascript.jscomp.ProcessClosurePrimitivesTest" time="0.001"/>
  <testcase name="testValidSetCssNameMapping" classname="com.google.javascript.jscomp.ProcessClosurePrimitivesTest" time="0.001"/>
  <testcase name="testOtherBaseCall" classname="com.google.javascript.jscomp.ProcessClosurePrimitivesTest" time="0"/>
  <testcase name="testMultipleProvides" classname="com.google.javascript.jscomp.ProcessClosurePrimitivesTest" time="0.003"/>
  <testcase name="testLateProvides" classname="com.google.javascript.jscomp.ProcessClosurePrimitivesTest" time="0.001"/>
  <testcase name="testNoStubForProvidedTypedef" classname="com.google.javascript.jscomp.ProcessClosurePrimitivesTest" time="0.001"/>
  <testcase name="testInvalidRequire" classname="com.google.javascript.jscomp.ProcessClosurePrimitivesTest" time="0.001"/>
  <testcase name="testProvideOrder3a" classname="com.google.javascript.jscomp.ProcessClosurePrimitivesTest" time="0.001"/>
  <testcase name="testProvideOrder3b" classname="com.google.javascript.jscomp.ProcessClosurePrimitivesTest" time="0.001"/>
  <testcase name="testProvideOrder4a" classname="com.google.javascript.jscomp.ProcessClosurePrimitivesTest" time="0.001"/>
  <testcase name="testProvideOrder4b" classname="com.google.javascript.jscomp.ProcessClosurePrimitivesTest" time="0"/>
  <testcase name="testInvalidGoogBase1" classname="com.google.javascript.jscomp.ProcessClosurePrimitivesTest" time="0.001"/>
  <testcase name="testInvalidGoogBase2" classname="com.google.javascript.jscomp.ProcessClosurePrimitivesTest" time="0"/>
  <testcase name="testInvalidGoogBase3" classname="com.google.javascript.jscomp.ProcessClosurePrimitivesTest" time="0"/>
  <testcase name="testInvalidGoogBase4" classname="com.google.javascript.jscomp.ProcessClosurePrimitivesTest" time="0"/>
  <testcase name="testInvalidGoogBase5" classname="com.google.javascript.jscomp.ProcessClosurePrimitivesTest" time="0.001"/>
  <testcase name="testInvalidGoogBase6" classname="com.google.javascript.jscomp.ProcessClosurePrimitivesTest" time="0"/>
  <testcase name="testInvalidGoogBase7" classname="com.google.javascript.jscomp.ProcessClosurePrimitivesTest" time="0"/>
  <testcase name="testInvalidGoogBase8" classname="com.google.javascript.jscomp.ProcessClosurePrimitivesTest" time="0"/>
  <testcase name="testInvalidGoogBase9" classname="com.google.javascript.jscomp.ProcessClosurePrimitivesTest" time="0.001"/>
  <testcase name="testProvideInESModule" classname="com.google.javascript.jscomp.ProcessClosurePrimitivesTest" time="0"/>
  <testcase name="testSetCssNameMappingByShortHand" classname="com.google.javascript.jscomp.ProcessClosurePrimitivesTest" time="0"/>
  <testcase name="testSimpleAdditionalProvide" classname="com.google.javascript.jscomp.ProcessClosurePrimitivesTest" time="0.001"/>
  <testcase name="testMissingProvides" classname="com.google.javascript.jscomp.ProcessClosurePrimitivesTest" time="0.001"/>
  <testcase name="testOverlappingDottedAdditionalProvide" classname="com.google.javascript.jscomp.ProcessClosurePrimitivesTest" time="0.001"/>
  <testcase name="testOverlappingAdditionalProvide" classname="com.google.javascript.jscomp.ProcessClosurePrimitivesTest" time="0.001"/>
  <testcase name="testRequireOfAdditionalProvide" classname="com.google.javascript.jscomp.ProcessClosurePrimitivesTest" time="0.001"/>
  <testcase name="testBadCrossModuleRequire" classname="com.google.javascript.jscomp.ProcessClosurePrimitivesTest" time="0"/>
  <testcase name="testProvideInExterns" classname="com.google.javascript.jscomp.ProcessClosurePrimitivesTest" time="0.001"/>
  <testcase name="testDefineErrorCases" classname="com.google.javascript.jscomp.ProcessClosurePrimitivesTest" time="0.002"/>
  <testcase name="testLateRequire" classname="com.google.javascript.jscomp.ProcessClosurePrimitivesTest" time="0"/>
  <testcase name="testGoodCrossModuleRequire1" classname="com.google.javascript.jscomp.ProcessClosurePrimitivesTest" time="0.001"/>
  <testcase name="testGoodCrossModuleRequire2" classname="com.google.javascript.jscomp.ProcessClosurePrimitivesTest" time="0.001"/>
  <testcase name="testReorderedProvides2" classname="com.google.javascript.jscomp.ProcessClosurePrimitivesTest" time="0.001"/>
  <testcase name="testProvidedDeclaredClassError" classname="com.google.javascript.jscomp.ProcessClosurePrimitivesTest" time="0"/>
  <testcase name="testInvalidBase10" classname="com.google.javascript.jscomp.ProcessClosurePrimitivesTest" time="0"/>
  <testcase name="testInvalidBase11" classname="com.google.javascript.jscomp.ProcessClosurePrimitivesTest" time="0"/>
  <testcase name="testInvalidBase12" classname="com.google.javascript.jscomp.ProcessClosurePrimitivesTest" time="0.001"/>
  <testcase name="testInvalidBase13" classname="com.google.javascript.jscomp.ProcessClosurePrimitivesTest" time="0"/>
  <testcase name="testSimpleDottedAdditionalProvide" classname="com.google.javascript.jscomp.ProcessClosurePrimitivesTest" time="0.001"/>
  <testcase name="testRequireErrorCases" classname="com.google.javascript.jscomp.ProcessClosurePrimitivesTest" time="0.001"/>
  <testcase name="testDefineValuesErrors" classname="com.google.javascript.jscomp.ProcessClosurePrimitivesTest" time="0.002"/>
  <testcase name="testProvideOrder1" classname="com.google.javascript.jscomp.ProcessClosurePrimitivesTest" time="0.001"/>
  <testcase name="testProvideOrder2" classname="com.google.javascript.jscomp.ProcessClosurePrimitivesTest" time="0.001"/>
  <testcase name="testProvideInIndependentModules2b" classname="com.google.javascript.jscomp.ProcessClosurePrimitivesTest" time="0.001"/>
  <testcase name="testProvideInIndependentModules3b" classname="com.google.javascript.jscomp.ProcessClosurePrimitivesTest" time="0.001"/>
  <testcase name="testDefineValues" classname="com.google.javascript.jscomp.ProcessClosurePrimitivesTest" time="0.004"/>
  <testcase name="testProvideValidObjectType" classname="com.google.javascript.jscomp.ProcessClosurePrimitivesTest" time="0"/>
  <testcase name="testInvalidGoogBase10" classname="com.google.javascript.jscomp.ProcessClosurePrimitivesTest" time="0.001"/>
  <testcase name="testInvalidGoogBase11" classname="com.google.javascript.jscomp.ProcessClosurePrimitivesTest" time="0"/>
  <testcase name="testInvalidGoogBase14" classname="com.google.javascript.jscomp.ProcessClosurePrimitivesTest" time="0"/>
  <testcase name="testInvalidGoogBase6b" classname="com.google.javascript.jscomp.ProcessClosurePrimitivesTest" time="0.001"/>
  <testcase name="testSetCssNameMappingValidity" classname="com.google.javascript.jscomp.ProcessClosurePrimitivesTest" time="0.001"/>
  <testcase name="testProvidedDeclaredFunctionError" classname="com.google.javascript.jscomp.ProcessClosurePrimitivesTest" time="0"/>
  <testcase name="testProvideInIndependentModules1" classname="com.google.javascript.jscomp.ProcessClosurePrimitivesTest" time="0.001"/>
  <testcase name="testProvideInIndependentModules2" classname="com.google.javascript.jscomp.ProcessClosurePrimitivesTest" time="0.001"/>
  <testcase name="testProvideInIndependentModules3" classname="com.google.javascript.jscomp.ProcessClosurePrimitivesTest" time="0.001"/>
  <testcase name="testProvideInIndependentModules4" classname="com.google.javascript.jscomp.ProcessClosurePrimitivesTest" time="0.001"/>
  <testcase name="testProvideRequireSameFile" classname="com.google.javascript.jscomp.ProcessClosurePrimitivesTest" time="0.001"/>
  <testcase name="testRequireOfBaseGoog" classname="com.google.javascript.jscomp.ProcessClosurePrimitivesTest" time="0"/>
  <testcase name="testSourcePositionPreservation" classname="com.google.javascript.jscomp.ProcessClosurePrimitivesTest" time="0.001"/>
  <testcase name="testInvalidBase1" classname="com.google.javascript.jscomp.ProcessClosurePrimitivesTest" time="0"/>
  <testcase name="testInvalidBase2" classname="com.google.javascript.jscomp.ProcessClosurePrimitivesTest" time="0.001"/>
  <testcase name="testInvalidBase3" classname="com.google.javascript.jscomp.ProcessClosurePrimitivesTest" time="0"/>
  <testcase name="testInvalidBase4" classname="com.google.javascript.jscomp.ProcessClosurePrimitivesTest" time="0"/>
  <testcase name="testInvalidBase5" classname="com.google.javascript.jscomp.ProcessClosurePrimitivesTest" time="0"/>
  <testcase name="testInvalidBase7" classname="com.google.javascript.jscomp.ProcessClosurePrimitivesTest" time="0.001"/>
  <testcase name="testInvalidBase8" classname="com.google.javascript.jscomp.ProcessClosurePrimitivesTest" time="0"/>
  <testcase name="testInvalidBase9" classname="com.google.javascript.jscomp.ProcessClosurePrimitivesTest" time="0"/>
  <testcase name="testOverlappingAdditionalProvideAtEnd" classname="com.google.javascript.jscomp.ProcessClosurePrimitivesTest" time="0.001"/>
  <testcase name="testMissingRequireWithAdditionalProvide" classname="com.google.javascript.jscomp.ProcessClosurePrimitivesTest" time="0"/>
  <testcase name="testSimpleAdditionalProvideAtEnd" classname="com.google.javascript.jscomp.ProcessClosurePrimitivesTest" time="0.001"/>
  <testcase name="testAddDependency" classname="com.google.javascript.jscomp.ProcessClosurePrimitivesTest" time="0"/>
  <testcase name="testImplicitProvideInIndependentModules2" classname="com.google.javascript.jscomp.ProcessClosurePrimitivesTest" time="0.001"/>
  <testcase name="testImplicitProvideInIndependentModules3" classname="com.google.javascript.jscomp.ProcessClosurePrimitivesTest" time="0.001"/>
  <testcase name="testImplicitAndExplicitProvide" classname="com.google.javascript.jscomp.ProcessClosurePrimitivesTest" time="0.001"/>
  <testcase name="testDefineCases" classname="com.google.javascript.jscomp.ProcessClosurePrimitivesTest" time="0.001"/>
</testsuite>