<?xml version="1.0" encoding="UTF-8"?>
<testsuite xmlns:xsi="http://www.w3.org/2001/XMLSchema-instance" xsi:schemaLocation="https://maven.apache.org/surefire/maven-surefire-plugin/xsd/surefire-test-report.xsd" name="com.google.javascript.jscomp.CheckJsDocTest" time="0.093" tests="91" errors="0" skipped="0" failures="0">
  <properties>
    <property name="java.runtime.name" value="OpenJDK Runtime Environment"/>
    <property name="sun.boot.library.path" value="/usr/lib/jvm/java-8-openjdk-amd64/jre/lib/amd64"/>
    <property name="java.vm.version" value="25.151-b12"/>
    <property name="java.vm.vendor" value="Oracle Corporation"/>
    <property name="maven.multiModuleProjectDirectory" value="/home/wju/test-proj/closure-compiler"/>
    <property name="java.vendor.url" value="http://java.oracle.com/"/>
    <property name="path.separator" value=":"/>
    <property name="guice.disable.misplaced.annotation.check" value="true"/>
    <property name="java.vm.name" value="OpenJDK 64-Bit Server VM"/>
    <property name="file.encoding.pkg" value="sun.io"/>
    <property name="user.country" value="US"/>
    <property name="sun.java.launcher" value="SUN_STANDARD"/>
    <property name="sun.os.patch.level" value="unknown"/>
    <property name="java.vm.specification.name" value="Java Virtual Machine Specification"/>
    <property name="user.dir" value="/home/wju/test-proj/closure-compiler"/>
    <property name="java.runtime.version" value="1.8.0_151-8u151-b12-0ubuntu0.16.04.2-b12"/>
    <property name="java.awt.graphicsenv" value="sun.awt.X11GraphicsEnvironment"/>
    <property name="java.endorsed.dirs" value="/usr/lib/jvm/java-8-openjdk-amd64/jre/lib/endorsed"/>
    <property name="os.arch" value="amd64"/>
    <property name="java.io.tmpdir" value="/tmp"/>
    <property name="line.separator" value="&#10;"/>
    <property name="java.vm.specification.vendor" value="Oracle Corporation"/>
    <property name="os.name" value="Linux"/>
    <property name="net.sourceforge.cobertura.datafile" value="/home/wju/test-proj/closure-compiler/target/cobertura/cobertura.ser"/>
    <property name="classworlds.conf" value="/usr/share/maven/bin/m2.conf"/>
    <property name="sun.jnu.encoding" value="UTF-8"/>
    <property name="java.library.path" value="/usr/java/packages/lib/amd64:/usr/lib/x86_64-linux-gnu/jni:/lib/x86_64-linux-gnu:/usr/lib/x86_64-linux-gnu:/usr/lib/jni:/lib:/usr/lib"/>
    <property name="java.specification.name" value="Java Platform API Specification"/>
    <property name="java.class.version" value="52.0"/>
    <property name="sun.management.compiler" value="HotSpot 64-Bit Tiered Compilers"/>
    <property name="os.version" value="4.4.0-109-generic"/>
    <property name="user.home" value="/home/wju"/>
    <property name="user.timezone" value="America/Los_Angeles"/>
    <property name="java.awt.printerjob" value="sun.print.PSPrinterJob"/>
    <property name="java.specification.version" value="1.8"/>
    <property name="file.encoding" value="UTF-8"/>
    <property name="user.name" value="wju"/>
    <property name="java.class.path" value="/usr/share/maven/boot/plexus-classworlds-2.x.jar"/>
    <property name="java.vm.specification.version" value="1.8"/>
    <property name="sun.arch.data.model" value="64"/>
    <property name="java.home" value="/usr/lib/jvm/java-8-openjdk-amd64/jre"/>
    <property name="sun.java.command" value="org.codehaus.plexus.classworlds.launcher.Launcher cobertura:cobertura"/>
    <property name="java.specification.vendor" value="Oracle Corporation"/>
    <property name="user.language" value="en"/>
    <property name="awt.toolkit" value="sun.awt.X11.XToolkit"/>
    <property name="java.vm.info" value="mixed mode"/>
    <property name="java.version" value="1.8.0_151"/>
    <property name="java.ext.dirs" value="/usr/lib/jvm/java-8-openjdk-amd64/jre/lib/ext:/usr/java/packages/lib/ext"/>
    <property name="securerandom.source" value="file:/dev/./urandom"/>
    <property name="sun.boot.class.path" value="/usr/lib/jvm/java-8-openjdk-amd64/jre/lib/resources.jar:/usr/lib/jvm/java-8-openjdk-amd64/jre/lib/rt.jar:/usr/lib/jvm/java-8-openjdk-amd64/jre/lib/sunrsasign.jar:/usr/lib/jvm/java-8-openjdk-amd64/jre/lib/jsse.jar:/usr/lib/jvm/java-8-openjdk-amd64/jre/lib/jce.jar:/usr/lib/jvm/java-8-openjdk-amd64/jre/lib/charsets.jar:/usr/lib/jvm/java-8-openjdk-amd64/jre/lib/jfr.jar:/usr/lib/jvm/java-8-openjdk-amd64/jre/classes"/>
    <property name="java.vendor" value="Oracle Corporation"/>
    <property name="maven.home" value="/usr/share/maven"/>
    <property name="file.separator" value="/"/>
    <property name="java.vendor.url.bug" value="http://bugreport.sun.com/bugreport/"/>
    <property name="sun.cpu.endian" value="little"/>
    <property name="sun.io.unicode.encoding" value="UnicodeLittle"/>
    <property name="project.build.outputDirectory" value="/home/wju/test-proj/closure-compiler/target/generated-classes/cobertura"/>
    <property name="sun.cpu.isalist" value=""/>
  </properties>
  <testcase name="testValidFunctionJSDocOnMethods_withES6Modules" classname="com.google.javascript.jscomp.CheckJsDocTest" time="0.001"/>
  <testcase name="testArrowFuncAsConstructor_withES6Modules" classname="com.google.javascript.jscomp.CheckJsDocTest" time="0"/>
  <testcase name="testInvalidAbstract_getter_setter_withES6Modules" classname="com.google.javascript.jscomp.CheckJsDocTest" time="0.001"/>
  <testcase name="testMisplacedParamAnnotation" classname="com.google.javascript.jscomp.CheckJsDocTest" time="0.002"/>
  <testcase name="testBadTypedef_withES6Modules" classname="com.google.javascript.jscomp.CheckJsDocTest" time="0"/>
  <testcase name="testAbstract_method_withES6Modules" classname="com.google.javascript.jscomp.CheckJsDocTest" time="0.001"/>
  <testcase name="testJSDocDescAttachment" classname="com.google.javascript.jscomp.CheckJsDocTest" time="0.003"/>
  <testcase name="testGoodTemplate1" classname="com.google.javascript.jscomp.CheckJsDocTest" time="0.003"/>
  <testcase name="testGoodTemplate2" classname="com.google.javascript.jscomp.CheckJsDocTest" time="0.001"/>
  <testcase name="testGoodTemplate3" classname="com.google.javascript.jscomp.CheckJsDocTest" time="0.001"/>
  <testcase name="testGoodTemplate4" classname="com.google.javascript.jscomp.CheckJsDocTest" time="0.001"/>
  <testcase name="testAbstract_var_withES6Modules" classname="com.google.javascript.jscomp.CheckJsDocTest" time="0"/>
  <testcase name="testFunctionJSDocOnMethods" classname="com.google.javascript.jscomp.CheckJsDocTest" time="0.005"/>
  <testcase name="testInvalidDefaultParam_withES6Modules" classname="com.google.javascript.jscomp.CheckJsDocTest" time="0.001"/>
  <testcase name="testAbstract_method" classname="com.google.javascript.jscomp.CheckJsDocTest" time="0.002"/>
  <testcase name="testJSDocTypeAttachment_withES6Modules" classname="com.google.javascript.jscomp.CheckJsDocTest" time="0.001"/>
  <testcase name="testNocollapseInExterns_withES6Modules" classname="com.google.javascript.jscomp.CheckJsDocTest" time="0.001"/>
  <testcase name="testJSDocFunctionNodeAttachment_withES6Modules" classname="com.google.javascript.jscomp.CheckJsDocTest" time="0"/>
  <testcase name="testValidClassJsdoc_withES6Modules" classname="com.google.javascript.jscomp.CheckJsDocTest" time="0.001"/>
  <testcase name="testAllowedNocollapseAnnotation1" classname="com.google.javascript.jscomp.CheckJsDocTest" time="0.001"/>
  <testcase name="testAllowedNocollapseAnnotation2" classname="com.google.javascript.jscomp.CheckJsDocTest" time="0.001"/>
  <testcase name="testMethodsOnObjectLiterals" classname="com.google.javascript.jscomp.CheckJsDocTest" time="0.002"/>
  <testcase name="testAbstract_function_withES6Modules" classname="com.google.javascript.jscomp.CheckJsDocTest" time="0.001"/>
  <testcase name="testInvalidClassJsdoc" classname="com.google.javascript.jscomp.CheckJsDocTest" time="0.002"/>
  <testcase name="testJSDocFunctionNodeAttachment" classname="com.google.javascript.jscomp.CheckJsDocTest" time="0.001"/>
  <testcase name="testAbstract_function" classname="com.google.javascript.jscomp.CheckJsDocTest" time="0.001"/>
  <testcase name="testObjectLiterals" classname="com.google.javascript.jscomp.CheckJsDocTest" time="0.001"/>
  <testcase name="testExposeDeprecated_withES6Modules" classname="com.google.javascript.jscomp.CheckJsDocTest" time="0"/>
  <testcase name="testAbstract_staticMethod_withES6Modules" classname="com.google.javascript.jscomp.CheckJsDocTest" time="0.001"/>
  <testcase name="testBadTemplate1" classname="com.google.javascript.jscomp.CheckJsDocTest" time="0"/>
  <testcase name="testBadTemplate2" classname="com.google.javascript.jscomp.CheckJsDocTest" time="0.001"/>
  <testcase name="testBadTemplate3" classname="com.google.javascript.jscomp.CheckJsDocTest" time="0.001"/>
  <testcase name="testInvalidDefinesVariableDeclaration" classname="com.google.javascript.jscomp.CheckJsDocTest" time="0.003"/>
  <testcase name="testInvalidObjectLiterals_withES6Modules" classname="com.google.javascript.jscomp.CheckJsDocTest" time="0"/>
  <testcase name="testInlineJsDocInsideObjectParams" classname="com.google.javascript.jscomp.CheckJsDocTest" time="0.003"/>
  <testcase name="testValidAbstract_defineClass_withES6Modules" classname="com.google.javascript.jscomp.CheckJsDocTest" time="0"/>
  <testcase name="testMisplacedTypeAnnotation1" classname="com.google.javascript.jscomp.CheckJsDocTest" time="0.001"/>
  <testcase name="testMisplacedTypeAnnotation2" classname="com.google.javascript.jscomp.CheckJsDocTest" time="0.001"/>
  <testcase name="testMisplacedTypeAnnotation3" classname="com.google.javascript.jscomp.CheckJsDocTest" time="0"/>
  <testcase name="testMisplacedTypeAnnotation4" classname="com.google.javascript.jscomp.CheckJsDocTest" time="0.001"/>
  <testcase name="testMisplacedTypeAnnotation5" classname="com.google.javascript.jscomp.CheckJsDocTest" time="0"/>
  <testcase name="testMisplacedTypeAnnotation6" classname="com.google.javascript.jscomp.CheckJsDocTest" time="0.001"/>
  <testcase name="testMisplacedTypeAnnotation7" classname="com.google.javascript.jscomp.CheckJsDocTest" time="0"/>
  <testcase name="testInvalidModifiesAnnotation" classname="com.google.javascript.jscomp.CheckJsDocTest" time="0"/>
  <testcase name="testAllowedNocollapseAnnotation_withES6Modules" classname="com.google.javascript.jscomp.CheckJsDocTest" time="0.001"/>
  <testcase name="testAbstract_var" classname="com.google.javascript.jscomp.CheckJsDocTest" time="0.001"/>
  <testcase name="testValidAbstract_getter_setter_withES6Modules" classname="com.google.javascript.jscomp.CheckJsDocTest" time="0.001"/>
  <testcase name="testDefaultParam" classname="com.google.javascript.jscomp.CheckJsDocTest" time="0.001"/>
  <testcase name="testJSDocOnExports" classname="com.google.javascript.jscomp.CheckJsDocTest" time="0"/>
  <testcase name="testJSDocDescInExterns" classname="com.google.javascript.jscomp.CheckJsDocTest" time="0.001"/>
  <testcase name="testMisplacedParamAnnotation_withES6Modules" classname="com.google.javascript.jscomp.CheckJsDocTest" time="0.001"/>
  <testcase name="testInvalidAbstract_defineClass_withES6Modules" classname="com.google.javascript.jscomp.CheckJsDocTest" time="0"/>
  <testcase name="testInlineJsDocInsideObjectParams_withES6Modules" classname="com.google.javascript.jscomp.CheckJsDocTest" time="0.001"/>
  <testcase name="testMisplacedNocollapseAnnotation_withES6Modules" classname="com.google.javascript.jscomp.CheckJsDocTest" time="0.001"/>
  <testcase name="testMethodsOnObjectLiterals_withES6Modules" classname="com.google.javascript.jscomp.CheckJsDocTest" time="0"/>
  <testcase name="testInvalidAnnotation1" classname="com.google.javascript.jscomp.CheckJsDocTest" time="0"/>
  <testcase name="testInvalidAnnotation2" classname="com.google.javascript.jscomp.CheckJsDocTest" time="0"/>
  <testcase name="testInvalidAnnotation3" classname="com.google.javascript.jscomp.CheckJsDocTest" time="0"/>
  <testcase name="testInvalidAnnotation4" classname="com.google.javascript.jscomp.CheckJsDocTest" time="0"/>
  <testcase name="testInvalidAnnotation5" classname="com.google.javascript.jscomp.CheckJsDocTest" time="0.001"/>
  <testcase name="testMisplacedNocollapseAnnotation" classname="com.google.javascript.jscomp.CheckJsDocTest" time="0"/>
  <testcase name="testValidAbstract_constructor_withES6Modules" classname="com.google.javascript.jscomp.CheckJsDocTest" time="0.001"/>
  <testcase name="testAbstract_staticMethod" classname="com.google.javascript.jscomp.CheckJsDocTest" time="0.001"/>
  <testcase name="testInvalidAnnotation_withES6Modules" classname="com.google.javascript.jscomp.CheckJsDocTest" time="0"/>
  <testcase name="testAbstract_getter_setter" classname="com.google.javascript.jscomp.CheckJsDocTest" time="0.002"/>
  <testcase name="testValidObjectLiterals_withES6Modules" classname="com.google.javascript.jscomp.CheckJsDocTest" time="0.001"/>
  <testcase name="testValidDefaultParam_withES6Modules" classname="com.google.javascript.jscomp.CheckJsDocTest" time="0"/>
  <testcase name="testAbstract_class" classname="com.google.javascript.jscomp.CheckJsDocTest" time="0.004"/>
  <testcase name="testAbstract_field" classname="com.google.javascript.jscomp.CheckJsDocTest" time="0.001"/>
  <testcase name="testBadTypedef" classname="com.google.javascript.jscomp.CheckJsDocTest" time="0.001"/>
  <testcase name="testInvalidAbstract_constructor_withES6Modules" classname="com.google.javascript.jscomp.CheckJsDocTest" time="0"/>
  <testcase name="testInlineJSDoc_withES6Modules" classname="com.google.javascript.jscomp.CheckJsDocTest" time="0.001"/>
  <testcase name="testBadTemplate_withES6Modules" classname="com.google.javascript.jscomp.CheckJsDocTest" time="0.001"/>
  <testcase name="testMisplacedTypeAnnotation_withES6Modules" classname="com.google.javascript.jscomp.CheckJsDocTest" time="0"/>
  <testcase name="testInvalidInlineJsDoc_ES6_withES6Modules" classname="com.google.javascript.jscomp.CheckJsDocTest" time="0.001"/>
  <testcase name="testInlineJsDoc_ES6" classname="com.google.javascript.jscomp.CheckJsDocTest" time="0.002"/>
  <testcase name="testInvalidModifiesAnnotation_withES6Modules" classname="com.google.javascript.jscomp.CheckJsDocTest" time="0.001"/>
  <testcase name="testAbstract_field_withES6Modules" classname="com.google.javascript.jscomp.CheckJsDocTest" time="0"/>
  <testcase name="testAbstract_nonEmptyMethod_withES6Modules" classname="com.google.javascript.jscomp.CheckJsDocTest" time="0.001"/>
  <testcase name="testExposeDeprecated" classname="com.google.javascript.jscomp.CheckJsDocTest" time="0"/>
  <testcase name="testAbstract_constructor" classname="com.google.javascript.jscomp.CheckJsDocTest" time="0.001"/>
  <testcase name="testNocollapseInExterns" classname="com.google.javascript.jscomp.CheckJsDocTest" time="0"/>
  <testcase name="testAbstract_defineClass" classname="com.google.javascript.jscomp.CheckJsDocTest" time="0.005"/>
  <testcase name="testAbstract_class_withES6Modules" classname="com.google.javascript.jscomp.CheckJsDocTest" time="0"/>
  <testcase name="testArrowFuncAsConstructor" classname="com.google.javascript.jscomp.CheckJsDocTest" time="0.002"/>
  <testcase name="testValidInlineJsDoc_ES6_withES6Modules" classname="com.google.javascript.jscomp.CheckJsDocTest" time="0"/>
  <testcase name="testGoodTemplate_withES6Modules" classname="com.google.javascript.jscomp.CheckJsDocTest" time="0.001"/>
  <testcase name="testInvalidClassJsdoc_withES6Modules" classname="com.google.javascript.jscomp.CheckJsDocTest" time="0"/>
  <testcase name="testJSDocTypeAttachment" classname="com.google.javascript.jscomp.CheckJsDocTest" time="0.001"/>
  <testcase name="testAbstract_nonEmptyMethod" classname="com.google.javascript.jscomp.CheckJsDocTest" time="0.001"/>
  <testcase name="testInlineJSDoc" classname="com.google.javascript.jscomp.CheckJsDocTest" time="0.004"/>
</testsuite>