<?xml version="1.0" encoding="UTF-8"?>
<testsuite xmlns:xsi="http://www.w3.org/2001/XMLSchema-instance" xsi:schemaLocation="https://maven.apache.org/surefire/maven-surefire-plugin/xsd/surefire-test-report.xsd" name="com.google.javascript.jscomp.InlineAliasesTest" time="0.066" tests="65" errors="0" skipped="0" failures="0">
  <properties>
    <property name="java.runtime.name" value="OpenJDK Runtime Environment"/>
    <property name="sun.boot.library.path" value="/usr/lib/jvm/java-8-openjdk-amd64/jre/lib/amd64"/>
    <property name="java.vm.version" value="25.151-b12"/>
    <property name="java.vm.vendor" value="Oracle Corporation"/>
    <property name="maven.multiModuleProjectDirectory" value="/home/wju/test-proj/closure-compiler"/>
    <property name="java.vendor.url" value="http://java.oracle.com/"/>
    <property name="path.separator" value=":"/>
    <property name="guice.disable.misplaced.annotation.check" value="true"/>
    <property name="java.vm.name" value="OpenJDK 64-Bit Server VM"/>
    <property name="file.encoding.pkg" value="sun.io"/>
    <property name="user.country" value="US"/>
    <property name="sun.java.launcher" value="SUN_STANDARD"/>
    <property name="sun.os.patch.level" value="unknown"/>
    <property name="java.vm.specification.name" value="Java Virtual Machine Specification"/>
    <property name="user.dir" value="/home/wju/test-proj/closure-compiler"/>
    <property name="java.runtime.version" value="1.8.0_151-8u151-b12-0ubuntu0.16.04.2-b12"/>
    <property name="java.awt.graphicsenv" value="sun.awt.X11GraphicsEnvironment"/>
    <property name="java.endorsed.dirs" value="/usr/lib/jvm/java-8-openjdk-amd64/jre/lib/endorsed"/>
    <property name="os.arch" value="amd64"/>
    <property name="java.io.tmpdir" value="/tmp"/>
    <property name="line.separator" value="&#10;"/>
    <property name="java.vm.specification.vendor" value="Oracle Corporation"/>
    <property name="os.name" value="Linux"/>
    <property name="net.sourceforge.cobertura.datafile" value="/home/wju/test-proj/closure-compiler/target/cobertura/cobertura.ser"/>
    <property name="classworlds.conf" value="/usr/share/maven/bin/m2.conf"/>
    <property name="sun.jnu.encoding" value="UTF-8"/>
    <property name="java.library.path" value="/usr/java/packages/lib/amd64:/usr/lib/x86_64-linux-gnu/jni:/lib/x86_64-linux-gnu:/usr/lib/x86_64-linux-gnu:/usr/lib/jni:/lib:/usr/lib"/>
    <property name="java.specification.name" value="Java Platform API Specification"/>
    <property name="java.class.version" value="52.0"/>
    <property name="sun.management.compiler" value="HotSpot 64-Bit Tiered Compilers"/>
    <property name="os.version" value="4.4.0-109-generic"/>
    <property name="user.home" value="/home/wju"/>
    <property name="user.timezone" value="America/Los_Angeles"/>
    <property name="java.awt.printerjob" value="sun.print.PSPrinterJob"/>
    <property name="java.specification.version" value="1.8"/>
    <property name="file.encoding" value="UTF-8"/>
    <property name="user.name" value="wju"/>
    <property name="java.class.path" value="/usr/share/maven/boot/plexus-classworlds-2.x.jar"/>
    <property name="java.vm.specification.version" value="1.8"/>
    <property name="sun.arch.data.model" value="64"/>
    <property name="java.home" value="/usr/lib/jvm/java-8-openjdk-amd64/jre"/>
    <property name="sun.java.command" value="org.codehaus.plexus.classworlds.launcher.Launcher cobertura:cobertura"/>
    <property name="java.specification.vendor" value="Oracle Corporation"/>
    <property name="user.language" value="en"/>
    <property name="awt.toolkit" value="sun.awt.X11.XToolkit"/>
    <property name="java.vm.info" value="mixed mode"/>
    <property name="java.version" value="1.8.0_151"/>
    <property name="java.ext.dirs" value="/usr/lib/jvm/java-8-openjdk-amd64/jre/lib/ext:/usr/java/packages/lib/ext"/>
    <property name="securerandom.source" value="file:/dev/./urandom"/>
    <property name="sun.boot.class.path" value="/usr/lib/jvm/java-8-openjdk-amd64/jre/lib/resources.jar:/usr/lib/jvm/java-8-openjdk-amd64/jre/lib/rt.jar:/usr/lib/jvm/java-8-openjdk-amd64/jre/lib/sunrsasign.jar:/usr/lib/jvm/java-8-openjdk-amd64/jre/lib/jsse.jar:/usr/lib/jvm/java-8-openjdk-amd64/jre/lib/jce.jar:/usr/lib/jvm/java-8-openjdk-amd64/jre/lib/charsets.jar:/usr/lib/jvm/java-8-openjdk-amd64/jre/lib/jfr.jar:/usr/lib/jvm/java-8-openjdk-amd64/jre/classes"/>
    <property name="java.vendor" value="Oracle Corporation"/>
    <property name="maven.home" value="/usr/share/maven"/>
    <property name="file.separator" value="/"/>
    <property name="java.vendor.url.bug" value="http://bugreport.sun.com/bugreport/"/>
    <property name="sun.cpu.endian" value="little"/>
    <property name="sun.io.unicode.encoding" value="UnicodeLittle"/>
    <property name="project.build.outputDirectory" value="/home/wju/test-proj/closure-compiler/target/generated-classes/cobertura"/>
    <property name="sun.cpu.isalist" value=""/>
  </properties>
  <testcase name="testLetArrayDestructuringFromFunction" classname="com.google.javascript.jscomp.InlineAliasesTest" time="0.001"/>
  <testcase name="testConstArrayDestructuringVarAssign" classname="com.google.javascript.jscomp.InlineAliasesTest" time="0.001"/>
  <testcase name="testConstObjectDestructuringBasicAssign" classname="com.google.javascript.jscomp.InlineAliasesTest" time="0.001"/>
  <testcase name="testArrayDestructuringVarAssign" classname="com.google.javascript.jscomp.InlineAliasesTest" time="0.001"/>
  <testcase name="testAliasedEnums" classname="com.google.javascript.jscomp.InlineAliasesTest" time="0.001"/>
  <testcase name="testConstObjectDestructuringWithParameters" classname="com.google.javascript.jscomp.InlineAliasesTest" time="0.001"/>
  <testcase name="testES6LetAliasClassDeclarationWithoutNew" classname="com.google.javascript.jscomp.InlineAliasesTest" time="0.001"/>
  <testcase name="testSimpleLetAliasInCode" classname="com.google.javascript.jscomp.InlineAliasesTest" time="0.001"/>
  <testcase name="testObjectDestructuringDefaultVals" classname="com.google.javascript.jscomp.InlineAliasesTest" time="0.001"/>
  <testcase name="testLetObjectDestructuringBasicAssign" classname="com.google.javascript.jscomp.InlineAliasesTest" time="0.001"/>
  <testcase name="testArrayDestructuringAndRedefinedAliasesNotRenamed" classname="com.google.javascript.jscomp.InlineAliasesTest" time="0"/>
  <testcase name="testArrayDestructuringSwapIsNotInlinedWithClassDeclaration" classname="com.google.javascript.jscomp.InlineAliasesTest" time="0.001"/>
  <testcase name="testWithLetObjectDestructuringAssignWithoutDeclaration" classname="com.google.javascript.jscomp.InlineAliasesTest" time="0.001"/>
  <testcase name="testObjectDestructuringAssignNewVarNames" classname="com.google.javascript.jscomp.InlineAliasesTest" time="0.001"/>
  <testcase name="testAliasChains" classname="com.google.javascript.jscomp.InlineAliasesTest" time="0.002"/>
  <testcase name="testLetObjectDestructuringAssignNewVarNames" classname="com.google.javascript.jscomp.InlineAliasesTest" time="0"/>
  <testcase name="testTransitiveConstAliases" classname="com.google.javascript.jscomp.InlineAliasesTest" time="0.001"/>
  <testcase name="testConstObjectDestructuringDefaultVals" classname="com.google.javascript.jscomp.InlineAliasesTest" time="0.001"/>
  <testcase name="testES6ConstAliasClassDeclarationWithoutNew" classname="com.google.javascript.jscomp.InlineAliasesTest" time="0.001"/>
  <testcase name="testPrivateVariablesAreNotInlined" classname="com.google.javascript.jscomp.InlineAliasesTest" time="0.001"/>
  <testcase name="testSimpleLetAliasInJSDoc" classname="com.google.javascript.jscomp.InlineAliasesTest" time="0.001"/>
  <testcase name="testArrayDestructuringLetAssign" classname="com.google.javascript.jscomp.InlineAliasesTest" time="0.001"/>
  <testcase name="testArrayDestructuringWithParameter" classname="com.google.javascript.jscomp.InlineAliasesTest" time="0.001"/>
  <testcase name="testConstWithTypesAreNotInlined" classname="com.google.javascript.jscomp.InlineAliasesTest" time="0"/>
  <testcase name="testObjectDestructuringWithParametersAndStyleShortcut" classname="com.google.javascript.jscomp.InlineAliasesTest" time="0.001"/>
  <testcase name="testShadowedAliasesNotRenamed" classname="com.google.javascript.jscomp.InlineAliasesTest" time="0.003"/>
  <testcase name="testLetObjectDestructuringDefaultVals" classname="com.google.javascript.jscomp.InlineAliasesTest" time="0.001"/>
  <testcase name="testDefinesAreNotInlined" classname="com.google.javascript.jscomp.InlineAliasesTest" time="0"/>
  <testcase name="testLetObjectDestructuringWithParameters" classname="com.google.javascript.jscomp.InlineAliasesTest" time="0.001"/>
  <testcase name="testObjectDestructuringAssignWithoutDeclaration" classname="com.google.javascript.jscomp.InlineAliasesTest" time="0.002"/>
  <testcase name="testES6ConstAliasClassDeclarationWithNew" classname="com.google.javascript.jscomp.InlineAliasesTest" time="0"/>
  <testcase name="testArrayDestructuringTwoVarsAndRedefinedAliasesNotRenamed" classname="com.google.javascript.jscomp.InlineAliasesTest" time="0.001"/>
  <testcase name="testSimpleConstAliasInCode" classname="com.google.javascript.jscomp.InlineAliasesTest" time="0.001"/>
  <testcase name="testES6VarAliasClassDeclarationWithoutNew" classname="com.google.javascript.jscomp.InlineAliasesTest" time="0.001"/>
  <testcase name="testHoistedAliasesInCode" classname="com.google.javascript.jscomp.InlineAliasesTest" time="0.001"/>
  <testcase name="testUnqualifiedLetAliasChains" classname="com.google.javascript.jscomp.InlineAliasesTest" time="0.001"/>
  <testcase name="testConstAliasedEnums" classname="com.google.javascript.jscomp.InlineAliasesTest" time="0.001"/>
  <testcase name="testQualifiedConstAliasChains" classname="com.google.javascript.jscomp.InlineAliasesTest" time="0.001"/>
  <testcase name="testRedefinedAliasesNotRenamed" classname="com.google.javascript.jscomp.InlineAliasesTest" time="0.001"/>
  <testcase name="testConstObjectDestructuringAssignWithoutDeclaration" classname="com.google.javascript.jscomp.InlineAliasesTest" time="0.001"/>
  <testcase name="testLetArrayDestructuringWithParameter" classname="com.google.javascript.jscomp.InlineAliasesTest" time="0.001"/>
  <testcase name="testNoInlineAliasesInsideClassConstructor" classname="com.google.javascript.jscomp.InlineAliasesTest" time="0.001"/>
  <testcase name="testTransitiveAliases" classname="com.google.javascript.jscomp.InlineAliasesTest" time="0.001"/>
  <testcase name="testUnqualifiedHoistedConstAliasesInCode" classname="com.google.javascript.jscomp.InlineAliasesTest" time="0.001"/>
  <testcase name="testConstArrayDestructuringWithParameters" classname="com.google.javascript.jscomp.InlineAliasesTest" time="0.001"/>
  <testcase name="testUnqualifiedHoistedLetAliasesInCode" classname="com.google.javascript.jscomp.InlineAliasesTest" time="0"/>
  <testcase name="testArrayDestructuringSwapIsNotInlined" classname="com.google.javascript.jscomp.InlineAliasesTest" time="0.001"/>
  <testcase name="testAliasCycleError" classname="com.google.javascript.jscomp.InlineAliasesTest" time="0.001"/>
  <testcase name="testConstObjectDestructuringAssignNewVarNames" classname="com.google.javascript.jscomp.InlineAliasesTest" time="0.001"/>
  <testcase name="testAliasQualifiedName" classname="com.google.javascript.jscomp.InlineAliasesTest" time="0.001"/>
  <testcase name="testSimpleConstAliasInJSDoc" classname="com.google.javascript.jscomp.InlineAliasesTest" time="0.001"/>
  <testcase name="testLetObjectDestructuringWithParametersAndStyleShortcut" classname="com.google.javascript.jscomp.InlineAliasesTest" time="0.001"/>
  <testcase name="testTransitiveLetAliases" classname="com.google.javascript.jscomp.InlineAliasesTest" time="0.001"/>
  <testcase name="testIncorrectConstAnnotationDoesntCrash" classname="com.google.javascript.jscomp.InlineAliasesTest" time="0.002"/>
  <testcase name="testSimpleAliasInCode" classname="com.google.javascript.jscomp.InlineAliasesTest" time="0.002"/>
  <testcase name="testArrayDestructuringFromFunction" classname="com.google.javascript.jscomp.InlineAliasesTest" time="0.001"/>
  <testcase name="testES6VarAliasClassDeclarationWithNew" classname="com.google.javascript.jscomp.InlineAliasesTest" time="0.001"/>
  <testcase name="testObjectDestructuringWithParameters" classname="com.google.javascript.jscomp.InlineAliasesTest" time="0.001"/>
  <testcase name="testSimpleAliasInJSDoc" classname="com.google.javascript.jscomp.InlineAliasesTest" time="0.003"/>
  <testcase name="testConstArrayDestructuringFromFunction" classname="com.google.javascript.jscomp.InlineAliasesTest" time="0"/>
  <testcase name="testLetAliasedEnums" classname="com.google.javascript.jscomp.InlineAliasesTest" time="0.001"/>
  <testcase name="testObjectDestructuringBasicAssign" classname="com.google.javascript.jscomp.InlineAliasesTest" time="0.001"/>
  <testcase name="testUnqualifiedConstAliasChains" classname="com.google.javascript.jscomp.InlineAliasesTest" time="0.001"/>
  <testcase name="testConstObjectDestructuringWithParametersAndStyleShortcut" classname="com.google.javascript.jscomp.InlineAliasesTest" time="0.001"/>
  <testcase name="testQualifiedLetAliasChains" classname="com.google.javascript.jscomp.InlineAliasesTest" time="0.001"/>
</testsuite>