<?xml version="1.0" encoding="UTF-8"?>
<testsuite xmlns:xsi="http://www.w3.org/2001/XMLSchema-instance" xsi:schemaLocation="https://maven.apache.org/surefire/maven-surefire-plugin/xsd/surefire-test-report.xsd" name="com.google.javascript.jscomp.PureFunctionIdentifierTest" time="4.072" tests="161" errors="0" skipped="0" failures="0">
  <properties>
    <property name="java.runtime.name" value="OpenJDK Runtime Environment"/>
    <property name="sun.boot.library.path" value="/usr/lib/jvm/java-8-openjdk-amd64/jre/lib/amd64"/>
    <property name="java.vm.version" value="25.151-b12"/>
    <property name="java.vm.vendor" value="Oracle Corporation"/>
    <property name="maven.multiModuleProjectDirectory" value="/home/wju/test-proj/closure-compiler"/>
    <property name="java.vendor.url" value="http://java.oracle.com/"/>
    <property name="path.separator" value=":"/>
    <property name="guice.disable.misplaced.annotation.check" value="true"/>
    <property name="java.vm.name" value="OpenJDK 64-Bit Server VM"/>
    <property name="file.encoding.pkg" value="sun.io"/>
    <property name="user.country" value="US"/>
    <property name="sun.java.launcher" value="SUN_STANDARD"/>
    <property name="sun.os.patch.level" value="unknown"/>
    <property name="java.vm.specification.name" value="Java Virtual Machine Specification"/>
    <property name="user.dir" value="/home/wju/test-proj/closure-compiler"/>
    <property name="java.runtime.version" value="1.8.0_151-8u151-b12-0ubuntu0.16.04.2-b12"/>
    <property name="java.awt.graphicsenv" value="sun.awt.X11GraphicsEnvironment"/>
    <property name="java.endorsed.dirs" value="/usr/lib/jvm/java-8-openjdk-amd64/jre/lib/endorsed"/>
    <property name="os.arch" value="amd64"/>
    <property name="java.io.tmpdir" value="/tmp"/>
    <property name="line.separator" value="&#10;"/>
    <property name="java.vm.specification.vendor" value="Oracle Corporation"/>
    <property name="os.name" value="Linux"/>
    <property name="net.sourceforge.cobertura.datafile" value="/home/wju/test-proj/closure-compiler/target/cobertura/cobertura.ser"/>
    <property name="classworlds.conf" value="/usr/share/maven/bin/m2.conf"/>
    <property name="sun.jnu.encoding" value="UTF-8"/>
    <property name="java.library.path" value="/usr/java/packages/lib/amd64:/usr/lib/x86_64-linux-gnu/jni:/lib/x86_64-linux-gnu:/usr/lib/x86_64-linux-gnu:/usr/lib/jni:/lib:/usr/lib"/>
    <property name="java.specification.name" value="Java Platform API Specification"/>
    <property name="java.class.version" value="52.0"/>
    <property name="sun.management.compiler" value="HotSpot 64-Bit Tiered Compilers"/>
    <property name="os.version" value="4.4.0-109-generic"/>
    <property name="user.home" value="/home/wju"/>
    <property name="user.timezone" value="America/Los_Angeles"/>
    <property name="java.awt.printerjob" value="sun.print.PSPrinterJob"/>
    <property name="java.specification.version" value="1.8"/>
    <property name="file.encoding" value="UTF-8"/>
    <property name="user.name" value="wju"/>
    <property name="java.class.path" value="/usr/share/maven/boot/plexus-classworlds-2.x.jar"/>
    <property name="java.vm.specification.version" value="1.8"/>
    <property name="sun.arch.data.model" value="64"/>
    <property name="java.home" value="/usr/lib/jvm/java-8-openjdk-amd64/jre"/>
    <property name="sun.java.command" value="org.codehaus.plexus.classworlds.launcher.Launcher cobertura:cobertura"/>
    <property name="java.specification.vendor" value="Oracle Corporation"/>
    <property name="user.language" value="en"/>
    <property name="awt.toolkit" value="sun.awt.X11.XToolkit"/>
    <property name="java.vm.info" value="mixed mode"/>
    <property name="java.version" value="1.8.0_151"/>
    <property name="java.ext.dirs" value="/usr/lib/jvm/java-8-openjdk-amd64/jre/lib/ext:/usr/java/packages/lib/ext"/>
    <property name="securerandom.source" value="file:/dev/./urandom"/>
    <property name="sun.boot.class.path" value="/usr/lib/jvm/java-8-openjdk-amd64/jre/lib/resources.jar:/usr/lib/jvm/java-8-openjdk-amd64/jre/lib/rt.jar:/usr/lib/jvm/java-8-openjdk-amd64/jre/lib/sunrsasign.jar:/usr/lib/jvm/java-8-openjdk-amd64/jre/lib/jsse.jar:/usr/lib/jvm/java-8-openjdk-amd64/jre/lib/jce.jar:/usr/lib/jvm/java-8-openjdk-amd64/jre/lib/charsets.jar:/usr/lib/jvm/java-8-openjdk-amd64/jre/lib/jfr.jar:/usr/lib/jvm/java-8-openjdk-amd64/jre/classes"/>
    <property name="java.vendor" value="Oracle Corporation"/>
    <property name="maven.home" value="/usr/share/maven"/>
    <property name="file.separator" value="/"/>
    <property name="java.vendor.url.bug" value="http://bugreport.sun.com/bugreport/"/>
    <property name="sun.cpu.endian" value="little"/>
    <property name="sun.io.unicode.encoding" value="UnicodeLittle"/>
    <property name="project.build.outputDirectory" value="/home/wju/test-proj/closure-compiler/target/generated-classes/cobertura"/>
    <property name="sun.cpu.isalist" value=""/>
  </properties>
  <testcase name="testCallBeforeDefinition" classname="com.google.javascript.jscomp.PureFunctionIdentifierTest" time="0.056"/>
  <testcase name="testDeleteOperator1" classname="com.google.javascript.jscomp.PureFunctionIdentifierTest" time="0.026"/>
  <testcase name="testDeleteOperator2" classname="com.google.javascript.jscomp.PureFunctionIdentifierTest" time="0.034"/>
  <testcase name="testCallCache_propagatesSideEffects" classname="com.google.javascript.jscomp.PureFunctionIdentifierTest" time="0.042"/>
  <testcase name="testConstructorThatModifiesThis1" classname="com.google.javascript.jscomp.PureFunctionIdentifierTest" time="0.039"/>
  <testcase name="testConstructorThatModifiesThis2" classname="com.google.javascript.jscomp.PureFunctionIdentifierTest" time="0.041"/>
  <testcase name="testConstructorThatModifiesThis3" classname="com.google.javascript.jscomp.PureFunctionIdentifierTest" time="0.039"/>
  <testcase name="testConstructorThatModifiesThis4" classname="com.google.javascript.jscomp.PureFunctionIdentifierTest" time="0.04"/>
  <testcase name="testAnnotationInExternStubs1" classname="com.google.javascript.jscomp.PureFunctionIdentifierTest" time="0.039"/>
  <testcase name="testAnnotationInExternStubs2" classname="com.google.javascript.jscomp.PureFunctionIdentifierTest" time="0.038"/>
  <testcase name="testAnnotationInExternStubs3" classname="com.google.javascript.jscomp.PureFunctionIdentifierTest" time="0.037"/>
  <testcase name="testAnnotationInExternStubs4" classname="com.google.javascript.jscomp.PureFunctionIdentifierTest" time="0.026"/>
  <testcase name="testAnnotationInExternStubs5" classname="com.google.javascript.jscomp.PureFunctionIdentifierTest" time="0.025"/>
  <testcase name="testExternCalls" classname="com.google.javascript.jscomp.PureFunctionIdentifierTest" time="0.156"/>
  <testcase name="testAnnotationInExternStubs1b" classname="com.google.javascript.jscomp.PureFunctionIdentifierTest" time="0.025"/>
  <testcase name="testAmbiguousDefinitions" classname="com.google.javascript.jscomp.PureFunctionIdentifierTest" time="0.034"/>
  <testcase name="testNoSideEffectsSimple2" classname="com.google.javascript.jscomp.PureFunctionIdentifierTest" time="0.026"/>
  <testcase name="testNoSideEffectsSimple3" classname="com.google.javascript.jscomp.PureFunctionIdentifierTest" time="0.024"/>
  <testcase name="testExternCallsNoTypeChecking" classname="com.google.javascript.jscomp.PureFunctionIdentifierTest" time="0.04"/>
  <testcase name="testAmbiguousDefinitionsDoubleDefinition" classname="com.google.javascript.jscomp.PureFunctionIdentifierTest" time="0.026"/>
  <testcase name="testLocalizedSideEffects1" classname="com.google.javascript.jscomp.PureFunctionIdentifierTest" time="0.025"/>
  <testcase name="testLocalizedSideEffects2" classname="com.google.javascript.jscomp.PureFunctionIdentifierTest" time="0.024"/>
  <testcase name="testLocalizedSideEffects3" classname="com.google.javascript.jscomp.PureFunctionIdentifierTest" time="0.024"/>
  <testcase name="testLocalizedSideEffects4" classname="com.google.javascript.jscomp.PureFunctionIdentifierTest" time="0.024"/>
  <testcase name="testLocalizedSideEffects5" classname="com.google.javascript.jscomp.PureFunctionIdentifierTest" time="0.024"/>
  <testcase name="testLocalizedSideEffects6" classname="com.google.javascript.jscomp.PureFunctionIdentifierTest" time="0.024"/>
  <testcase name="testLocalizedSideEffects7" classname="com.google.javascript.jscomp.PureFunctionIdentifierTest" time="0.024"/>
  <testcase name="testLocalizedSideEffects8" classname="com.google.javascript.jscomp.PureFunctionIdentifierTest" time="0.024"/>
  <testcase name="testLocalizedSideEffects9" classname="com.google.javascript.jscomp.PureFunctionIdentifierTest" time="0.024"/>
  <testcase name="testApply" classname="com.google.javascript.jscomp.PureFunctionIdentifierTest" time="0.023"/>
  <testcase name="testUnaryOperators1" classname="com.google.javascript.jscomp.PureFunctionIdentifierTest" time="0.054"/>
  <testcase name="testUnaryOperators2" classname="com.google.javascript.jscomp.PureFunctionIdentifierTest" time="0.025"/>
  <testcase name="testUnaryOperators3" classname="com.google.javascript.jscomp.PureFunctionIdentifierTest" time="0.023"/>
  <testcase name="testUnaryOperators4" classname="com.google.javascript.jscomp.PureFunctionIdentifierTest" time="0.023"/>
  <testcase name="testUnaryOperators5" classname="com.google.javascript.jscomp.PureFunctionIdentifierTest" time="0.023"/>
  <testcase name="testCall" classname="com.google.javascript.jscomp.PureFunctionIdentifierTest" time="0.022"/>
  <testcase name="testAndOperators4" classname="com.google.javascript.jscomp.PureFunctionIdentifierTest" time="0.023"/>
  <testcase name="testAnnotationInExterns_new1" classname="com.google.javascript.jscomp.PureFunctionIdentifierTest" time="0.021"/>
  <testcase name="testAnnotationInExterns_new2" classname="com.google.javascript.jscomp.PureFunctionIdentifierTest" time="0.021"/>
  <testcase name="testAnnotationInExterns_new3" classname="com.google.javascript.jscomp.PureFunctionIdentifierTest" time="0.022"/>
  <testcase name="testAnnotationInExterns_new4" classname="com.google.javascript.jscomp.PureFunctionIdentifierTest" time="0.021"/>
  <testcase name="testAnnotationInExterns_new5" classname="com.google.javascript.jscomp.PureFunctionIdentifierTest" time="0.022"/>
  <testcase name="testAnnotationInExterns_new6" classname="com.google.javascript.jscomp.PureFunctionIdentifierTest" time="0.021"/>
  <testcase name="testAnnotationInExterns_new7" classname="com.google.javascript.jscomp.PureFunctionIdentifierTest" time="0.022"/>
  <testcase name="testAnnotationInExterns_new8" classname="com.google.javascript.jscomp.PureFunctionIdentifierTest" time="0.023"/>
  <testcase name="testAnnotationInExterns_new9" classname="com.google.javascript.jscomp.PureFunctionIdentifierTest" time="0.022"/>
  <testcase name="testInference1" classname="com.google.javascript.jscomp.PureFunctionIdentifierTest" time="0.023"/>
  <testcase name="testInference2" classname="com.google.javascript.jscomp.PureFunctionIdentifierTest" time="0.022"/>
  <testcase name="testInference3" classname="com.google.javascript.jscomp.PureFunctionIdentifierTest" time="0.023"/>
  <testcase name="testInference4" classname="com.google.javascript.jscomp.PureFunctionIdentifierTest" time="0.039"/>
  <testcase name="testInference5" classname="com.google.javascript.jscomp.PureFunctionIdentifierTest" time="0.017"/>
  <testcase name="testInference6" classname="com.google.javascript.jscomp.PureFunctionIdentifierTest" time="0.018"/>
  <testcase name="testCallFunctionFOrGViaHookWithSideEffects" classname="com.google.javascript.jscomp.PureFunctionIdentifierTest" time="0.019"/>
  <testcase name="testAmbiguousDefinitionsCallWithThis" classname="com.google.javascript.jscomp.PureFunctionIdentifierTest" time="0.023"/>
  <testcase name="testApplyToUnknownDefinition" classname="com.google.javascript.jscomp.PureFunctionIdentifierTest" time="0.075"/>
  <testcase name="testMutatesArgumentsArray1" classname="com.google.javascript.jscomp.PureFunctionIdentifierTest" time="0.018"/>
  <testcase name="testMutatesArgumentsArray2" classname="com.google.javascript.jscomp.PureFunctionIdentifierTest" time="0.018"/>
  <testcase name="testMutatesArgumentsArray3" classname="com.google.javascript.jscomp.PureFunctionIdentifierTest" time="0.018"/>
  <testcase name="testCallRegExpWithSideEffects" classname="com.google.javascript.jscomp.PureFunctionIdentifierTest" time="0.036"/>
  <testcase name="testAmbiguousDefinitionsAllPropagationTypes" classname="com.google.javascript.jscomp.PureFunctionIdentifierTest" time="0.023"/>
  <testcase name="testInheritance1" classname="com.google.javascript.jscomp.PureFunctionIdentifierTest" time="0.028"/>
  <testcase name="testInheritance2" classname="com.google.javascript.jscomp.PureFunctionIdentifierTest" time="0.027"/>
  <testcase name="testCallCache_withKeyFn" classname="com.google.javascript.jscomp.PureFunctionIdentifierTest" time="0.021"/>
  <testcase name="testReturnLocalityMultipleDefinitionsSameName" classname="com.google.javascript.jscomp.PureFunctionIdentifierTest" time="0.02"/>
  <testcase name="testCallFunctionForGorH" classname="com.google.javascript.jscomp.PureFunctionIdentifierTest" time="0.02"/>
  <testcase name="testNoSideEffectsSimple" classname="com.google.javascript.jscomp.PureFunctionIdentifierTest" time="0.198"/>
  <testcase name="testCallCache" classname="com.google.javascript.jscomp.PureFunctionIdentifierTest" time="0.017"/>
  <testcase name="testAmbiguousExternDefinitions" classname="com.google.javascript.jscomp.PureFunctionIdentifierTest" time="0.035"/>
  <testcase name="testAmbiguousDefinitionsMutatesGlobalArgument" classname="com.google.javascript.jscomp.PureFunctionIdentifierTest" time="0.018"/>
  <testcase name="testHookOperators4" classname="com.google.javascript.jscomp.PureFunctionIdentifierTest" time="0.018"/>
  <testcase name="testHookOperators5" classname="com.google.javascript.jscomp.PureFunctionIdentifierTest" time="0.02"/>
  <testcase name="testHookOperators6" classname="com.google.javascript.jscomp.PureFunctionIdentifierTest" time="0.019"/>
  <testcase name="testCallFunctionForGWithSideEffects" classname="com.google.javascript.jscomp.PureFunctionIdentifierTest" time="0.021"/>
  <testcase name="testAnnotationInExterns1" classname="com.google.javascript.jscomp.PureFunctionIdentifierTest" time="0.018"/>
  <testcase name="testAnnotationInExterns2" classname="com.google.javascript.jscomp.PureFunctionIdentifierTest" time="0.018"/>
  <testcase name="testAnnotationInExterns3" classname="com.google.javascript.jscomp.PureFunctionIdentifierTest" time="0.019"/>
  <testcase name="testAnnotationInExterns4" classname="com.google.javascript.jscomp.PureFunctionIdentifierTest" time="0.019"/>
  <testcase name="testAnnotationInExterns5" classname="com.google.javascript.jscomp.PureFunctionIdentifierTest" time="0.036"/>
  <testcase name="testCallFunctionFOrG" classname="com.google.javascript.jscomp.PureFunctionIdentifierTest" time="0.021"/>
  <testcase name="testConstructorThatModifiesGlobal1" classname="com.google.javascript.jscomp.PureFunctionIdentifierTest" time="0.02"/>
  <testcase name="testConstructorThatModifiesGlobal2" classname="com.google.javascript.jscomp.PureFunctionIdentifierTest" time="0.019"/>
  <testcase name="testReturnLocalityTaintObjectLiteralWithGlobal" classname="com.google.javascript.jscomp.PureFunctionIdentifierTest" time="0.038"/>
  <testcase name="testMutatesArguments1" classname="com.google.javascript.jscomp.PureFunctionIdentifierTest" time="0.019"/>
  <testcase name="testMutatesArguments2" classname="com.google.javascript.jscomp.PureFunctionIdentifierTest" time="0.017"/>
  <testcase name="testMutatesArguments3" classname="com.google.javascript.jscomp.PureFunctionIdentifierTest" time="0.018"/>
  <testcase name="testMutatesArguments4" classname="com.google.javascript.jscomp.PureFunctionIdentifierTest" time="0.017"/>
  <testcase name="testMutatesArguments5" classname="com.google.javascript.jscomp.PureFunctionIdentifierTest" time="0.018"/>
  <testcase name="testCallGenerator1" classname="com.google.javascript.jscomp.PureFunctionIdentifierTest" time="0.007"/>
  <testcase name="testCallGenerator2" classname="com.google.javascript.jscomp.PureFunctionIdentifierTest" time="0.006"/>
  <testcase name="testAnonymousFunction1" classname="com.google.javascript.jscomp.PureFunctionIdentifierTest" time="0.017"/>
  <testcase name="testAnonymousFunction2" classname="com.google.javascript.jscomp.PureFunctionIdentifierTest" time="0.017"/>
  <testcase name="testAnonymousFunction3" classname="com.google.javascript.jscomp.PureFunctionIdentifierTest" time="0.017"/>
  <testcase name="testAnonymousFunction4" classname="com.google.javascript.jscomp.PureFunctionIdentifierTest" time="0.017"/>
  <testcase name="testCallFunctionThatModifiesThis" classname="com.google.javascript.jscomp.PureFunctionIdentifierTest" time="0.02"/>
  <testcase name="testOrOperator1" classname="com.google.javascript.jscomp.PureFunctionIdentifierTest" time="0.018"/>
  <testcase name="testOrOperator2" classname="com.google.javascript.jscomp.PureFunctionIdentifierTest" time="0.018"/>
  <testcase name="testOrOperator3" classname="com.google.javascript.jscomp.PureFunctionIdentifierTest" time="0.018"/>
  <testcase name="testAmbiguousDefinitionsMutatesLocalArgument" classname="com.google.javascript.jscomp.PureFunctionIdentifierTest" time="0.018"/>
  <testcase name="testAnnotationInExterns_new10" classname="com.google.javascript.jscomp.PureFunctionIdentifierTest" time="0.017"/>
  <testcase name="testLocalizedSideEffects10" classname="com.google.javascript.jscomp.PureFunctionIdentifierTest" time="0.019"/>
  <testcase name="testLocalizedSideEffects11" classname="com.google.javascript.jscomp.PureFunctionIdentifierTest" time="0.02"/>
  <testcase name="testLocalizedSideEffects12" classname="com.google.javascript.jscomp.PureFunctionIdentifierTest" time="0.049"/>
  <testcase name="testLocalizedSideEffects13" classname="com.google.javascript.jscomp.PureFunctionIdentifierTest" time="0.007"/>
  <testcase name="testLocalizedSideEffects14" classname="com.google.javascript.jscomp.PureFunctionIdentifierTest" time="0.007"/>
  <testcase name="testLocalizedSideEffects15" classname="com.google.javascript.jscomp.PureFunctionIdentifierTest" time="0.006"/>
  <testcase name="testLocalizedSideEffects16" classname="com.google.javascript.jscomp.PureFunctionIdentifierTest" time="0.007"/>
  <testcase name="testLocalizedSideEffects17" classname="com.google.javascript.jscomp.PureFunctionIdentifierTest" time="0.006"/>
  <testcase name="testLocalizedSideEffects18" classname="com.google.javascript.jscomp.PureFunctionIdentifierTest" time="0.006"/>
  <testcase name="testLocalizedSideEffects19" classname="com.google.javascript.jscomp.PureFunctionIdentifierTest" time="0.006"/>
  <testcase name="testLocalizedSideEffects20" classname="com.google.javascript.jscomp.PureFunctionIdentifierTest" time="0.008"/>
  <testcase name="testLocalizedSideEffects21" classname="com.google.javascript.jscomp.PureFunctionIdentifierTest" time="0.007"/>
  <testcase name="testLocalizedSideEffects22" classname="com.google.javascript.jscomp.PureFunctionIdentifierTest" time="0.006"/>
  <testcase name="testLocalizedSideEffects23" classname="com.google.javascript.jscomp.PureFunctionIdentifierTest" time="0.008"/>
  <testcase name="testLocalizedSideEffects24" classname="com.google.javascript.jscomp.PureFunctionIdentifierTest" time="0.006"/>
  <testcase name="testFunctionProperties1" classname="com.google.javascript.jscomp.PureFunctionIdentifierTest" time="0.022"/>
  <testcase name="testAmbiguousDefinitionsAllCallThis" classname="com.google.javascript.jscomp.PureFunctionIdentifierTest" time="0.021"/>
  <testcase name="testCallCache_anonymousFn_hasSideEffects" classname="com.google.javascript.jscomp.PureFunctionIdentifierTest" time="0.02"/>
  <testcase name="testAmbiguousDefinitionsCall" classname="com.google.javascript.jscomp.PureFunctionIdentifierTest" time="0.025"/>
  <testcase name="testCallFunctionFOrGViaHook" classname="com.google.javascript.jscomp.PureFunctionIdentifierTest" time="0.019"/>
  <testcase name="testAssignmentOverride" classname="com.google.javascript.jscomp.PureFunctionIdentifierTest" time="0.039"/>
  <testcase name="testAmbiguousDefinitionsDoubleDefinition2" classname="com.google.javascript.jscomp.PureFunctionIdentifierTest" time="0.019"/>
  <testcase name="testAmbiguousDefinitionsDoubleDefinition3" classname="com.google.javascript.jscomp.PureFunctionIdentifierTest" time="0.019"/>
  <testcase name="testAmbiguousDefinitionsDoubleDefinition4" classname="com.google.javascript.jscomp.PureFunctionIdentifierTest" time="0.019"/>
  <testcase name="testAmbiguousDefinitionsDoubleDefinition5" classname="com.google.javascript.jscomp.PureFunctionIdentifierTest" time="0.019"/>
  <testcase name="testAmbiguousDefinitionsDoubleDefinition6" classname="com.google.javascript.jscomp.PureFunctionIdentifierTest" time="0.019"/>
  <testcase name="testHookOperator1" classname="com.google.javascript.jscomp.PureFunctionIdentifierTest" time="0.018"/>
  <testcase name="testHookOperator2" classname="com.google.javascript.jscomp.PureFunctionIdentifierTest" time="0.018"/>
  <testcase name="testHookOperator3" classname="com.google.javascript.jscomp.PureFunctionIdentifierTest" time="0.017"/>
  <testcase name="testCallCache_hasSideEffects" classname="com.google.javascript.jscomp.PureFunctionIdentifierTest" time="0.019"/>
  <testcase name="testIssue303b" classname="com.google.javascript.jscomp.PureFunctionIdentifierTest" time="0.018"/>
  <testcase name="testSharedFunctionName1" classname="com.google.javascript.jscomp.PureFunctionIdentifierTest" time="0.017"/>
  <testcase name="testSharedFunctionName2" classname="com.google.javascript.jscomp.PureFunctionIdentifierTest" time="0.017"/>
  <testcase name="testConstructorAnnotationInExterns1" classname="com.google.javascript.jscomp.PureFunctionIdentifierTest" time="0.049"/>
  <testcase name="testConstructorAnnotationInExterns2" classname="com.google.javascript.jscomp.PureFunctionIdentifierTest" time="0.018"/>
  <testcase name="testConstructorAnnotationInExterns3" classname="com.google.javascript.jscomp.PureFunctionIdentifierTest" time="0.017"/>
  <testcase name="testConstructorAnnotationInExterns4" classname="com.google.javascript.jscomp.PureFunctionIdentifierTest" time="0.017"/>
  <testcase name="testConstructorAnnotationInExterns5" classname="com.google.javascript.jscomp.PureFunctionIdentifierTest" time="0.017"/>
  <testcase name="testConstructorAnnotationInExterns6" classname="com.google.javascript.jscomp.PureFunctionIdentifierTest" time="0.017"/>
  <testcase name="testConstructorAnnotationInExterns7" classname="com.google.javascript.jscomp.PureFunctionIdentifierTest" time="0.018"/>
  <testcase name="testConstructorAnnotationInExterns8" classname="com.google.javascript.jscomp.PureFunctionIdentifierTest" time="0.018"/>
  <testcase name="testIssue303" classname="com.google.javascript.jscomp.PureFunctionIdentifierTest" time="0.02"/>
  <testcase name="testOrOperators4" classname="com.google.javascript.jscomp.PureFunctionIdentifierTest" time="0.017"/>
  <testcase name="testResultLocalitySimple" classname="com.google.javascript.jscomp.PureFunctionIdentifierTest" time="0.224"/>
  <testcase name="testAmbiguousDefinitionsBothCallThis" classname="com.google.javascript.jscomp.PureFunctionIdentifierTest" time="0.018"/>
  <testcase name="testThrow1" classname="com.google.javascript.jscomp.PureFunctionIdentifierTest" time="0.018"/>
  <testcase name="testThrow2" classname="com.google.javascript.jscomp.PureFunctionIdentifierTest" time="0.018"/>
  <testcase name="testAndOperator1" classname="com.google.javascript.jscomp.PureFunctionIdentifierTest" time="0.016"/>
  <testcase name="testAndOperator2" classname="com.google.javascript.jscomp.PureFunctionIdentifierTest" time="0.039"/>
  <testcase name="testAndOperator3" classname="com.google.javascript.jscomp.PureFunctionIdentifierTest" time="0.016"/>
  <testcase name="testReturnLocalityTaintArrayLiteralWithGlobal" classname="com.google.javascript.jscomp.PureFunctionIdentifierTest" time="0.032"/>
  <testcase name="testCallCache_withKeyFn_hasSideEffects" classname="com.google.javascript.jscomp.PureFunctionIdentifierTest" time="0.018"/>
  <testcase name="testCallCache_anonymousFn" classname="com.google.javascript.jscomp.PureFunctionIdentifierTest" time="0.017"/>
  <testcase name="testClassMethod1" classname="com.google.javascript.jscomp.PureFunctionIdentifierTest" time="0.006"/>
  <testcase name="testClassMethod2" classname="com.google.javascript.jscomp.PureFunctionIdentifierTest" time="0.006"/>
  <testcase name="testClassMethod3" classname="com.google.javascript.jscomp.PureFunctionIdentifierTest" time="0.006"/>
  <testcase name="testNamespaceAnnotationInExterns1" classname="com.google.javascript.jscomp.PureFunctionIdentifierTest" time="0.017"/>
  <testcase name="testNamespaceAnnotationInExterns2" classname="com.google.javascript.jscomp.PureFunctionIdentifierTest" time="0.017"/>
  <testcase name="testNamespaceAnnotationInExterns3" classname="com.google.javascript.jscomp.PureFunctionIdentifierTest" time="0.017"/>
  <testcase name="testNamespaceAnnotationInExterns4" classname="com.google.javascript.jscomp.PureFunctionIdentifierTest" time="0.017"/>
  <testcase name="testNamespaceAnnotationInExterns5" classname="com.google.javascript.jscomp.PureFunctionIdentifierTest" time="0.034"/>
  <testcase name="testNamespaceAnnotationInExterns6" classname="com.google.javascript.jscomp.PureFunctionIdentifierTest" time="0.017"/>
</testsuite>