<?xml version="1.0" encoding="UTF-8"?>
<testsuite xmlns:xsi="http://www.w3.org/2001/XMLSchema-instance" xsi:schemaLocation="https://maven.apache.org/surefire/maven-surefire-plugin/xsd/surefire-test-report.xsd" name="com.google.javascript.jscomp.SymbolTableTest" time="1.224" tests="60" errors="0" skipped="0" failures="0">
  <properties>
    <property name="java.runtime.name" value="OpenJDK Runtime Environment"/>
    <property name="sun.boot.library.path" value="/usr/lib/jvm/java-8-openjdk-amd64/jre/lib/amd64"/>
    <property name="java.vm.version" value="25.151-b12"/>
    <property name="java.vm.vendor" value="Oracle Corporation"/>
    <property name="maven.multiModuleProjectDirectory" value="/home/wju/test-proj/closure-compiler"/>
    <property name="java.vendor.url" value="http://java.oracle.com/"/>
    <property name="path.separator" value=":"/>
    <property name="guice.disable.misplaced.annotation.check" value="true"/>
    <property name="java.vm.name" value="OpenJDK 64-Bit Server VM"/>
    <property name="file.encoding.pkg" value="sun.io"/>
    <property name="user.country" value="US"/>
    <property name="sun.java.launcher" value="SUN_STANDARD"/>
    <property name="sun.os.patch.level" value="unknown"/>
    <property name="java.vm.specification.name" value="Java Virtual Machine Specification"/>
    <property name="user.dir" value="/home/wju/test-proj/closure-compiler"/>
    <property name="java.runtime.version" value="1.8.0_151-8u151-b12-0ubuntu0.16.04.2-b12"/>
    <property name="java.awt.graphicsenv" value="sun.awt.X11GraphicsEnvironment"/>
    <property name="java.endorsed.dirs" value="/usr/lib/jvm/java-8-openjdk-amd64/jre/lib/endorsed"/>
    <property name="os.arch" value="amd64"/>
    <property name="java.io.tmpdir" value="/tmp"/>
    <property name="line.separator" value="&#10;"/>
    <property name="java.vm.specification.vendor" value="Oracle Corporation"/>
    <property name="os.name" value="Linux"/>
    <property name="net.sourceforge.cobertura.datafile" value="/home/wju/test-proj/closure-compiler/target/cobertura/cobertura.ser"/>
    <property name="classworlds.conf" value="/usr/share/maven/bin/m2.conf"/>
    <property name="sun.jnu.encoding" value="UTF-8"/>
    <property name="java.library.path" value="/usr/java/packages/lib/amd64:/usr/lib/x86_64-linux-gnu/jni:/lib/x86_64-linux-gnu:/usr/lib/x86_64-linux-gnu:/usr/lib/jni:/lib:/usr/lib"/>
    <property name="java.specification.name" value="Java Platform API Specification"/>
    <property name="java.class.version" value="52.0"/>
    <property name="sun.management.compiler" value="HotSpot 64-Bit Tiered Compilers"/>
    <property name="os.version" value="4.4.0-109-generic"/>
    <property name="user.home" value="/home/wju"/>
    <property name="user.timezone" value="America/Los_Angeles"/>
    <property name="java.awt.printerjob" value="sun.print.PSPrinterJob"/>
    <property name="java.specification.version" value="1.8"/>
    <property name="file.encoding" value="UTF-8"/>
    <property name="user.name" value="wju"/>
    <property name="java.class.path" value="/usr/share/maven/boot/plexus-classworlds-2.x.jar"/>
    <property name="java.vm.specification.version" value="1.8"/>
    <property name="sun.arch.data.model" value="64"/>
    <property name="java.home" value="/usr/lib/jvm/java-8-openjdk-amd64/jre"/>
    <property name="sun.java.command" value="org.codehaus.plexus.classworlds.launcher.Launcher cobertura:cobertura"/>
    <property name="java.specification.vendor" value="Oracle Corporation"/>
    <property name="user.language" value="en"/>
    <property name="awt.toolkit" value="sun.awt.X11.XToolkit"/>
    <property name="java.vm.info" value="mixed mode"/>
    <property name="java.version" value="1.8.0_151"/>
    <property name="java.ext.dirs" value="/usr/lib/jvm/java-8-openjdk-amd64/jre/lib/ext:/usr/java/packages/lib/ext"/>
    <property name="securerandom.source" value="file:/dev/./urandom"/>
    <property name="sun.boot.class.path" value="/usr/lib/jvm/java-8-openjdk-amd64/jre/lib/resources.jar:/usr/lib/jvm/java-8-openjdk-amd64/jre/lib/rt.jar:/usr/lib/jvm/java-8-openjdk-amd64/jre/lib/sunrsasign.jar:/usr/lib/jvm/java-8-openjdk-amd64/jre/lib/jsse.jar:/usr/lib/jvm/java-8-openjdk-amd64/jre/lib/jce.jar:/usr/lib/jvm/java-8-openjdk-amd64/jre/lib/charsets.jar:/usr/lib/jvm/java-8-openjdk-amd64/jre/lib/jfr.jar:/usr/lib/jvm/java-8-openjdk-amd64/jre/classes"/>
    <property name="java.vendor" value="Oracle Corporation"/>
    <property name="maven.home" value="/usr/share/maven"/>
    <property name="file.separator" value="/"/>
    <property name="java.vendor.url.bug" value="http://bugreport.sun.com/bugreport/"/>
    <property name="sun.cpu.endian" value="little"/>
    <property name="sun.io.unicode.encoding" value="UnicodeLittle"/>
    <property name="project.build.outputDirectory" value="/home/wju/test-proj/closure-compiler/target/generated-classes/cobertura"/>
    <property name="sun.cpu.isalist" value=""/>
  </properties>
  <testcase name="testSuperClassMethodReferences" classname="com.google.javascript.jscomp.SymbolTableTest" time="0.146"/>
  <testcase name="testIncompleteNamespacedReferences" classname="com.google.javascript.jscomp.SymbolTableTest" time="0.035"/>
  <testcase name="testObjectLiteralWithNewlineInKey" classname="com.google.javascript.jscomp.SymbolTableTest" time="0.032"/>
  <testcase name="testTypeCheckingOff" classname="com.google.javascript.jscomp.SymbolTableTest" time="0.048"/>
  <testcase name="testSymbolsForType" classname="com.google.javascript.jscomp.SymbolTableTest" time="0.021"/>
  <testcase name="testNaturalSymbolOrdering" classname="com.google.javascript.jscomp.SymbolTableTest" time="0.023"/>
  <testcase name="testObjectLiteralQuoted" classname="com.google.javascript.jscomp.SymbolTableTest" time="0.026"/>
  <testcase name="testJSDocNameVisibility" classname="com.google.javascript.jscomp.SymbolTableTest" time="0.023"/>
  <testcase name="testSuperClassReference" classname="com.google.javascript.jscomp.SymbolTableTest" time="0.028"/>
  <testcase name="testReferencesInJSDocType2" classname="com.google.javascript.jscomp.SymbolTableTest" time="0.017"/>
  <testcase name="testObjectLiteral" classname="com.google.javascript.jscomp.SymbolTableTest" time="0.018"/>
  <testcase name="testFieldReferences" classname="com.google.javascript.jscomp.SymbolTableTest" time="0.016"/>
  <testcase name="testConstructorAlias" classname="com.google.javascript.jscomp.SymbolTableTest" time="0.016"/>
  <testcase name="testReferencesInJSDocName" classname="com.google.javascript.jscomp.SymbolTableTest" time="0.019"/>
  <testcase name="testReferencesInJSDocType" classname="com.google.javascript.jscomp.SymbolTableTest" time="0.017"/>
  <testcase name="testStaticMethodReferences" classname="com.google.javascript.jscomp.SymbolTableTest" time="0.018"/>
  <testcase name="testMethodReferences" classname="com.google.javascript.jscomp.SymbolTableTest" time="0.015"/>
  <testcase name="testFieldReferencesMissingTypeInfo" classname="com.google.javascript.jscomp.SymbolTableTest" time="0.019"/>
  <testcase name="testGlobalThisReferences2" classname="com.google.javascript.jscomp.SymbolTableTest" time="0.015"/>
  <testcase name="testGlobalThisReferences3" classname="com.google.javascript.jscomp.SymbolTableTest" time="0.013"/>
  <testcase name="testGlobalVarInExterns" classname="com.google.javascript.jscomp.SymbolTableTest" time="0.016"/>
  <testcase name="testGlobalThisReferences" classname="com.google.javascript.jscomp.SymbolTableTest" time="0.013"/>
  <testcase name="testLocalThisReferences" classname="com.google.javascript.jscomp.SymbolTableTest" time="0.013"/>
  <testcase name="testInnerEnum" classname="com.google.javascript.jscomp.SymbolTableTest" time="0.015"/>
  <testcase name="testUndeclaredFieldReferences" classname="com.google.javascript.jscomp.SymbolTableTest" time="0.017"/>
  <testcase name="testLocalVarInExterns" classname="com.google.javascript.jscomp.SymbolTableTest" time="0.014"/>
  <testcase name="testNamespacedReferences" classname="com.google.javascript.jscomp.SymbolTableTest" time="0.015"/>
  <testcase name="testGlobalVarReferences" classname="com.google.javascript.jscomp.SymbolTableTest" time="0.018"/>
  <testcase name="testJSDocNameVisibilityWithFileOverviewVisibility" classname="com.google.javascript.jscomp.SymbolTableTest" time="0.017"/>
  <testcase name="testGoogScopeReferences" classname="com.google.javascript.jscomp.SymbolTableTest" time="0.017"/>
  <testcase name="testMethodInAnonObject1" classname="com.google.javascript.jscomp.SymbolTableTest" time="0.014"/>
  <testcase name="testMethodInAnonObject2" classname="com.google.javascript.jscomp.SymbolTableTest" time="0.013"/>
  <testcase name="testMultipleExtends" classname="com.google.javascript.jscomp.SymbolTableTest" time="0.019"/>
  <testcase name="testNamespaceDefinitionOrder" classname="com.google.javascript.jscomp.SymbolTableTest" time="0.014"/>
  <testcase name="testJSDocOnlySymbol" classname="com.google.javascript.jscomp.SymbolTableTest" time="0.014"/>
  <testcase name="testSymbolForScopeOfNatives" classname="com.google.javascript.jscomp.SymbolTableTest" time="0.014"/>
  <testcase name="testLocalThisReferences2" classname="com.google.javascript.jscomp.SymbolTableTest" time="0.014"/>
  <testcase name="testLocalThisReferences3" classname="com.google.javascript.jscomp.SymbolTableTest" time="0.015"/>
  <testcase name="testLocalVarReferences" classname="com.google.javascript.jscomp.SymbolTableTest" time="0.019"/>
  <testcase name="testPrototypeSymbolEqualityForTwoPathsToSamePrototype" classname="com.google.javascript.jscomp.SymbolTableTest" time="0.024"/>
  <testcase name="testRemovalOfNamespacedReferencesOfProperties" classname="com.google.javascript.jscomp.SymbolTableTest" time="0.019"/>
  <testcase name="testJSDocPropertyVisibility" classname="com.google.javascript.jscomp.SymbolTableTest" time="0.017"/>
  <testcase name="testGlobalThisPropertyReferences" classname="com.google.javascript.jscomp.SymbolTableTest" time="0.017"/>
  <testcase name="testDeclarationDisagreement" classname="com.google.javascript.jscomp.SymbolTableTest" time="0.017"/>
  <testcase name="testPrototypeReferences" classname="com.google.javascript.jscomp.SymbolTableTest" time="0.014"/>
  <testcase name="testGlobalVar" classname="com.google.javascript.jscomp.SymbolTableTest" time="0.018"/>
  <testcase name="testGlobalRichObjectReference" classname="com.google.javascript.jscomp.SymbolTableTest" time="0.021"/>
  <testcase name="testGoogRequireReferences" classname="com.google.javascript.jscomp.SymbolTableTest" time="0.019"/>
  <testcase name="testJSDocAssociationWithBadNamespace" classname="com.google.javascript.jscomp.SymbolTableTest" time="0.021"/>
  <testcase name="testJSDocPropertyVisibilityWithFileOverviewVisibility" classname="com.google.javascript.jscomp.SymbolTableTest" time="0.028"/>
  <testcase name="testFunctionInCall" classname="com.google.javascript.jscomp.SymbolTableTest" time="0.025"/>
  <testcase name="testMethodReferencesMissingTypeInfo" classname="com.google.javascript.jscomp.SymbolTableTest" time="0.014"/>
  <testcase name="testPrototypeReferences2" classname="com.google.javascript.jscomp.SymbolTableTest" time="0.014"/>
  <testcase name="testPrototypeReferences3" classname="com.google.javascript.jscomp.SymbolTableTest" time="0.013"/>
  <testcase name="testPrototypeReferences4" classname="com.google.javascript.jscomp.SymbolTableTest" time="0.018"/>
  <testcase name="testPrototypeReferences5" classname="com.google.javascript.jscomp.SymbolTableTest" time="0.014"/>
  <testcase name="testMissingConstructorTag" classname="com.google.javascript.jscomp.SymbolTableTest" time="0.013"/>
  <testcase name="testGoogRequireReferences2" classname="com.google.javascript.jscomp.SymbolTableTest" time="0.013"/>
  <testcase name="testDottedReferencesInJSDocType" classname="com.google.javascript.jscomp.SymbolTableTest" time="0.012"/>
  <testcase name="testLocalQualifiedNamesInLocalScopes" classname="com.google.javascript.jscomp.SymbolTableTest" time="0.013"/>
</testsuite>