<?xml version="1.0" encoding="UTF-8"?>
<testsuite xmlns:xsi="http://www.w3.org/2001/XMLSchema-instance" xsi:schemaLocation="https://maven.apache.org/surefire/maven-surefire-plugin/xsd/surefire-test-report.xsd" name="com.google.javascript.jscomp.DisambiguatePropertiesTest" time="3.708" tests="112" errors="0" skipped="0" failures="0">
  <properties>
    <property name="java.runtime.name" value="OpenJDK Runtime Environment"/>
    <property name="sun.boot.library.path" value="/usr/lib/jvm/java-8-openjdk-amd64/jre/lib/amd64"/>
    <property name="java.vm.version" value="25.151-b12"/>
    <property name="java.vm.vendor" value="Oracle Corporation"/>
    <property name="maven.multiModuleProjectDirectory" value="/home/wju/test-proj/closure-compiler"/>
    <property name="java.vendor.url" value="http://java.oracle.com/"/>
    <property name="path.separator" value=":"/>
    <property name="guice.disable.misplaced.annotation.check" value="true"/>
    <property name="java.vm.name" value="OpenJDK 64-Bit Server VM"/>
    <property name="file.encoding.pkg" value="sun.io"/>
    <property name="user.country" value="US"/>
    <property name="sun.java.launcher" value="SUN_STANDARD"/>
    <property name="sun.os.patch.level" value="unknown"/>
    <property name="java.vm.specification.name" value="Java Virtual Machine Specification"/>
    <property name="user.dir" value="/home/wju/test-proj/closure-compiler"/>
    <property name="java.runtime.version" value="1.8.0_151-8u151-b12-0ubuntu0.16.04.2-b12"/>
    <property name="java.awt.graphicsenv" value="sun.awt.X11GraphicsEnvironment"/>
    <property name="java.endorsed.dirs" value="/usr/lib/jvm/java-8-openjdk-amd64/jre/lib/endorsed"/>
    <property name="os.arch" value="amd64"/>
    <property name="java.io.tmpdir" value="/tmp"/>
    <property name="line.separator" value="&#10;"/>
    <property name="java.vm.specification.vendor" value="Oracle Corporation"/>
    <property name="os.name" value="Linux"/>
    <property name="net.sourceforge.cobertura.datafile" value="/home/wju/test-proj/closure-compiler/target/cobertura/cobertura.ser"/>
    <property name="classworlds.conf" value="/usr/share/maven/bin/m2.conf"/>
    <property name="sun.jnu.encoding" value="UTF-8"/>
    <property name="java.library.path" value="/usr/java/packages/lib/amd64:/usr/lib/x86_64-linux-gnu/jni:/lib/x86_64-linux-gnu:/usr/lib/x86_64-linux-gnu:/usr/lib/jni:/lib:/usr/lib"/>
    <property name="java.specification.name" value="Java Platform API Specification"/>
    <property name="java.class.version" value="52.0"/>
    <property name="sun.management.compiler" value="HotSpot 64-Bit Tiered Compilers"/>
    <property name="os.version" value="4.4.0-109-generic"/>
    <property name="user.home" value="/home/wju"/>
    <property name="user.timezone" value="America/Los_Angeles"/>
    <property name="java.awt.printerjob" value="sun.print.PSPrinterJob"/>
    <property name="java.specification.version" value="1.8"/>
    <property name="file.encoding" value="UTF-8"/>
    <property name="user.name" value="wju"/>
    <property name="java.class.path" value="/usr/share/maven/boot/plexus-classworlds-2.x.jar"/>
    <property name="java.vm.specification.version" value="1.8"/>
    <property name="sun.arch.data.model" value="64"/>
    <property name="java.home" value="/usr/lib/jvm/java-8-openjdk-amd64/jre"/>
    <property name="sun.java.command" value="org.codehaus.plexus.classworlds.launcher.Launcher cobertura:cobertura"/>
    <property name="java.specification.vendor" value="Oracle Corporation"/>
    <property name="user.language" value="en"/>
    <property name="awt.toolkit" value="sun.awt.X11.XToolkit"/>
    <property name="java.vm.info" value="mixed mode"/>
    <property name="java.version" value="1.8.0_151"/>
    <property name="java.ext.dirs" value="/usr/lib/jvm/java-8-openjdk-amd64/jre/lib/ext:/usr/java/packages/lib/ext"/>
    <property name="securerandom.source" value="file:/dev/./urandom"/>
    <property name="sun.boot.class.path" value="/usr/lib/jvm/java-8-openjdk-amd64/jre/lib/resources.jar:/usr/lib/jvm/java-8-openjdk-amd64/jre/lib/rt.jar:/usr/lib/jvm/java-8-openjdk-amd64/jre/lib/sunrsasign.jar:/usr/lib/jvm/java-8-openjdk-amd64/jre/lib/jsse.jar:/usr/lib/jvm/java-8-openjdk-amd64/jre/lib/jce.jar:/usr/lib/jvm/java-8-openjdk-amd64/jre/lib/charsets.jar:/usr/lib/jvm/java-8-openjdk-amd64/jre/lib/jfr.jar:/usr/lib/jvm/java-8-openjdk-amd64/jre/classes"/>
    <property name="java.vendor" value="Oracle Corporation"/>
    <property name="maven.home" value="/usr/share/maven"/>
    <property name="file.separator" value="/"/>
    <property name="java.vendor.url.bug" value="http://bugreport.sun.com/bugreport/"/>
    <property name="sun.cpu.endian" value="little"/>
    <property name="sun.io.unicode.encoding" value="UnicodeLittle"/>
    <property name="project.build.outputDirectory" value="/home/wju/test-proj/closure-compiler/target/generated-classes/cobertura"/>
    <property name="sun.cpu.isalist" value=""/>
  </properties>
  <testcase name="testTwoSeparateFieldsTwoTypes" classname="com.google.javascript.jscomp.DisambiguatePropertiesTest" time="0.034"/>
  <testcase name="testUnionAndExternTypes" classname="com.google.javascript.jscomp.DisambiguatePropertiesTest" time="0.034"/>
  <testcase name="testUnresolvedType" classname="com.google.javascript.jscomp.DisambiguatePropertiesTest" time="0.03"/>
  <testcase name="testInterfaceOfSuperclass" classname="com.google.javascript.jscomp.DisambiguatePropertiesTest" time="0.027"/>
  <testcase name="testAccessConstructorPropertyDontConfuseWithPrototypeObject" classname="com.google.javascript.jscomp.DisambiguatePropertiesTest" time="0.031"/>
  <testcase name="testSupertypeReferenceOfSubtypeProperty" classname="com.google.javascript.jscomp.DisambiguatePropertiesTest" time="0.039"/>
  <testcase name="testObjectLiteralNotRenamed" classname="com.google.javascript.jscomp.DisambiguatePropertiesTest" time="0.029"/>
  <testcase name="testUnionTypeInvalidationError" classname="com.google.javascript.jscomp.DisambiguatePropertiesTest" time="0.024"/>
  <testcase name="testObjectLiteralLends" classname="com.google.javascript.jscomp.DisambiguatePropertiesTest" time="0.032"/>
  <testcase name="testMismatchForbiddenInvalidation" classname="com.google.javascript.jscomp.DisambiguatePropertiesTest" time="0.025"/>
  <testcase name="testUnsafeTypingOfThis" classname="com.google.javascript.jscomp.DisambiguatePropertiesTest" time="0.065"/>
  <testcase name="testOneType1" classname="com.google.javascript.jscomp.DisambiguatePropertiesTest" time="0.056"/>
  <testcase name="testOneType2" classname="com.google.javascript.jscomp.DisambiguatePropertiesTest" time="0.055"/>
  <testcase name="testOneType3" classname="com.google.javascript.jscomp.DisambiguatePropertiesTest" time="0.057"/>
  <testcase name="testOneType4" classname="com.google.javascript.jscomp.DisambiguatePropertiesTest" time="0.028"/>
  <testcase name="testDontBackOffForCastsFromObject" classname="com.google.javascript.jscomp.DisambiguatePropertiesTest" time="0.029"/>
  <testcase name="testInterface_noDirectImplementors" classname="com.google.javascript.jscomp.DisambiguatePropertiesTest" time="0.03"/>
  <testcase name="testSubtypesWithSameField" classname="com.google.javascript.jscomp.DisambiguatePropertiesTest" time="0.025"/>
  <testcase name="testSuperInterface" classname="com.google.javascript.jscomp.DisambiguatePropertiesTest" time="0.026"/>
  <testcase name="testObjectLiteral" classname="com.google.javascript.jscomp.DisambiguatePropertiesTest" time="0.028"/>
  <testcase name="testPropInParentInterface1" classname="com.google.javascript.jscomp.DisambiguatePropertiesTest" time="0.024"/>
  <testcase name="testPropInParentInterface2" classname="com.google.javascript.jscomp.DisambiguatePropertiesTest" time="0.024"/>
  <testcase name="testPropInParentInterface3" classname="com.google.javascript.jscomp.DisambiguatePropertiesTest" time="0.029"/>
  <testcase name="testInterfaceUnionWithCtor" classname="com.google.javascript.jscomp.DisambiguatePropertiesTest" time="0.03"/>
  <testcase name="testAliasedTypeIsNotDisambiguated" classname="com.google.javascript.jscomp.DisambiguatePropertiesTest" time="0.029"/>
  <testcase name="testStringFunction" classname="com.google.javascript.jscomp.DisambiguatePropertiesTest" time="0.039"/>
  <testcase name="testUntypedCodeWrongDisambiguation1" classname="com.google.javascript.jscomp.DisambiguatePropertiesTest" time="0.03"/>
  <testcase name="testUntypedCodeWrongDisambiguation2" classname="com.google.javascript.jscomp.DisambiguatePropertiesTest" time="0.031"/>
  <testcase name="testEnumOfObjects2" classname="com.google.javascript.jscomp.DisambiguatePropertiesTest" time="0.031"/>
  <testcase name="testEnumOfObjects3" classname="com.google.javascript.jscomp.DisambiguatePropertiesTest" time="0.034"/>
  <testcase name="testExternInterfaceUnionWithCtor" classname="com.google.javascript.jscomp.DisambiguatePropertiesTest" time="0.031"/>
  <testcase name="testCast" classname="com.google.javascript.jscomp.DisambiguatePropertiesTest" time="0.029"/>
  <testcase name="testEnum" classname="com.google.javascript.jscomp.DisambiguatePropertiesTest" time="0.03"/>
  <testcase name="testSkipNativeFunctionStaticProperty" classname="com.google.javascript.jscomp.DisambiguatePropertiesTest" time="0.03"/>
  <testcase name="testDontCrashOnNonConstructorsWithPrototype" classname="com.google.javascript.jscomp.DisambiguatePropertiesTest" time="0.027"/>
  <testcase name="testAccessOnObjectWithManySubtypes" classname="com.google.javascript.jscomp.DisambiguatePropertiesTest" time="0.029"/>
  <testcase name="testObjectLiteralBlocksPropertiesOnOtherTypes" classname="com.google.javascript.jscomp.DisambiguatePropertiesTest" time="0.03"/>
  <testcase name="testScopedType" classname="com.google.javascript.jscomp.DisambiguatePropertiesTest" time="0.032"/>
  <testcase name="testBadCast" classname="com.google.javascript.jscomp.DisambiguatePropertiesTest" time="0.032"/>
  <testcase name="testConstructorFields" classname="com.google.javascript.jscomp.DisambiguatePropertiesTest" time="0.031"/>
  <testcase name="testDontInvalidateForGenericsMismatch" classname="com.google.javascript.jscomp.DisambiguatePropertiesTest" time="0.034"/>
  <testcase name="testMismatchInvalidation" classname="com.google.javascript.jscomp.DisambiguatePropertiesTest" time="0.031"/>
  <testcase name="testIgnoreUnknownType" classname="com.google.javascript.jscomp.DisambiguatePropertiesTest" time="0.031"/>
  <testcase name="testInterface_subInterfaceAndDirectImplementors" classname="com.google.javascript.jscomp.DisambiguatePropertiesTest" time="0.025"/>
  <testcase name="testInterfaceWithSupertypeImplementor" classname="com.google.javascript.jscomp.DisambiguatePropertiesTest" time="0.026"/>
  <testcase name="testStaticProperty" classname="com.google.javascript.jscomp.DisambiguatePropertiesTest" time="0.029"/>
  <testcase name="testDeterministicNaming" classname="com.google.javascript.jscomp.DisambiguatePropertiesTest" time="0.182"/>
  <testcase name="testExtendNativeType" classname="com.google.javascript.jscomp.DisambiguatePropertiesTest" time="0.027"/>
  <testcase name="testIgnoreUnknownType1" classname="com.google.javascript.jscomp.DisambiguatePropertiesTest" time="0.023"/>
  <testcase name="testIgnoreUnknownType2" classname="com.google.javascript.jscomp.DisambiguatePropertiesTest" time="0.024"/>
  <testcase name="testIgnoreUnknownType3" classname="com.google.javascript.jscomp.DisambiguatePropertiesTest" time="0.023"/>
  <testcase name="testDontCrashWhenConstructingUnknownInstance" classname="com.google.javascript.jscomp.DisambiguatePropertiesTest" time="0.026"/>
  <testcase name="testIgnoreSpecializedProperties2" classname="com.google.javascript.jscomp.DisambiguatePropertiesTest" time="0.028"/>
  <testcase name="testIgnoreSpecializedProperties3" classname="com.google.javascript.jscomp.DisambiguatePropertiesTest" time="0.014"/>
  <testcase name="testUnionType_1" classname="com.google.javascript.jscomp.DisambiguatePropertiesTest" time="0.024"/>
  <testcase name="testUnionType_2" classname="com.google.javascript.jscomp.DisambiguatePropertiesTest" time="0.023"/>
  <testcase name="testObjectLiteralDefineProperties" classname="com.google.javascript.jscomp.DisambiguatePropertiesTest" time="0.03"/>
  <testcase name="testTwoFields" classname="com.google.javascript.jscomp.DisambiguatePropertiesTest" time="0.028"/>
  <testcase name="testEnumOfObjects" classname="com.google.javascript.jscomp.DisambiguatePropertiesTest" time="0.03"/>
  <testcase name="testAccessOnSupertypeWithManySubtypes" classname="com.google.javascript.jscomp.DisambiguatePropertiesTest" time="0.03"/>
  <testcase name="testCustomInherits" classname="com.google.javascript.jscomp.DisambiguatePropertiesTest" time="0.03"/>
  <testcase name="testTwoInterfacesWithSomeInheritance" classname="com.google.javascript.jscomp.DisambiguatePropertiesTest" time="0.027"/>
  <testcase name="testSkipNativeObjectMethod" classname="com.google.javascript.jscomp.DisambiguatePropertiesTest" time="0.029"/>
  <testcase name="testMultipleInterfaces" classname="com.google.javascript.jscomp.DisambiguatePropertiesTest" time="0.026"/>
  <testcase name="testAccessOnSupertypeWithOneSubtype" classname="com.google.javascript.jscomp.DisambiguatePropertiesTest" time="0.028"/>
  <testcase name="testConstructorsWithTypeErrorsAreNotDisambiguated" classname="com.google.javascript.jscomp.DisambiguatePropertiesTest" time="0.029"/>
  <testcase name="testUnionTypeInvalidation" classname="com.google.javascript.jscomp.DisambiguatePropertiesTest" time="0.031"/>
  <testcase name="testTypedExterns" classname="com.google.javascript.jscomp.DisambiguatePropertiesTest" time="0.028"/>
  <testcase name="testDontRenameStaticPropertiesOnBuiltins" classname="com.google.javascript.jscomp.DisambiguatePropertiesTest" time="0.057"/>
  <testcase name="testTwoTypes1" classname="com.google.javascript.jscomp.DisambiguatePropertiesTest" time="0.048"/>
  <testcase name="testTwoTypes2" classname="com.google.javascript.jscomp.DisambiguatePropertiesTest" time="0.041"/>
  <testcase name="testTwoTypes3" classname="com.google.javascript.jscomp.DisambiguatePropertiesTest" time="0.038"/>
  <testcase name="testTwoTypes4" classname="com.google.javascript.jscomp.DisambiguatePropertiesTest" time="0.037"/>
  <testcase name="testTwoTypes5" classname="com.google.javascript.jscomp.DisambiguatePropertiesTest" time="0.036"/>
  <testcase name="testStructuralTypingWithDisambiguatePropertyRenaming1" classname="com.google.javascript.jscomp.DisambiguatePropertiesTest" time="0.036"/>
  <testcase name="testStructuralTypingWithDisambiguatePropertyRenaming2" classname="com.google.javascript.jscomp.DisambiguatePropertiesTest" time="0.037"/>
  <testcase name="testStructuralTypingWithDisambiguatePropertyRenaming3" classname="com.google.javascript.jscomp.DisambiguatePropertiesTest" time="0.036"/>
  <testcase name="testStructuralTypingWithDisambiguatePropertyRenaming4" classname="com.google.javascript.jscomp.DisambiguatePropertiesTest" time="0.036"/>
  <testcase name="testStructuralTypingWithDisambiguatePropertyRenaming5" classname="com.google.javascript.jscomp.DisambiguatePropertiesTest" time="0.036"/>
  <testcase name="testUnknownType" classname="com.google.javascript.jscomp.DisambiguatePropertiesTest" time="0.035"/>
  <testcase name="testObjectLiteralReflected" classname="com.google.javascript.jscomp.DisambiguatePropertiesTest" time="0.036"/>
  <testcase name="testClosureInherits" classname="com.google.javascript.jscomp.DisambiguatePropertiesTest" time="0.034"/>
  <testcase name="testReportImplicitUseOfStructuralInterfaceInvalidingProperty" classname="com.google.javascript.jscomp.DisambiguatePropertiesTest" time="0.028"/>
  <testcase name="testInterface" classname="com.google.javascript.jscomp.DisambiguatePropertiesTest" time="0.029"/>
  <testcase name="testDisambiguatePropertiesClassCastedToUnrelatedInterface" classname="com.google.javascript.jscomp.DisambiguatePropertiesTest" time="0.035"/>
  <testcase name="testUntypedExterns" classname="com.google.javascript.jscomp.DisambiguatePropertiesTest" time="0.036"/>
  <testcase name="testObjectLiteralDefinePropertiesQuoted" classname="com.google.javascript.jscomp.DisambiguatePropertiesTest" time="0.038"/>
  <testcase name="testInvalidatingInterface" classname="com.google.javascript.jscomp.DisambiguatePropertiesTest" time="0.031"/>
  <testcase name="testSuperInterface2" classname="com.google.javascript.jscomp.DisambiguatePropertiesTest" time="0.036"/>
  <testcase name="testSuperInterface3" classname="com.google.javascript.jscomp.DisambiguatePropertiesTest" time="0.039"/>
  <testcase name="testPrototypeAndInstance1" classname="com.google.javascript.jscomp.DisambiguatePropertiesTest" time="0.078"/>
  <testcase name="testPrototypeAndInstance2" classname="com.google.javascript.jscomp.DisambiguatePropertiesTest" time="0.031"/>
  <testcase name="testPrototypeAndInstance3" classname="com.google.javascript.jscomp.DisambiguatePropertiesTest" time="0.029"/>
  <testcase name="testPrototypeAndInstance4" classname="com.google.javascript.jscomp.DisambiguatePropertiesTest" time="0.03"/>
  <testcase name="testPrototypeAndInstance5" classname="com.google.javascript.jscomp.DisambiguatePropertiesTest" time="0.03"/>
  <testcase name="testUnusedTypeInExterns" classname="com.google.javascript.jscomp.DisambiguatePropertiesTest" time="0.03"/>
  <testcase name="testSupertypeWithSameField" classname="com.google.javascript.jscomp.DisambiguatePropertiesTest" time="0.029"/>
  <testcase name="testInterfaceOfSuperclass2" classname="com.google.javascript.jscomp.DisambiguatePropertiesTest" time="0.026"/>
  <testcase name="testUnionTypeTwoFields" classname="com.google.javascript.jscomp.DisambiguatePropertiesTest" time="0.027"/>
  <testcase name="testSkipNativeFunctionMethod" classname="com.google.javascript.jscomp.DisambiguatePropertiesTest" time="0.03"/>
  <testcase name="testStructuralInterfacesInExterns" classname="com.google.javascript.jscomp.DisambiguatePropertiesTest" time="0.029"/>
  <testcase name="testNamedType" classname="com.google.javascript.jscomp.DisambiguatePropertiesTest" time="0.03"/>
  <testcase name="testErrorOnProtectedProperty" classname="com.google.javascript.jscomp.DisambiguatePropertiesTest" time="0.021"/>
  <testcase name="testStructuralTypingWithDisambiguatePropertyRenaming1_1" classname="com.google.javascript.jscomp.DisambiguatePropertiesTest" time="0.029"/>
  <testcase name="testStructuralTypingWithDisambiguatePropertyRenaming1_2" classname="com.google.javascript.jscomp.DisambiguatePropertiesTest" time="0.028"/>
  <testcase name="testStructuralTypingWithDisambiguatePropertyRenaming1_3" classname="com.google.javascript.jscomp.DisambiguatePropertiesTest" time="0.031"/>
  <testcase name="testStructuralTypingWithDisambiguatePropertyRenaming1_4" classname="com.google.javascript.jscomp.DisambiguatePropertiesTest" time="0.031"/>
  <testcase name="testStructuralTypingWithDisambiguatePropertyRenaming1_5" classname="com.google.javascript.jscomp.DisambiguatePropertiesTest" time="0.029"/>
  <testcase name="testStructuralTypingWithDisambiguatePropertyRenaming1_6" classname="com.google.javascript.jscomp.DisambiguatePropertiesTest" time="0.029"/>
  <testcase name="testStructuralTypingWithDisambiguatePropertyRenaming1_7" classname="com.google.javascript.jscomp.DisambiguatePropertiesTest" time="0.028"/>
  <testcase name="testStructuralTypingWithDisambiguatePropertyRenaming3_1" classname="com.google.javascript.jscomp.DisambiguatePropertiesTest" time="0.03"/>
  <testcase name="testIgnoreSpecializedProperties" classname="com.google.javascript.jscomp.DisambiguatePropertiesTest" time="0.014"/>
</testsuite>