<?xml version="1.0" encoding="UTF-8"?>
<testsuite xmlns:xsi="http://www.w3.org/2001/XMLSchema-instance" xsi:schemaLocation="https://maven.apache.org/surefire/maven-surefire-plugin/xsd/surefire-test-report.xsd" name="com.google.javascript.jscomp.MissingRequireTest" time="0.125" tests="107" errors="0" skipped="0" failures="0">
  <properties>
    <property name="java.runtime.name" value="OpenJDK Runtime Environment"/>
    <property name="sun.boot.library.path" value="/usr/lib/jvm/java-8-openjdk-amd64/jre/lib/amd64"/>
    <property name="java.vm.version" value="25.151-b12"/>
    <property name="java.vm.vendor" value="Oracle Corporation"/>
    <property name="maven.multiModuleProjectDirectory" value="/home/wju/test-proj/closure-compiler"/>
    <property name="java.vendor.url" value="http://java.oracle.com/"/>
    <property name="path.separator" value=":"/>
    <property name="guice.disable.misplaced.annotation.check" value="true"/>
    <property name="java.vm.name" value="OpenJDK 64-Bit Server VM"/>
    <property name="file.encoding.pkg" value="sun.io"/>
    <property name="user.country" value="US"/>
    <property name="sun.java.launcher" value="SUN_STANDARD"/>
    <property name="sun.os.patch.level" value="unknown"/>
    <property name="java.vm.specification.name" value="Java Virtual Machine Specification"/>
    <property name="user.dir" value="/home/wju/test-proj/closure-compiler"/>
    <property name="java.runtime.version" value="1.8.0_151-8u151-b12-0ubuntu0.16.04.2-b12"/>
    <property name="java.awt.graphicsenv" value="sun.awt.X11GraphicsEnvironment"/>
    <property name="java.endorsed.dirs" value="/usr/lib/jvm/java-8-openjdk-amd64/jre/lib/endorsed"/>
    <property name="os.arch" value="amd64"/>
    <property name="java.io.tmpdir" value="/tmp"/>
    <property name="line.separator" value="&#10;"/>
    <property name="java.vm.specification.vendor" value="Oracle Corporation"/>
    <property name="os.name" value="Linux"/>
    <property name="net.sourceforge.cobertura.datafile" value="/home/wju/test-proj/closure-compiler/target/cobertura/cobertura.ser"/>
    <property name="classworlds.conf" value="/usr/share/maven/bin/m2.conf"/>
    <property name="sun.jnu.encoding" value="UTF-8"/>
    <property name="java.library.path" value="/usr/java/packages/lib/amd64:/usr/lib/x86_64-linux-gnu/jni:/lib/x86_64-linux-gnu:/usr/lib/x86_64-linux-gnu:/usr/lib/jni:/lib:/usr/lib"/>
    <property name="java.specification.name" value="Java Platform API Specification"/>
    <property name="java.class.version" value="52.0"/>
    <property name="sun.management.compiler" value="HotSpot 64-Bit Tiered Compilers"/>
    <property name="os.version" value="4.4.0-109-generic"/>
    <property name="user.home" value="/home/wju"/>
    <property name="user.timezone" value="America/Los_Angeles"/>
    <property name="java.awt.printerjob" value="sun.print.PSPrinterJob"/>
    <property name="java.specification.version" value="1.8"/>
    <property name="file.encoding" value="UTF-8"/>
    <property name="user.name" value="wju"/>
    <property name="java.class.path" value="/usr/share/maven/boot/plexus-classworlds-2.x.jar"/>
    <property name="java.vm.specification.version" value="1.8"/>
    <property name="sun.arch.data.model" value="64"/>
    <property name="java.home" value="/usr/lib/jvm/java-8-openjdk-amd64/jre"/>
    <property name="sun.java.command" value="org.codehaus.plexus.classworlds.launcher.Launcher cobertura:cobertura"/>
    <property name="java.specification.vendor" value="Oracle Corporation"/>
    <property name="user.language" value="en"/>
    <property name="awt.toolkit" value="sun.awt.X11.XToolkit"/>
    <property name="java.vm.info" value="mixed mode"/>
    <property name="java.version" value="1.8.0_151"/>
    <property name="java.ext.dirs" value="/usr/lib/jvm/java-8-openjdk-amd64/jre/lib/ext:/usr/java/packages/lib/ext"/>
    <property name="securerandom.source" value="file:/dev/./urandom"/>
    <property name="sun.boot.class.path" value="/usr/lib/jvm/java-8-openjdk-amd64/jre/lib/resources.jar:/usr/lib/jvm/java-8-openjdk-amd64/jre/lib/rt.jar:/usr/lib/jvm/java-8-openjdk-amd64/jre/lib/sunrsasign.jar:/usr/lib/jvm/java-8-openjdk-amd64/jre/lib/jsse.jar:/usr/lib/jvm/java-8-openjdk-amd64/jre/lib/jce.jar:/usr/lib/jvm/java-8-openjdk-amd64/jre/lib/charsets.jar:/usr/lib/jvm/java-8-openjdk-amd64/jre/lib/jfr.jar:/usr/lib/jvm/java-8-openjdk-amd64/jre/classes"/>
    <property name="java.vendor" value="Oracle Corporation"/>
    <property name="maven.home" value="/usr/share/maven"/>
    <property name="file.separator" value="/"/>
    <property name="java.vendor.url.bug" value="http://bugreport.sun.com/bugreport/"/>
    <property name="sun.cpu.endian" value="little"/>
    <property name="sun.io.unicode.encoding" value="UnicodeLittle"/>
    <property name="project.build.outputDirectory" value="/home/wju/test-proj/closure-compiler/target/generated-classes/cobertura"/>
    <property name="sun.cpu.isalist" value=""/>
  </properties>
  <testcase name="testFailWithLocalVariableInMoreThanOneFile" classname="com.google.javascript.jscomp.MissingRequireTest" time="0.001"/>
  <testcase name="testCanStillCallNumberWithoutNewOperator" classname="com.google.javascript.jscomp.MissingRequireTest" time="0.002"/>
  <testcase name="testNoMissingGoogRequireFromGoogDefineClass" classname="com.google.javascript.jscomp.MissingRequireTest" time="0.001"/>
  <testcase name="testPassWithNewDeclaredClass" classname="com.google.javascript.jscomp.MissingRequireTest" time="0"/>
  <testcase name="testVarConstructorName" classname="com.google.javascript.jscomp.MissingRequireTest" time="0.001"/>
  <testcase name="testFailWithImplements_googModule" classname="com.google.javascript.jscomp.MissingRequireTest" time="0.001"/>
  <testcase name="testTypedefInGoogScope" classname="com.google.javascript.jscomp.MissingRequireTest" time="0.001"/>
  <testcase name="testPassConstantFromExterns" classname="com.google.javascript.jscomp.MissingRequireTest" time="0"/>
  <testcase name="testAssignConstructorName" classname="com.google.javascript.jscomp.MissingRequireTest" time="0.001"/>
  <testcase name="testBug2062487" classname="com.google.javascript.jscomp.MissingRequireTest" time="0.001"/>
  <testcase name="testReferenceToLocalNamespace" classname="com.google.javascript.jscomp.MissingRequireTest" time="0.001"/>
  <testcase name="testPassForwardDeclare" classname="com.google.javascript.jscomp.MissingRequireTest" time="0.001"/>
  <testcase name="testFailForwardDeclare" classname="com.google.javascript.jscomp.MissingRequireTest" time="0"/>
  <testcase name="testShouldWarnWhenInstantiatingObjectsDefinedInGlobalScope" classname="com.google.javascript.jscomp.MissingRequireTest" time="0.001"/>
  <testcase name="testPassWithImplements" classname="com.google.javascript.jscomp.MissingRequireTest" time="0.001"/>
  <testcase name="testReferenceInDestructuringParam" classname="com.google.javascript.jscomp.MissingRequireTest" time="0.002"/>
  <testcase name="testLetConstConstructorFunction" classname="com.google.javascript.jscomp.MissingRequireTest" time="0.002"/>
  <testcase name="testGoogModuleGet" classname="com.google.javascript.jscomp.MissingRequireTest" time="0.001"/>
  <testcase name="testEs6ClassExtendsSomethingInExternsWithNS" classname="com.google.javascript.jscomp.MissingRequireTest" time="0"/>
  <testcase name="testWarnES6Module_noRewriting" classname="com.google.javascript.jscomp.MissingRequireTest" time="0.001"/>
  <testcase name="testPassWithExtends" classname="com.google.javascript.jscomp.MissingRequireTest" time="0.002"/>
  <testcase name="testFailWithImplements" classname="com.google.javascript.jscomp.MissingRequireTest" time="0.001"/>
  <testcase name="testGoogTimerCallOnce" classname="com.google.javascript.jscomp.MissingRequireTest" time="0.001"/>
  <testcase name="testReferenceInDefaultParam" classname="com.google.javascript.jscomp.MissingRequireTest" time="0.001"/>
  <testcase name="testWarnGoogModule_noRewriting" classname="com.google.javascript.jscomp.MissingRequireTest" time="0.001"/>
  <testcase name="testPassWithOneNewOuterClassWithUpperPrefix" classname="com.google.javascript.jscomp.MissingRequireTest" time="0.001"/>
  <testcase name="testFailAfterModule" classname="com.google.javascript.jscomp.MissingRequireTest" time="0.001"/>
  <testcase name="testPassLHSFromProvide" classname="com.google.javascript.jscomp.MissingRequireTest" time="0"/>
  <testcase name="testNoMissingGoogRequireFromGoogScopeSameFile" classname="com.google.javascript.jscomp.MissingRequireTest" time="0.001"/>
  <testcase name="testPassModule" classname="com.google.javascript.jscomp.MissingRequireTest" time="0.001"/>
  <testcase name="testNoMissingGoogRequireFromGoogScopeExterns" classname="com.google.javascript.jscomp.MissingRequireTest" time="0.001"/>
  <testcase name="testPassWithInnerClassInExtends" classname="com.google.javascript.jscomp.MissingRequireTest" time="0.001"/>
  <testcase name="testDirectCall" classname="com.google.javascript.jscomp.MissingRequireTest" time="0.002"/>
  <testcase name="testPassExterns" classname="com.google.javascript.jscomp.MissingRequireTest" time="0.001"/>
  <testcase name="testCallOnInnerClass_innerRequired" classname="com.google.javascript.jscomp.MissingRequireTest" time="0.001"/>
  <testcase name="testNoMissingGoogRequireFromGoogDefineClassSameFile" classname="com.google.javascript.jscomp.MissingRequireTest" time="0.001"/>
  <testcase name="testCallLocal" classname="com.google.javascript.jscomp.MissingRequireTest" time="0"/>
  <testcase name="testCallWithParentNamespaceProvided" classname="com.google.javascript.jscomp.MissingRequireTest" time="0.001"/>
  <testcase name="testFailWithImplements_class" classname="com.google.javascript.jscomp.MissingRequireTest" time="0.001"/>
  <testcase name="testNoWarningsForThisConstructor" classname="com.google.javascript.jscomp.MissingRequireTest" time="0.001"/>
  <testcase name="testNoMissingGoogRequireFromGoogScope" classname="com.google.javascript.jscomp.MissingRequireTest" time="0.001"/>
  <testcase name="testSuppression" classname="com.google.javascript.jscomp.MissingRequireTest" time="0.001"/>
  <testcase name="testGoogDom" classname="com.google.javascript.jscomp.MissingRequireTest" time="0.001"/>
  <testcase name="testRequiresAreCaughtBeforeProcessed" classname="com.google.javascript.jscomp.MissingRequireTest" time="0.004"/>
  <testcase name="testLongNameNoClasses" classname="com.google.javascript.jscomp.MissingRequireTest" time="0.001"/>
  <testcase name="testFailWithOneNew" classname="com.google.javascript.jscomp.MissingRequireTest" time="0.001"/>
  <testcase name="testPassTypedef" classname="com.google.javascript.jscomp.MissingRequireTest" time="0.001"/>
  <testcase name="testVarConstructorFunction" classname="com.google.javascript.jscomp.MissingRequireTest" time="0"/>
  <testcase name="testShouldWarnWhenInstantiatingGlobalClassesFromGlobalScope" classname="com.google.javascript.jscomp.MissingRequireTest" time="0.001"/>
  <testcase name="testFailEs6ClassExtends" classname="com.google.javascript.jscomp.MissingRequireTest" time="0.001"/>
  <testcase name="testPassES6Module_noRewriting" classname="com.google.javascript.jscomp.MissingRequireTest" time="0.001"/>
  <testcase name="testPassGoogDefineClass" classname="com.google.javascript.jscomp.MissingRequireTest" time="0.001"/>
  <testcase name="testPassWithLocalFunctions" classname="com.google.javascript.jscomp.MissingRequireTest" time="0.001"/>
  <testcase name="testPassWithTwoNewNodes" classname="com.google.javascript.jscomp.MissingRequireTest" time="0.001"/>
  <testcase name="testFailWithImplements_class_googModule" classname="com.google.javascript.jscomp.MissingRequireTest" time="0.001"/>
  <testcase name="testPassWithLocalVariables" classname="com.google.javascript.jscomp.MissingRequireTest" time="0.001"/>
  <testcase name="testNoMissingGoogRequireFromGoogModuleSameFile" classname="com.google.javascript.jscomp.MissingRequireTest" time="0"/>
  <testcase name="testInterfaceExtends" classname="com.google.javascript.jscomp.MissingRequireTest" time="0.001"/>
  <testcase name="testPassWithNewDeclaredClass_withES6Modules" classname="com.google.javascript.jscomp.MissingRequireTest" time="0.001"/>
  <testcase name="testFailEs6ClassExtendsSomethingWithoutNS" classname="com.google.javascript.jscomp.MissingRequireTest" time="0.001"/>
  <testcase name="testLetConstConstructorName" classname="com.google.javascript.jscomp.MissingRequireTest" time="0.001"/>
  <testcase name="testMissingGoogRequireFromGoogDefineClass" classname="com.google.javascript.jscomp.MissingRequireTest" time="0.001"/>
  <testcase name="testPassPolymer" classname="com.google.javascript.jscomp.MissingRequireTest" time="0.001"/>
  <testcase name="testClassRecognizedAsConstructor" classname="com.google.javascript.jscomp.MissingRequireTest" time="0.002"/>
  <testcase name="testMissingGoogRequireFromGoogModule" classname="com.google.javascript.jscomp.MissingRequireTest" time="0.001"/>
  <testcase name="testPassWithNestedNewNodes" classname="com.google.javascript.jscomp.MissingRequireTest" time="0.001"/>
  <testcase name="testFailWithExtends1" classname="com.google.javascript.jscomp.MissingRequireTest" time="0.001"/>
  <testcase name="testFailWithExtends2" classname="com.google.javascript.jscomp.MissingRequireTest" time="0.001"/>
  <testcase name="testPassGoogDefineClass_noRewriting" classname="com.google.javascript.jscomp.MissingRequireTest" time="0.001"/>
  <testcase name="testMissingGoogRequireFromGoogScope1" classname="com.google.javascript.jscomp.MissingRequireTest" time="0.001"/>
  <testcase name="testMissingGoogRequireFromGoogScope2" classname="com.google.javascript.jscomp.MissingRequireTest" time="0.001"/>
  <testcase name="testPassGoogModule_noRewriting" classname="com.google.javascript.jscomp.MissingRequireTest" time="0.006"/>
  <testcase name="testPassWithOneNew" classname="com.google.javascript.jscomp.MissingRequireTest" time="0"/>
  <testcase name="testCallOnInnerClass_outerRequired" classname="com.google.javascript.jscomp.MissingRequireTest" time="0.001"/>
  <testcase name="testEs6ClassExtendsSomethingInExterns" classname="com.google.javascript.jscomp.MissingRequireTest" time="0.001"/>
  <testcase name="testNewNodesMetaTraditionalFunctionForm" classname="com.google.javascript.jscomp.MissingRequireTest" time="0.001"/>
  <testcase name="testFailWithNestedNewNodes" classname="com.google.javascript.jscomp.MissingRequireTest" time="0.001"/>
  <testcase name="testCallOnInnerClass_namespaceRequire" classname="com.google.javascript.jscomp.MissingRequireTest" time="0"/>
  <testcase name="testPassWithNoNewNodes_withES6Modules" classname="com.google.javascript.jscomp.MissingRequireTest" time="0.001"/>
  <testcase name="testPassConstant" classname="com.google.javascript.jscomp.MissingRequireTest" time="0.001"/>
  <testcase name="testGoogLocale" classname="com.google.javascript.jscomp.MissingRequireTest" time="0.001"/>
  <testcase name="testAssignConstructorFunction" classname="com.google.javascript.jscomp.MissingRequireTest" time="0.001"/>
  <testcase name="testNoMissingGoogRequireFromGoogModule" classname="com.google.javascript.jscomp.MissingRequireTest" time="0.001"/>
  <testcase name="testDestructuredAfterRequire" classname="com.google.javascript.jscomp.MissingRequireTest" time="0.001"/>
  <testcase name="testFailGoogArray" classname="com.google.javascript.jscomp.MissingRequireTest" time="0.001"/>
  <testcase name="testCallOnInnerClass_substring" classname="com.google.javascript.jscomp.MissingRequireTest" time="0.002"/>
  <testcase name="testDotBind" classname="com.google.javascript.jscomp.MissingRequireTest" time="0.003"/>
  <testcase name="testDotCall" classname="com.google.javascript.jscomp.MissingRequireTest" time="0.003"/>
  <testcase name="testClassNameAtStart" classname="com.google.javascript.jscomp.MissingRequireTest" time="0.001"/>
  <testcase name="testIgnoresNativeObject" classname="com.google.javascript.jscomp.MissingRequireTest" time="0.001"/>
  <testcase name="testFailConstant" classname="com.google.javascript.jscomp.MissingRequireTest" time="0.001"/>
  <testcase name="testFailWithImplements_class2" classname="com.google.javascript.jscomp.MissingRequireTest" time="0.002"/>
  <testcase name="testPassEs6ClassExtends" classname="com.google.javascript.jscomp.MissingRequireTest" time="0.001"/>
  <testcase name="testMissingGoogRequireNoRootScope" classname="com.google.javascript.jscomp.MissingRequireTest" time="0.001"/>
  <testcase name="testConstructorFunctionReference" classname="com.google.javascript.jscomp.MissingRequireTest" time="0.001"/>
  <testcase name="testFailWithWarningsAndMultipleFiles" classname="com.google.javascript.jscomp.MissingRequireTest" time="0.001"/>
  <testcase name="testAliasConstructorToPrivateVariable" classname="com.google.javascript.jscomp.MissingRequireTest" time="0.001"/>
  <testcase name="testNewNodesMeta" classname="com.google.javascript.jscomp.MissingRequireTest" time="0"/>
  <testcase name="testIgnoreDuplicateWarningsForSingleClasses" classname="com.google.javascript.jscomp.MissingRequireTest" time="0.009"/>
  <testcase name="testPassWithoutWarningsAndMultipleFiles" classname="com.google.javascript.jscomp.MissingRequireTest" time="0.001"/>
  <testcase name="testPassWithOneNewOuterClass" classname="com.google.javascript.jscomp.MissingRequireTest" time="0"/>
  <testcase name="testDotApply" classname="com.google.javascript.jscomp.MissingRequireTest" time="0.003"/>
  <testcase name="testPassWithNoNewNodes" classname="com.google.javascript.jscomp.MissingRequireTest" time="0.001"/>
  <testcase name="testNoMissingGoogRequireFromSameFile" classname="com.google.javascript.jscomp.MissingRequireTest" time="0.001"/>
  <testcase name="testGoogArray" classname="com.google.javascript.jscomp.MissingRequireTest" time="0"/>
  <testcase name="testNewNodesWithMoreThanOneFile" classname="com.google.javascript.jscomp.MissingRequireTest" time="0.001"/>
  <testcase name="testGoogTimer" classname="com.google.javascript.jscomp.MissingRequireTest" time="0.001"/>
</testsuite>