<?xml version="1.0" encoding="UTF-8"?>
<testsuite xmlns:xsi="http://www.w3.org/2001/XMLSchema-instance" xsi:schemaLocation="https://maven.apache.org/surefire/maven-surefire-plugin/xsd/surefire-test-report.xsd" name="com.google.javascript.jscomp.NormalizeTest" time="0.268" tests="80" errors="0" skipped="0" failures="0">
  <properties>
    <property name="java.runtime.name" value="OpenJDK Runtime Environment"/>
    <property name="sun.boot.library.path" value="/usr/lib/jvm/java-8-openjdk-amd64/jre/lib/amd64"/>
    <property name="java.vm.version" value="25.151-b12"/>
    <property name="java.vm.vendor" value="Oracle Corporation"/>
    <property name="maven.multiModuleProjectDirectory" value="/home/wju/test-proj/closure-compiler"/>
    <property name="java.vendor.url" value="http://java.oracle.com/"/>
    <property name="path.separator" value=":"/>
    <property name="guice.disable.misplaced.annotation.check" value="true"/>
    <property name="java.vm.name" value="OpenJDK 64-Bit Server VM"/>
    <property name="file.encoding.pkg" value="sun.io"/>
    <property name="user.country" value="US"/>
    <property name="sun.java.launcher" value="SUN_STANDARD"/>
    <property name="sun.os.patch.level" value="unknown"/>
    <property name="java.vm.specification.name" value="Java Virtual Machine Specification"/>
    <property name="user.dir" value="/home/wju/test-proj/closure-compiler"/>
    <property name="java.runtime.version" value="1.8.0_151-8u151-b12-0ubuntu0.16.04.2-b12"/>
    <property name="java.awt.graphicsenv" value="sun.awt.X11GraphicsEnvironment"/>
    <property name="java.endorsed.dirs" value="/usr/lib/jvm/java-8-openjdk-amd64/jre/lib/endorsed"/>
    <property name="os.arch" value="amd64"/>
    <property name="java.io.tmpdir" value="/tmp"/>
    <property name="line.separator" value="&#10;"/>
    <property name="java.vm.specification.vendor" value="Oracle Corporation"/>
    <property name="os.name" value="Linux"/>
    <property name="net.sourceforge.cobertura.datafile" value="/home/wju/test-proj/closure-compiler/target/cobertura/cobertura.ser"/>
    <property name="classworlds.conf" value="/usr/share/maven/bin/m2.conf"/>
    <property name="sun.jnu.encoding" value="UTF-8"/>
    <property name="java.library.path" value="/usr/java/packages/lib/amd64:/usr/lib/x86_64-linux-gnu/jni:/lib/x86_64-linux-gnu:/usr/lib/x86_64-linux-gnu:/usr/lib/jni:/lib:/usr/lib"/>
    <property name="java.specification.name" value="Java Platform API Specification"/>
    <property name="java.class.version" value="52.0"/>
    <property name="sun.management.compiler" value="HotSpot 64-Bit Tiered Compilers"/>
    <property name="os.version" value="4.4.0-109-generic"/>
    <property name="user.home" value="/home/wju"/>
    <property name="user.timezone" value="America/Los_Angeles"/>
    <property name="java.awt.printerjob" value="sun.print.PSPrinterJob"/>
    <property name="java.specification.version" value="1.8"/>
    <property name="file.encoding" value="UTF-8"/>
    <property name="user.name" value="wju"/>
    <property name="java.class.path" value="/usr/share/maven/boot/plexus-classworlds-2.x.jar"/>
    <property name="java.vm.specification.version" value="1.8"/>
    <property name="sun.arch.data.model" value="64"/>
    <property name="java.home" value="/usr/lib/jvm/java-8-openjdk-amd64/jre"/>
    <property name="sun.java.command" value="org.codehaus.plexus.classworlds.launcher.Launcher cobertura:cobertura"/>
    <property name="java.specification.vendor" value="Oracle Corporation"/>
    <property name="user.language" value="en"/>
    <property name="awt.toolkit" value="sun.awt.X11.XToolkit"/>
    <property name="java.vm.info" value="mixed mode"/>
    <property name="java.version" value="1.8.0_151"/>
    <property name="java.ext.dirs" value="/usr/lib/jvm/java-8-openjdk-amd64/jre/lib/ext:/usr/java/packages/lib/ext"/>
    <property name="securerandom.source" value="file:/dev/./urandom"/>
    <property name="sun.boot.class.path" value="/usr/lib/jvm/java-8-openjdk-amd64/jre/lib/resources.jar:/usr/lib/jvm/java-8-openjdk-amd64/jre/lib/rt.jar:/usr/lib/jvm/java-8-openjdk-amd64/jre/lib/sunrsasign.jar:/usr/lib/jvm/java-8-openjdk-amd64/jre/lib/jsse.jar:/usr/lib/jvm/java-8-openjdk-amd64/jre/lib/jce.jar:/usr/lib/jvm/java-8-openjdk-amd64/jre/lib/charsets.jar:/usr/lib/jvm/java-8-openjdk-amd64/jre/lib/jfr.jar:/usr/lib/jvm/java-8-openjdk-amd64/jre/classes"/>
    <property name="java.vendor" value="Oracle Corporation"/>
    <property name="maven.home" value="/usr/share/maven"/>
    <property name="file.separator" value="/"/>
    <property name="java.vendor.url.bug" value="http://bugreport.sun.com/bugreport/"/>
    <property name="sun.cpu.endian" value="little"/>
    <property name="sun.io.unicode.encoding" value="UnicodeLittle"/>
    <property name="project.build.outputDirectory" value="/home/wju/test-proj/closure-compiler/target/generated-classes/cobertura"/>
    <property name="sun.cpu.isalist" value=""/>
  </properties>
  <testcase name="testIsConstant" classname="com.google.javascript.jscomp.NormalizeTest" time="0.001"/>
  <testcase name="testRewriteExportSpecShorthand1" classname="com.google.javascript.jscomp.NormalizeTest" time="0.002"/>
  <testcase name="testRewriteExportSpecShorthand2" classname="com.google.javascript.jscomp.NormalizeTest" time="0.001"/>
  <testcase name="testRemoveVarDeclarationDuplicatesParam1" classname="com.google.javascript.jscomp.NormalizeTest" time="0.001"/>
  <testcase name="testRemoveVarDeclarationDuplicatesParam2" classname="com.google.javascript.jscomp.NormalizeTest" time="0.001"/>
  <testcase name="testNormalizeFunctionDeclarations" classname="com.google.javascript.jscomp.NormalizeTest" time="0.014"/>
  <testcase name="testFunctionInForLoop" classname="com.google.javascript.jscomp.NormalizeTest" time="0.001"/>
  <testcase name="testSplitExportDeclarationWithLet" classname="com.google.javascript.jscomp.NormalizeTest" time="0.001"/>
  <testcase name="testSplitExportDeclarationWithVar" classname="com.google.javascript.jscomp.NormalizeTest" time="0.003"/>
  <testcase name="testIsConstantByDestructuring" classname="com.google.javascript.jscomp.NormalizeTest" time="0.001"/>
  <testcase name="testAssignShorthand" classname="com.google.javascript.jscomp.NormalizeTest" time="0.012"/>
  <testcase name="testFor" classname="com.google.javascript.jscomp.NormalizeTest" time="0.01"/>
  <testcase name="testCatchesInSeparateBlocks" classname="com.google.javascript.jscomp.NormalizeTest" time="0.002"/>
  <testcase name="testLetOutsideAndInsideFn" classname="com.google.javascript.jscomp.NormalizeTest" time="0.002"/>
  <testcase name="testUnhandled" classname="com.google.javascript.jscomp.NormalizeTest" time="0.001"/>
  <testcase name="testSplitLet" classname="com.google.javascript.jscomp.NormalizeTest" time="0.009"/>
  <testcase name="testSplitVar" classname="com.google.javascript.jscomp.NormalizeTest" time="0.018"/>
  <testcase name="testForOf" classname="com.google.javascript.jscomp.NormalizeTest" time="0.01"/>
  <testcase name="testIssue" classname="com.google.javascript.jscomp.NormalizeTest" time="0.001"/>
  <testcase name="testWhile" classname="com.google.javascript.jscomp.NormalizeTest" time="0.002"/>
  <testcase name="testNoRenameParamNames" classname="com.google.javascript.jscomp.NormalizeTest" time="0.006"/>
  <testcase name="testSplitExportDeclarationWithShorthandProperty" classname="com.google.javascript.jscomp.NormalizeTest" time="0.002"/>
  <testcase name="testDeclInCatchBlock" classname="com.google.javascript.jscomp.NormalizeTest" time="0.001"/>
  <testcase name="testVarReferencedInHoistedFunction" classname="com.google.javascript.jscomp.NormalizeTest" time="0.002"/>
  <testcase name="testRemoveDuplicateVarDeclarations1" classname="com.google.javascript.jscomp.NormalizeTest" time="0.006"/>
  <testcase name="testRemoveDuplicateVarDeclarations2" classname="com.google.javascript.jscomp.NormalizeTest" time="0.001"/>
  <testcase name="testRemoveDuplicateVarDeclarations3" classname="com.google.javascript.jscomp.NormalizeTest" time="0.006"/>
  <testcase name="testRemoveDuplicateVarDeclarations4" classname="com.google.javascript.jscomp.NormalizeTest" time="0.001"/>
  <testcase name="testRemoveDuplicateVarDeclarations5" classname="com.google.javascript.jscomp.NormalizeTest" time="0.001"/>
  <testcase name="testSetterPropertyIsConstant" classname="com.google.javascript.jscomp.NormalizeTest" time="0.001"/>
  <testcase name="testSplitExportDeclarationOfClass" classname="com.google.javascript.jscomp.NormalizeTest" time="0.003"/>
  <testcase name="testIsConstantByDestructuringWithDefault" classname="com.google.javascript.jscomp.NormalizeTest" time="0.001"/>
  <testcase name="testSplitExportDeclarationWithConst" classname="com.google.javascript.jscomp.NormalizeTest" time="0.001"/>
  <testcase name="testRenamingConstants" classname="com.google.javascript.jscomp.NormalizeTest" time="0.004"/>
  <testcase name="testSplitExportDeclarationWithDestructuring" classname="com.google.javascript.jscomp.NormalizeTest" time="0.002"/>
  <testcase name="testConstInGlobalHoistScope" classname="com.google.javascript.jscomp.NormalizeTest" time="0.002"/>
  <testcase name="testSplitVar_forLoop" classname="com.google.javascript.jscomp.NormalizeTest" time="0.003"/>
  <testcase name="testMoveFunctions1" classname="com.google.javascript.jscomp.NormalizeTest" time="0.002"/>
  <testcase name="testMoveFunctions2" classname="com.google.javascript.jscomp.NormalizeTest" time="0.003"/>
  <testcase name="testShadowFunctionName" classname="com.google.javascript.jscomp.NormalizeTest" time="0.001"/>
  <testcase name="testGetterPropertyIsConstant" classname="com.google.javascript.jscomp.NormalizeTest" time="0.001"/>
  <testcase name="testRenamingConstantProperties" classname="com.google.javascript.jscomp.NormalizeTest" time="0.014"/>
  <testcase name="testPropertyIsConstant1" classname="com.google.javascript.jscomp.NormalizeTest" time="0.001"/>
  <testcase name="testPropertyIsConstant2" classname="com.google.javascript.jscomp.NormalizeTest" time="0.001"/>
  <testcase name="testArrowFunctionInFunction" classname="com.google.javascript.jscomp.NormalizeTest" time="0.001"/>
  <testcase name="testRemoveEmptiesFromClass" classname="com.google.javascript.jscomp.NormalizeTest" time="0.001"/>
  <testcase name="testIssue166e" classname="com.google.javascript.jscomp.NormalizeTest" time="0.001"/>
  <testcase name="testIssue166f" classname="com.google.javascript.jscomp.NormalizeTest" time="0.001"/>
  <testcase name="testIssue166g" classname="com.google.javascript.jscomp.NormalizeTest" time="0.001"/>
  <testcase name="testES6ShorthandPropertySyntax01" classname="com.google.javascript.jscomp.NormalizeTest" time="0.001"/>
  <testcase name="testES6ShorthandPropertySyntax02" classname="com.google.javascript.jscomp.NormalizeTest" time="0"/>
  <testcase name="testES6ShorthandPropertySyntax03" classname="com.google.javascript.jscomp.NormalizeTest" time="0.001"/>
  <testcase name="testES6ShorthandPropertySyntax04" classname="com.google.javascript.jscomp.NormalizeTest" time="0.001"/>
  <testcase name="testES6ShorthandPropertySyntax05" classname="com.google.javascript.jscomp.NormalizeTest" time="0.04"/>
  <testcase name="testES6ShorthandPropertySyntax06" classname="com.google.javascript.jscomp.NormalizeTest" time="0.001"/>
  <testcase name="testES6ShorthandPropertySyntax07" classname="com.google.javascript.jscomp.NormalizeTest" time="0.001"/>
  <testcase name="testES6ShorthandPropertySyntax08" classname="com.google.javascript.jscomp.NormalizeTest" time="0.001"/>
  <testcase name="testES6ShorthandPropertySyntax09" classname="com.google.javascript.jscomp.NormalizeTest" time="0.001"/>
  <testcase name="testES6ShorthandPropertySyntax10" classname="com.google.javascript.jscomp.NormalizeTest" time="0"/>
  <testcase name="testES6ShorthandPropertySyntax11" classname="com.google.javascript.jscomp.NormalizeTest" time="0.001"/>
  <testcase name="testES6ShorthandPropertySyntax12" classname="com.google.javascript.jscomp.NormalizeTest" time="0.001"/>
  <testcase name="testES6ShorthandPropertySyntax13" classname="com.google.javascript.jscomp.NormalizeTest" time="0.001"/>
  <testcase name="testLetOutsideAndInsideBlock" classname="com.google.javascript.jscomp.NormalizeTest" time="0.001"/>
  <testcase name="testLetsInSeparateBlocks" classname="com.google.javascript.jscomp.NormalizeTest" time="0.001"/>
  <testcase name="testLetInGlobalHoistScope" classname="com.google.javascript.jscomp.NormalizeTest" time="0.001"/>
  <testcase name="testForIn1" classname="com.google.javascript.jscomp.NormalizeTest" time="0.005"/>
  <testcase name="testForIn2" classname="com.google.javascript.jscomp.NormalizeTest" time="0.001"/>
  <testcase name="testDuplicateVarInExterns" classname="com.google.javascript.jscomp.NormalizeTest" time="0.001"/>
  <testcase name="testLetManyBlocks" classname="com.google.javascript.jscomp.NormalizeTest" time="0.001"/>
  <testcase name="testSplitExportDeclarationOfFunction" classname="com.google.javascript.jscomp.NormalizeTest" time="0.002"/>
  <testcase name="testFunctionBlock1" classname="com.google.javascript.jscomp.NormalizeTest" time="0.001"/>
  <testcase name="testFunctionBlock2" classname="com.google.javascript.jscomp.NormalizeTest" time="0.002"/>
  <testcase name="testExposeSimple" classname="com.google.javascript.jscomp.NormalizeTest" time="0.002"/>
  <testcase name="testMakeParamNamesUnique" classname="com.google.javascript.jscomp.NormalizeTest" time="0.007"/>
  <testcase name="testClassInForLoop" classname="com.google.javascript.jscomp.NormalizeTest" time="0.001"/>
  <testcase name="testLetOutsideAndInsideForLoop" classname="com.google.javascript.jscomp.NormalizeTest" time="0.001"/>
  <testcase name="testSkipRenamingExterns" classname="com.google.javascript.jscomp.NormalizeTest" time="0.001"/>
  <testcase name="testExposeComplex" classname="com.google.javascript.jscomp.NormalizeTest" time="0.002"/>
  <testcase name="testMakeLocalNamesUnique" classname="com.google.javascript.jscomp.NormalizeTest" time="0.019"/>
  <testcase name="testNormalizeSyntheticCode" classname="com.google.javascript.jscomp.NormalizeTest" time="0.004"/>
</testsuite>