<?xml version="1.0" encoding="UTF-8"?>
<testsuite xmlns:xsi="http://www.w3.org/2001/XMLSchema-instance" xsi:schemaLocation="https://maven.apache.org/surefire/maven-surefire-plugin/xsd/surefire-test-report.xsd" name="com.google.javascript.jscomp.ExternExportsPassTest" time="0.644" tests="44" errors="0" skipped="0" failures="0">
  <properties>
    <property name="java.runtime.name" value="OpenJDK Runtime Environment"/>
    <property name="sun.boot.library.path" value="/usr/lib/jvm/java-8-openjdk-amd64/jre/lib/amd64"/>
    <property name="java.vm.version" value="25.151-b12"/>
    <property name="java.vm.vendor" value="Oracle Corporation"/>
    <property name="maven.multiModuleProjectDirectory" value="/home/wju/test-proj/closure-compiler"/>
    <property name="java.vendor.url" value="http://java.oracle.com/"/>
    <property name="path.separator" value=":"/>
    <property name="guice.disable.misplaced.annotation.check" value="true"/>
    <property name="java.vm.name" value="OpenJDK 64-Bit Server VM"/>
    <property name="file.encoding.pkg" value="sun.io"/>
    <property name="user.country" value="US"/>
    <property name="sun.java.launcher" value="SUN_STANDARD"/>
    <property name="sun.os.patch.level" value="unknown"/>
    <property name="java.vm.specification.name" value="Java Virtual Machine Specification"/>
    <property name="user.dir" value="/home/wju/test-proj/closure-compiler"/>
    <property name="java.runtime.version" value="1.8.0_151-8u151-b12-0ubuntu0.16.04.2-b12"/>
    <property name="java.awt.graphicsenv" value="sun.awt.X11GraphicsEnvironment"/>
    <property name="java.endorsed.dirs" value="/usr/lib/jvm/java-8-openjdk-amd64/jre/lib/endorsed"/>
    <property name="os.arch" value="amd64"/>
    <property name="java.io.tmpdir" value="/tmp"/>
    <property name="line.separator" value="&#10;"/>
    <property name="java.vm.specification.vendor" value="Oracle Corporation"/>
    <property name="os.name" value="Linux"/>
    <property name="net.sourceforge.cobertura.datafile" value="/home/wju/test-proj/closure-compiler/target/cobertura/cobertura.ser"/>
    <property name="classworlds.conf" value="/usr/share/maven/bin/m2.conf"/>
    <property name="sun.jnu.encoding" value="UTF-8"/>
    <property name="java.library.path" value="/usr/java/packages/lib/amd64:/usr/lib/x86_64-linux-gnu/jni:/lib/x86_64-linux-gnu:/usr/lib/x86_64-linux-gnu:/usr/lib/jni:/lib:/usr/lib"/>
    <property name="java.specification.name" value="Java Platform API Specification"/>
    <property name="java.class.version" value="52.0"/>
    <property name="sun.management.compiler" value="HotSpot 64-Bit Tiered Compilers"/>
    <property name="os.version" value="4.4.0-109-generic"/>
    <property name="user.home" value="/home/wju"/>
    <property name="user.timezone" value="America/Los_Angeles"/>
    <property name="java.awt.printerjob" value="sun.print.PSPrinterJob"/>
    <property name="java.specification.version" value="1.8"/>
    <property name="file.encoding" value="UTF-8"/>
    <property name="user.name" value="wju"/>
    <property name="java.class.path" value="/usr/share/maven/boot/plexus-classworlds-2.x.jar"/>
    <property name="java.vm.specification.version" value="1.8"/>
    <property name="sun.arch.data.model" value="64"/>
    <property name="java.home" value="/usr/lib/jvm/java-8-openjdk-amd64/jre"/>
    <property name="sun.java.command" value="org.codehaus.plexus.classworlds.launcher.Launcher cobertura:cobertura"/>
    <property name="java.specification.vendor" value="Oracle Corporation"/>
    <property name="user.language" value="en"/>
    <property name="awt.toolkit" value="sun.awt.X11.XToolkit"/>
    <property name="java.vm.info" value="mixed mode"/>
    <property name="java.version" value="1.8.0_151"/>
    <property name="java.ext.dirs" value="/usr/lib/jvm/java-8-openjdk-amd64/jre/lib/ext:/usr/java/packages/lib/ext"/>
    <property name="securerandom.source" value="file:/dev/./urandom"/>
    <property name="sun.boot.class.path" value="/usr/lib/jvm/java-8-openjdk-amd64/jre/lib/resources.jar:/usr/lib/jvm/java-8-openjdk-amd64/jre/lib/rt.jar:/usr/lib/jvm/java-8-openjdk-amd64/jre/lib/sunrsasign.jar:/usr/lib/jvm/java-8-openjdk-amd64/jre/lib/jsse.jar:/usr/lib/jvm/java-8-openjdk-amd64/jre/lib/jce.jar:/usr/lib/jvm/java-8-openjdk-amd64/jre/lib/charsets.jar:/usr/lib/jvm/java-8-openjdk-amd64/jre/lib/jfr.jar:/usr/lib/jvm/java-8-openjdk-amd64/jre/classes"/>
    <property name="java.vendor" value="Oracle Corporation"/>
    <property name="maven.home" value="/usr/share/maven"/>
    <property name="file.separator" value="/"/>
    <property name="java.vendor.url.bug" value="http://bugreport.sun.com/bugreport/"/>
    <property name="sun.cpu.endian" value="little"/>
    <property name="sun.io.unicode.encoding" value="UnicodeLittle"/>
    <property name="project.build.outputDirectory" value="/home/wju/test-proj/closure-compiler/target/generated-classes/cobertura"/>
    <property name="sun.cpu.isalist" value=""/>
  </properties>
  <testcase name="testExportSymbolWithFunctionDefinedAsFunction" classname="com.google.javascript.jscomp.ExternExportsPassTest" time="0.021"/>
  <testcase name="testExportLocalPropertyNotInConstructor" classname="com.google.javascript.jscomp.ExternExportsPassTest" time="0.016"/>
  <testcase name="testExportDontEmitPrototypePathPrefix" classname="com.google.javascript.jscomp.ExternExportsPassTest" time="0.017"/>
  <testcase name="testExportParamWithNull" classname="com.google.javascript.jscomp.ExternExportsPassTest" time="0.017"/>
  <testcase name="testExportFunctionWithOptionalArguments1" classname="com.google.javascript.jscomp.ExternExportsPassTest" time="0.016"/>
  <testcase name="testExportFunctionWithOptionalArguments2" classname="com.google.javascript.jscomp.ExternExportsPassTest" time="0.015"/>
  <testcase name="testExportFunctionWithOptionalArguments3" classname="com.google.javascript.jscomp.ExternExportsPassTest" time="0.016"/>
  <testcase name="testExportMultiple" classname="com.google.javascript.jscomp.ExternExportsPassTest" time="0.019"/>
  <testcase name="testExportParamWithSymbolDefinedInFunction" classname="com.google.javascript.jscomp.ExternExportsPassTest" time="0.015"/>
  <testcase name="testTypedef" classname="com.google.javascript.jscomp.ExternExportsPassTest" time="0.015"/>
  <testcase name="testExportSymbolWithConstructor" classname="com.google.javascript.jscomp.ExternExportsPassTest" time="0.015"/>
  <testcase name="testNamespaceDefinitionInExterns" classname="com.google.javascript.jscomp.ExternExportsPassTest" time="0.016"/>
  <testcase name="testNonNullTypes" classname="com.google.javascript.jscomp.ExternExportsPassTest" time="0.016"/>
  <testcase name="testExportLocalPropertyInConstructor2" classname="com.google.javascript.jscomp.ExternExportsPassTest" time="0.017"/>
  <testcase name="testExportLocalPropertyInConstructor3" classname="com.google.javascript.jscomp.ExternExportsPassTest" time="0.015"/>
  <testcase name="testExportLocalPropertyInConstructor4" classname="com.google.javascript.jscomp.ExternExportsPassTest" time="0.016"/>
  <testcase name="testExportSymbolDefinedInVar" classname="com.google.javascript.jscomp.ExternExportsPassTest" time="0.016"/>
  <testcase name="testDontWarnOnExportConstructorWithUnknownReturnType" classname="com.google.javascript.jscomp.ExternExportsPassTest" time="0.015"/>
  <testcase name="testExportEnum" classname="com.google.javascript.jscomp.ExternExportsPassTest" time="0.015"/>
  <testcase name="testUseExportsAsExterns" classname="com.google.javascript.jscomp.ExternExportsPassTest" time="0.028"/>
  <testcase name="testExportPrototypePropsWithoutConstructor" classname="com.google.javascript.jscomp.ExternExportsPassTest" time="0.015"/>
  <testcase name="testExportSymbolWithMultipleTemplateAnnotation" classname="com.google.javascript.jscomp.ExternExportsPassTest" time="0.014"/>
  <testcase name="testExportConstructor" classname="com.google.javascript.jscomp.ExternExportsPassTest" time="0.013"/>
  <testcase name="testExportSymbolWithTemplateAnnotation" classname="com.google.javascript.jscomp.ExternExportsPassTest" time="0.013"/>
  <testcase name="testExportSymbol" classname="com.google.javascript.jscomp.ExternExportsPassTest" time="0.014"/>
  <testcase name="testNullabilityInFunctionTypes" classname="com.google.javascript.jscomp.ExternExportsPassTest" time="0.013"/>
  <testcase name="testExportNonexistentProperty" classname="com.google.javascript.jscomp.ExternExportsPassTest" time="0.015"/>
  <testcase name="testExportNonStaticSymbol" classname="com.google.javascript.jscomp.ExternExportsPassTest" time="0.013"/>
  <testcase name="testExportFunctionWithVariableArguments" classname="com.google.javascript.jscomp.ExternExportsPassTest" time="0.025"/>
  <testcase name="testExportWithReferenceToEnum" classname="com.google.javascript.jscomp.ExternExportsPassTest" time="0.013"/>
  <testcase name="testExportMultiple2" classname="com.google.javascript.jscomp.ExternExportsPassTest" time="0.009"/>
  <testcase name="testExportMultiple3" classname="com.google.javascript.jscomp.ExternExportsPassTest" time="0.014"/>
  <testcase name="testExportLocalPropertyInConstructor" classname="com.google.javascript.jscomp.ExternExportsPassTest" time="0.013"/>
  <testcase name="testExportSymbolWithTypeAnnotation" classname="com.google.javascript.jscomp.ExternExportsPassTest" time="0.013"/>
  <testcase name="testExportNonStaticSymbol2" classname="com.google.javascript.jscomp.ExternExportsPassTest" time="0.013"/>
  <testcase name="testExportSymbolWithConstructorWithoutTypeCheck" classname="com.google.javascript.jscomp.ExternExportsPassTest" time="0.003"/>
  <testcase name="testExportSymbolWithFunctionAlias" classname="com.google.javascript.jscomp.ExternExportsPassTest" time="0.013"/>
  <testcase name="testInterface" classname="com.google.javascript.jscomp.ExternExportsPassTest" time="0.013"/>
  <testcase name="testExportProperty" classname="com.google.javascript.jscomp.ExternExportsPassTest" time="0.013"/>
  <testcase name="testExportSymbolWithoutTypeCheck" classname="com.google.javascript.jscomp.ExternExportsPassTest" time="0.004"/>
  <testcase name="testNullabilityInRecordTypes" classname="com.google.javascript.jscomp.ExternExportsPassTest" time="0.013"/>
  <testcase name="testDontWarnOnExportFunctionWithUnknownParameterTypes" classname="com.google.javascript.jscomp.ExternExportsPassTest" time="0.013"/>
  <testcase name="testRecord" classname="com.google.javascript.jscomp.ExternExportsPassTest" time="0.012"/>
  <testcase name="testDontWarnOnExportFunctionWithUnknownReturnType" classname="com.google.javascript.jscomp.ExternExportsPassTest" time="0.013"/>
</testsuite>