<?xml version="1.0" encoding="UTF-8"?>
<testsuite xmlns:xsi="http://www.w3.org/2001/XMLSchema-instance" xsi:schemaLocation="https://maven.apache.org/surefire/maven-surefire-plugin/xsd/surefire-test-report.xsd" name="com.google.javascript.refactoring.ErrorToFixMapperTest" time="0.351" tests="87" errors="0" skipped="0" failures="0">
  <properties>
    <property name="java.runtime.name" value="OpenJDK Runtime Environment"/>
    <property name="sun.boot.library.path" value="/usr/lib/jvm/java-8-openjdk-amd64/jre/lib/amd64"/>
    <property name="java.vm.version" value="25.151-b12"/>
    <property name="java.vm.vendor" value="Oracle Corporation"/>
    <property name="maven.multiModuleProjectDirectory" value="/home/wju/test-proj/closure-compiler"/>
    <property name="java.vendor.url" value="http://java.oracle.com/"/>
    <property name="path.separator" value=":"/>
    <property name="guice.disable.misplaced.annotation.check" value="true"/>
    <property name="java.vm.name" value="OpenJDK 64-Bit Server VM"/>
    <property name="file.encoding.pkg" value="sun.io"/>
    <property name="user.country" value="US"/>
    <property name="sun.java.launcher" value="SUN_STANDARD"/>
    <property name="sun.os.patch.level" value="unknown"/>
    <property name="java.vm.specification.name" value="Java Virtual Machine Specification"/>
    <property name="user.dir" value="/home/wju/test-proj/closure-compiler"/>
    <property name="java.runtime.version" value="1.8.0_151-8u151-b12-0ubuntu0.16.04.2-b12"/>
    <property name="java.awt.graphicsenv" value="sun.awt.X11GraphicsEnvironment"/>
    <property name="java.endorsed.dirs" value="/usr/lib/jvm/java-8-openjdk-amd64/jre/lib/endorsed"/>
    <property name="os.arch" value="amd64"/>
    <property name="java.io.tmpdir" value="/tmp"/>
    <property name="line.separator" value="&#10;"/>
    <property name="java.vm.specification.vendor" value="Oracle Corporation"/>
    <property name="os.name" value="Linux"/>
    <property name="net.sourceforge.cobertura.datafile" value="/home/wju/test-proj/closure-compiler/target/cobertura/cobertura.ser"/>
    <property name="classworlds.conf" value="/usr/share/maven/bin/m2.conf"/>
    <property name="sun.jnu.encoding" value="UTF-8"/>
    <property name="java.library.path" value="/usr/java/packages/lib/amd64:/usr/lib/x86_64-linux-gnu/jni:/lib/x86_64-linux-gnu:/usr/lib/x86_64-linux-gnu:/usr/lib/jni:/lib:/usr/lib"/>
    <property name="java.specification.name" value="Java Platform API Specification"/>
    <property name="java.class.version" value="52.0"/>
    <property name="sun.management.compiler" value="HotSpot 64-Bit Tiered Compilers"/>
    <property name="os.version" value="4.4.0-109-generic"/>
    <property name="user.home" value="/home/wju"/>
    <property name="user.timezone" value="America/Los_Angeles"/>
    <property name="java.awt.printerjob" value="sun.print.PSPrinterJob"/>
    <property name="java.specification.version" value="1.8"/>
    <property name="file.encoding" value="UTF-8"/>
    <property name="user.name" value="wju"/>
    <property name="java.class.path" value="/usr/share/maven/boot/plexus-classworlds-2.x.jar"/>
    <property name="java.vm.specification.version" value="1.8"/>
    <property name="sun.arch.data.model" value="64"/>
    <property name="java.home" value="/usr/lib/jvm/java-8-openjdk-amd64/jre"/>
    <property name="sun.java.command" value="org.codehaus.plexus.classworlds.launcher.Launcher cobertura:cobertura"/>
    <property name="java.specification.vendor" value="Oracle Corporation"/>
    <property name="user.language" value="en"/>
    <property name="awt.toolkit" value="sun.awt.X11.XToolkit"/>
    <property name="java.vm.info" value="mixed mode"/>
    <property name="java.version" value="1.8.0_151"/>
    <property name="java.ext.dirs" value="/usr/lib/jvm/java-8-openjdk-amd64/jre/lib/ext:/usr/java/packages/lib/ext"/>
    <property name="securerandom.source" value="file:/dev/./urandom"/>
    <property name="sun.boot.class.path" value="/usr/lib/jvm/java-8-openjdk-amd64/jre/lib/resources.jar:/usr/lib/jvm/java-8-openjdk-amd64/jre/lib/rt.jar:/usr/lib/jvm/java-8-openjdk-amd64/jre/lib/sunrsasign.jar:/usr/lib/jvm/java-8-openjdk-amd64/jre/lib/jsse.jar:/usr/lib/jvm/java-8-openjdk-amd64/jre/lib/jce.jar:/usr/lib/jvm/java-8-openjdk-amd64/jre/lib/charsets.jar:/usr/lib/jvm/java-8-openjdk-amd64/jre/lib/jfr.jar:/usr/lib/jvm/java-8-openjdk-amd64/jre/classes"/>
    <property name="java.vendor" value="Oracle Corporation"/>
    <property name="maven.home" value="/usr/share/maven"/>
    <property name="file.separator" value="/"/>
    <property name="java.vendor.url.bug" value="http://bugreport.sun.com/bugreport/"/>
    <property name="sun.cpu.endian" value="little"/>
    <property name="sun.io.unicode.encoding" value="UnicodeLittle"/>
    <property name="project.build.outputDirectory" value="/home/wju/test-proj/closure-compiler/target/generated-classes/cobertura"/>
    <property name="sun.cpu.isalist" value=""/>
  </properties>
  <testcase name="testStandaloneVarDoesntCrashMissingRequire" classname="com.google.javascript.refactoring.ErrorToFixMapperTest" time="0.028"/>
  <testcase name="testSortRequiresInGoogModule_veryLongRequire" classname="com.google.javascript.refactoring.ErrorToFixMapperTest" time="0.011"/>
  <testcase name="testAddLhsToGoogRequire_jsdoc" classname="com.google.javascript.refactoring.ErrorToFixMapperTest" time="0.004"/>
  <testcase name="testMissingRequire_unsorted1" classname="com.google.javascript.refactoring.ErrorToFixMapperTest" time="0.005"/>
  <testcase name="testMissingRequire_unsorted2" classname="com.google.javascript.refactoring.ErrorToFixMapperTest" time="0.005"/>
  <testcase name="testImplicitNullability1" classname="com.google.javascript.refactoring.ErrorToFixMapperTest" time="0.002"/>
  <testcase name="testImplicitNullability2" classname="com.google.javascript.refactoring.ErrorToFixMapperTest" time="0.003"/>
  <testcase name="testImplicitNullability3" classname="com.google.javascript.refactoring.ErrorToFixMapperTest" time="0.002"/>
  <testcase name="testSortRequiresInGoogModule_allThreeStyles" classname="com.google.javascript.refactoring.ErrorToFixMapperTest" time="0.006"/>
  <testcase name="testMissingRequireInGoogModule" classname="com.google.javascript.refactoring.ErrorToFixMapperTest" time="0.004"/>
  <testcase name="testExtraRequire_destructuring_empty" classname="com.google.javascript.refactoring.ErrorToFixMapperTest" time="0.003"/>
  <testcase name="testRedeclaration_multipleVars_withValue1" classname="com.google.javascript.refactoring.ErrorToFixMapperTest" time="0.003"/>
  <testcase name="testRedeclaration_multipleVars_withValue2" classname="com.google.javascript.refactoring.ErrorToFixMapperTest" time="0.003"/>
  <testcase name="testRedeclaration_multipleVars_withValue3" classname="com.google.javascript.refactoring.ErrorToFixMapperTest" time="0.003"/>
  <testcase name="testRedeclaration_multipleVars_withValue4" classname="com.google.javascript.refactoring.ErrorToFixMapperTest" time="0.002"/>
  <testcase name="testRedeclaration_multipleVars_withValue5" classname="com.google.javascript.refactoring.ErrorToFixMapperTest" time="0.003"/>
  <testcase name="testSortRequiresInGoogModule_let" classname="com.google.javascript.refactoring.ErrorToFixMapperTest" time="0.004"/>
  <testcase name="testMissingRequireInGoogModule_atExtends" classname="com.google.javascript.refactoring.ErrorToFixMapperTest" time="0.003"/>
  <testcase name="testInsertSemicolon1" classname="com.google.javascript.refactoring.ErrorToFixMapperTest" time="0.002"/>
  <testcase name="testInsertSemicolon2" classname="com.google.javascript.refactoring.ErrorToFixMapperTest" time="0.002"/>
  <testcase name="testSortRequiresInGoogModule_shorthand" classname="com.google.javascript.refactoring.ErrorToFixMapperTest" time="0.006"/>
  <testcase name="testDuplicateRequire_shorthand" classname="com.google.javascript.refactoring.ErrorToFixMapperTest" time="0.003"/>
  <testcase name="testSortRequiresInGoogModule_standalone" classname="com.google.javascript.refactoring.ErrorToFixMapperTest" time="0.006"/>
  <testcase name="testExtraRequire" classname="com.google.javascript.refactoring.ErrorToFixMapperTest" time="0.002"/>
  <testcase name="testExtraRequire_destructuring4a" classname="com.google.javascript.refactoring.ErrorToFixMapperTest" time="0.002"/>
  <testcase name="testBug65602711a" classname="com.google.javascript.refactoring.ErrorToFixMapperTest" time="0.004"/>
  <testcase name="testBug65602711b" classname="com.google.javascript.refactoring.ErrorToFixMapperTest" time="0.003"/>
  <testcase name="testEarlyReferenceInFunction" classname="com.google.javascript.refactoring.ErrorToFixMapperTest" time="0.003"/>
  <testcase name="testRequiresSorted1" classname="com.google.javascript.refactoring.ErrorToFixMapperTest" time="0.003"/>
  <testcase name="testRequiresSorted2" classname="com.google.javascript.refactoring.ErrorToFixMapperTest" time="0.003"/>
  <testcase name="testMissingRequireInGoogModule_insertedInCorrectOrder" classname="com.google.javascript.refactoring.ErrorToFixMapperTest" time="0.003"/>
  <testcase name="testAddLhsToGoogRequire_getprop" classname="com.google.javascript.refactoring.ErrorToFixMapperTest" time="0.004"/>
  <testcase name="testSwitchToShorthand_JSDoc1" classname="com.google.javascript.refactoring.ErrorToFixMapperTest" time="0.005"/>
  <testcase name="testSwitchToShorthand_JSDoc2" classname="com.google.javascript.refactoring.ErrorToFixMapperTest" time="0.003"/>
  <testcase name="testSwitchToShorthand_JSDoc3" classname="com.google.javascript.refactoring.ErrorToFixMapperTest" time="0.003"/>
  <testcase name="testSwitchToShorthand_JSDoc4" classname="com.google.javascript.refactoring.ErrorToFixMapperTest" time="0.002"/>
  <testcase name="testSwitchToShorthand_JSDoc5" classname="com.google.javascript.refactoring.ErrorToFixMapperTest" time="0.003"/>
  <testcase name="testSwitchToShorthand_JSDoc6" classname="com.google.javascript.refactoring.ErrorToFixMapperTest" time="0.002"/>
  <testcase name="testSwitchToShorthand_JSDoc7" classname="com.google.javascript.refactoring.ErrorToFixMapperTest" time="0.003"/>
  <testcase name="testSwitchToShorthand_JSDoc8" classname="com.google.javascript.refactoring.ErrorToFixMapperTest" time="0.003"/>
  <testcase name="testExtraRequire_destructuring1" classname="com.google.javascript.refactoring.ErrorToFixMapperTest" time="0.003"/>
  <testcase name="testExtraRequire_destructuring2" classname="com.google.javascript.refactoring.ErrorToFixMapperTest" time="0.003"/>
  <testcase name="testExtraRequire_destructuring3" classname="com.google.javascript.refactoring.ErrorToFixMapperTest" time="0.003"/>
  <testcase name="testExtraRequire_destructuring5" classname="com.google.javascript.refactoring.ErrorToFixMapperTest" time="0.003"/>
  <testcase name="testExtraRequire_destructuring6" classname="com.google.javascript.refactoring.ErrorToFixMapperTest" time="0.003"/>
  <testcase name="testExtraRequire_destructuring7" classname="com.google.javascript.refactoring.ErrorToFixMapperTest" time="0.002"/>
  <testcase name="testMissingRequireInGoogModule_atExtends_qname" classname="com.google.javascript.refactoring.ErrorToFixMapperTest" time="0.003"/>
  <testcase name="testSortShorthandRequiresInGoogModule" classname="com.google.javascript.refactoring.ErrorToFixMapperTest" time="0.003"/>
  <testcase name="testRedeclarationOfParam" classname="com.google.javascript.refactoring.ErrorToFixMapperTest" time="0.003"/>
  <testcase name="testSortRequiresAndForwardDeclares" classname="com.google.javascript.refactoring.ErrorToFixMapperTest" time="0.005"/>
  <testcase name="testSortRequiresInGoogModule_destructuring" classname="com.google.javascript.refactoring.ErrorToFixMapperTest" time="0.006"/>
  <testcase name="testRedeclaration_multipleVars1" classname="com.google.javascript.refactoring.ErrorToFixMapperTest" time="0.003"/>
  <testcase name="testRedeclaration_multipleVars2" classname="com.google.javascript.refactoring.ErrorToFixMapperTest" time="0.003"/>
  <testcase name="testExtraRequire_unsorted" classname="com.google.javascript.refactoring.ErrorToFixMapperTest" time="0.004"/>
  <testcase name="testEarlyReference" classname="com.google.javascript.refactoring.ErrorToFixMapperTest" time="0.002"/>
  <testcase name="testMissingRequireInGoogModule_extends" classname="com.google.javascript.refactoring.ErrorToFixMapperTest" time="0.016"/>
  <testcase name="testMissingRequireInGoogProvideFile" classname="com.google.javascript.refactoring.ErrorToFixMapperTest" time="0.004"/>
  <testcase name="testExtraRrequire_destructuring4b" classname="com.google.javascript.refactoring.ErrorToFixMapperTest" time="0.004"/>
  <testcase name="testSortRequiresInGoogModule_shorthandAndStandalone" classname="com.google.javascript.refactoring.ErrorToFixMapperTest" time="0.005"/>
  <testcase name="testEmptyStatement1" classname="com.google.javascript.refactoring.ErrorToFixMapperTest" time="0.002"/>
  <testcase name="testEmptyStatement2" classname="com.google.javascript.refactoring.ErrorToFixMapperTest" time="0.002"/>
  <testcase name="testEmptyStatement3" classname="com.google.javascript.refactoring.ErrorToFixMapperTest" time="0.002"/>
  <testcase name="testMissingRequireInGoogModule_alwaysInsertsConst" classname="com.google.javascript.refactoring.ErrorToFixMapperTest" time="0.005"/>
  <testcase name="testRedeclaration" classname="com.google.javascript.refactoring.ErrorToFixMapperTest" time="0.003"/>
  <testcase name="testUnsortedAndMissingLhs" classname="com.google.javascript.refactoring.ErrorToFixMapperTest" time="0.003"/>
  <testcase name="testShortRequireInGoogModule1" classname="com.google.javascript.refactoring.ErrorToFixMapperTest" time="0.003"/>
  <testcase name="testShortRequireInGoogModule2" classname="com.google.javascript.refactoring.ErrorToFixMapperTest" time="0.003"/>
  <testcase name="testShortRequireInGoogModule3" classname="com.google.javascript.refactoring.ErrorToFixMapperTest" time="0.003"/>
  <testcase name="testShortRequireInGoogModule4" classname="com.google.javascript.refactoring.ErrorToFixMapperTest" time="0.003"/>
  <testcase name="testShortRequireInGoogModule5" classname="com.google.javascript.refactoring.ErrorToFixMapperTest" time="0.003"/>
  <testcase name="testShortRequireInGoogModule6" classname="com.google.javascript.refactoring.ErrorToFixMapperTest" time="0.003"/>
  <testcase name="testShortRequireInGoogModule7" classname="com.google.javascript.refactoring.ErrorToFixMapperTest" time="0.003"/>
  <testcase name="testSortRequiresInGoogModule_withOtherStatements" classname="com.google.javascript.refactoring.ErrorToFixMapperTest" time="0.003"/>
  <testcase name="testMissingRequireInGoogModule_googString" classname="com.google.javascript.refactoring.ErrorToFixMapperTest" time="0.003"/>
  <testcase name="testRedeclaration_withValue" classname="com.google.javascript.refactoring.ErrorToFixMapperTest" time="0.002"/>
  <testcase name="testDebugger" classname="com.google.javascript.refactoring.ErrorToFixMapperTest" time="0.002"/>
  <testcase name="testAddLhsToGoogRequire" classname="com.google.javascript.refactoring.ErrorToFixMapperTest" time="0.024"/>
  <testcase name="testAddLhsToGoogRequire_new" classname="com.google.javascript.refactoring.ErrorToFixMapperTest" time="0.004"/>
  <testcase name="testSortRequiresInGoogModule_const" classname="com.google.javascript.refactoring.ErrorToFixMapperTest" time="0.002"/>
  <testcase name="testRedeclaration_params" classname="com.google.javascript.refactoring.ErrorToFixMapperTest" time="0.003"/>
  <testcase name="testProvidesSorted1" classname="com.google.javascript.refactoring.ErrorToFixMapperTest" time="0.003"/>
  <testcase name="testExtraRequire_module" classname="com.google.javascript.refactoring.ErrorToFixMapperTest" time="0.003"/>
  <testcase name="testSortRequiresInGoogModule_withFwdDeclare" classname="com.google.javascript.refactoring.ErrorToFixMapperTest" time="0.004"/>
  <testcase name="testMissingRequireInGoogModuleTwice" classname="com.google.javascript.refactoring.ErrorToFixMapperTest" time="0.002"/>
  <testcase name="testMissingRequireInGoogModule_call" classname="com.google.javascript.refactoring.ErrorToFixMapperTest" time="0.003"/>
  <testcase name="testDuplicateRequire" classname="com.google.javascript.refactoring.ErrorToFixMapperTest" time="0.004"/>
  <testcase name="testMissingRequireInGoogModule_googStructsMap" classname="com.google.javascript.refactoring.ErrorToFixMapperTest" time="0.003"/>
</testsuite>