<?xml version="1.0" encoding="UTF-8"?>
<testsuite xmlns:xsi="http://www.w3.org/2001/XMLSchema-instance" xsi:schemaLocation="https://maven.apache.org/surefire/maven-surefire-plugin/xsd/surefire-test-report.xsd" name="com.google.javascript.jscomp.parsing.ParserTest" time="5.86" tests="321" errors="0" skipped="0" failures="0">
  <properties>
    <property name="java.runtime.name" value="OpenJDK Runtime Environment"/>
    <property name="sun.boot.library.path" value="/usr/lib/jvm/java-8-openjdk-amd64/jre/lib/amd64"/>
    <property name="java.vm.version" value="25.151-b12"/>
    <property name="java.vm.vendor" value="Oracle Corporation"/>
    <property name="maven.multiModuleProjectDirectory" value="/home/wju/test-proj/closure-compiler"/>
    <property name="java.vendor.url" value="http://java.oracle.com/"/>
    <property name="path.separator" value=":"/>
    <property name="guice.disable.misplaced.annotation.check" value="true"/>
    <property name="java.vm.name" value="OpenJDK 64-Bit Server VM"/>
    <property name="file.encoding.pkg" value="sun.io"/>
    <property name="user.country" value="US"/>
    <property name="sun.java.launcher" value="SUN_STANDARD"/>
    <property name="sun.os.patch.level" value="unknown"/>
    <property name="java.vm.specification.name" value="Java Virtual Machine Specification"/>
    <property name="user.dir" value="/home/wju/test-proj/closure-compiler"/>
    <property name="java.runtime.version" value="1.8.0_151-8u151-b12-0ubuntu0.16.04.2-b12"/>
    <property name="java.awt.graphicsenv" value="sun.awt.X11GraphicsEnvironment"/>
    <property name="java.endorsed.dirs" value="/usr/lib/jvm/java-8-openjdk-amd64/jre/lib/endorsed"/>
    <property name="os.arch" value="amd64"/>
    <property name="java.io.tmpdir" value="/tmp"/>
    <property name="line.separator" value="&#10;"/>
    <property name="java.vm.specification.vendor" value="Oracle Corporation"/>
    <property name="os.name" value="Linux"/>
    <property name="net.sourceforge.cobertura.datafile" value="/home/wju/test-proj/closure-compiler/target/cobertura/cobertura.ser"/>
    <property name="classworlds.conf" value="/usr/share/maven/bin/m2.conf"/>
    <property name="sun.jnu.encoding" value="UTF-8"/>
    <property name="java.library.path" value="/usr/java/packages/lib/amd64:/usr/lib/x86_64-linux-gnu/jni:/lib/x86_64-linux-gnu:/usr/lib/x86_64-linux-gnu:/usr/lib/jni:/lib:/usr/lib"/>
    <property name="java.specification.name" value="Java Platform API Specification"/>
    <property name="java.class.version" value="52.0"/>
    <property name="sun.management.compiler" value="HotSpot 64-Bit Tiered Compilers"/>
    <property name="os.version" value="4.4.0-109-generic"/>
    <property name="user.home" value="/home/wju"/>
    <property name="user.timezone" value="America/Los_Angeles"/>
    <property name="java.awt.printerjob" value="sun.print.PSPrinterJob"/>
    <property name="java.specification.version" value="1.8"/>
    <property name="file.encoding" value="UTF-8"/>
    <property name="user.name" value="wju"/>
    <property name="java.class.path" value="/usr/share/maven/boot/plexus-classworlds-2.x.jar"/>
    <property name="java.vm.specification.version" value="1.8"/>
    <property name="sun.arch.data.model" value="64"/>
    <property name="java.home" value="/usr/lib/jvm/java-8-openjdk-amd64/jre"/>
    <property name="sun.java.command" value="org.codehaus.plexus.classworlds.launcher.Launcher cobertura:cobertura"/>
    <property name="java.specification.vendor" value="Oracle Corporation"/>
    <property name="user.language" value="en"/>
    <property name="awt.toolkit" value="sun.awt.X11.XToolkit"/>
    <property name="java.vm.info" value="mixed mode"/>
    <property name="java.version" value="1.8.0_151"/>
    <property name="java.ext.dirs" value="/usr/lib/jvm/java-8-openjdk-amd64/jre/lib/ext:/usr/java/packages/lib/ext"/>
    <property name="securerandom.source" value="file:/dev/./urandom"/>
    <property name="sun.boot.class.path" value="/usr/lib/jvm/java-8-openjdk-amd64/jre/lib/resources.jar:/usr/lib/jvm/java-8-openjdk-amd64/jre/lib/rt.jar:/usr/lib/jvm/java-8-openjdk-amd64/jre/lib/sunrsasign.jar:/usr/lib/jvm/java-8-openjdk-amd64/jre/lib/jsse.jar:/usr/lib/jvm/java-8-openjdk-amd64/jre/lib/jce.jar:/usr/lib/jvm/java-8-openjdk-amd64/jre/lib/charsets.jar:/usr/lib/jvm/java-8-openjdk-amd64/jre/lib/jfr.jar:/usr/lib/jvm/java-8-openjdk-amd64/jre/classes"/>
    <property name="java.vendor" value="Oracle Corporation"/>
    <property name="maven.home" value="/usr/share/maven"/>
    <property name="file.separator" value="/"/>
    <property name="java.vendor.url.bug" value="http://bugreport.sun.com/bugreport/"/>
    <property name="sun.cpu.endian" value="little"/>
    <property name="sun.io.unicode.encoding" value="UnicodeLittle"/>
    <property name="project.build.outputDirectory" value="/home/wju/test-proj/closure-compiler/target/generated-classes/cobertura"/>
    <property name="sun.cpu.isalist" value=""/>
  </properties>
  <testcase name="testObjectLiteralCannotUseDestructuring" classname="com.google.javascript.jscomp.parsing.ParserTest" time="0"/>
  <testcase name="testStringLiteral" classname="com.google.javascript.jscomp.parsing.ParserTest" time="0"/>
  <testcase name="testAsyncNamedFunction" classname="com.google.javascript.jscomp.parsing.ParserTest" time="0"/>
  <testcase name="testObjectDestructuringExtraParensInvalid" classname="com.google.javascript.jscomp.parsing.ParserTest" time="0"/>
  <testcase name="testMixedDestructuring" classname="com.google.javascript.jscomp.parsing.ParserTest" time="0"/>
  <testcase name="testComputedProperty" classname="com.google.javascript.jscomp.parsing.ParserTest" time="0"/>
  <testcase name="testTemplateLiteralSubstitution" classname="com.google.javascript.jscomp.parsing.ParserTest" time="0"/>
  <testcase name="testUnicodePointEscapeStringLiterals" classname="com.google.javascript.jscomp.parsing.ParserTest" time="0"/>
  <testcase name="testObjectDestructuringStringAndNumberKeys" classname="com.google.javascript.jscomp.parsing.ParserTest" time="0.001"/>
  <testcase name="testObjectDestructuringFnDeclaration" classname="com.google.javascript.jscomp.parsing.ParserTest" time="0"/>
  <testcase name="testArrowInvalid1" classname="com.google.javascript.jscomp.parsing.ParserTest" time="0.001"/>
  <testcase name="testParseInlineSourceMap" classname="com.google.javascript.jscomp.parsing.ParserTest" time="0"/>
  <testcase name="testObjectDestructuringVar" classname="com.google.javascript.jscomp.parsing.ParserTest" time="0.001"/>
  <testcase name="testUnnecessaryEscapeTemplateLiterals" classname="com.google.javascript.jscomp.parsing.ParserTest" time="0"/>
  <testcase name="testAsyncArrowInvalid" classname="com.google.javascript.jscomp.parsing.ParserTest" time="0.001"/>
  <testcase name="testArrayLiteralDeclarationSpread" classname="com.google.javascript.jscomp.parsing.ParserTest" time="0"/>
  <testcase name="testInvalidHandling1" classname="com.google.javascript.jscomp.parsing.ParserTest" time="0.001"/>
  <testcase name="testParseDeep1" classname="com.google.javascript.jscomp.parsing.ParserTest" time="1.32"/>
  <testcase name="testParseDeep2" classname="com.google.javascript.jscomp.parsing.ParserTest" time="1.29"/>
  <testcase name="testParseDeep3" classname="com.google.javascript.jscomp.parsing.ParserTest" time="1.293"/>
  <testcase name="testParseDeep4" classname="com.google.javascript.jscomp.parsing.ParserTest" time="1.83"/>
  <testcase name="testLinenoCharnoBinaryOr" classname="com.google.javascript.jscomp.parsing.ParserTest" time="0"/>
  <testcase name="testImportantComment" classname="com.google.javascript.jscomp.parsing.ParserTest" time="0.001"/>
  <testcase name="testParseSourceMapRelativeURL" classname="com.google.javascript.jscomp.parsing.ParserTest" time="0"/>
  <testcase name="testObjectLiteralDoc1" classname="com.google.javascript.jscomp.parsing.ParserTest" time="0.001"/>
  <testcase name="testLinenoCharnoCall" classname="com.google.javascript.jscomp.parsing.ParserTest" time="0"/>
  <testcase name="testLinenoCharnoHook" classname="com.google.javascript.jscomp.parsing.ParserTest" time="0"/>
  <testcase name="testDefaultParameters" classname="com.google.javascript.jscomp.parsing.ParserTest" time="0.001"/>
  <testcase name="testInlineJSDocWithOptionalType" classname="com.google.javascript.jscomp.parsing.ParserTest" time="0"/>
  <testcase name="testEOFInUnicodeEscape" classname="com.google.javascript.jscomp.parsing.ParserTest" time="0"/>
  <testcase name="testBreakCrossFunctionInFor" classname="com.google.javascript.jscomp.parsing.ParserTest" time="0.001"/>
  <testcase name="testObjectLiteralDeclarationSpread" classname="com.google.javascript.jscomp.parsing.ParserTest" time="0"/>
  <testcase name="testObjectDestructuringVarWithInitializer" classname="com.google.javascript.jscomp.parsing.ParserTest" time="0.001"/>
  <testcase name="testLet" classname="com.google.javascript.jscomp.parsing.ParserTest" time="0"/>
  <testcase name="testDestructuringInForLoops" classname="com.google.javascript.jscomp.parsing.ParserTest" time="0.001"/>
  <testcase name="testAutomaticSemicolonInsertionExamplesFromSpec" classname="com.google.javascript.jscomp.parsing.ParserTest" time="0.001"/>
  <testcase name="testParseSourceMapAbsoluteURLHTTP" classname="com.google.javascript.jscomp.parsing.ParserTest" time="0"/>
  <testcase name="testLinenoCharnoShift" classname="com.google.javascript.jscomp.parsing.ParserTest" time="0"/>
  <testcase name="testInvalidUnicodeEscape" classname="com.google.javascript.jscomp.parsing.ParserTest" time="0"/>
  <testcase name="testBlockScopedFunctionDeclaration" classname="com.google.javascript.jscomp.parsing.ParserTest" time="0.001"/>
  <testcase name="testAsyncMethod" classname="com.google.javascript.jscomp.parsing.ParserTest" time="0.001"/>
  <testcase name="testReservedKeywords" classname="com.google.javascript.jscomp.parsing.ParserTest" time="0.001"/>
  <testcase name="testGettersForbidden1" classname="com.google.javascript.jscomp.parsing.ParserTest" time="0"/>
  <testcase name="testGettersForbidden2" classname="com.google.javascript.jscomp.parsing.ParserTest" time="0.001"/>
  <testcase name="testGettersForbidden3" classname="com.google.javascript.jscomp.parsing.ParserTest" time="0"/>
  <testcase name="testGettersForbidden4" classname="com.google.javascript.jscomp.parsing.ParserTest" time="0"/>
  <testcase name="testGettersForbidden5" classname="com.google.javascript.jscomp.parsing.ParserTest" time="0.001"/>
  <testcase name="testGettersForbidden6" classname="com.google.javascript.jscomp.parsing.ParserTest" time="0"/>
  <testcase name="testBreak" classname="com.google.javascript.jscomp.parsing.ParserTest" time="0"/>
  <testcase name="testConst" classname="com.google.javascript.jscomp.parsing.ParserTest" time="0.001"/>
  <testcase name="testArrayDestructuringInitializerInvalid" classname="com.google.javascript.jscomp.parsing.ParserTest" time="0"/>
  <testcase name="testParse" classname="com.google.javascript.jscomp.parsing.ParserTest" time="0.001"/>
  <testcase name="testThrow" classname="com.google.javascript.jscomp.parsing.ParserTest" time="0"/>
  <testcase name="testWhile" classname="com.google.javascript.jscomp.parsing.ParserTest" time="0"/>
  <testcase name="testIncorrectEscapeSequenceInTemplateLiteral" classname="com.google.javascript.jscomp.parsing.ParserTest" time="0.001"/>
  <testcase name="testUtf8" classname="com.google.javascript.jscomp.parsing.ParserTest" time="0"/>
  <testcase name="testKeywordAsIdentifier" classname="com.google.javascript.jscomp.parsing.ParserTest" time="0.001"/>
  <testcase name="testNewDotSomethingInvalid" classname="com.google.javascript.jscomp.parsing.ParserTest" time="0"/>
  <testcase name="testRegExpError" classname="com.google.javascript.jscomp.parsing.ParserTest" time="0"/>
  <testcase name="testRegExpFlags" classname="com.google.javascript.jscomp.parsing.ParserTest" time="0.001"/>
  <testcase name="testUnicodeInIdentifiers" classname="com.google.javascript.jscomp.parsing.ParserTest" time="0"/>
  <testcase name="testOctalLiterals" classname="com.google.javascript.jscomp.parsing.ParserTest" time="0.001"/>
  <testcase name="testForInDestructuring" classname="com.google.javascript.jscomp.parsing.ParserTest" time="0.002"/>
  <testcase name="testInvalidUnicodePointEscapeInIdentifiers" classname="com.google.javascript.jscomp.parsing.ParserTest" time="0.001"/>
  <testcase name="testJSDocAttachment10" classname="com.google.javascript.jscomp.parsing.ParserTest" time="0"/>
  <testcase name="testJSDocAttachment11" classname="com.google.javascript.jscomp.parsing.ParserTest" time="0"/>
  <testcase name="testJSDocAttachment12" classname="com.google.javascript.jscomp.parsing.ParserTest" time="0.001"/>
  <testcase name="testJSDocAttachment13" classname="com.google.javascript.jscomp.parsing.ParserTest" time="0"/>
  <testcase name="testJSDocAttachment14" classname="com.google.javascript.jscomp.parsing.ParserTest" time="0"/>
  <testcase name="testJSDocAttachment15" classname="com.google.javascript.jscomp.parsing.ParserTest" time="0"/>
  <testcase name="testJSDocAttachment16" classname="com.google.javascript.jscomp.parsing.ParserTest" time="0.001"/>
  <testcase name="testJSDocAttachment17" classname="com.google.javascript.jscomp.parsing.ParserTest" time="0"/>
  <testcase name="testJSDocAttachment18" classname="com.google.javascript.jscomp.parsing.ParserTest" time="0"/>
  <testcase name="testJSDocAttachment19" classname="com.google.javascript.jscomp.parsing.ParserTest" time="0.001"/>
  <testcase name="testJSDocAttachment20" classname="com.google.javascript.jscomp.parsing.ParserTest" time="0"/>
  <testcase name="testJSDocAttachment21" classname="com.google.javascript.jscomp.parsing.ParserTest" time="0"/>
  <testcase name="testJSDocAttachment22" classname="com.google.javascript.jscomp.parsing.ParserTest" time="0.001"/>
  <testcase name="testForEach" classname="com.google.javascript.jscomp.parsing.ParserTest" time="0"/>
  <testcase name="testFor_ES5" classname="com.google.javascript.jscomp.parsing.ParserTest" time="0.001"/>
  <testcase name="testFor_ES6" classname="com.google.javascript.jscomp.parsing.ParserTest" time="0"/>
  <testcase name="testLinenoCharnoAdd" classname="com.google.javascript.jscomp.parsing.ParserTest" time="0"/>
  <testcase name="testLinenoCharnoAnd" classname="com.google.javascript.jscomp.parsing.ParserTest" time="0.001"/>
  <testcase name="testLinenoCharnoDiv" classname="com.google.javascript.jscomp.parsing.ParserTest" time="0"/>
  <testcase name="testLinenoCharnoMod" classname="com.google.javascript.jscomp.parsing.ParserTest" time="0"/>
  <testcase name="testLinenoCharnoMul" classname="com.google.javascript.jscomp.parsing.ParserTest" time="0"/>
  <testcase name="testLinenoCharnoSub" classname="com.google.javascript.jscomp.parsing.ParserTest" time="0.001"/>
  <testcase name="testKeywordsAsPropertiesInExterns1" classname="com.google.javascript.jscomp.parsing.ParserTest" time="0"/>
  <testcase name="testKeywordsAsPropertiesInExterns2" classname="com.google.javascript.jscomp.parsing.ParserTest" time="0"/>
  <testcase name="testCallExtraTrailingComma" classname="com.google.javascript.jscomp.parsing.ParserTest" time="0.001"/>
  <testcase name="testDuplicateLabelWithFor" classname="com.google.javascript.jscomp.parsing.ParserTest" time="0"/>
  <testcase name="testUnicodeEscapeInvalidIdentifierChar" classname="com.google.javascript.jscomp.parsing.ParserTest" time="0"/>
  <testcase name="testObjectDestructuringAssignRest" classname="com.google.javascript.jscomp.parsing.ParserTest" time="0"/>
  <testcase name="testCallTrailingCommaPreES8" classname="com.google.javascript.jscomp.parsing.ParserTest" time="0.001"/>
  <testcase name="testAwaitExpressionInvalid" classname="com.google.javascript.jscomp.parsing.ParserTest" time="0"/>
  <testcase name="testContinueToSwitchWithDefault" classname="com.google.javascript.jscomp.parsing.ParserTest" time="0"/>
  <testcase name="testUnnecessaryEscape" classname="com.google.javascript.jscomp.parsing.ParserTest" time="0.001"/>
  <testcase name="testSettersES3" classname="com.google.javascript.jscomp.parsing.ParserTest" time="0.001"/>
  <testcase name="testForConstNoInitializer" classname="com.google.javascript.jscomp.parsing.ParserTest" time="0"/>
  <testcase name="testObjectDestructuringAssign" classname="com.google.javascript.jscomp.parsing.ParserTest" time="0"/>
  <testcase name="testCatchClauseForbidden" classname="com.google.javascript.jscomp.parsing.ParserTest" time="0.001"/>
  <testcase name="testLinenoCharnoGetProp1" classname="com.google.javascript.jscomp.parsing.ParserTest" time="0"/>
  <testcase name="testLinenoCharnoGetProp2" classname="com.google.javascript.jscomp.parsing.ParserTest" time="0"/>
  <testcase name="testObjectDestructuringAssignWithInitializer" classname="com.google.javascript.jscomp.parsing.ParserTest" time="0.001"/>
  <testcase name="testLinenoCharnoGetelem1" classname="com.google.javascript.jscomp.parsing.ParserTest" time="0"/>
  <testcase name="testLinenoCharnoGetelem2" classname="com.google.javascript.jscomp.parsing.ParserTest" time="0"/>
  <testcase name="testLinenoCharnoGetelem3" classname="com.google.javascript.jscomp.parsing.ParserTest" time="0.001"/>
  <testcase name="testSettersForbidden" classname="com.google.javascript.jscomp.parsing.ParserTest" time="0"/>
  <testcase name="testVarSourceLocations" classname="com.google.javascript.jscomp.parsing.ParserTest" time="0"/>
  <testcase name="testInvalidOldStyleOctalLiterals" classname="com.google.javascript.jscomp.parsing.ParserTest" time="0"/>
  <testcase name="testForOfPatterns" classname="com.google.javascript.jscomp.parsing.ParserTest" time="0.001"/>
  <testcase name="testLetForbidden1" classname="com.google.javascript.jscomp.parsing.ParserTest" time="0.001"/>
  <testcase name="testLetForbidden2" classname="com.google.javascript.jscomp.parsing.ParserTest" time="0"/>
  <testcase name="testLetForbidden3" classname="com.google.javascript.jscomp.parsing.ParserTest" time="0.001"/>
  <testcase name="testRestParameters" classname="com.google.javascript.jscomp.parsing.ParserTest" time="0"/>
  <testcase name="testInlineJSDocAttachment1" classname="com.google.javascript.jscomp.parsing.ParserTest" time="0.001"/>
  <testcase name="testInlineJSDocAttachment2" classname="com.google.javascript.jscomp.parsing.ParserTest" time="0"/>
  <testcase name="testInlineJSDocAttachment3" classname="com.google.javascript.jscomp.parsing.ParserTest" time="0"/>
  <testcase name="testInlineJSDocAttachment4" classname="com.google.javascript.jscomp.parsing.ParserTest" time="0"/>
  <testcase name="testInlineJSDocAttachment5" classname="com.google.javascript.jscomp.parsing.ParserTest" time="0.001"/>
  <testcase name="testInlineJSDocAttachment6" classname="com.google.javascript.jscomp.parsing.ParserTest" time="0"/>
  <testcase name="testJSDocAttachment1" classname="com.google.javascript.jscomp.parsing.ParserTest" time="0"/>
  <testcase name="testJSDocAttachment2" classname="com.google.javascript.jscomp.parsing.ParserTest" time="0.001"/>
  <testcase name="testJSDocAttachment3" classname="com.google.javascript.jscomp.parsing.ParserTest" time="0"/>
  <testcase name="testJSDocAttachment4" classname="com.google.javascript.jscomp.parsing.ParserTest" time="0"/>
  <testcase name="testJSDocAttachment5" classname="com.google.javascript.jscomp.parsing.ParserTest" time="0.001"/>
  <testcase name="testJSDocAttachment6" classname="com.google.javascript.jscomp.parsing.ParserTest" time="0"/>
  <testcase name="testJSDocAttachment7" classname="com.google.javascript.jscomp.parsing.ParserTest" time="0"/>
  <testcase name="testJSDocAttachment8" classname="com.google.javascript.jscomp.parsing.ParserTest" time="0.001"/>
  <testcase name="testJSDocAttachment9" classname="com.google.javascript.jscomp.parsing.ParserTest" time="0"/>
  <testcase name="testExponentAssignmentOperator" classname="com.google.javascript.jscomp.parsing.ParserTest" time="0"/>
  <testcase name="testHtmlStartCommentAtStartOfLine" classname="com.google.javascript.jscomp.parsing.ParserTest" time="0.001"/>
  <testcase name="testLinenoCharnoAssign1" classname="com.google.javascript.jscomp.parsing.ParserTest" time="0"/>
  <testcase name="testLinenoCharnoAssign2" classname="com.google.javascript.jscomp.parsing.ParserTest" time="0"/>
  <testcase name="testBinaryLiterals" classname="com.google.javascript.jscomp.parsing.ParserTest" time="0"/>
  <testcase name="testContinueToSwitchWithNoCases" classname="com.google.javascript.jscomp.parsing.ParserTest" time="0.001"/>
  <testcase name="testClassReservedWordsAsMethodNames" classname="com.google.javascript.jscomp.parsing.ParserTest" time="0"/>
  <testcase name="testInvalidOctalLiterals" classname="com.google.javascript.jscomp.parsing.ParserTest" time="0"/>
  <testcase name="testArrayDestructuringVarInvalid" classname="com.google.javascript.jscomp.parsing.ParserTest" time="0.001"/>
  <testcase name="testUnterminatedStringLiteral" classname="com.google.javascript.jscomp.parsing.ParserTest" time="0"/>
  <testcase name="testArrayDestructuringVar" classname="com.google.javascript.jscomp.parsing.ParserTest" time="0"/>
  <testcase name="testArrayDestructuringInitializer" classname="com.google.javascript.jscomp.parsing.ParserTest" time="0.001"/>
  <testcase name="testLinenoCharnoBinaryAnd" classname="com.google.javascript.jscomp.parsing.ParserTest" time="0"/>
  <testcase name="testTrailingCommaWarning1" classname="com.google.javascript.jscomp.parsing.ParserTest" time="0"/>
  <testcase name="testTrailingCommaWarning2" classname="com.google.javascript.jscomp.parsing.ParserTest" time="0.001"/>
  <testcase name="testTrailingCommaWarning3" classname="com.google.javascript.jscomp.parsing.ParserTest" time="0"/>
  <testcase name="testTrailingCommaWarning4" classname="com.google.javascript.jscomp.parsing.ParserTest" time="0"/>
  <testcase name="testTrailingCommaWarning5" classname="com.google.javascript.jscomp.parsing.ParserTest" time="0.001"/>
  <testcase name="testTrailingCommaWarning6" classname="com.google.javascript.jscomp.parsing.ParserTest" time="0"/>
  <testcase name="testTrailingCommaWarning7" classname="com.google.javascript.jscomp.parsing.ParserTest" time="0"/>
  <testcase name="testContinueToSwitch" classname="com.google.javascript.jscomp.parsing.ParserTest" time="0"/>
  <testcase name="testOldStyleOctalLiterals" classname="com.google.javascript.jscomp.parsing.ParserTest" time="0.001"/>
  <testcase name="testContinueToLabelSwitch" classname="com.google.javascript.jscomp.parsing.ParserTest" time="0"/>
  <testcase name="testKeywordsAsProperties1" classname="com.google.javascript.jscomp.parsing.ParserTest" time="0.002"/>
  <testcase name="testKeywordsAsProperties2" classname="com.google.javascript.jscomp.parsing.ParserTest" time="0"/>
  <testcase name="testKeywordsAsProperties3" classname="com.google.javascript.jscomp.parsing.ParserTest" time="0.001"/>
  <testcase name="testLetAsIdentifier" classname="com.google.javascript.jscomp.parsing.ParserTest" time="0"/>
  <testcase name="testTemplateLiteralWithLineContinuation" classname="com.google.javascript.jscomp.parsing.ParserTest" time="0"/>
  <testcase name="testUnnamedFunctionStatement" classname="com.google.javascript.jscomp.parsing.ParserTest" time="0.001"/>
  <testcase name="testUnterminatedRegExp" classname="com.google.javascript.jscomp.parsing.ParserTest" time="0"/>
  <testcase name="testComprehensions" classname="com.google.javascript.jscomp.parsing.ParserTest" time="0.002"/>
  <testcase name="testDestructuringNoRHS" classname="com.google.javascript.jscomp.parsing.ParserTest" time="0.001"/>
  <testcase name="testFileOverviewJSDocDoesNotHoseParsing" classname="com.google.javascript.jscomp.parsing.ParserTest" time="0"/>
  <testcase name="testUnterminatedTemplateLiteral" classname="com.google.javascript.jscomp.parsing.ParserTest" time="0.001"/>
  <testcase name="testOldStyleOctalLiterals_strictMode" classname="com.google.javascript.jscomp.parsing.ParserTest" time="0"/>
  <testcase name="testMethodInObjectLiteral" classname="com.google.javascript.jscomp.parsing.ParserTest" time="0.001"/>
  <testcase name="testArrayDestructuringAssignRestInvalid" classname="com.google.javascript.jscomp.parsing.ParserTest" time="0"/>
  <testcase name="testNewTarget" classname="com.google.javascript.jscomp.parsing.ParserTest" time="0"/>
  <testcase name="testUnescapedSlashInRegexpCharClass" classname="com.google.javascript.jscomp.parsing.ParserTest" time="0.001"/>
  <testcase name="testParseSourceMapAbsoluteURL" classname="com.google.javascript.jscomp.parsing.ParserTest" time="0"/>
  <testcase name="testObjectDestructuringExtraParens" classname="com.google.javascript.jscomp.parsing.ParserTest" time="0"/>
  <testcase name="testContinue" classname="com.google.javascript.jscomp.parsing.ParserTest" time="0.001"/>
  <testcase name="testRestParameters_ES5" classname="com.google.javascript.jscomp.parsing.ParserTest" time="0"/>
  <testcase name="testAwaitExpression" classname="com.google.javascript.jscomp.parsing.ParserTest" time="0"/>
  <testcase name="testObjectDestructuringComplexTarget" classname="com.google.javascript.jscomp.parsing.ParserTest" time="0.001"/>
  <testcase name="testIncorrectJSDocDoesNotAlterJSParsing1" classname="com.google.javascript.jscomp.parsing.ParserTest" time="0"/>
  <testcase name="testIncorrectJSDocDoesNotAlterJSParsing2" classname="com.google.javascript.jscomp.parsing.ParserTest" time="0.001"/>
  <testcase name="testIncorrectJSDocDoesNotAlterJSParsing3" classname="com.google.javascript.jscomp.parsing.ParserTest" time="0"/>
  <testcase name="testIncorrectJSDocDoesNotAlterJSParsing4" classname="com.google.javascript.jscomp.parsing.ParserTest" time="0.001"/>
  <testcase name="testIncorrectJSDocDoesNotAlterJSParsing5" classname="com.google.javascript.jscomp.parsing.ParserTest" time="0"/>
  <testcase name="testIncorrectJSDocDoesNotAlterJSParsing6" classname="com.google.javascript.jscomp.parsing.ParserTest" time="0"/>
  <testcase name="testIncorrectJSDocDoesNotAlterJSParsing7" classname="com.google.javascript.jscomp.parsing.ParserTest" time="0.001"/>
  <testcase name="testIncorrectJSDocDoesNotAlterJSParsing8" classname="com.google.javascript.jscomp.parsing.ParserTest" time="0"/>
  <testcase name="testIncorrectJSDocDoesNotAlterJSParsing9" classname="com.google.javascript.jscomp.parsing.ParserTest" time="0.001"/>
  <testcase name="testES6RegExpFlags" classname="com.google.javascript.jscomp.parsing.ParserTest" time="0"/>
  <testcase name="testFunctionTrailingCommaPreES8" classname="com.google.javascript.jscomp.parsing.ParserTest" time="0.001"/>
  <testcase name="testFunctionExtraTrailingComma" classname="com.google.javascript.jscomp.parsing.ParserTest" time="0"/>
  <testcase name="testInvalidEscape" classname="com.google.javascript.jscomp.parsing.ParserTest" time="0"/>
  <testcase name="testContinueNotCrossFunction1" classname="com.google.javascript.jscomp.parsing.ParserTest" time="0"/>
  <testcase name="testContinueNotCrossFunction2" classname="com.google.javascript.jscomp.parsing.ParserTest" time="0.001"/>
  <testcase name="testComputedMethodClass" classname="com.google.javascript.jscomp.parsing.ParserTest" time="0.001"/>
  <testcase name="testClassKeywordsAsMethodNames" classname="com.google.javascript.jscomp.parsing.ParserTest" time="0"/>
  <testcase name="testLinenoCharnoForComparison" classname="com.google.javascript.jscomp.parsing.ParserTest" time="0"/>
  <testcase name="testDuplicateLabelWithoutBraces" classname="com.google.javascript.jscomp.parsing.ParserTest" time="0"/>
  <testcase name="testTypeScriptKeywords" classname="com.google.javascript.jscomp.parsing.ParserTest" time="0.001"/>
  <testcase name="testFileOverviewJSDoc1" classname="com.google.javascript.jscomp.parsing.ParserTest" time="0"/>
  <testcase name="testFileOverviewJSDoc2" classname="com.google.javascript.jscomp.parsing.ParserTest" time="0.001"/>
  <testcase name="testObjectDestructuringKeywordKeysInvalid" classname="com.google.javascript.jscomp.parsing.ParserTest" time="0"/>
  <testcase name="testLinenoCharnoArrayLiteral" classname="com.google.javascript.jscomp.parsing.ParserTest" time="0"/>
  <testcase name="testInvalidUnicodePointEscapeStringLiterals" classname="com.google.javascript.jscomp.parsing.ParserTest" time="0.001"/>
  <testcase name="testLookaheadGithubIssue699" classname="com.google.javascript.jscomp.parsing.ParserTest" time="0"/>
  <testcase name="testTemplateLiterals" classname="com.google.javascript.jscomp.parsing.ParserTest" time="0.001"/>
  <testcase name="testEndOfIdentifierInUnicodeEscape" classname="com.google.javascript.jscomp.parsing.ParserTest" time="0.001"/>
  <testcase name="testHtmlStartComment" classname="com.google.javascript.jscomp.parsing.ParserTest" time="0"/>
  <testcase name="testUnicodeEscapeInvalidIdentifierStart" classname="com.google.javascript.jscomp.parsing.ParserTest" time="0.001"/>
  <testcase name="testContinueOutsideSwitch" classname="com.google.javascript.jscomp.parsing.ParserTest" time="0"/>
  <testcase name="testNonDuplicateLabelSiblings" classname="com.google.javascript.jscomp.parsing.ParserTest" time="0"/>
  <testcase name="testUnfinishedComment" classname="com.google.javascript.jscomp.parsing.ParserTest" time="0.001"/>
  <testcase name="testUseTemplateLiteral" classname="com.google.javascript.jscomp.parsing.ParserTest" time="0"/>
  <testcase name="testAutomaticSemicolonInsertion" classname="com.google.javascript.jscomp.parsing.ParserTest" time="0.001"/>
  <testcase name="testInvalidDestructuring" classname="com.google.javascript.jscomp.parsing.ParserTest" time="0"/>
  <testcase name="testContinueToSwitchWithTwoCases" classname="com.google.javascript.jscomp.parsing.ParserTest" time="0"/>
  <testcase name="testConstForbidden" classname="com.google.javascript.jscomp.parsing.ParserTest" time="0.001"/>
  <testcase name="testMalformedRegexp" classname="com.google.javascript.jscomp.parsing.ParserTest" time="0"/>
  <testcase name="testDefaultParametersWithRestParameters" classname="com.google.javascript.jscomp.parsing.ParserTest" time="0.001"/>
  <testcase name="testExponentialLiterals" classname="com.google.javascript.jscomp.parsing.ParserTest" time="0"/>
  <testcase name="testExtendedObjectLiteral" classname="com.google.javascript.jscomp.parsing.ParserTest" time="0.001"/>
  <testcase name="testIssue1116" classname="com.google.javascript.jscomp.parsing.ParserTest" time="0"/>
  <testcase name="testTemplateLiteralWithNewline" classname="com.google.javascript.jscomp.parsing.ParserTest" time="0.001"/>
  <testcase name="testExponentOperator" classname="com.google.javascript.jscomp.parsing.ParserTest" time="0"/>
  <testcase name="testMisplacedDescAnnotation_noWarning" classname="com.google.javascript.jscomp.parsing.ParserTest" time="0.001"/>
  <testcase name="testCallTrailingComma" classname="com.google.javascript.jscomp.parsing.ParserTest" time="0"/>
  <testcase name="testGenerator" classname="com.google.javascript.jscomp.parsing.ParserTest" time="0.001"/>
  <testcase name="testDuplicatedParam" classname="com.google.javascript.jscomp.parsing.ParserTest" time="0"/>
  <testcase name="testGetPropFunctionName" classname="com.google.javascript.jscomp.parsing.ParserTest" time="0.001"/>
  <testcase name="testContinueInForOf" classname="com.google.javascript.jscomp.parsing.ParserTest" time="0"/>
  <testcase name="testNonDuplicateLabelCrossFunction" classname="com.google.javascript.jscomp.parsing.ParserTest" time="0"/>
  <testcase name="testAnonymousFunctionExpression" classname="com.google.javascript.jscomp.parsing.ParserTest" time="0"/>
  <testcase name="testLamestWarningEver" classname="com.google.javascript.jscomp.parsing.ParserTest" time="0.001"/>
  <testcase name="testForOfPatternsWithInitializer" classname="com.google.javascript.jscomp.parsing.ParserTest" time="0.001"/>
  <testcase name="testValidTypeAnnotation1" classname="com.google.javascript.jscomp.parsing.ParserTest" time="0.001"/>
  <testcase name="testValidTypeAnnotation2" classname="com.google.javascript.jscomp.parsing.ParserTest" time="0"/>
  <testcase name="testValidTypeAnnotation3" classname="com.google.javascript.jscomp.parsing.ParserTest" time="0.001"/>
  <testcase name="testValidTypeAnnotation4" classname="com.google.javascript.jscomp.parsing.ParserTest" time="0"/>
  <testcase name="testArrayDestructuringAssign" classname="com.google.javascript.jscomp.parsing.ParserTest" time="0"/>
  <testcase name="testGoogModule" classname="com.google.javascript.jscomp.parsing.ParserTest" time="0.001"/>
  <testcase name="testFunctionTrailingComma" classname="com.google.javascript.jscomp.parsing.ParserTest" time="0"/>
  <testcase name="testInvalidAsyncMethod" classname="com.google.javascript.jscomp.parsing.ParserTest" time="0.001"/>
  <testcase name="testArrow1" classname="com.google.javascript.jscomp.parsing.ParserTest" time="0"/>
  <testcase name="testAsyncFunction" classname="com.google.javascript.jscomp.parsing.ParserTest" time="0.001"/>
  <testcase name="testArrayDestructuringAssignRest" classname="com.google.javascript.jscomp.parsing.ParserTest" time="0.001"/>
  <testcase name="testClass1" classname="com.google.javascript.jscomp.parsing.ParserTest" time="0"/>
  <testcase name="testClass2" classname="com.google.javascript.jscomp.parsing.ParserTest" time="0"/>
  <testcase name="testClass3" classname="com.google.javascript.jscomp.parsing.ParserTest" time="0.001"/>
  <testcase name="testMixedDestructuringWithInitializer" classname="com.google.javascript.jscomp.parsing.ParserTest" time="0"/>
  <testcase name="testParsingAssociativity" classname="com.google.javascript.jscomp.parsing.ParserTest" time="0.001"/>
  <testcase name="testBreakInForOf" classname="com.google.javascript.jscomp.parsing.ParserTest" time="0"/>
  <testcase name="testInlineJSDocWithVarArgs" classname="com.google.javascript.jscomp.parsing.ParserTest" time="0.001"/>
  <testcase name="testUnaryExpression" classname="com.google.javascript.jscomp.parsing.ParserTest" time="0"/>
  <testcase name="testLabeledFunctionDeclaration" classname="com.google.javascript.jscomp.parsing.ParserTest" time="0.001"/>
  <testcase name="testBreakCrossFunction" classname="com.google.javascript.jscomp.parsing.ParserTest" time="0"/>
  <testcase name="testTemplateLiteralWithNulChar" classname="com.google.javascript.jscomp.parsing.ParserTest" time="0"/>
  <testcase name="testPostfixExpression" classname="com.google.javascript.jscomp.parsing.ParserTest" time="0.001"/>
  <testcase name="testUnicodePointEscapeInIdentifiers" classname="com.google.javascript.jscomp.parsing.ParserTest" time="0"/>
  <testcase name="testExport" classname="com.google.javascript.jscomp.parsing.ParserTest" time="0.001"/>
  <testcase name="testForOf1" classname="com.google.javascript.jscomp.parsing.ParserTest" time="0.001"/>
  <testcase name="testForOf2" classname="com.google.javascript.jscomp.parsing.ParserTest" time="0"/>
  <testcase name="testForOf3" classname="com.google.javascript.jscomp.parsing.ParserTest" time="0"/>
  <testcase name="testForOf4" classname="com.google.javascript.jscomp.parsing.ParserTest" time="0.001"/>
  <testcase name="testDuplicateLabelWithBraces" classname="com.google.javascript.jscomp.parsing.ParserTest" time="0"/>
  <testcase name="testGetter" classname="com.google.javascript.jscomp.parsing.ParserTest" time="0"/>
  <testcase name="testImport" classname="com.google.javascript.jscomp.parsing.ParserTest" time="0.001"/>
  <testcase name="testForIn_ES5" classname="com.google.javascript.jscomp.parsing.ParserTest" time="0.001"/>
  <testcase name="testForIn_ES6" classname="com.google.javascript.jscomp.parsing.ParserTest" time="0"/>
  <testcase name="testLabeledClassDeclaration" classname="com.google.javascript.jscomp.parsing.ParserTest" time="0.001"/>
  <testcase name="testLabel1" classname="com.google.javascript.jscomp.parsing.ParserTest" time="0"/>
  <testcase name="testLabel2" classname="com.google.javascript.jscomp.parsing.ParserTest" time="0"/>
  <testcase name="testLabel3" classname="com.google.javascript.jscomp.parsing.ParserTest" time="0"/>
  <testcase name="testGettersES3" classname="com.google.javascript.jscomp.parsing.ParserTest" time="0.001"/>
  <testcase name="testInvalidAwait" classname="com.google.javascript.jscomp.parsing.ParserTest" time="0"/>
  <testcase name="testAsyncArrowFunction" classname="com.google.javascript.jscomp.parsing.ParserTest" time="0.001"/>
  <testcase name="testForInDestructuringInvalid" classname="com.google.javascript.jscomp.parsing.ParserTest" time="0.001"/>
  <testcase name="testExpressionsThatLookLikeParameters1" classname="com.google.javascript.jscomp.parsing.ParserTest" time="0"/>
  <testcase name="testExpressionsThatLookLikeParameters2" classname="com.google.javascript.jscomp.parsing.ParserTest" time="0"/>
  <testcase name="testExpressionsThatLookLikeParameters3" classname="com.google.javascript.jscomp.parsing.ParserTest" time="0.001"/>
  <testcase name="testObjectDestructuringDeclarationRest" classname="com.google.javascript.jscomp.parsing.ParserTest" time="0"/>
  <testcase name="testHtmlEndComment" classname="com.google.javascript.jscomp.parsing.ParserTest" time="0"/>
  <testcase name="testLinenoCharnoObjectLiteral" classname="com.google.javascript.jscomp.parsing.ParserTest" time="0.001"/>
  <testcase name="testYieldForbidden" classname="com.google.javascript.jscomp.parsing.ParserTest" time="0"/>
  <testcase name="testShebang" classname="com.google.javascript.jscomp.parsing.ParserTest" time="0"/>
  <testcase name="testArrayDestructuringDeclarationRest" classname="com.google.javascript.jscomp.parsing.ParserTest" time="0.001"/>
  <testcase name="testRegExp" classname="com.google.javascript.jscomp.parsing.ParserTest" time="0"/>
  <testcase name="testReturn" classname="com.google.javascript.jscomp.parsing.ParserTest" time="0"/>
  <testcase name="testStringLineContinuation" classname="com.google.javascript.jscomp.parsing.ParserTest" time="0.001"/>
  <testcase name="testSetter" classname="com.google.javascript.jscomp.parsing.ParserTest" time="0"/>
  <testcase name="testSuspiciousBlockCommentWarning1" classname="com.google.javascript.jscomp.parsing.ParserTest" time="0"/>
  <testcase name="testSuspiciousBlockCommentWarning2" classname="com.google.javascript.jscomp.parsing.ParserTest" time="0.001"/>
  <testcase name="testSuspiciousBlockCommentWarning3" classname="com.google.javascript.jscomp.parsing.ParserTest" time="0"/>
  <testcase name="testSuspiciousBlockCommentWarning4" classname="com.google.javascript.jscomp.parsing.ParserTest" time="0"/>
  <testcase name="testSuspiciousBlockCommentWarning5" classname="com.google.javascript.jscomp.parsing.ParserTest" time="0"/>
  <testcase name="testSuspiciousBlockCommentWarning6" classname="com.google.javascript.jscomp.parsing.ParserTest" time="0.001"/>
  <testcase name="testSuspiciousBlockCommentWarning7" classname="com.google.javascript.jscomp.parsing.ParserTest" time="0"/>
  <testcase name="testSuspiciousBlockCommentWarning8" classname="com.google.javascript.jscomp.parsing.ParserTest" time="0"/>
  <testcase name="testSuper1" classname="com.google.javascript.jscomp.parsing.ParserTest" time="0"/>
  <testcase name="testObjectDestructuringWithInitializerInvalid" classname="com.google.javascript.jscomp.parsing.ParserTest" time="0.001"/>
  <testcase name="testArrayDestructuringFnDeclaration" classname="com.google.javascript.jscomp.parsing.ParserTest" time="0"/>
  <testcase name="testArrayDestructuringFnDeclarationInvalid" classname="com.google.javascript.jscomp.parsing.ParserTest" time="0.001"/>
  <testcase name="testComputedPropertiesObjLit" classname="com.google.javascript.jscomp.parsing.ParserTest" time="0.001"/>
  <testcase name="testBracelessFunctionForbidden" classname="com.google.javascript.jscomp.parsing.ParserTest" time="0"/>
  <testcase name="testObjectDestructuringVarInvalid" classname="com.google.javascript.jscomp.parsing.ParserTest" time="0"/>
  <testcase name="testGeneratorsForbidden" classname="com.google.javascript.jscomp.parsing.ParserTest" time="0"/>
  <testcase name="testSourceLocationsNonAscii" classname="com.google.javascript.jscomp.parsing.ParserTest" time="0.001"/>
  <testcase name="testNestedWhile" classname="com.google.javascript.jscomp.parsing.ParserTest" time="0"/>
  <testcase name="testObjectDestructuringKeywordKeys" classname="com.google.javascript.jscomp.parsing.ParserTest" time="0"/>
  <testcase name="testYield1" classname="com.google.javascript.jscomp.parsing.ParserTest" time="0"/>
  <testcase name="testYield2" classname="com.google.javascript.jscomp.parsing.ParserTest" time="0.001"/>
  <testcase name="testYield3" classname="com.google.javascript.jscomp.parsing.ParserTest" time="0"/>
  <testcase name="testIdeModePartialTree" classname="com.google.javascript.jscomp.parsing.ParserTest" time="0.001"/>
  <testcase name="testDestructuredRestParameters" classname="com.google.javascript.jscomp.parsing.ParserTest" time="0"/>
  <testcase name="testHtmlEndCommentAtStartOfLine" classname="com.google.javascript.jscomp.parsing.ParserTest" time="0"/>
  <testcase name="testObjectNumberKeysSpecial" classname="com.google.javascript.jscomp.parsing.ParserTest" time="0.001"/>
  <testcase name="testParseBlockDescription" classname="com.google.javascript.jscomp.parsing.ParserTest" time="0"/>
  <testcase name="testObjectDestructuringComputedProp" classname="com.google.javascript.jscomp.parsing.ParserTest" time="0.001"/>
  <testcase name="testInvalidAsyncFunction" classname="com.google.javascript.jscomp.parsing.ParserTest" time="0"/>
  <testcase name="testLinenoCharnoGe" classname="com.google.javascript.jscomp.parsing.ParserTest" time="0"/>
  <testcase name="testLinenoCharnoGt" classname="com.google.javascript.jscomp.parsing.ParserTest" time="0"/>
  <testcase name="testLinenoCharnoLe" classname="com.google.javascript.jscomp.parsing.ParserTest" time="0"/>
  <testcase name="testLinenoCharnoLt" classname="com.google.javascript.jscomp.parsing.ParserTest" time="0.001"/>
  <testcase name="testLinenoCharnoOr" classname="com.google.javascript.jscomp.parsing.ParserTest" time="0"/>
  <testcase name="testObjectDestructuringFnDeclarationInvalid" classname="com.google.javascript.jscomp.parsing.ParserTest" time="0"/>
  <testcase name="testFunction" classname="com.google.javascript.jscomp.parsing.ParserTest" time="0"/>
  <testcase name="testSettersForbidden2" classname="com.google.javascript.jscomp.parsing.ParserTest" time="0"/>
</testsuite>