<?xml version="1.0" encoding="UTF-8"?>
<testsuite xmlns:xsi="http://www.w3.org/2001/XMLSchema-instance" xsi:schemaLocation="https://maven.apache.org/surefire/maven-surefire-plugin/xsd/surefire-test-report.xsd" name="com.google.javascript.jscomp.CrossModuleCodeMotionTest" time="0.097" tests="84" errors="0" skipped="0" failures="0">
  <properties>
    <property name="java.runtime.name" value="OpenJDK Runtime Environment"/>
    <property name="sun.boot.library.path" value="/usr/lib/jvm/java-8-openjdk-amd64/jre/lib/amd64"/>
    <property name="java.vm.version" value="25.151-b12"/>
    <property name="java.vm.vendor" value="Oracle Corporation"/>
    <property name="maven.multiModuleProjectDirectory" value="/home/wju/test-proj/closure-compiler"/>
    <property name="java.vendor.url" value="http://java.oracle.com/"/>
    <property name="path.separator" value=":"/>
    <property name="guice.disable.misplaced.annotation.check" value="true"/>
    <property name="java.vm.name" value="OpenJDK 64-Bit Server VM"/>
    <property name="file.encoding.pkg" value="sun.io"/>
    <property name="user.country" value="US"/>
    <property name="sun.java.launcher" value="SUN_STANDARD"/>
    <property name="sun.os.patch.level" value="unknown"/>
    <property name="java.vm.specification.name" value="Java Virtual Machine Specification"/>
    <property name="user.dir" value="/home/wju/test-proj/closure-compiler"/>
    <property name="java.runtime.version" value="1.8.0_151-8u151-b12-0ubuntu0.16.04.2-b12"/>
    <property name="java.awt.graphicsenv" value="sun.awt.X11GraphicsEnvironment"/>
    <property name="java.endorsed.dirs" value="/usr/lib/jvm/java-8-openjdk-amd64/jre/lib/endorsed"/>
    <property name="os.arch" value="amd64"/>
    <property name="java.io.tmpdir" value="/tmp"/>
    <property name="line.separator" value="&#10;"/>
    <property name="java.vm.specification.vendor" value="Oracle Corporation"/>
    <property name="os.name" value="Linux"/>
    <property name="net.sourceforge.cobertura.datafile" value="/home/wju/test-proj/closure-compiler/target/cobertura/cobertura.ser"/>
    <property name="classworlds.conf" value="/usr/share/maven/bin/m2.conf"/>
    <property name="sun.jnu.encoding" value="UTF-8"/>
    <property name="java.library.path" value="/usr/java/packages/lib/amd64:/usr/lib/x86_64-linux-gnu/jni:/lib/x86_64-linux-gnu:/usr/lib/x86_64-linux-gnu:/usr/lib/jni:/lib:/usr/lib"/>
    <property name="java.specification.name" value="Java Platform API Specification"/>
    <property name="java.class.version" value="52.0"/>
    <property name="sun.management.compiler" value="HotSpot 64-Bit Tiered Compilers"/>
    <property name="os.version" value="4.4.0-109-generic"/>
    <property name="user.home" value="/home/wju"/>
    <property name="user.timezone" value="America/Los_Angeles"/>
    <property name="java.awt.printerjob" value="sun.print.PSPrinterJob"/>
    <property name="java.specification.version" value="1.8"/>
    <property name="file.encoding" value="UTF-8"/>
    <property name="user.name" value="wju"/>
    <property name="java.class.path" value="/usr/share/maven/boot/plexus-classworlds-2.x.jar"/>
    <property name="java.vm.specification.version" value="1.8"/>
    <property name="sun.arch.data.model" value="64"/>
    <property name="java.home" value="/usr/lib/jvm/java-8-openjdk-amd64/jre"/>
    <property name="sun.java.command" value="org.codehaus.plexus.classworlds.launcher.Launcher cobertura:cobertura"/>
    <property name="java.specification.vendor" value="Oracle Corporation"/>
    <property name="user.language" value="en"/>
    <property name="awt.toolkit" value="sun.awt.X11.XToolkit"/>
    <property name="java.vm.info" value="mixed mode"/>
    <property name="java.version" value="1.8.0_151"/>
    <property name="java.ext.dirs" value="/usr/lib/jvm/java-8-openjdk-amd64/jre/lib/ext:/usr/java/packages/lib/ext"/>
    <property name="securerandom.source" value="file:/dev/./urandom"/>
    <property name="sun.boot.class.path" value="/usr/lib/jvm/java-8-openjdk-amd64/jre/lib/resources.jar:/usr/lib/jvm/java-8-openjdk-amd64/jre/lib/rt.jar:/usr/lib/jvm/java-8-openjdk-amd64/jre/lib/sunrsasign.jar:/usr/lib/jvm/java-8-openjdk-amd64/jre/lib/jsse.jar:/usr/lib/jvm/java-8-openjdk-amd64/jre/lib/jce.jar:/usr/lib/jvm/java-8-openjdk-amd64/jre/lib/charsets.jar:/usr/lib/jvm/java-8-openjdk-amd64/jre/lib/jfr.jar:/usr/lib/jvm/java-8-openjdk-amd64/jre/classes"/>
    <property name="java.vendor" value="Oracle Corporation"/>
    <property name="maven.home" value="/usr/share/maven"/>
    <property name="file.separator" value="/"/>
    <property name="java.vendor.url.bug" value="http://bugreport.sun.com/bugreport/"/>
    <property name="sun.cpu.endian" value="little"/>
    <property name="sun.io.unicode.encoding" value="UnicodeLittle"/>
    <property name="project.build.outputDirectory" value="/home/wju/test-proj/closure-compiler/target/generated-classes/cobertura"/>
    <property name="sun.cpu.isalist" value=""/>
  </properties>
  <testcase name="testMovableUseBeforeDeclaration" classname="com.google.javascript.jscomp.CrossModuleCodeMotionTest" time="0.001"/>
  <testcase name="testEs6ClassMovement1" classname="com.google.javascript.jscomp.CrossModuleCodeMotionTest" time="0.002"/>
  <testcase name="testEs6ClassMovement2" classname="com.google.javascript.jscomp.CrossModuleCodeMotionTest" time="0.002"/>
  <testcase name="testEs6ClassMovement6" classname="com.google.javascript.jscomp.CrossModuleCodeMotionTest" time="0.001"/>
  <testcase name="testEs6ClassMovement7" classname="com.google.javascript.jscomp.CrossModuleCodeMotionTest" time="0.001"/>
  <testcase name="testOutOfOrderWithDifferentReferrers" classname="com.google.javascript.jscomp.CrossModuleCodeMotionTest" time="0.001"/>
  <testcase name="testEs6ClassMovement_instanceof" classname="com.google.javascript.jscomp.CrossModuleCodeMotionTest" time="0.001"/>
  <testcase name="testSmallestCoveringDependencyDoesNotDependOnDeclarationModule" classname="com.google.javascript.jscomp.CrossModuleCodeMotionTest" time="0.001"/>
  <testcase name="testNoClassMovement2" classname="com.google.javascript.jscomp.CrossModuleCodeMotionTest" time="0.002"/>
  <testcase name="testLetMovement6" classname="com.google.javascript.jscomp.CrossModuleCodeMotionTest" time="0.001"/>
  <testcase name="testDefaultParamValuesAreReferences" classname="com.google.javascript.jscomp.CrossModuleCodeMotionTest" time="0.002"/>
  <testcase name="testFunctionNonMovement1" classname="com.google.javascript.jscomp.CrossModuleCodeMotionTest" time="0.001"/>
  <testcase name="testFunctionNonMovement2" classname="com.google.javascript.jscomp.CrossModuleCodeMotionTest" time="0.001"/>
  <testcase name="testClassMovement_instanceof2" classname="com.google.javascript.jscomp.CrossModuleCodeMotionTest" time="0.001"/>
  <testcase name="testClassMovement_instanceof3" classname="com.google.javascript.jscomp.CrossModuleCodeMotionTest" time="0.001"/>
  <testcase name="testComputedProperties" classname="com.google.javascript.jscomp.CrossModuleCodeMotionTest" time="0.006"/>
  <testcase name="testVarMovement1" classname="com.google.javascript.jscomp.CrossModuleCodeMotionTest" time="0.001"/>
  <testcase name="testVarMovement2" classname="com.google.javascript.jscomp.CrossModuleCodeMotionTest" time="0.001"/>
  <testcase name="testVarMovement3" classname="com.google.javascript.jscomp.CrossModuleCodeMotionTest" time="0.001"/>
  <testcase name="testVarMovement4" classname="com.google.javascript.jscomp.CrossModuleCodeMotionTest" time="0.001"/>
  <testcase name="testVarMovement5" classname="com.google.javascript.jscomp.CrossModuleCodeMotionTest" time="0"/>
  <testcase name="testVarMovement6" classname="com.google.javascript.jscomp.CrossModuleCodeMotionTest" time="0"/>
  <testcase name="testVarMovement7" classname="com.google.javascript.jscomp.CrossModuleCodeMotionTest" time="0.001"/>
  <testcase name="testVarMovement8" classname="com.google.javascript.jscomp.CrossModuleCodeMotionTest" time="0.001"/>
  <testcase name="testVarMovement9" classname="com.google.javascript.jscomp.CrossModuleCodeMotionTest" time="0.001"/>
  <testcase name="testOutOfOrderWithInterveningReferrer" classname="com.google.javascript.jscomp.CrossModuleCodeMotionTest" time="0.001"/>
  <testcase name="testOutOfOrderAfterSplitDeclaration" classname="com.google.javascript.jscomp.CrossModuleCodeMotionTest" time="0.001"/>
  <testcase name="testStubMethodMovement" classname="com.google.javascript.jscomp.CrossModuleCodeMotionTest" time="0.001"/>
  <testcase name="testNoMoveSideEffectProperty" classname="com.google.javascript.jscomp.CrossModuleCodeMotionTest" time="0.001"/>
  <testcase name="testLiteralMovement1" classname="com.google.javascript.jscomp.CrossModuleCodeMotionTest" time="0.001"/>
  <testcase name="testLiteralMovement2" classname="com.google.javascript.jscomp.CrossModuleCodeMotionTest" time="0.001"/>
  <testcase name="testLiteralMovement3" classname="com.google.javascript.jscomp.CrossModuleCodeMotionTest" time="0.001"/>
  <testcase name="testLiteralMovement4" classname="com.google.javascript.jscomp.CrossModuleCodeMotionTest" time="0"/>
  <testcase name="testStringTemplateLiteralMovement1" classname="com.google.javascript.jscomp.CrossModuleCodeMotionTest" time="0.001"/>
  <testcase name="testStringTemplateLiteralMovement2" classname="com.google.javascript.jscomp.CrossModuleCodeMotionTest" time="0.001"/>
  <testcase name="testSplitDeclaration" classname="com.google.javascript.jscomp.CrossModuleCodeMotionTest" time="0.001"/>
  <testcase name="testClassMovement1" classname="com.google.javascript.jscomp.CrossModuleCodeMotionTest" time="0.001"/>
  <testcase name="testClassMovement2" classname="com.google.javascript.jscomp.CrossModuleCodeMotionTest" time="0.001"/>
  <testcase name="testClassMovement3" classname="com.google.javascript.jscomp.CrossModuleCodeMotionTest" time="0.002"/>
  <testcase name="testClassMovement4" classname="com.google.javascript.jscomp.CrossModuleCodeMotionTest" time="0.001"/>
  <testcase name="testClassMovement5" classname="com.google.javascript.jscomp.CrossModuleCodeMotionTest" time="0.001"/>
  <testcase name="testClassMovement6" classname="com.google.javascript.jscomp.CrossModuleCodeMotionTest" time="0.001"/>
  <testcase name="testClassMovement7" classname="com.google.javascript.jscomp.CrossModuleCodeMotionTest" time="0.001"/>
  <testcase name="testAssignMovement" classname="com.google.javascript.jscomp.CrossModuleCodeMotionTest" time="0.001"/>
  <testcase name="testMovedInstanceofIsHandledCorrectly" classname="com.google.javascript.jscomp.CrossModuleCodeMotionTest" time="0.003"/>
  <testcase name="testBug4118005" classname="com.google.javascript.jscomp.CrossModuleCodeMotionTest" time="0.001"/>
  <testcase name="testImmovableUseBeforeDeclaration" classname="com.google.javascript.jscomp.CrossModuleCodeMotionTest" time="0.001"/>
  <testcase name="testEarlyReferencesPinLateDeclarations" classname="com.google.javascript.jscomp.CrossModuleCodeMotionTest" time="0.001"/>
  <testcase name="testConstMovement9" classname="com.google.javascript.jscomp.CrossModuleCodeMotionTest" time="0.002"/>
  <testcase name="testEmptyModule" classname="com.google.javascript.jscomp.CrossModuleCodeMotionTest" time="0.001"/>
  <testcase name="testClassMovement_instanceof_noRewriteRequired2" classname="com.google.javascript.jscomp.CrossModuleCodeMotionTest" time="0.001"/>
  <testcase name="testDestructuringDeclarationsNotMovable" classname="com.google.javascript.jscomp.CrossModuleCodeMotionTest" time="0.001"/>
  <testcase name="testClinit1" classname="com.google.javascript.jscomp.CrossModuleCodeMotionTest" time="0.001"/>
  <testcase name="testClinit2" classname="com.google.javascript.jscomp.CrossModuleCodeMotionTest" time="0.001"/>
  <testcase name="testFunctionMovement1" classname="com.google.javascript.jscomp.CrossModuleCodeMotionTest" time="0.001"/>
  <testcase name="testFunctionMovement2" classname="com.google.javascript.jscomp.CrossModuleCodeMotionTest" time="0.001"/>
  <testcase name="testFunctionMovement3" classname="com.google.javascript.jscomp.CrossModuleCodeMotionTest" time="0.001"/>
  <testcase name="testFunctionMovement4" classname="com.google.javascript.jscomp.CrossModuleCodeMotionTest" time="0.001"/>
  <testcase name="testFunctionMovement5" classname="com.google.javascript.jscomp.CrossModuleCodeMotionTest" time="0.001"/>
  <testcase name="testFunctionMovement6" classname="com.google.javascript.jscomp.CrossModuleCodeMotionTest" time="0.001"/>
  <testcase name="testFunctionMovement7" classname="com.google.javascript.jscomp.CrossModuleCodeMotionTest" time="0.001"/>
  <testcase name="testFunctionMovement8" classname="com.google.javascript.jscomp.CrossModuleCodeMotionTest" time="0.001"/>
  <testcase name="testClassMovement_instanceofTurnedOff" classname="com.google.javascript.jscomp.CrossModuleCodeMotionTest" time="0.001"/>
  <testcase name="testAbstractMethod" classname="com.google.javascript.jscomp.CrossModuleCodeMotionTest" time="0.001"/>
  <testcase name="testClassMovement_instanceof_noRewriteRequired" classname="com.google.javascript.jscomp.CrossModuleCodeMotionTest" time="0.001"/>
  <testcase name="testFunctionMovement5b" classname="com.google.javascript.jscomp.CrossModuleCodeMotionTest" time="0.001"/>
  <testcase name="testFunctionMovement5c" classname="com.google.javascript.jscomp.CrossModuleCodeMotionTest" time="0.001"/>
  <testcase name="testClassMovement_alreadyGuardedInstanceof" classname="com.google.javascript.jscomp.CrossModuleCodeMotionTest" time="0.001"/>
  <testcase name="testValueNotWellDefined" classname="com.google.javascript.jscomp.CrossModuleCodeMotionTest" time="0.001"/>
  <testcase name="testClone1" classname="com.google.javascript.jscomp.CrossModuleCodeMotionTest" time="0.001"/>
  <testcase name="testClone2" classname="com.google.javascript.jscomp.CrossModuleCodeMotionTest" time="0.001"/>
  <testcase name="testEs6ClassMovement_instanceofTurnedOff" classname="com.google.javascript.jscomp.CrossModuleCodeMotionTest" time="0.001"/>
  <testcase name="testCircularWithDifferentReferrers" classname="com.google.javascript.jscomp.CrossModuleCodeMotionTest" time="0.001"/>
  <testcase name="testSpreadCountsAsAReference" classname="com.google.javascript.jscomp.CrossModuleCodeMotionTest" time="0.001"/>
  <testcase name="testLetConstMovement2" classname="com.google.javascript.jscomp.CrossModuleCodeMotionTest" time="0.001"/>
  <testcase name="testLetConstMovement3" classname="com.google.javascript.jscomp.CrossModuleCodeMotionTest" time="0.001"/>
  <testcase name="testLetConstMovement4" classname="com.google.javascript.jscomp.CrossModuleCodeMotionTest" time="0.001"/>
  <testcase name="testLetConstMovement5" classname="com.google.javascript.jscomp.CrossModuleCodeMotionTest" time="0"/>
  <testcase name="testLetConstMovement8" classname="com.google.javascript.jscomp.CrossModuleCodeMotionTest" time="0.001"/>
  <testcase name="testLetConstMovement" classname="com.google.javascript.jscomp.CrossModuleCodeMotionTest" time="0.001"/>
  <testcase name="testDestructuringAssignmentsAreReferences" classname="com.google.javascript.jscomp.CrossModuleCodeMotionTest" time="0.003"/>
  <testcase name="testEs6ClassMovement_instanceof2" classname="com.google.javascript.jscomp.CrossModuleCodeMotionTest" time="0.001"/>
  <testcase name="testClassMovement_instanceof" classname="com.google.javascript.jscomp.CrossModuleCodeMotionTest" time="0.001"/>
  <testcase name="testObjectLiteralMethods" classname="com.google.javascript.jscomp.CrossModuleCodeMotionTest" time="0.002"/>
</testsuite>