<?xml version="1.0" encoding="UTF-8"?>
<testsuite xmlns:xsi="http://www.w3.org/2001/XMLSchema-instance" xsi:schemaLocation="https://maven.apache.org/surefire/maven-surefire-plugin/xsd/surefire-test-report.xsd" name="com.google.javascript.jscomp.StripCodeTest" time="0.073" tests="74" errors="0" skipped="0" failures="0">
  <properties>
    <property name="java.runtime.name" value="OpenJDK Runtime Environment"/>
    <property name="sun.boot.library.path" value="/usr/lib/jvm/java-8-openjdk-amd64/jre/lib/amd64"/>
    <property name="java.vm.version" value="25.151-b12"/>
    <property name="java.vm.vendor" value="Oracle Corporation"/>
    <property name="maven.multiModuleProjectDirectory" value="/home/wju/test-proj/closure-compiler"/>
    <property name="java.vendor.url" value="http://java.oracle.com/"/>
    <property name="path.separator" value=":"/>
    <property name="guice.disable.misplaced.annotation.check" value="true"/>
    <property name="java.vm.name" value="OpenJDK 64-Bit Server VM"/>
    <property name="file.encoding.pkg" value="sun.io"/>
    <property name="user.country" value="US"/>
    <property name="sun.java.launcher" value="SUN_STANDARD"/>
    <property name="sun.os.patch.level" value="unknown"/>
    <property name="java.vm.specification.name" value="Java Virtual Machine Specification"/>
    <property name="user.dir" value="/home/wju/test-proj/closure-compiler"/>
    <property name="java.runtime.version" value="1.8.0_151-8u151-b12-0ubuntu0.16.04.2-b12"/>
    <property name="java.awt.graphicsenv" value="sun.awt.X11GraphicsEnvironment"/>
    <property name="java.endorsed.dirs" value="/usr/lib/jvm/java-8-openjdk-amd64/jre/lib/endorsed"/>
    <property name="os.arch" value="amd64"/>
    <property name="java.io.tmpdir" value="/tmp"/>
    <property name="line.separator" value="&#10;"/>
    <property name="java.vm.specification.vendor" value="Oracle Corporation"/>
    <property name="os.name" value="Linux"/>
    <property name="net.sourceforge.cobertura.datafile" value="/home/wju/test-proj/closure-compiler/target/cobertura/cobertura.ser"/>
    <property name="classworlds.conf" value="/usr/share/maven/bin/m2.conf"/>
    <property name="sun.jnu.encoding" value="UTF-8"/>
    <property name="java.library.path" value="/usr/java/packages/lib/amd64:/usr/lib/x86_64-linux-gnu/jni:/lib/x86_64-linux-gnu:/usr/lib/x86_64-linux-gnu:/usr/lib/jni:/lib:/usr/lib"/>
    <property name="java.specification.name" value="Java Platform API Specification"/>
    <property name="java.class.version" value="52.0"/>
    <property name="sun.management.compiler" value="HotSpot 64-Bit Tiered Compilers"/>
    <property name="os.version" value="4.4.0-109-generic"/>
    <property name="user.home" value="/home/wju"/>
    <property name="user.timezone" value="America/Los_Angeles"/>
    <property name="java.awt.printerjob" value="sun.print.PSPrinterJob"/>
    <property name="java.specification.version" value="1.8"/>
    <property name="file.encoding" value="UTF-8"/>
    <property name="user.name" value="wju"/>
    <property name="java.class.path" value="/usr/share/maven/boot/plexus-classworlds-2.x.jar"/>
    <property name="java.vm.specification.version" value="1.8"/>
    <property name="sun.arch.data.model" value="64"/>
    <property name="java.home" value="/usr/lib/jvm/java-8-openjdk-amd64/jre"/>
    <property name="sun.java.command" value="org.codehaus.plexus.classworlds.launcher.Launcher cobertura:cobertura"/>
    <property name="java.specification.vendor" value="Oracle Corporation"/>
    <property name="user.language" value="en"/>
    <property name="awt.toolkit" value="sun.awt.X11.XToolkit"/>
    <property name="java.vm.info" value="mixed mode"/>
    <property name="java.version" value="1.8.0_151"/>
    <property name="java.ext.dirs" value="/usr/lib/jvm/java-8-openjdk-amd64/jre/lib/ext:/usr/java/packages/lib/ext"/>
    <property name="securerandom.source" value="file:/dev/./urandom"/>
    <property name="sun.boot.class.path" value="/usr/lib/jvm/java-8-openjdk-amd64/jre/lib/resources.jar:/usr/lib/jvm/java-8-openjdk-amd64/jre/lib/rt.jar:/usr/lib/jvm/java-8-openjdk-amd64/jre/lib/sunrsasign.jar:/usr/lib/jvm/java-8-openjdk-amd64/jre/lib/jsse.jar:/usr/lib/jvm/java-8-openjdk-amd64/jre/lib/jce.jar:/usr/lib/jvm/java-8-openjdk-amd64/jre/lib/charsets.jar:/usr/lib/jvm/java-8-openjdk-amd64/jre/lib/jfr.jar:/usr/lib/jvm/java-8-openjdk-amd64/jre/classes"/>
    <property name="java.vendor" value="Oracle Corporation"/>
    <property name="maven.home" value="/usr/share/maven"/>
    <property name="file.separator" value="/"/>
    <property name="java.vendor.url.bug" value="http://bugreport.sun.com/bugreport/"/>
    <property name="sun.cpu.endian" value="little"/>
    <property name="sun.io.unicode.encoding" value="UnicodeLittle"/>
    <property name="project.build.outputDirectory" value="/home/wju/test-proj/closure-compiler/target/generated-classes/cobertura"/>
    <property name="sun.cpu.isalist" value=""/>
  </properties>
  <testcase name="testPropertyWithEmptyStringKey" classname="com.google.javascript.jscomp.StripCodeTest" time="0.003"/>
  <testcase name="testLoggerDefinedStatically" classname="com.google.javascript.jscomp.StripCodeTest" time="0.001"/>
  <testcase name="testLoggerDefinedInConstructor" classname="com.google.javascript.jscomp.StripCodeTest" time="0.001"/>
  <testcase name="testSubPropertyAccessByVariableName_let" classname="com.google.javascript.jscomp.StripCodeTest" time="0.001"/>
  <testcase name="testSubPropertyAccessByVariableName_var" classname="com.google.javascript.jscomp.StripCodeTest" time="0.001"/>
  <testcase name="testNamePrefix" classname="com.google.javascript.jscomp.StripCodeTest" time="0.001"/>
  <testcase name="testLoggerClassDefinition" classname="com.google.javascript.jscomp.StripCodeTest" time="0"/>
  <testcase name="testLoggerLetDeclaration" classname="com.google.javascript.jscomp.StripCodeTest" time="0.001"/>
  <testcase name="testLoggerDefinedInConstructorEs6" classname="com.google.javascript.jscomp.StripCodeTest" time="0.001"/>
  <testcase name="testStripVarsInitializedFromStrippedNames1" classname="com.google.javascript.jscomp.StripCodeTest" time="0.001"/>
  <testcase name="testStripVarsInitializedFromStrippedNames2" classname="com.google.javascript.jscomp.StripCodeTest" time="0.001"/>
  <testcase name="testLoggerVarDeclaration" classname="com.google.javascript.jscomp.StripCodeTest" time="0.001"/>
  <testcase name="testPrototypeMethodDefinition" classname="com.google.javascript.jscomp.StripCodeTest" time="0.001"/>
  <testcase name="testNewOperator1" classname="com.google.javascript.jscomp.StripCodeTest" time="0"/>
  <testcase name="testNewOperator2" classname="com.google.javascript.jscomp.StripCodeTest" time="0.001"/>
  <testcase name="testNewOperator3" classname="com.google.javascript.jscomp.StripCodeTest" time="0.001"/>
  <testcase name="testPrefixedClassName" classname="com.google.javascript.jscomp.StripCodeTest" time="0.001"/>
  <testcase name="testRemoveExpressionByName" classname="com.google.javascript.jscomp.StripCodeTest" time="0.001"/>
  <testcase name="testStaticLoggerMethodDefinition" classname="com.google.javascript.jscomp.StripCodeTest" time="0"/>
  <testcase name="testClassDefiningCallWithStripType1" classname="com.google.javascript.jscomp.StripCodeTest" time="0.001"/>
  <testcase name="testClassDefiningCallWithStripType2" classname="com.google.javascript.jscomp.StripCodeTest" time="0.001"/>
  <testcase name="testClassDefiningCallWithStripType3" classname="com.google.javascript.jscomp.StripCodeTest" time="0"/>
  <testcase name="testClassDefiningCallWithStripType4" classname="com.google.javascript.jscomp.StripCodeTest" time="0.001"/>
  <testcase name="testClassDefiningCallWithStripType5" classname="com.google.javascript.jscomp.StripCodeTest" time="0.001"/>
  <testcase name="testClassDefiningCallWithStripType6" classname="com.google.javascript.jscomp.StripCodeTest" time="0.009"/>
  <testcase name="testMethodCallTriggersRemoval" classname="com.google.javascript.jscomp.StripCodeTest" time="0.001"/>
  <testcase name="testPublicPropertyAssignment" classname="com.google.javascript.jscomp.StripCodeTest" time="0.002"/>
  <testcase name="testNamespace1" classname="com.google.javascript.jscomp.StripCodeTest" time="0.001"/>
  <testcase name="testLoggerMethodCallByVariableType_let" classname="com.google.javascript.jscomp.StripCodeTest" time="0.001"/>
  <testcase name="testLoggerMethodCallByVariableType_var" classname="com.google.javascript.jscomp.StripCodeTest" time="0"/>
  <testcase name="testVarinIf" classname="com.google.javascript.jscomp.StripCodeTest" time="0.001"/>
  <testcase name="testLoggerDefinedInPrototype1" classname="com.google.javascript.jscomp.StripCodeTest" time="0.001"/>
  <testcase name="testLoggerDefinedInPrototype2" classname="com.google.javascript.jscomp.StripCodeTest" time="0.001"/>
  <testcase name="testLoggerDefinedInPrototype3" classname="com.google.javascript.jscomp.StripCodeTest" time="0.001"/>
  <testcase name="testLoggerDefinedInPrototype4" classname="com.google.javascript.jscomp.StripCodeTest" time="0.001"/>
  <testcase name="testLoggerDefinedInPrototype5" classname="com.google.javascript.jscomp.StripCodeTest" time="0.001"/>
  <testcase name="testLoggerDefinedInPrototype6" classname="com.google.javascript.jscomp.StripCodeTest" time="0.001"/>
  <testcase name="testLoggerDefinedInPrototype7" classname="com.google.javascript.jscomp.StripCodeTest" time="0.001"/>
  <testcase name="testPrototypeFieldDefinitionWithoutAssignment" classname="com.google.javascript.jscomp.StripCodeTest" time="0.001"/>
  <testcase name="testDeletedScopesAreReported" classname="com.google.javascript.jscomp.StripCodeTest" time="0.001"/>
  <testcase name="testPrefixedPropertyName" classname="com.google.javascript.jscomp.StripCodeTest" time="0"/>
  <testcase name="testComplexExpression" classname="com.google.javascript.jscomp.StripCodeTest" time="0.001"/>
  <testcase name="testSubPropertyAccessByVariableName_const" classname="com.google.javascript.jscomp.StripCodeTest" time="0.001"/>
  <testcase name="testPrototypeFieldDefinition" classname="com.google.javascript.jscomp.StripCodeTest" time="0.001"/>
  <testcase name="testStaticLoggerPropertyDefinition" classname="com.google.javascript.jscomp.StripCodeTest" time="0.001"/>
  <testcase name="testClassInheritanceFromStripType1" classname="com.google.javascript.jscomp.StripCodeTest" time="0"/>
  <testcase name="testClassInheritanceFromStripType2" classname="com.google.javascript.jscomp.StripCodeTest" time="0"/>
  <testcase name="testClassInheritanceFromStripType3" classname="com.google.javascript.jscomp.StripCodeTest" time="0.001"/>
  <testcase name="testAssignInIf" classname="com.google.javascript.jscomp.StripCodeTest" time="0.001"/>
  <testcase name="testGlobalCallWithStrippedType" classname="com.google.javascript.jscomp.StripCodeTest" time="0"/>
  <testcase name="testPrefixedVariableName" classname="com.google.javascript.jscomp.StripCodeTest" time="0.001"/>
  <testcase name="testReportErrorOnStripInNestedAssignment" classname="com.google.javascript.jscomp.StripCodeTest" time="0.001"/>
  <testcase name="testLoggerMethodCallByVariableType_const" classname="com.google.javascript.jscomp.StripCodeTest" time="0.001"/>
  <testcase name="testAliasOfRemovedVar" classname="com.google.javascript.jscomp.StripCodeTest" time="0"/>
  <testcase name="testLoggerConstDeclaration" classname="com.google.javascript.jscomp.StripCodeTest" time="0.001"/>
  <testcase name="testGetElemInIf" classname="com.google.javascript.jscomp.StripCodeTest" time="0.001"/>
  <testcase name="testCrazyNesting1" classname="com.google.javascript.jscomp.StripCodeTest" time="0.001"/>
  <testcase name="testCrazyNesting2" classname="com.google.javascript.jscomp.StripCodeTest" time="0"/>
  <testcase name="testCrazyNesting3" classname="com.google.javascript.jscomp.StripCodeTest" time="0.001"/>
  <testcase name="testCrazyNesting4" classname="com.google.javascript.jscomp.StripCodeTest" time="0.001"/>
  <testcase name="testCrazyNesting5" classname="com.google.javascript.jscomp.StripCodeTest" time="0.001"/>
  <testcase name="testLoggerDefinedInObjectLiteral1" classname="com.google.javascript.jscomp.StripCodeTest" time="0"/>
  <testcase name="testLoggerDefinedInObjectLiteral2" classname="com.google.javascript.jscomp.StripCodeTest" time="0.001"/>
  <testcase name="testLoggerDefinedInObjectLiteral3" classname="com.google.javascript.jscomp.StripCodeTest" time="0.001"/>
  <testcase name="testLoggerDefinedInObjectLiteral4" classname="com.google.javascript.jscomp.StripCodeTest" time="0.001"/>
  <testcase name="testLoggerDefinedInObjectLiteral5" classname="com.google.javascript.jscomp.StripCodeTest" time="0.001"/>
  <testcase name="testLoggerDefinedInObjectLiteral6" classname="com.google.javascript.jscomp.StripCodeTest" time="0.001"/>
  <testcase name="testLoggerDefinedInPrototypeAndUsedInConstructor" classname="com.google.javascript.jscomp.StripCodeTest" time="0.001"/>
  <testcase name="testStripCallsToStrippedNames1" classname="com.google.javascript.jscomp.StripCodeTest" time="0.002"/>
  <testcase name="testStripCallsToStrippedNames2" classname="com.google.javascript.jscomp.StripCodeTest" time="0"/>
  <testcase name="testStripCallsToStrippedNames3" classname="com.google.javascript.jscomp.StripCodeTest" time="0.001"/>
  <testcase name="testStripCallsToStrippedNames4" classname="com.google.javascript.jscomp.StripCodeTest" time="0.001"/>
  <testcase name="testLoggerDefinedStaticallyAndUsedInConstructor" classname="com.google.javascript.jscomp.StripCodeTest" time="0.001"/>
  <testcase name="testTypePrefix" classname="com.google.javascript.jscomp.StripCodeTest" time="0"/>
</testsuite>