<?xml version="1.0" encoding="UTF-8"?>
<testsuite xmlns:xsi="http://www.w3.org/2001/XMLSchema-instance" xsi:schemaLocation="https://maven.apache.org/surefire/maven-surefire-plugin/xsd/surefire-test-report.xsd" name="com.google.javascript.jscomp.CheckConformanceTest" time="2.18" tests="85" errors="0" skipped="0" failures="0">
  <properties>
    <property name="java.runtime.name" value="OpenJDK Runtime Environment"/>
    <property name="sun.boot.library.path" value="/usr/lib/jvm/java-8-openjdk-amd64/jre/lib/amd64"/>
    <property name="java.vm.version" value="25.151-b12"/>
    <property name="java.vm.vendor" value="Oracle Corporation"/>
    <property name="maven.multiModuleProjectDirectory" value="/home/wju/test-proj/closure-compiler"/>
    <property name="java.vendor.url" value="http://java.oracle.com/"/>
    <property name="path.separator" value=":"/>
    <property name="guice.disable.misplaced.annotation.check" value="true"/>
    <property name="java.vm.name" value="OpenJDK 64-Bit Server VM"/>
    <property name="file.encoding.pkg" value="sun.io"/>
    <property name="user.country" value="US"/>
    <property name="sun.java.launcher" value="SUN_STANDARD"/>
    <property name="sun.os.patch.level" value="unknown"/>
    <property name="java.vm.specification.name" value="Java Virtual Machine Specification"/>
    <property name="user.dir" value="/home/wju/test-proj/closure-compiler"/>
    <property name="java.runtime.version" value="1.8.0_151-8u151-b12-0ubuntu0.16.04.2-b12"/>
    <property name="java.awt.graphicsenv" value="sun.awt.X11GraphicsEnvironment"/>
    <property name="java.endorsed.dirs" value="/usr/lib/jvm/java-8-openjdk-amd64/jre/lib/endorsed"/>
    <property name="os.arch" value="amd64"/>
    <property name="java.io.tmpdir" value="/tmp"/>
    <property name="line.separator" value="&#10;"/>
    <property name="java.vm.specification.vendor" value="Oracle Corporation"/>
    <property name="os.name" value="Linux"/>
    <property name="net.sourceforge.cobertura.datafile" value="/home/wju/test-proj/closure-compiler/target/cobertura/cobertura.ser"/>
    <property name="classworlds.conf" value="/usr/share/maven/bin/m2.conf"/>
    <property name="sun.jnu.encoding" value="UTF-8"/>
    <property name="java.library.path" value="/usr/java/packages/lib/amd64:/usr/lib/x86_64-linux-gnu/jni:/lib/x86_64-linux-gnu:/usr/lib/x86_64-linux-gnu:/usr/lib/jni:/lib:/usr/lib"/>
    <property name="java.specification.name" value="Java Platform API Specification"/>
    <property name="java.class.version" value="52.0"/>
    <property name="sun.management.compiler" value="HotSpot 64-Bit Tiered Compilers"/>
    <property name="os.version" value="4.4.0-109-generic"/>
    <property name="user.home" value="/home/wju"/>
    <property name="user.timezone" value="America/Los_Angeles"/>
    <property name="java.awt.printerjob" value="sun.print.PSPrinterJob"/>
    <property name="java.specification.version" value="1.8"/>
    <property name="file.encoding" value="UTF-8"/>
    <property name="user.name" value="wju"/>
    <property name="java.class.path" value="/usr/share/maven/boot/plexus-classworlds-2.x.jar"/>
    <property name="java.vm.specification.version" value="1.8"/>
    <property name="sun.arch.data.model" value="64"/>
    <property name="java.home" value="/usr/lib/jvm/java-8-openjdk-amd64/jre"/>
    <property name="sun.java.command" value="org.codehaus.plexus.classworlds.launcher.Launcher cobertura:cobertura"/>
    <property name="java.specification.vendor" value="Oracle Corporation"/>
    <property name="user.language" value="en"/>
    <property name="awt.toolkit" value="sun.awt.X11.XToolkit"/>
    <property name="java.vm.info" value="mixed mode"/>
    <property name="java.version" value="1.8.0_151"/>
    <property name="java.ext.dirs" value="/usr/lib/jvm/java-8-openjdk-amd64/jre/lib/ext:/usr/java/packages/lib/ext"/>
    <property name="securerandom.source" value="file:/dev/./urandom"/>
    <property name="sun.boot.class.path" value="/usr/lib/jvm/java-8-openjdk-amd64/jre/lib/resources.jar:/usr/lib/jvm/java-8-openjdk-amd64/jre/lib/rt.jar:/usr/lib/jvm/java-8-openjdk-amd64/jre/lib/sunrsasign.jar:/usr/lib/jvm/java-8-openjdk-amd64/jre/lib/jsse.jar:/usr/lib/jvm/java-8-openjdk-amd64/jre/lib/jce.jar:/usr/lib/jvm/java-8-openjdk-amd64/jre/lib/charsets.jar:/usr/lib/jvm/java-8-openjdk-amd64/jre/lib/jfr.jar:/usr/lib/jvm/java-8-openjdk-amd64/jre/classes"/>
    <property name="java.vendor" value="Oracle Corporation"/>
    <property name="maven.home" value="/usr/share/maven"/>
    <property name="file.separator" value="/"/>
    <property name="java.vendor.url.bug" value="http://bugreport.sun.com/bugreport/"/>
    <property name="sun.cpu.endian" value="little"/>
    <property name="sun.io.unicode.encoding" value="UnicodeLittle"/>
    <property name="project.build.outputDirectory" value="/home/wju/test-proj/closure-compiler/target/generated-classes/cobertura"/>
    <property name="sun.cpu.isalist" value=""/>
  </properties>
  <testcase name="testViolationWhitelisted1" classname="com.google.javascript.jscomp.CheckConformanceTest" time="0.076"/>
  <testcase name="testViolationWhitelisted2" classname="com.google.javascript.jscomp.CheckConformanceTest" time="0.013"/>
  <testcase name="testBanCreateElement" classname="com.google.javascript.jscomp.CheckConformanceTest" time="0.099"/>
  <testcase name="testBannedNameCall" classname="com.google.javascript.jscomp.CheckConformanceTest" time="0.025"/>
  <testcase name="testBannedDep1" classname="com.google.javascript.jscomp.CheckConformanceTest" time="0.012"/>
  <testcase name="testInferredConstCheck" classname="com.google.javascript.jscomp.CheckConformanceTest" time="0.09"/>
  <testcase name="testNotViolation1" classname="com.google.javascript.jscomp.CheckConformanceTest" time="0.014"/>
  <testcase name="testNotViolation2" classname="com.google.javascript.jscomp.CheckConformanceTest" time="0.01"/>
  <testcase name="testBanCreateDomMultiType" classname="com.google.javascript.jscomp.CheckConformanceTest" time="0.012"/>
  <testcase name="testBannedProperty_recordType" classname="com.google.javascript.jscomp.CheckConformanceTest" time="0.024"/>
  <testcase name="testBanCreateDomIgnoreLooseType" classname="com.google.javascript.jscomp.CheckConformanceTest" time="0.032"/>
  <testcase name="testRestrictedMethodCallThisType" classname="com.google.javascript.jscomp.CheckConformanceTest" time="0.06"/>
  <testcase name="testMergeRequirements_findsDuplicates" classname="com.google.javascript.jscomp.CheckConformanceTest" time="0.002"/>
  <testcase name="testRequireUseStrictEs6Module" classname="com.google.javascript.jscomp.CheckConformanceTest" time="0.011"/>
  <testcase name="testDontCrashOnNonConstructorWithPrototype" classname="com.google.javascript.jscomp.CheckConformanceTest" time="0.01"/>
  <testcase name="testCustomBanNullDeref1" classname="com.google.javascript.jscomp.CheckConformanceTest" time="0.086"/>
  <testcase name="testCustomBanNullDeref2" classname="com.google.javascript.jscomp.CheckConformanceTest" time="0.022"/>
  <testcase name="testCustomBanNullDeref3" classname="com.google.javascript.jscomp.CheckConformanceTest" time="0.012"/>
  <testcase name="testCustomBanNullDeref4" classname="com.google.javascript.jscomp.CheckConformanceTest" time="0.012"/>
  <testcase name="testCustomRestrictThrow1" classname="com.google.javascript.jscomp.CheckConformanceTest" time="0.012"/>
  <testcase name="testCustomRestrictThrow2" classname="com.google.javascript.jscomp.CheckConformanceTest" time="0.01"/>
  <testcase name="testCustomRestrictThrow3" classname="com.google.javascript.jscomp.CheckConformanceTest" time="0.01"/>
  <testcase name="testCustomRestrictThrow4" classname="com.google.javascript.jscomp.CheckConformanceTest" time="0.011"/>
  <testcase name="testRequireUseStrictGoogModule" classname="com.google.javascript.jscomp.CheckConformanceTest" time="0.011"/>
  <testcase name="testFileOnOnlyApplyToIsChecked" classname="com.google.javascript.jscomp.CheckConformanceTest" time="0.011"/>
  <testcase name="testFileOnOnlyApplyToRegexpIsChecked" classname="com.google.javascript.jscomp.CheckConformanceTest" time="0.011"/>
  <testcase name="testBannedPropertyWriteExtern" classname="com.google.javascript.jscomp.CheckConformanceTest" time="0.033"/>
  <testcase name="testCustomBanUnknownThisProp1" classname="com.google.javascript.jscomp.CheckConformanceTest" time="0.013"/>
  <testcase name="testCustomBanUnknownThisProp2" classname="com.google.javascript.jscomp.CheckConformanceTest" time="0.012"/>
  <testcase name="testFileNotOnOnlyApplyToIsNotChecked" classname="com.google.javascript.jscomp.CheckConformanceTest" time="0.012"/>
  <testcase name="testBanCreateDomTextContent" classname="com.google.javascript.jscomp.CheckConformanceTest" time="0.067"/>
  <testcase name="testRequireFileoverviewVisibility" classname="com.google.javascript.jscomp.CheckConformanceTest" time="0.039"/>
  <testcase name="testRequireUseStrict0" classname="com.google.javascript.jscomp.CheckConformanceTest" time="0.009"/>
  <testcase name="testCustomBanExpose" classname="com.google.javascript.jscomp.CheckConformanceTest" time="0.01"/>
  <testcase name="testBanCreateDomTagNameType" classname="com.google.javascript.jscomp.CheckConformanceTest" time="0.02"/>
  <testcase name="testBannedProperty_namespacedType" classname="com.google.javascript.jscomp.CheckConformanceTest" time="0.033"/>
  <testcase name="testBannedPropertyWrite" classname="com.google.javascript.jscomp.CheckConformanceTest" time="0.054"/>
  <testcase name="testBannedCodePattern1" classname="com.google.javascript.jscomp.CheckConformanceTest" time="0.052"/>
  <testcase name="testBannedPropertyRead" classname="com.google.javascript.jscomp.CheckConformanceTest" time="0.086"/>
  <testcase name="testFileNotOnOnlyApplyToRegexpIsNotChecked" classname="com.google.javascript.jscomp.CheckConformanceTest" time="0.01"/>
  <testcase name="testCustomBanUnresolvedType" classname="com.google.javascript.jscomp.CheckConformanceTest" time="0.017"/>
  <testcase name="testMaybeViolation1" classname="com.google.javascript.jscomp.CheckConformanceTest" time="0.049"/>
  <testcase name="testCustom1" classname="com.google.javascript.jscomp.CheckConformanceTest" time="0.012"/>
  <testcase name="testCustom2" classname="com.google.javascript.jscomp.CheckConformanceTest" time="0.009"/>
  <testcase name="testCustom3" classname="com.google.javascript.jscomp.CheckConformanceTest" time="0.01"/>
  <testcase name="testCustom4" classname="com.google.javascript.jscomp.CheckConformanceTest" time="0.009"/>
  <testcase name="testCustom5" classname="com.google.javascript.jscomp.CheckConformanceTest" time="0.01"/>
  <testcase name="testCustom6" classname="com.google.javascript.jscomp.CheckConformanceTest" time="0.009"/>
  <testcase name="testCustom7" classname="com.google.javascript.jscomp.CheckConformanceTest" time="0.011"/>
  <testcase name="testBanCreateDom" classname="com.google.javascript.jscomp.CheckConformanceTest" time="0.231"/>
  <testcase name="testRestrictedCall1" classname="com.google.javascript.jscomp.CheckConformanceTest" time="0.044"/>
  <testcase name="testRestrictedCall2" classname="com.google.javascript.jscomp.CheckConformanceTest" time="0.043"/>
  <testcase name="testRestrictedCall3" classname="com.google.javascript.jscomp.CheckConformanceTest" time="0.04"/>
  <testcase name="testRestrictedCall4" classname="com.google.javascript.jscomp.CheckConformanceTest" time="0.01"/>
  <testcase name="testBannedProperty0" classname="com.google.javascript.jscomp.CheckConformanceTest" time="0.01"/>
  <testcase name="testBannedProperty1" classname="com.google.javascript.jscomp.CheckConformanceTest" time="0.01"/>
  <testcase name="testBannedProperty2" classname="com.google.javascript.jscomp.CheckConformanceTest" time="0.064"/>
  <testcase name="testBannedProperty3" classname="com.google.javascript.jscomp.CheckConformanceTest" time="0.01"/>
  <testcase name="testBannedProperty4" classname="com.google.javascript.jscomp.CheckConformanceTest" time="0.011"/>
  <testcase name="testBannedProperty5" classname="com.google.javascript.jscomp.CheckConformanceTest" time="0.01"/>
  <testcase name="testCustomBanUnknownProp1" classname="com.google.javascript.jscomp.CheckConformanceTest" time="0.023"/>
  <testcase name="testCustomBanUnknownProp2" classname="com.google.javascript.jscomp.CheckConformanceTest" time="0.011"/>
  <testcase name="testCustomBanUnknownProp3" classname="com.google.javascript.jscomp.CheckConformanceTest" time="0.01"/>
  <testcase name="testCustomBanUnknownProp4" classname="com.google.javascript.jscomp.CheckConformanceTest" time="0.01"/>
  <testcase name="testCustomBanUnknownProp5" classname="com.google.javascript.jscomp.CheckConformanceTest" time="0.011"/>
  <testcase name="testCustomBanUnknownProp6" classname="com.google.javascript.jscomp.CheckConformanceTest" time="0.01"/>
  <testcase name="testCustomBanUnknownProp7" classname="com.google.javascript.jscomp.CheckConformanceTest" time="0.01"/>
  <testcase name="testCustomBanUnknownThis1" classname="com.google.javascript.jscomp.CheckConformanceTest" time="0.011"/>
  <testcase name="testCustomBanUnknownThis2" classname="com.google.javascript.jscomp.CheckConformanceTest" time="0.009"/>
  <testcase name="testCustomBanUnknownThis3" classname="com.google.javascript.jscomp.CheckConformanceTest" time="0.01"/>
  <testcase name="testCustomBanUnknownThis4" classname="com.google.javascript.jscomp.CheckConformanceTest" time="0.009"/>
  <testcase name="testCustomStrictBanUnresolvedType" classname="com.google.javascript.jscomp.CheckConformanceTest" time="0.016"/>
  <testcase name="testBanCreateDomAnyTagName" classname="com.google.javascript.jscomp.CheckConformanceTest" time="0.048"/>
  <testcase name="testCustomBanGlobalVars1" classname="com.google.javascript.jscomp.CheckConformanceTest" time="0.038"/>
  <testcase name="testCustomBanGlobalVars2" classname="com.google.javascript.jscomp.CheckConformanceTest" time="0.012"/>
  <testcase name="testRestrictedMethodCallUsingCallThisType" classname="com.google.javascript.jscomp.CheckConformanceTest" time="0.043"/>
  <testcase name="testCustomBanUnknownInterfaceProp1" classname="com.google.javascript.jscomp.CheckConformanceTest" time="0.01"/>
  <testcase name="testCustomBanUnknownInterfaceProp2" classname="com.google.javascript.jscomp.CheckConformanceTest" time="0.01"/>
  <testcase name="testViolation1" classname="com.google.javascript.jscomp.CheckConformanceTest" time="0.02"/>
  <testcase name="testViolation2" classname="com.google.javascript.jscomp.CheckConformanceTest" time="0.011"/>
  <testcase name="testRequireUseStrictScript" classname="com.google.javascript.jscomp.CheckConformanceTest" time="0.01"/>
  <testcase name="testReportLooseTypeViolations" classname="com.google.javascript.jscomp.CheckConformanceTest" time="0.028"/>
  <testcase name="testBadWhitelist1" classname="com.google.javascript.jscomp.CheckConformanceTest" time="0.01"/>
  <testcase name="testBannedPropertyNonConstantWrite" classname="com.google.javascript.jscomp.CheckConformanceTest" time="0.031"/>
  <testcase name="testMergeRequirements" classname="com.google.javascript.jscomp.CheckConformanceTest" time="0"/>
</testsuite>