<?xml version="1.0" encoding="UTF-8"?>
<testsuite xmlns:xsi="http://www.w3.org/2001/XMLSchema-instance" xsi:schemaLocation="https://maven.apache.org/surefire/maven-surefire-plugin/xsd/surefire-test-report.xsd" name="com.google.javascript.jscomp.NewTypeInferenceTest" time="14.87" tests="503" errors="0" skipped="0" failures="0">
  <properties>
    <property name="java.runtime.name" value="OpenJDK Runtime Environment"/>
    <property name="sun.boot.library.path" value="/usr/lib/jvm/java-8-openjdk-amd64/jre/lib/amd64"/>
    <property name="java.vm.version" value="25.151-b12"/>
    <property name="java.vm.vendor" value="Oracle Corporation"/>
    <property name="maven.multiModuleProjectDirectory" value="/home/wju/test-proj/closure-compiler"/>
    <property name="java.vendor.url" value="http://java.oracle.com/"/>
    <property name="path.separator" value=":"/>
    <property name="guice.disable.misplaced.annotation.check" value="true"/>
    <property name="java.vm.name" value="OpenJDK 64-Bit Server VM"/>
    <property name="file.encoding.pkg" value="sun.io"/>
    <property name="user.country" value="US"/>
    <property name="sun.java.launcher" value="SUN_STANDARD"/>
    <property name="sun.os.patch.level" value="unknown"/>
    <property name="java.vm.specification.name" value="Java Virtual Machine Specification"/>
    <property name="user.dir" value="/home/wju/test-proj/closure-compiler"/>
    <property name="java.runtime.version" value="1.8.0_151-8u151-b12-0ubuntu0.16.04.2-b12"/>
    <property name="java.awt.graphicsenv" value="sun.awt.X11GraphicsEnvironment"/>
    <property name="java.endorsed.dirs" value="/usr/lib/jvm/java-8-openjdk-amd64/jre/lib/endorsed"/>
    <property name="os.arch" value="amd64"/>
    <property name="java.io.tmpdir" value="/tmp"/>
    <property name="line.separator" value="&#10;"/>
    <property name="java.vm.specification.vendor" value="Oracle Corporation"/>
    <property name="os.name" value="Linux"/>
    <property name="net.sourceforge.cobertura.datafile" value="/home/wju/test-proj/closure-compiler/target/cobertura/cobertura.ser"/>
    <property name="classworlds.conf" value="/usr/share/maven/bin/m2.conf"/>
    <property name="sun.jnu.encoding" value="UTF-8"/>
    <property name="java.library.path" value="/usr/java/packages/lib/amd64:/usr/lib/x86_64-linux-gnu/jni:/lib/x86_64-linux-gnu:/usr/lib/x86_64-linux-gnu:/usr/lib/jni:/lib:/usr/lib"/>
    <property name="java.specification.name" value="Java Platform API Specification"/>
    <property name="java.class.version" value="52.0"/>
    <property name="sun.management.compiler" value="HotSpot 64-Bit Tiered Compilers"/>
    <property name="os.version" value="4.4.0-109-generic"/>
    <property name="user.home" value="/home/wju"/>
    <property name="user.timezone" value="America/Los_Angeles"/>
    <property name="java.awt.printerjob" value="sun.print.PSPrinterJob"/>
    <property name="java.specification.version" value="1.8"/>
    <property name="file.encoding" value="UTF-8"/>
    <property name="user.name" value="wju"/>
    <property name="java.class.path" value="/usr/share/maven/boot/plexus-classworlds-2.x.jar"/>
    <property name="java.vm.specification.version" value="1.8"/>
    <property name="sun.arch.data.model" value="64"/>
    <property name="java.home" value="/usr/lib/jvm/java-8-openjdk-amd64/jre"/>
    <property name="sun.java.command" value="org.codehaus.plexus.classworlds.launcher.Launcher cobertura:cobertura"/>
    <property name="java.specification.vendor" value="Oracle Corporation"/>
    <property name="user.language" value="en"/>
    <property name="awt.toolkit" value="sun.awt.X11.XToolkit"/>
    <property name="java.vm.info" value="mixed mode"/>
    <property name="java.version" value="1.8.0_151"/>
    <property name="java.ext.dirs" value="/usr/lib/jvm/java-8-openjdk-amd64/jre/lib/ext:/usr/java/packages/lib/ext"/>
    <property name="securerandom.source" value="file:/dev/./urandom"/>
    <property name="sun.boot.class.path" value="/usr/lib/jvm/java-8-openjdk-amd64/jre/lib/resources.jar:/usr/lib/jvm/java-8-openjdk-amd64/jre/lib/rt.jar:/usr/lib/jvm/java-8-openjdk-amd64/jre/lib/sunrsasign.jar:/usr/lib/jvm/java-8-openjdk-amd64/jre/lib/jsse.jar:/usr/lib/jvm/java-8-openjdk-amd64/jre/lib/jce.jar:/usr/lib/jvm/java-8-openjdk-amd64/jre/lib/charsets.jar:/usr/lib/jvm/java-8-openjdk-amd64/jre/lib/jfr.jar:/usr/lib/jvm/java-8-openjdk-amd64/jre/classes"/>
    <property name="java.vendor" value="Oracle Corporation"/>
    <property name="maven.home" value="/usr/share/maven"/>
    <property name="file.separator" value="/"/>
    <property name="java.vendor.url.bug" value="http://bugreport.sun.com/bugreport/"/>
    <property name="sun.cpu.endian" value="little"/>
    <property name="sun.io.unicode.encoding" value="UnicodeLittle"/>
    <property name="project.build.outputDirectory" value="/home/wju/test-proj/closure-compiler/target/generated-classes/cobertura"/>
    <property name="sun.cpu.isalist" value=""/>
  </properties>
  <testcase name="testStructuralInterfaces" classname="com.google.javascript.jscomp.NewTypeInferenceTest" time="0.138"/>
  <testcase name="testAnalyzeLoopsBwd" classname="com.google.javascript.jscomp.NewTypeInferenceTest" time="0.033"/>
  <testcase name="testSimpleCalls" classname="com.google.javascript.jscomp.NewTypeInferenceTest" time="0.067"/>
  <testcase name="testPrototypeOnNonCtorFunction" classname="com.google.javascript.jscomp.NewTypeInferenceTest" time="0.013"/>
  <testcase name="testLooseTypingOfLooseObjectsInCompatibilityMode" classname="com.google.javascript.jscomp.NewTypeInferenceTest" time="0.021"/>
  <testcase name="testEnumIllegalRecursion" classname="com.google.javascript.jscomp.NewTypeInferenceTest" time="0.014"/>
  <testcase name="testPropertiesOnMethods" classname="com.google.javascript.jscomp.NewTypeInferenceTest" time="0.075"/>
  <testcase name="testAssignExponent" classname="com.google.javascript.jscomp.NewTypeInferenceTest" time="0.032"/>
  <testcase name="testBadAssignment" classname="com.google.javascript.jscomp.NewTypeInferenceTest" time="0.007"/>
  <testcase name="testAnalyzeDeadCodeAndLiveCodeThatFollowsIt" classname="com.google.javascript.jscomp.NewTypeInferenceTest" time="0.032"/>
  <testcase name="testDontInferUndeclaredFunctionReturn" classname="com.google.javascript.jscomp.NewTypeInferenceTest" time="0.02"/>
  <testcase name="testQmarkFunctionAsNamespace" classname="com.google.javascript.jscomp.NewTypeInferenceTest" time="0.014"/>
  <testcase name="testMethodPropertyOverride" classname="com.google.javascript.jscomp.NewTypeInferenceTest" time="0.088"/>
  <testcase name="testConflictingPropertyDefinitions" classname="com.google.javascript.jscomp.NewTypeInferenceTest" time="0.053"/>
  <testcase name="testDeclaredPropertyIndirectly" classname="com.google.javascript.jscomp.NewTypeInferenceTest" time="0.008"/>
  <testcase name="testDontTypeGlobalThisAsUknown" classname="com.google.javascript.jscomp.NewTypeInferenceTest" time="0.025"/>
  <testcase name="testThisOverridesPrototype" classname="com.google.javascript.jscomp.NewTypeInferenceTest" time="0.068"/>
  <testcase name="testFunctionsWithAbnormalExit" classname="com.google.javascript.jscomp.NewTypeInferenceTest" time="0.042"/>
  <testcase name="testAllowComparisonBetweenEnumAndCorrespondingType" classname="com.google.javascript.jscomp.NewTypeInferenceTest" time="0.012"/>
  <testcase name="testNoSpuriousWarningBecauseOfTopScalarInComparison" classname="com.google.javascript.jscomp.NewTypeInferenceTest" time="0.005"/>
  <testcase name="testArgumentsArray" classname="com.google.javascript.jscomp.NewTypeInferenceTest" time="0.052"/>
  <testcase name="testAutoconvertBoxedBooleanToBoolean" classname="com.google.javascript.jscomp.NewTypeInferenceTest" time="0.017"/>
  <testcase name="testStrictEquality" classname="com.google.javascript.jscomp.NewTypeInferenceTest" time="0.056"/>
  <testcase name="testDiamondInheritance" classname="com.google.javascript.jscomp.NewTypeInferenceTest" time="0.006"/>
  <testcase name="testStructDictSubtyping" classname="com.google.javascript.jscomp.NewTypeInferenceTest" time="0.018"/>
  <testcase name="testPrototypeTemplateFunctionWithAtTypeJsdoc" classname="com.google.javascript.jscomp.NewTypeInferenceTest" time="0.006"/>
  <testcase name="testAssignToInvalidObject" classname="com.google.javascript.jscomp.NewTypeInferenceTest" time="0.006"/>
  <testcase name="testGetpropDoesntCrash" classname="com.google.javascript.jscomp.NewTypeInferenceTest" time="0.017"/>
  <testcase name="testNotAConstructor" classname="com.google.javascript.jscomp.NewTypeInferenceTest" time="0.006"/>
  <testcase name="testSimpleInferPrototypeProperties" classname="com.google.javascript.jscomp.NewTypeInferenceTest" time="0.017"/>
  <testcase name="testSimpleBwdPropagation" classname="com.google.javascript.jscomp.NewTypeInferenceTest" time="0.027"/>
  <testcase name="testTwoGenericTypesUnifyWithOneConcreteType" classname="com.google.javascript.jscomp.NewTypeInferenceTest" time="0.018"/>
  <testcase name="testNestedLooseObjects" classname="com.google.javascript.jscomp.NewTypeInferenceTest" time="0.055"/>
  <testcase name="testNominalTypeAliasing" classname="com.google.javascript.jscomp.NewTypeInferenceTest" time="0.051"/>
  <testcase name="testAllowCastFromObjectLiteralToWhateverType" classname="com.google.javascript.jscomp.NewTypeInferenceTest" time="0.012"/>
  <testcase name="testGoogReflectObject" classname="com.google.javascript.jscomp.NewTypeInferenceTest" time="0.039"/>
  <testcase name="testSimpleObjectLiterals" classname="com.google.javascript.jscomp.NewTypeInferenceTest" time="0.046"/>
  <testcase name="testPropertyDeclarations" classname="com.google.javascript.jscomp.NewTypeInferenceTest" time="0.062"/>
  <testcase name="testRedeclarationOfFunctionAsNamespaceDoesntCrash" classname="com.google.javascript.jscomp.NewTypeInferenceTest" time="0.026"/>
  <testcase name="testPrototypeAliasing" classname="com.google.javascript.jscomp.NewTypeInferenceTest" time="0.006"/>
  <testcase name="testRecursiveFunctions" classname="com.google.javascript.jscomp.NewTypeInferenceTest" time="0.015"/>
  <testcase name="testDontOverrideNestedPropWithWorseType" classname="com.google.javascript.jscomp.NewTypeInferenceTest" time="0.011"/>
  <testcase name="testGoogNullFunctionDifferentArityNoWarning" classname="com.google.javascript.jscomp.NewTypeInferenceTest" time="0.006"/>
  <testcase name="testEnumShorthandObjLit" classname="com.google.javascript.jscomp.NewTypeInferenceTest" time="0.027"/>
  <testcase name="testInheritanceSubtyping" classname="com.google.javascript.jscomp.NewTypeInferenceTest" time="0.069"/>
  <testcase name="testInferConstTypeFromEnumProps" classname="com.google.javascript.jscomp.NewTypeInferenceTest" time="0.01"/>
  <testcase name="testAutoconvertScalarsToBoxedScalars" classname="com.google.javascript.jscomp.NewTypeInferenceTest" time="0.039"/>
  <testcase name="testLooseTypeVariablesInCompatibilityMode" classname="com.google.javascript.jscomp.NewTypeInferenceTest" time="0.016"/>
  <testcase name="testDontCallMethodAsFunction" classname="com.google.javascript.jscomp.NewTypeInferenceTest" time="0.01"/>
  <testcase name="testInferConstTypeForMethods" classname="com.google.javascript.jscomp.NewTypeInferenceTest" time="0.016"/>
  <testcase name="testOneGenericTypeUnifiesWithTwoConcreteTypes" classname="com.google.javascript.jscomp.NewTypeInferenceTest" time="0.012"/>
  <testcase name="testExterns" classname="com.google.javascript.jscomp.NewTypeInferenceTest" time="0.005"/>
  <testcase name="testInferConstTypeWeirdOrderDontCrash" classname="com.google.javascript.jscomp.NewTypeInferenceTest" time="0.007"/>
  <testcase name="testDontCrashWhenGlobalVarIsAccessedOnlyInSomePathThroughFunction" classname="com.google.javascript.jscomp.NewTypeInferenceTest" time="0.011"/>
  <testcase name="testFunctionSubtypingWithReceiverTypes" classname="com.google.javascript.jscomp.NewTypeInferenceTest" time="0.022"/>
  <testcase name="testInterfaceArgument" classname="com.google.javascript.jscomp.NewTypeInferenceTest" time="0.048"/>
  <testcase name="testObjLitDeclaredProps" classname="com.google.javascript.jscomp.NewTypeInferenceTest" time="0.016"/>
  <testcase name="testTryCatch" classname="com.google.javascript.jscomp.NewTypeInferenceTest" time="0.048"/>
  <testcase name="testUnificationWithOptionalProperties" classname="com.google.javascript.jscomp.NewTypeInferenceTest" time="0.011"/>
  <testcase name="testDontCrashWhenUnifyingNominalTypeWithEmptyTypemap" classname="com.google.javascript.jscomp.NewTypeInferenceTest" time="0.006"/>
  <testcase name="testWindowAsNamespace" classname="com.google.javascript.jscomp.NewTypeInferenceTest" time="0.067"/>
  <testcase name="testJoinOfClassyAndLooseObject" classname="com.google.javascript.jscomp.NewTypeInferenceTest" time="0.013"/>
  <testcase name="testInterfacesInheritFromObject" classname="com.google.javascript.jscomp.NewTypeInferenceTest" time="0.014"/>
  <testcase name="testRegisterPropertyOfTypedef" classname="com.google.javascript.jscomp.NewTypeInferenceTest" time="0.011"/>
  <testcase name="testWarnAboutOverridesNotVisibleDuringGlobalTypeInfo" classname="com.google.javascript.jscomp.NewTypeInferenceTest" time="0.006"/>
  <testcase name="testReturnTypeInferred" classname="com.google.javascript.jscomp.NewTypeInferenceTest" time="0.006"/>
  <testcase name="testNoInexistentPropWarningsForDicts" classname="com.google.javascript.jscomp.NewTypeInferenceTest" time="0.006"/>
  <testcase name="testAvoidSpuriousWarningOnBooleanNamespaceProperty" classname="com.google.javascript.jscomp.NewTypeInferenceTest" time="0.006"/>
  <testcase name="testConstInPrototypeMethods" classname="com.google.javascript.jscomp.NewTypeInferenceTest" time="0.011"/>
  <testcase name="testOnlyOneInstanceOfEachClassInUnion" classname="com.google.javascript.jscomp.NewTypeInferenceTest" time="0.018"/>
  <testcase name="testStructDictInheritance" classname="com.google.javascript.jscomp.NewTypeInferenceTest" time="0.042"/>
  <testcase name="testIdentityFunction" classname="com.google.javascript.jscomp.NewTypeInferenceTest" time="0.005"/>
  <testcase name="testLooserCheckingForInferredProperties" classname="com.google.javascript.jscomp.NewTypeInferenceTest" time="0.023"/>
  <testcase name="testInferredArrayGenerics" classname="com.google.javascript.jscomp.NewTypeInferenceTest" time="0.065"/>
  <testcase name="testInferConstTypeFromNestedObjectLiterals" classname="com.google.javascript.jscomp.NewTypeInferenceTest" time="0.011"/>
  <testcase name="testSuppressInvalidCasts" classname="com.google.javascript.jscomp.NewTypeInferenceTest" time="0.006"/>
  <testcase name="testEnumsWithGenerics" classname="com.google.javascript.jscomp.NewTypeInferenceTest" time="0.038"/>
  <testcase name="testCreatingSeveralQmarkFunInstances" classname="com.google.javascript.jscomp.NewTypeInferenceTest" time="0.006"/>
  <testcase name="testConstInferenceDependsOnOrderOfScopeTraversing" classname="com.google.javascript.jscomp.NewTypeInferenceTest" time="0.011"/>
  <testcase name="testJoinPrototypeObjects" classname="com.google.javascript.jscomp.NewTypeInferenceTest" time="0.012"/>
  <testcase name="testIsArrayPredicate" classname="com.google.javascript.jscomp.NewTypeInferenceTest" time="0.007"/>
  <testcase name="testMissedWarningDueToNoDeferredCheck" classname="com.google.javascript.jscomp.NewTypeInferenceTest" time="0.012"/>
  <testcase name="testJoinWithAllMembers" classname="com.google.javascript.jscomp.NewTypeInferenceTest" time="0.006"/>
  <testcase name="testGetterSetterPrototypeProperties" classname="com.google.javascript.jscomp.NewTypeInferenceTest" time="0.017"/>
  <testcase name="testTrickyUnknownBehavior" classname="com.google.javascript.jscomp.NewTypeInferenceTest" time="0.033"/>
  <testcase name="testAnalyzeInsideNamespaceObjectLiterals" classname="com.google.javascript.jscomp.NewTypeInferenceTest" time="0.011"/>
  <testcase name="testFoo" classname="com.google.javascript.jscomp.NewTypeInferenceTest" time="0.032"/>
  <testcase name="testNot" classname="com.google.javascript.jscomp.NewTypeInferenceTest" time="0.016"/>
  <testcase name="testCallArgumentsChecked" classname="com.google.javascript.jscomp.NewTypeInferenceTest" time="0.006"/>
  <testcase name="testTypeTighteningHeuristic" classname="com.google.javascript.jscomp.NewTypeInferenceTest" time="0.021"/>
  <testcase name="testDontSpecializeInToDict" classname="com.google.javascript.jscomp.NewTypeInferenceTest" time="0.005"/>
  <testcase name="testGettingSignatureForCallbackFromGenericCallee" classname="com.google.javascript.jscomp.NewTypeInferenceTest" time="0.028"/>
  <testcase name="testIObjectDotAccesses" classname="com.google.javascript.jscomp.NewTypeInferenceTest" time="0.016"/>
  <testcase name="testDoublyAssignedPrototypeMethodDoesntCrash" classname="com.google.javascript.jscomp.NewTypeInferenceTest" time="0.007"/>
  <testcase name="testGenericClassInstantiation" classname="com.google.javascript.jscomp.NewTypeInferenceTest" time="0.084"/>
  <testcase name="testTypedefResolution" classname="com.google.javascript.jscomp.NewTypeInferenceTest" time="0.006"/>
  <testcase name="testConstVarsDontReassign" classname="com.google.javascript.jscomp.NewTypeInferenceTest" time="0.037"/>
  <testcase name="testMethodInheritedFromGrandparentType" classname="com.google.javascript.jscomp.NewTypeInferenceTest" time="0.022"/>
  <testcase name="testDontSpecializeLooseObjectToLiteralType" classname="com.google.javascript.jscomp.NewTypeInferenceTest" time="0.006"/>
  <testcase name="testStringMethods" classname="com.google.javascript.jscomp.NewTypeInferenceTest" time="0.006"/>
  <testcase name="testGrandparentTemplatizedDoesntCrash" classname="com.google.javascript.jscomp.NewTypeInferenceTest" time="0.011"/>
  <testcase name="testSubtypingBetweenScalarsAndLooseTypes" classname="com.google.javascript.jscomp.NewTypeInferenceTest" time="0.022"/>
  <testcase name="testShadowing" classname="com.google.javascript.jscomp.NewTypeInferenceTest" time="0.027"/>
  <testcase name="testArrayAccesses" classname="com.google.javascript.jscomp.NewTypeInferenceTest" time="0.011"/>
  <testcase name="testNonStringComparisons" classname="com.google.javascript.jscomp.NewTypeInferenceTest" time="0.07"/>
  <testcase name="testDontCrashWithPolymerJsdoc" classname="com.google.javascript.jscomp.NewTypeInferenceTest" time="0.006"/>
  <testcase name="testAbstractMethodCalls" classname="com.google.javascript.jscomp.NewTypeInferenceTest" time="0.046"/>
  <testcase name="testRegisterPropertyOfPrototypeLiteral" classname="com.google.javascript.jscomp.NewTypeInferenceTest" time="0.011"/>
  <testcase name="testExponent" classname="com.google.javascript.jscomp.NewTypeInferenceTest" time="0.027"/>
  <testcase name="testAndOr" classname="com.google.javascript.jscomp.NewTypeInferenceTest" time="0.027"/>
  <testcase name="testCasts" classname="com.google.javascript.jscomp.NewTypeInferenceTest" time="0.058"/>
  <testcase name="testComma" classname="com.google.javascript.jscomp.NewTypeInferenceTest" time="0.012"/>
  <testcase name="testExtendedInterfacePropertiesCompatibility" classname="com.google.javascript.jscomp.NewTypeInferenceTest" time="0.017"/>
  <testcase name="testForIn" classname="com.google.javascript.jscomp.NewTypeInferenceTest" time="0.036"/>
  <testcase name="testForOf" classname="com.google.javascript.jscomp.NewTypeInferenceTest" time="0.063"/>
  <testcase name="testAssignWithOp" classname="com.google.javascript.jscomp.NewTypeInferenceTest" time="0.032"/>
  <testcase name="testLends" classname="com.google.javascript.jscomp.NewTypeInferenceTest" time="0.085"/>
  <testcase name="testThrow" classname="com.google.javascript.jscomp.NewTypeInferenceTest" time="0.068"/>
  <testcase name="testInstanceofGenericTypeDoesntCrash" classname="com.google.javascript.jscomp.NewTypeInferenceTest" time="0.006"/>
  <testcase name="testDontCrashOnWeirdPrototypePropertyDeclaration" classname="com.google.javascript.jscomp.NewTypeInferenceTest" time="0.005"/>
  <testcase name="testPlus" classname="com.google.javascript.jscomp.NewTypeInferenceTest" time="0.048"/>
  <testcase name="testWith" classname="com.google.javascript.jscomp.NewTypeInferenceTest" time="0.011"/>
  <testcase name="testUninhabitableObjectTypeDoesntCrash" classname="com.google.javascript.jscomp.NewTypeInferenceTest" time="0.005"/>
  <testcase name="testAsserts" classname="com.google.javascript.jscomp.NewTypeInferenceTest" time="0.088"/>
  <testcase name="testAllowConstructorWithReturnToBeTypedAsFunction" classname="com.google.javascript.jscomp.NewTypeInferenceTest" time="0.006"/>
  <testcase name="testNamespaceAliasingWithoutJsdoc" classname="com.google.javascript.jscomp.NewTypeInferenceTest" time="0.027"/>
  <testcase name="testForwardDeclarations" classname="com.google.javascript.jscomp.NewTypeInferenceTest" time="0.104"/>
  <testcase name="testTypedefIsUndefined" classname="com.google.javascript.jscomp.NewTypeInferenceTest" time="0.007"/>
  <testcase name="testComparisons" classname="com.google.javascript.jscomp.NewTypeInferenceTest" time="0.047"/>
  <testcase name="testMeetOfLooseObjAndNamedDoesntCrash" classname="com.google.javascript.jscomp.NewTypeInferenceTest" time="0.006"/>
  <testcase name="testObjectLiteralShorthandProperty" classname="com.google.javascript.jscomp.NewTypeInferenceTest" time="0.015"/>
  <testcase name="testInstantiatePrototypeObjectWithUnknowns" classname="com.google.javascript.jscomp.NewTypeInferenceTest" time="0.011"/>
  <testcase name="testDontCrashOnBadPrototypeMethodDecl" classname="com.google.javascript.jscomp.NewTypeInferenceTest" time="0.015"/>
  <testcase name="testTopFunctionAsArgumentDoesntCrash" classname="com.google.javascript.jscomp.NewTypeInferenceTest" time="0.006"/>
  <testcase name="testAllowCastingToFromInterface" classname="com.google.javascript.jscomp.NewTypeInferenceTest" time="0.015"/>
  <testcase name="testInstantiationInsideObjectTypes" classname="com.google.javascript.jscomp.NewTypeInferenceTest" time="0.011"/>
  <testcase name="testTypeAfterIF" classname="com.google.javascript.jscomp.NewTypeInferenceTest" time="0.005"/>
  <testcase name="testWarnAboutBadNewType" classname="com.google.javascript.jscomp.NewTypeInferenceTest" time="0.011"/>
  <testcase name="testPropertyCheckingCompatibility" classname="com.google.javascript.jscomp.NewTypeInferenceTest" time="0.059"/>
  <testcase name="testEnumJoinSpecializeMeet" classname="com.google.javascript.jscomp.NewTypeInferenceTest" time="0.049"/>
  <testcase name="testJoinWithTruthyOrFalsy" classname="com.google.javascript.jscomp.NewTypeInferenceTest" time="0.011"/>
  <testcase name="testInferUnannotatedCallbackFromCallee" classname="com.google.javascript.jscomp.NewTypeInferenceTest" time="0.134"/>
  <testcase name="testDeferredChecks" classname="com.google.javascript.jscomp.NewTypeInferenceTest" time="0.07"/>
  <testcase name="testDeclaredFunctionTypesInFormals" classname="com.google.javascript.jscomp.NewTypeInferenceTest" time="0.051"/>
  <testcase name="testIncompatibleEnums" classname="com.google.javascript.jscomp.NewTypeInferenceTest" time="0.006"/>
  <testcase name="testDoWhileDontCrash" classname="com.google.javascript.jscomp.NewTypeInferenceTest" time="0.006"/>
  <testcase name="testConstantByConvention" classname="com.google.javascript.jscomp.NewTypeInferenceTest" time="0.01"/>
  <testcase name="testNamespacePropWithNoTypeDoesntCrash" classname="com.google.javascript.jscomp.NewTypeInferenceTest" time="0.006"/>
  <testcase name="testInstantiatingWithLooseTypes" classname="com.google.javascript.jscomp.NewTypeInferenceTest" time="0.023"/>
  <testcase name="testAlphaRenamingDoesntChangeType" classname="com.google.javascript.jscomp.NewTypeInferenceTest" time="0.007"/>
  <testcase name="testConstInferenceArbitraryReceivers" classname="com.google.javascript.jscomp.NewTypeInferenceTest" time="0.006"/>
  <testcase name="testInferConstHook" classname="com.google.javascript.jscomp.NewTypeInferenceTest" time="0.012"/>
  <testcase name="testIn" classname="com.google.javascript.jscomp.NewTypeInferenceTest" time="0.028"/>
  <testcase name="testComputedProp" classname="com.google.javascript.jscomp.NewTypeInferenceTest" time="0.032"/>
  <testcase name="testDeclaredVersusInferredTypeForVar" classname="com.google.javascript.jscomp.NewTypeInferenceTest" time="0.016"/>
  <testcase name="testNamespacesWithNonEmptyObjectLiteral" classname="com.google.javascript.jscomp.NewTypeInferenceTest" time="0.059"/>
  <testcase name="testNamespacesInExterns" classname="com.google.javascript.jscomp.NewTypeInferenceTest" time="0.015"/>
  <testcase name="testConstInferenceAutoboxScalars" classname="com.google.javascript.jscomp.NewTypeInferenceTest" time="0.006"/>
  <testcase name="testNamespacePropsAfterAliasing" classname="com.google.javascript.jscomp.NewTypeInferenceTest" time="0.07"/>
  <testcase name="testAliasedNamespaceWithDotInTheName" classname="com.google.javascript.jscomp.NewTypeInferenceTest" time="0.005"/>
  <testcase name="testOptionalPropertiesInRecordTypes" classname="com.google.javascript.jscomp.NewTypeInferenceTest" time="0.044"/>
  <testcase name="testRecordtypeSubtyping" classname="com.google.javascript.jscomp.NewTypeInferenceTest" time="0.006"/>
  <testcase name="testBackwardForwardPathologicalCase2" classname="com.google.javascript.jscomp.NewTypeInferenceTest" time="0.005"/>
  <testcase name="testPrintTypevarIDs" classname="com.google.javascript.jscomp.NewTypeInferenceTest" time="0.006"/>
  <testcase name="testEscapedVariables" classname="com.google.javascript.jscomp.NewTypeInferenceTest" time="0.156"/>
  <testcase name="testSubClassWithUndeclaredProps" classname="com.google.javascript.jscomp.NewTypeInferenceTest" time="0.006"/>
  <testcase name="testUnspecializedStrictComparisons" classname="com.google.javascript.jscomp.NewTypeInferenceTest" time="0.005"/>
  <testcase name="testUnusualThisReference" classname="com.google.javascript.jscomp.NewTypeInferenceTest" time="0.016"/>
  <testcase name="testDontCrashOnBottomRettypeFromLooseFun" classname="com.google.javascript.jscomp.NewTypeInferenceTest" time="0.006"/>
  <testcase name="testUnificationWithSubtyping" classname="com.google.javascript.jscomp.NewTypeInferenceTest" time="0.051"/>
  <testcase name="testConstructorProperty" classname="com.google.javascript.jscomp.NewTypeInferenceTest" time="0.015"/>
  <testcase name="testPrototypePropertyAssignments" classname="com.google.javascript.jscomp.NewTypeInferenceTest" time="0.061"/>
  <testcase name="testConstInferenceAndOf" classname="com.google.javascript.jscomp.NewTypeInferenceTest" time="0.031"/>
  <testcase name="testConstInferenceCalls" classname="com.google.javascript.jscomp.NewTypeInferenceTest" time="0.04"/>
  <testcase name="testSimpleInferNamespaces" classname="com.google.javascript.jscomp.NewTypeInferenceTest" time="0.045"/>
  <testcase name="testInheritingTheParentClassInterfaces" classname="com.google.javascript.jscomp.NewTypeInferenceTest" time="0.015"/>
  <testcase name="testStructPropAccess" classname="com.google.javascript.jscomp.NewTypeInferenceTest" time="0.074"/>
  <testcase name="testBivariantArrayGenericsInCompatibilityMode" classname="com.google.javascript.jscomp.NewTypeInferenceTest" time="0.015"/>
  <testcase name="testDeclaredMethodWithoutScope" classname="com.google.javascript.jscomp.NewTypeInferenceTest" time="0.034"/>
  <testcase name="testMockedOutConstructorDoesntCrash" classname="com.google.javascript.jscomp.NewTypeInferenceTest" time="0.005"/>
  <testcase name="testConditionalExBranch" classname="com.google.javascript.jscomp.NewTypeInferenceTest" time="0.006"/>
  <testcase name="testVarDefinitionsInExterns" classname="com.google.javascript.jscomp.NewTypeInferenceTest" time="0.088"/>
  <testcase name="testMethodTypeParameterDoesntShadowClassTypeParameter" classname="com.google.javascript.jscomp.NewTypeInferenceTest" time="0.008"/>
  <testcase name="testDontCrashWhenGettingDeclaredTypeFromCallee" classname="com.google.javascript.jscomp.NewTypeInferenceTest" time="0.007"/>
  <testcase name="testLooseObjectSubtyping" classname="com.google.javascript.jscomp.NewTypeInferenceTest" time="0.062"/>
  <testcase name="testOpacityOfTypeParameters" classname="com.google.javascript.jscomp.NewTypeInferenceTest" time="0.054"/>
  <testcase name="testArrayLit" classname="com.google.javascript.jscomp.NewTypeInferenceTest" time="0.011"/>
  <testcase name="testArrayLiteralUsedGenericallyDoesntCrash" classname="com.google.javascript.jscomp.NewTypeInferenceTest" time="0.005"/>
  <testcase name="testVarDecls" classname="com.google.javascript.jscomp.NewTypeInferenceTest" time="0.016"/>
  <testcase name="testDontPropagateRhsInferenceToLhs" classname="com.google.javascript.jscomp.NewTypeInferenceTest" time="0.006"/>
  <testcase name="testConstructorsCalledWithoutNew" classname="com.google.javascript.jscomp.NewTypeInferenceTest" time="0.029"/>
  <testcase name="testNamespaces" classname="com.google.javascript.jscomp.NewTypeInferenceTest" time="0.091"/>
  <testcase name="testInvalidInitOfInterfaceProps" classname="com.google.javascript.jscomp.NewTypeInferenceTest" time="0.011"/>
  <testcase name="testObjectMergesInJoins" classname="com.google.javascript.jscomp.NewTypeInferenceTest" time="0.018"/>
  <testcase name="testUnknownTypeReferenceDoesntCrash" classname="com.google.javascript.jscomp.NewTypeInferenceTest" time="0.005"/>
  <testcase name="testPrototypeMethodInDifferentScopeCompatibility" classname="com.google.javascript.jscomp.NewTypeInferenceTest" time="0.012"/>
  <testcase name="testInvalidThisReference" classname="com.google.javascript.jscomp.NewTypeInferenceTest" time="0.047"/>
  <testcase name="testNullableDereference" classname="com.google.javascript.jscomp.NewTypeInferenceTest" time="0.097"/>
  <testcase name="testUnionOfRecords" classname="com.google.javascript.jscomp.NewTypeInferenceTest" time="0.006"/>
  <testcase name="testJoinWithTopObject" classname="com.google.javascript.jscomp.NewTypeInferenceTest" time="0.012"/>
  <testcase name="testGetElem" classname="com.google.javascript.jscomp.NewTypeInferenceTest" time="0.043"/>
  <testcase name="testGetters" classname="com.google.javascript.jscomp.NewTypeInferenceTest" time="0.099"/>
  <testcase name="testIObjectExternMissing" classname="com.google.javascript.jscomp.NewTypeInferenceTest" time="0.001"/>
  <testcase name="testFunctionCallProperty" classname="com.google.javascript.jscomp.NewTypeInferenceTest" time="0.036"/>
  <testcase name="testConditionalNonnull" classname="com.google.javascript.jscomp.NewTypeInferenceTest" time="0.017"/>
  <testcase name="testNotCallable" classname="com.google.javascript.jscomp.NewTypeInferenceTest" time="0.007"/>
  <testcase name="testTrickyPropertyJoins" classname="com.google.javascript.jscomp.NewTypeInferenceTest" time="0.016"/>
  <testcase name="testSimpleReturn" classname="com.google.javascript.jscomp.NewTypeInferenceTest" time="0.03"/>
  <testcase name="testDontCrashOnKnownPropertyOfGlobalThis" classname="com.google.javascript.jscomp.NewTypeInferenceTest" time="0.006"/>
  <testcase name="testFunctionJsdoc" classname="com.google.javascript.jscomp.NewTypeInferenceTest" time="0.112"/>
  <testcase name="testClosureStyleFunctionBind" classname="com.google.javascript.jscomp.NewTypeInferenceTest" time="0.066"/>
  <testcase name="testMixedClassInheritance" classname="com.google.javascript.jscomp.NewTypeInferenceTest" time="0.006"/>
  <testcase name="testInferConstTypeFromGenerics" classname="com.google.javascript.jscomp.NewTypeInferenceTest" time="0.048"/>
  <testcase name="testGenericsSubtyping" classname="com.google.javascript.jscomp.NewTypeInferenceTest" time="0.131"/>
  <testcase name="testNonexistentProperty" classname="com.google.javascript.jscomp.NewTypeInferenceTest" time="0.036"/>
  <testcase name="testOutOfOrderExterns" classname="com.google.javascript.jscomp.NewTypeInferenceTest" time="0.022"/>
  <testcase name="testGenericInterfaceDoesntCrash" classname="com.google.javascript.jscomp.NewTypeInferenceTest" time="0.006"/>
  <testcase name="testRecordWithoutTypesJsdoc" classname="com.google.javascript.jscomp.NewTypeInferenceTest" time="0.006"/>
  <testcase name="testInferUndeclaredPrototypeProperty" classname="com.google.javascript.jscomp.NewTypeInferenceTest" time="0.011"/>
  <testcase name="testRegExpLit" classname="com.google.javascript.jscomp.NewTypeInferenceTest" time="0.006"/>
  <testcase name="testNonnamespaceLooksLikeANamespace" classname="com.google.javascript.jscomp.NewTypeInferenceTest" time="0.027"/>
  <testcase name="testFunctionReturnTypeSpecialization" classname="com.google.javascript.jscomp.NewTypeInferenceTest" time="0.006"/>
  <testcase name="testTaggedTemplateBadTagFunction" classname="com.google.javascript.jscomp.NewTypeInferenceTest" time="0.025"/>
  <testcase name="testSpecializeAfterPropertyTest" classname="com.google.javascript.jscomp.NewTypeInferenceTest" time="0.032"/>
  <testcase name="testEnumsAsNamespaces" classname="com.google.javascript.jscomp.NewTypeInferenceTest" time="0.025"/>
  <testcase name="testEnumsWithNonScalarDeclaredType" classname="com.google.javascript.jscomp.NewTypeInferenceTest" time="0.027"/>
  <testcase name="testLooseFunctionSubtypeDoesntCrash" classname="com.google.javascript.jscomp.NewTypeInferenceTest" time="0.017"/>
  <testcase name="testSuperClassWithUndeclaredProps" classname="com.google.javascript.jscomp.NewTypeInferenceTest" time="0.006"/>
  <testcase name="testGoogIsPredicatesTrue" classname="com.google.javascript.jscomp.NewTypeInferenceTest" time="0.085"/>
  <testcase name="testEnumBasicTyping" classname="com.google.javascript.jscomp.NewTypeInferenceTest" time="0.048"/>
  <testcase name="testUsingTruthy" classname="com.google.javascript.jscomp.NewTypeInferenceTest" time="0.028"/>
  <testcase name="testDirectPrototypeAssignmentDoesntCrash" classname="com.google.javascript.jscomp.NewTypeInferenceTest" time="0.006"/>
  <testcase name="testNonRequiredArguments" classname="com.google.javascript.jscomp.NewTypeInferenceTest" time="0.243"/>
  <testcase name="testImplementsGenericInterfaceDoesntCrash" classname="com.google.javascript.jscomp.NewTypeInferenceTest" time="0.006"/>
  <testcase name="testObjectsAreNotClassy" classname="com.google.javascript.jscomp.NewTypeInferenceTest" time="0.006"/>
  <testcase name="testFixAdditionOfStaticCtorProps" classname="com.google.javascript.jscomp.NewTypeInferenceTest" time="0.005"/>
  <testcase name="testSpecializeUnknownToLooseObject" classname="com.google.javascript.jscomp.NewTypeInferenceTest" time="0.006"/>
  <testcase name="testFunctionGetpropDoesntCrash" classname="com.google.javascript.jscomp.NewTypeInferenceTest" time="0.005"/>
  <testcase name="testVarargs" classname="com.google.javascript.jscomp.NewTypeInferenceTest" time="0.006"/>
  <testcase name="testReportUknownTypes" classname="com.google.javascript.jscomp.NewTypeInferenceTest" time="0.031"/>
  <testcase name="testAssignmentsToPrototype" classname="com.google.javascript.jscomp.NewTypeInferenceTest" time="0.006"/>
  <testcase name="testDeadCodeDoesntCrash" classname="com.google.javascript.jscomp.NewTypeInferenceTest" time="0.005"/>
  <testcase name="testThisReferenceUsedGenerically" classname="com.google.javascript.jscomp.NewTypeInferenceTest" time="0.011"/>
  <testcase name="testDontLoosenNominalTypes" classname="com.google.javascript.jscomp.NewTypeInferenceTest" time="0.011"/>
  <testcase name="testThisInAtTypeFunction" classname="com.google.javascript.jscomp.NewTypeInferenceTest" time="0.046"/>
  <testcase name="testHandleAliasedTypedefs" classname="com.google.javascript.jscomp.NewTypeInferenceTest" time="0.01"/>
  <testcase name="testPrototypeMethodOnUndeclaredDoesntCrash" classname="com.google.javascript.jscomp.NewTypeInferenceTest" time="0.006"/>
  <testcase name="testDontWarnAboutInferringDeclaredFunctionTypes" classname="com.google.javascript.jscomp.NewTypeInferenceTest" time="0.016"/>
  <testcase name="testWorkaroundWayToDeclareFunctionsWithProperties" classname="com.google.javascript.jscomp.NewTypeInferenceTest" time="0.02"/>
  <testcase name="testSpecializeLooseFunctionDoesntCrash" classname="com.google.javascript.jscomp.NewTypeInferenceTest" time="0.075"/>
  <testcase name="testBackwardForwardPathologicalCase" classname="com.google.javascript.jscomp.NewTypeInferenceTest" time="0.009"/>
  <testcase name="testDontCrashOnUnusualExternsDefs" classname="com.google.javascript.jscomp.NewTypeInferenceTest" time="0.008"/>
  <testcase name="testOutOfOrderDeclarations" classname="com.google.javascript.jscomp.NewTypeInferenceTest" time="0.008"/>
  <testcase name="testMemberFunctionDef" classname="com.google.javascript.jscomp.NewTypeInferenceTest" time="0.016"/>
  <testcase name="testDeclaredFunctionOnNamespace" classname="com.google.javascript.jscomp.NewTypeInferenceTest" time="0.008"/>
  <testcase name="testSimpleClassInheritance" classname="com.google.javascript.jscomp.NewTypeInferenceTest" time="0.082"/>
  <testcase name="testInferScalarInsteadOfLooseObject" classname="com.google.javascript.jscomp.NewTypeInferenceTest" time="0.038"/>
  <testcase name="testSpecializeAfterPropAbsenceTest" classname="com.google.javascript.jscomp.NewTypeInferenceTest" time="0.006"/>
  <testcase name="testTypedefs" classname="com.google.javascript.jscomp.NewTypeInferenceTest" time="0.067"/>
  <testcase name="testLocalWindowDontCrash" classname="com.google.javascript.jscomp.NewTypeInferenceTest" time="0.005"/>
  <testcase name="testFunctionSubtyping" classname="com.google.javascript.jscomp.NewTypeInferenceTest" time="0.016"/>
  <testcase name="testInstantiateInsideFunctionTypes" classname="com.google.javascript.jscomp.NewTypeInferenceTest" time="0.022"/>
  <testcase name="testAssignmentDoesntFlowWrongInit" classname="com.google.javascript.jscomp.NewTypeInferenceTest" time="0.011"/>
  <testcase name="testClasslessObjectsHaveBuiltinProperties" classname="com.google.javascript.jscomp.NewTypeInferenceTest" time="0.028"/>
  <testcase name="testInterfaceMultipleInheritanceNoCrash" classname="com.google.javascript.jscomp.NewTypeInferenceTest" time="0.006"/>
  <testcase name="testSimpleLocallyDefinedFunction" classname="com.google.javascript.jscomp.NewTypeInferenceTest" time="0.022"/>
  <testcase name="testSpecializationInPropertyAccesses" classname="com.google.javascript.jscomp.NewTypeInferenceTest" time="0.435"/>
  <testcase name="testMeetingWithTruthyFalsy" classname="com.google.javascript.jscomp.NewTypeInferenceTest" time="0.011"/>
  <testcase name="testUnificationWithGenericUnion" classname="com.google.javascript.jscomp.NewTypeInferenceTest" time="0.055"/>
  <testcase name="testFunctionTypedefs" classname="com.google.javascript.jscomp.NewTypeInferenceTest" time="0.016"/>
  <testcase name="testUnionWithStructNoSpuriousWarning" classname="com.google.javascript.jscomp.NewTypeInferenceTest" time="0.011"/>
  <testcase name="testInferThisInSimpleInferExprType" classname="com.google.javascript.jscomp.NewTypeInferenceTest" time="0.012"/>
  <testcase name="testBoxedUnification" classname="com.google.javascript.jscomp.NewTypeInferenceTest" time="0.006"/>
  <testcase name="testMultipleObjects" classname="com.google.javascript.jscomp.NewTypeInferenceTest" time="0.05"/>
  <testcase name="testNamespaceRedeclaredProps" classname="com.google.javascript.jscomp.NewTypeInferenceTest" time="0.032"/>
  <testcase name="testNamespacedObjectsDontCrash" classname="com.google.javascript.jscomp.NewTypeInferenceTest" time="0.006"/>
  <testcase name="testGettersSettersAsNamespaceProperties" classname="com.google.javascript.jscomp.NewTypeInferenceTest" time="0.01"/>
  <testcase name="testFixCrashWhenUnannotatedPrototypeMethod" classname="com.google.javascript.jscomp.NewTypeInferenceTest" time="0.006"/>
  <testcase name="testInferenceOfConstType" classname="com.google.javascript.jscomp.NewTypeInferenceTest" time="0.207"/>
  <testcase name="testAssignmentsThatArentExprResultsDeclareProperties" classname="com.google.javascript.jscomp.NewTypeInferenceTest" time="0.005"/>
  <testcase name="testInstanceof" classname="com.google.javascript.jscomp.NewTypeInferenceTest" time="0.091"/>
  <testcase name="testNominalTypeUnification" classname="com.google.javascript.jscomp.NewTypeInferenceTest" time="0.01"/>
  <testcase name="testCtorManipulationDoesntCrash" classname="com.google.javascript.jscomp.NewTypeInferenceTest" time="0.005"/>
  <testcase name="testEmptyBlockPropagation" classname="com.google.javascript.jscomp.NewTypeInferenceTest" time="0.005"/>
  <testcase name="testConstantPropertyDeletion" classname="com.google.javascript.jscomp.NewTypeInferenceTest" time="0.01"/>
  <testcase name="testUseThisForTypeInstantiation" classname="com.google.javascript.jscomp.NewTypeInferenceTest" time="0.025"/>
  <testcase name="testInterfaceSingleInheritance" classname="com.google.javascript.jscomp.NewTypeInferenceTest" time="0.076"/>
  <testcase name="testRegisterPropertyOfRecord" classname="com.google.javascript.jscomp.NewTypeInferenceTest" time="0.005"/>
  <testcase name="testInheritanceWithGenerics" classname="com.google.javascript.jscomp.NewTypeInferenceTest" time="0.091"/>
  <testcase name="testAbstractMethodsAreTypedCorrectly" classname="com.google.javascript.jscomp.NewTypeInferenceTest" time="0.021"/>
  <testcase name="testTryGettingSignatureFromCalleeDontCrash" classname="com.google.javascript.jscomp.NewTypeInferenceTest" time="0.006"/>
  <testcase name="testGoogGlobalAsWindow" classname="com.google.javascript.jscomp.NewTypeInferenceTest" time="0.006"/>
  <testcase name="testTemplateLitBothMode" classname="com.google.javascript.jscomp.NewTypeInferenceTest" time="0.062"/>
  <testcase name="testNewInFunctionJsdoc" classname="com.google.javascript.jscomp.NewTypeInferenceTest" time="0.02"/>
  <testcase name="testObjectType" classname="com.google.javascript.jscomp.NewTypeInferenceTest" time="0.02"/>
  <testcase name="testSimpleLooseObjects" classname="com.google.javascript.jscomp.NewTypeInferenceTest" time="0.043"/>
  <testcase name="testTaggedTemplateBothMode" classname="com.google.javascript.jscomp.NewTypeInferenceTest" time="0.144"/>
  <testcase name="testRecursiveStructuralInterfaces" classname="com.google.javascript.jscomp.NewTypeInferenceTest" time="0.058"/>
  <testcase name="testMultipleFunctionsInUnion" classname="com.google.javascript.jscomp.NewTypeInferenceTest" time="0.015"/>
  <testcase name="testDontRemoveLooseObjects" classname="com.google.javascript.jscomp.NewTypeInferenceTest" time="0.005"/>
  <testcase name="testForOfBothMode" classname="com.google.javascript.jscomp.NewTypeInferenceTest" time="0.247"/>
  <testcase name="testFunctionWithProps" classname="com.google.javascript.jscomp.NewTypeInferenceTest" time="0.006"/>
  <testcase name="testClassConstructor" classname="com.google.javascript.jscomp.NewTypeInferenceTest" time="0.051"/>
  <testcase name="testBackwardAnalyzedLooseFunctionParametersInRightOrder" classname="com.google.javascript.jscomp.NewTypeInferenceTest" time="0.007"/>
  <testcase name="testDontSpecializeKnownFunctions" classname="com.google.javascript.jscomp.NewTypeInferenceTest" time="0.017"/>
  <testcase name="testUnifyObjects" classname="com.google.javascript.jscomp.NewTypeInferenceTest" time="0.054"/>
  <testcase name="testSpecializeNamespaceProperties" classname="com.google.javascript.jscomp.NewTypeInferenceTest" time="0.037"/>
  <testcase name="testInvalidTypeReference" classname="com.google.javascript.jscomp.NewTypeInferenceTest" time="0.035"/>
  <testcase name="testIObjectExtraProperties" classname="com.google.javascript.jscomp.NewTypeInferenceTest" time="0.011"/>
  <testcase name="testDifficultObjectSpecialization" classname="com.google.javascript.jscomp.NewTypeInferenceTest" time="0.027"/>
  <testcase name="testDontWarnForFirstClassInterfaceConstructors" classname="com.google.javascript.jscomp.NewTypeInferenceTest" time="0.021"/>
  <testcase name="testBottomPropAccessDoesntCrash" classname="com.google.javascript.jscomp.NewTypeInferenceTest" time="0.011"/>
  <testcase name="testConstructorInitializedWithCall" classname="com.google.javascript.jscomp.NewTypeInferenceTest" time="0.034"/>
  <testcase name="testGoogJsonStyleWeirdFunctionDeclaration" classname="com.google.javascript.jscomp.NewTypeInferenceTest" time="0.006"/>
  <testcase name="testUnresolvedTypes" classname="com.google.javascript.jscomp.NewTypeInferenceTest" time="0.058"/>
  <testcase name="testQnameInJsdoc" classname="com.google.javascript.jscomp.NewTypeInferenceTest" time="0.006"/>
  <testcase name="testInferConstTypeFromGoogGetMsg" classname="com.google.javascript.jscomp.NewTypeInferenceTest" time="0.007"/>
  <testcase name="testEnumPropertiesConstant" classname="com.google.javascript.jscomp.NewTypeInferenceTest" time="0.017"/>
  <testcase name="testDontWarnOnPropAccessOfBottom" classname="com.google.javascript.jscomp.NewTypeInferenceTest" time="0.017"/>
  <testcase name="testIObjectSubtyping" classname="com.google.javascript.jscomp.NewTypeInferenceTest" time="0.117"/>
  <testcase name="testCastsOfGenericTypes" classname="com.google.javascript.jscomp.NewTypeInferenceTest" time="0.016"/>
  <testcase name="testUseBeforeDeclaration" classname="com.google.javascript.jscomp.NewTypeInferenceTest" time="0.006"/>
  <testcase name="testGetpropOnNonObjects" classname="com.google.javascript.jscomp.NewTypeInferenceTest" time="0.075"/>
  <testcase name="testMisplacedStructDictAnnotation" classname="com.google.javascript.jscomp.NewTypeInferenceTest" time="0.016"/>
  <testcase name="testPrototypeAssignment" classname="com.google.javascript.jscomp.NewTypeInferenceTest" time="0.033"/>
  <testcase name="testDontCrashWhenInferringConstWithTopFunction" classname="com.google.javascript.jscomp.NewTypeInferenceTest" time="0.006"/>
  <testcase name="testGenericResolutionWithPromises" classname="com.google.javascript.jscomp.NewTypeInferenceTest" time="0.011"/>
  <testcase name="testFinalizingRecursiveSubnamespaces" classname="com.google.javascript.jscomp.NewTypeInferenceTest" time="0.022"/>
  <testcase name="testDontCrashWhenExtendingFunction" classname="com.google.javascript.jscomp.NewTypeInferenceTest" time="0.011"/>
  <testcase name="testSpecializeLooseNullDoesntCrash" classname="com.google.javascript.jscomp.NewTypeInferenceTest" time="0.005"/>
  <testcase name="testTypeVariablesVisibleInPrototypeMethods" classname="com.google.javascript.jscomp.NewTypeInferenceTest" time="0.026"/>
  <testcase name="testBadInitialization" classname="com.google.javascript.jscomp.NewTypeInferenceTest" time="0.005"/>
  <testcase name="testBadArithmetic" classname="com.google.javascript.jscomp.NewTypeInferenceTest" time="0.044"/>
  <testcase name="testTypeCoercions" classname="com.google.javascript.jscomp.NewTypeInferenceTest" time="0.02"/>
  <testcase name="testRedeclaredNamespaces" classname="com.google.javascript.jscomp.NewTypeInferenceTest" time="0.011"/>
  <testcase name="testDontCrashWithDuplicateObjectDefinition" classname="com.google.javascript.jscomp.NewTypeInferenceTest" time="0.001"/>
  <testcase name="testConstructorExtensions" classname="com.google.javascript.jscomp.NewTypeInferenceTest" time="0.013"/>
  <testcase name="testPlusBackwardInference" classname="com.google.javascript.jscomp.NewTypeInferenceTest" time="0.011"/>
  <testcase name="testFunctionBind" classname="com.google.javascript.jscomp.NewTypeInferenceTest" time="0.16"/>
  <testcase name="testFunctionJoin" classname="com.google.javascript.jscomp.NewTypeInferenceTest" time="0.023"/>
  <testcase name="testFunctionMeet" classname="com.google.javascript.jscomp.NewTypeInferenceTest" time="0.006"/>
  <testcase name="testSpecializeTypesAfterNullableDereference" classname="com.google.javascript.jscomp.NewTypeInferenceTest" time="0.042"/>
  <testcase name="testInferConstGetelem" classname="com.google.javascript.jscomp.NewTypeInferenceTest" time="0.037"/>
  <testcase name="testSingletonGetter" classname="com.google.javascript.jscomp.NewTypeInferenceTest" time="0.022"/>
  <testcase name="testCreatingPropsOnLooseOrUnknownObjects" classname="com.google.javascript.jscomp.NewTypeInferenceTest" time="0.017"/>
  <testcase name="testDontRegisterFunctionExpressions" classname="com.google.javascript.jscomp.NewTypeInferenceTest" time="0.012"/>
  <testcase name="testMissingExternsNoCrash" classname="com.google.javascript.jscomp.NewTypeInferenceTest" time="0.003"/>
  <testcase name="testRandomPropDefsDontShadowConstDefinition" classname="com.google.javascript.jscomp.NewTypeInferenceTest" time="0.012"/>
  <testcase name="testInferConstCallApply" classname="com.google.javascript.jscomp.NewTypeInferenceTest" time="0.013"/>
  <testcase name="testBadWorksetConstruction" classname="com.google.javascript.jscomp.NewTypeInferenceTest" time="0.006"/>
  <testcase name="testLocalWithCallableObjectType" classname="com.google.javascript.jscomp.NewTypeInferenceTest" time="0.006"/>
  <testcase name="testConstructorDeclWithoutFunctionLiteral" classname="com.google.javascript.jscomp.NewTypeInferenceTest" time="0.021"/>
  <testcase name="testDontCrashOnInheritedMethodsWithIncompatibleReturns" classname="com.google.javascript.jscomp.NewTypeInferenceTest" time="0.006"/>
  <testcase name="testDictPropAccess" classname="com.google.javascript.jscomp.NewTypeInferenceTest" time="0.056"/>
  <testcase name="testIArrayLikeSubtyping" classname="com.google.javascript.jscomp.NewTypeInferenceTest" time="0.027"/>
  <testcase name="testPropertiesNotDefinedAnywhere" classname="com.google.javascript.jscomp.NewTypeInferenceTest" time="0.039"/>
  <testcase name="testInferTypeOfUndeclaredConstructorProperties" classname="com.google.javascript.jscomp.NewTypeInferenceTest" time="0.02"/>
  <testcase name="testQualifiedNamedTypes" classname="com.google.javascript.jscomp.NewTypeInferenceTest" time="0.02"/>
  <testcase name="testDontOverrideFinalMethods" classname="com.google.javascript.jscomp.NewTypeInferenceTest" time="0.01"/>
  <testcase name="testGenerator" classname="com.google.javascript.jscomp.NewTypeInferenceTest" time="0.157"/>
  <testcase name="testPolymorphicFunctionInstantiation" classname="com.google.javascript.jscomp.NewTypeInferenceTest" time="0.174"/>
  <testcase name="testReanalyzeLoopConditionAfterLoopBody" classname="com.google.javascript.jscomp.NewTypeInferenceTest" time="0.006"/>
  <testcase name="testGenericsWithUnknownMapNoCrash" classname="com.google.javascript.jscomp.NewTypeInferenceTest" time="0.006"/>
  <testcase name="testUseConstructorTypeInConstInference" classname="com.google.javascript.jscomp.NewTypeInferenceTest" time="0.017"/>
  <testcase name="testNamespaceDefinitionInExternsWithoutConst" classname="com.google.javascript.jscomp.NewTypeInferenceTest" time="0.011"/>
  <testcase name="testEscapedVariablesAvoidFalsePositives" classname="com.google.javascript.jscomp.NewTypeInferenceTest" time="0.027"/>
  <testcase name="testInferredOptionalFormals" classname="com.google.javascript.jscomp.NewTypeInferenceTest" time="0.021"/>
  <testcase name="testInstantiateToTheSuperType" classname="com.google.javascript.jscomp.NewTypeInferenceTest" time="0.017"/>
  <testcase name="testFunctionNamespacesThatAreProperties" classname="com.google.javascript.jscomp.NewTypeInferenceTest" time="0.062"/>
  <testcase name="testAddingPropsToExpandosInWhateverScopes" classname="com.google.javascript.jscomp.NewTypeInferenceTest" time="0.081"/>
  <testcase name="testFunctionsExtendFunction" classname="com.google.javascript.jscomp.NewTypeInferenceTest" time="0.05"/>
  <testcase name="testSuppressMissingProperties" classname="com.google.javascript.jscomp.NewTypeInferenceTest" time="0.006"/>
  <testcase name="testDontWarnForMissingReturnOnInfiniteLoop" classname="com.google.javascript.jscomp.NewTypeInferenceTest" time="0.012"/>
  <testcase name="testDontWarnAboutUnknownExtends" classname="com.google.javascript.jscomp.NewTypeInferenceTest" time="0.039"/>
  <testcase name="testUnknownNewAndThisFunctionAnnotations" classname="com.google.javascript.jscomp.NewTypeInferenceTest" time="0.016"/>
  <testcase name="testNoDoubleWarnings" classname="com.google.javascript.jscomp.NewTypeInferenceTest" time="0.011"/>
  <testcase name="testCircularDependencies" classname="com.google.javascript.jscomp.NewTypeInferenceTest" time="0.051"/>
  <testcase name="testGenericStructuralInterfaces" classname="com.google.javascript.jscomp.NewTypeInferenceTest" time="0.049"/>
  <testcase name="testIObjectBracketAccesses" classname="com.google.javascript.jscomp.NewTypeInferenceTest" time="0.066"/>
  <testcase name="testGenericsJsdocParsing" classname="com.google.javascript.jscomp.NewTypeInferenceTest" time="0.038"/>
  <testcase name="testNoSpuriousWarningWithGoogBind" classname="com.google.javascript.jscomp.NewTypeInferenceTest" time="0.006"/>
  <testcase name="testMethodsOnClassProperties" classname="com.google.javascript.jscomp.NewTypeInferenceTest" time="0.036"/>
  <testcase name="testDifficultLvalues" classname="com.google.javascript.jscomp.NewTypeInferenceTest" time="0.034"/>
  <testcase name="testGoogIsPredicatesNoSpecializedContext" classname="com.google.javascript.jscomp.NewTypeInferenceTest" time="0.018"/>
  <testcase name="testDelprop" classname="com.google.javascript.jscomp.NewTypeInferenceTest" time="0.014"/>
  <testcase name="testConstPropertiesDontReassign" classname="com.google.javascript.jscomp.NewTypeInferenceTest" time="0.069"/>
  <testcase name="testOverrideNoInitializer" classname="com.google.javascript.jscomp.NewTypeInferenceTest" time="0.037"/>
  <testcase name="testAcrossScopeNamespaces" classname="com.google.javascript.jscomp.NewTypeInferenceTest" time="0.02"/>
  <testcase name="testDeclaredRecordTypes" classname="com.google.javascript.jscomp.NewTypeInferenceTest" time="0.083"/>
  <testcase name="testThisOrNewWithUnions" classname="com.google.javascript.jscomp.NewTypeInferenceTest" time="0.02"/>
  <testcase name="testNestedGoogBinds" classname="com.google.javascript.jscomp.NewTypeInferenceTest" time="0.012"/>
  <testcase name="testConditionalSpecialization" classname="com.google.javascript.jscomp.NewTypeInferenceTest" time="0.028"/>
  <testcase name="testTypeofIsPropertyExistenceCheck" classname="com.google.javascript.jscomp.NewTypeInferenceTest" time="0.006"/>
  <testcase name="testDontInferStructDictFormal" classname="com.google.javascript.jscomp.NewTypeInferenceTest" time="0.026"/>
  <testcase name="testInheritedPropertyTypes" classname="com.google.javascript.jscomp.NewTypeInferenceTest" time="0.028"/>
  <testcase name="testParameterizedObject" classname="com.google.javascript.jscomp.NewTypeInferenceTest" time="0.063"/>
  <testcase name="testPossiblyNonexistentProperties" classname="com.google.javascript.jscomp.NewTypeInferenceTest" time="0.022"/>
  <testcase name="testOverride" classname="com.google.javascript.jscomp.NewTypeInferenceTest" time="0.059"/>
  <testcase name="testTwoLevelExtendedInterface" classname="com.google.javascript.jscomp.NewTypeInferenceTest" time="0.005"/>
  <testcase name="testLoopConditionSpecialization" classname="com.google.javascript.jscomp.NewTypeInferenceTest" time="0.026"/>
  <testcase name="testRecordSpecializeNominalPreservesRequired" classname="com.google.javascript.jscomp.NewTypeInferenceTest" time="0.006"/>
  <testcase name="testAddingPropsToTypedefs" classname="com.google.javascript.jscomp.NewTypeInferenceTest" time="0.015"/>
  <testcase name="testNotUniqueInstantiationCompatibility" classname="com.google.javascript.jscomp.NewTypeInferenceTest" time="0.011"/>
  <testcase name="testPromoteTrueAndFalseToBooleanWhenInstantiatingGenerics" classname="com.google.javascript.jscomp.NewTypeInferenceTest" time="0.006"/>
  <testcase name="testAbstractMethodOverrides" classname="com.google.javascript.jscomp.NewTypeInferenceTest" time="0.007"/>
  <testcase name="testAbstractDeclarations" classname="com.google.javascript.jscomp.NewTypeInferenceTest" time="0.062"/>
  <testcase name="testDontCrashWhenDeclaringFunctionOnScalar" classname="com.google.javascript.jscomp.NewTypeInferenceTest" time="0.006"/>
  <testcase name="testCallsWithComplexOperator" classname="com.google.javascript.jscomp.NewTypeInferenceTest" time="0.005"/>
  <testcase name="testInstantiationWithNamespaces" classname="com.google.javascript.jscomp.NewTypeInferenceTest" time="0.011"/>
  <testcase name="testGoogTypeof" classname="com.google.javascript.jscomp.NewTypeInferenceTest" time="0.032"/>
  <testcase name="testUnionOfFunctionAndNumber" classname="com.google.javascript.jscomp.NewTypeInferenceTest" time="0.016"/>
  <testcase name="testSpecializeFunctionToNominalDoesntCrash" classname="com.google.javascript.jscomp.NewTypeInferenceTest" time="0.015"/>
  <testcase name="testStructPropCreation" classname="com.google.javascript.jscomp.NewTypeInferenceTest" time="0.071"/>
  <testcase name="testFunctionDeclsWithoutFunctionLiteralOnNamespaces" classname="com.google.javascript.jscomp.NewTypeInferenceTest" time="0.011"/>
  <testcase name="testNoSpuriousWarningsInES6externs" classname="com.google.javascript.jscomp.NewTypeInferenceTest" time="0.017"/>
  <testcase name="testFunctionTypeUnifyUnknowns" classname="com.google.javascript.jscomp.NewTypeInferenceTest" time="0.044"/>
  <testcase name="testGoogIsPredicatesFalse" classname="com.google.javascript.jscomp.NewTypeInferenceTest" time="0.065"/>
  <testcase name="testPinpointTypeDiffWhenMismatch" classname="com.google.javascript.jscomp.NewTypeInferenceTest" time="0.053"/>
  <testcase name="testSetterNotTreatedAsProp" classname="com.google.javascript.jscomp.NewTypeInferenceTest" time="0.006"/>
  <testcase name="testUnparameterizedArrayDefinitionDoesntCrash" classname="com.google.javascript.jscomp.NewTypeInferenceTest" time="0.005"/>
  <testcase name="testSuperClassCtorProperty" classname="com.google.javascript.jscomp.NewTypeInferenceTest" time="0.036"/>
  <testcase name="testRemoveNonexistentPropDoesntCrash" classname="com.google.javascript.jscomp.NewTypeInferenceTest" time="0.011"/>
  <testcase name="testGetpropOnTopDoesntCrash" classname="com.google.javascript.jscomp.NewTypeInferenceTest" time="0.01"/>
  <testcase name="testDontCrashWhenShadowingANamespace" classname="com.google.javascript.jscomp.NewTypeInferenceTest" time="0.02"/>
  <testcase name="testSpecializedInstanceofCantGoToBottom" classname="com.google.javascript.jscomp.NewTypeInferenceTest" time="0.027"/>
  <testcase name="testTrickySpecializationOfNamespaceProperties" classname="com.google.javascript.jscomp.NewTypeInferenceTest" time="0.012"/>
  <testcase name="testJoiningNominalTypeWithEmptyTypemap" classname="com.google.javascript.jscomp.NewTypeInferenceTest" time="0.015"/>
  <testcase name="testDeclaredGenericArrayTypes" classname="com.google.javascript.jscomp.NewTypeInferenceTest" time="0.077"/>
  <testcase name="testAutoconvertBoxedStringToString" classname="com.google.javascript.jscomp.NewTypeInferenceTest" time="0.022"/>
  <testcase name="testGenericReturnType" classname="com.google.javascript.jscomp.NewTypeInferenceTest" time="0.006"/>
  <testcase name="testInterfacePropertiesInConstructor" classname="com.google.javascript.jscomp.NewTypeInferenceTest" time="0.015"/>
  <testcase name="testInheritanceImplicitObjectSubtyping" classname="com.google.javascript.jscomp.NewTypeInferenceTest" time="0.01"/>
  <testcase name="testDontSpecializeTopInInstanceofElseBranch" classname="com.google.javascript.jscomp.NewTypeInferenceTest" time="0.005"/>
  <testcase name="testIncrementDecrements" classname="com.google.javascript.jscomp.NewTypeInferenceTest" time="0.01"/>
  <testcase name="testFunctionSubtypingInCompatibilityMode" classname="com.google.javascript.jscomp.NewTypeInferenceTest" time="0.006"/>
  <testcase name="testSetters" classname="com.google.javascript.jscomp.NewTypeInferenceTest" time="0.064"/>
  <testcase name="testNestedNamespaces" classname="com.google.javascript.jscomp.NewTypeInferenceTest" time="0.006"/>
  <testcase name="testAnonymousCtorCompatibility" classname="com.google.javascript.jscomp.NewTypeInferenceTest" time="0.011"/>
  <testcase name="testSpecializedFunctions" classname="com.google.javascript.jscomp.NewTypeInferenceTest" time="0.042"/>
  <testcase name="testAnonymousNominalType" classname="com.google.javascript.jscomp.NewTypeInferenceTest" time="0.01"/>
  <testcase name="testFunctionApplyProperty" classname="com.google.javascript.jscomp.NewTypeInferenceTest" time="0.067"/>
  <testcase name="testInvalidGenericsInstantiation" classname="com.google.javascript.jscomp.NewTypeInferenceTest" time="0.035"/>
  <testcase name="testFunctionConstructor" classname="com.google.javascript.jscomp.NewTypeInferenceTest" time="0.026"/>
  <testcase name="testRegisterStrayPropertyOnReceiverWithUndefined" classname="com.google.javascript.jscomp.NewTypeInferenceTest" time="0.006"/>
  <testcase name="testPropNamesWithDot" classname="com.google.javascript.jscomp.NewTypeInferenceTest" time="0.015"/>
  <testcase name="testUnannotatedBracketAccessDoesntCrash" classname="com.google.javascript.jscomp.NewTypeInferenceTest" time="0.006"/>
  <testcase name="testAndOrShortCircuiting" classname="com.google.javascript.jscomp.NewTypeInferenceTest" time="0.026"/>
  <testcase name="testTopInitialization" classname="com.google.javascript.jscomp.NewTypeInferenceTest" time="0.022"/>
  <testcase name="testFakeWindows" classname="com.google.javascript.jscomp.NewTypeInferenceTest" time="0.023"/>
  <testcase name="testConstructorProperties" classname="com.google.javascript.jscomp.NewTypeInferenceTest" time="0.044"/>
  <testcase name="testDontTurnKnownObjectIntoLooseBecauseOfBottomSpecialization" classname="com.google.javascript.jscomp.NewTypeInferenceTest" time="0.018"/>
  <testcase name="testFunctionUnificationWithSubtyping" classname="com.google.javascript.jscomp.NewTypeInferenceTest" time="0.027"/>
  <testcase name="testThisInFunctionJsdoc" classname="com.google.javascript.jscomp.NewTypeInferenceTest" time="0.017"/>
  <testcase name="testDontLookupInParentScopeForNamesWithoutDeclaredType" classname="com.google.javascript.jscomp.NewTypeInferenceTest" time="0.006"/>
  <testcase name="testAddingPropsToObject" classname="com.google.javascript.jscomp.NewTypeInferenceTest" time="0.011"/>
  <testcase name="testSwitch" classname="com.google.javascript.jscomp.NewTypeInferenceTest" time="0.075"/>
  <testcase name="testNamespacesSubtyping" classname="com.google.javascript.jscomp.NewTypeInferenceTest" time="0.005"/>
  <testcase name="testLooseConstructors" classname="com.google.javascript.jscomp.NewTypeInferenceTest" time="0.011"/>
  <testcase name="testReferenceToNonexistentNamespace" classname="com.google.javascript.jscomp.NewTypeInferenceTest" time="0.033"/>
  <testcase name="testSuppressions" classname="com.google.javascript.jscomp.NewTypeInferenceTest" time="0.021"/>
  <testcase name="testTypeof" classname="com.google.javascript.jscomp.NewTypeInferenceTest" time="0.135"/>
  <testcase name="testAutoconvertBoxedNumberToNumber" classname="com.google.javascript.jscomp.NewTypeInferenceTest" time="0.057"/>
  <testcase name="testGenericsVariance" classname="com.google.javascript.jscomp.NewTypeInferenceTest" time="0.036"/>
  <testcase name="testMixinApplication" classname="com.google.javascript.jscomp.NewTypeInferenceTest" time="0.017"/>
  <testcase name="testDifficultClassGenericsInstantiation" classname="com.google.javascript.jscomp.NewTypeInferenceTest" time="0.054"/>
  <testcase name="testPolymorphicFuncallsFromDifferentScope" classname="com.google.javascript.jscomp.NewTypeInferenceTest" time="0.016"/>
  <testcase name="testStrayProperties" classname="com.google.javascript.jscomp.NewTypeInferenceTest" time="0.021"/>
  <testcase name="testDebuggerStatementDoesntCrash" classname="com.google.javascript.jscomp.NewTypeInferenceTest" time="0.005"/>
  <testcase name="testMisplacedConstPropertyAnnotation" classname="com.google.javascript.jscomp.NewTypeInferenceTest" time="0.024"/>
  <testcase name="testDeclaredVariables" classname="com.google.javascript.jscomp.NewTypeInferenceTest" time="0.011"/>
  <testcase name="testAbstractMethodCallsWithGoogInerhits" classname="com.google.javascript.jscomp.NewTypeInferenceTest" time="0.037"/>
  <testcase name="testInterfaceAndConstructorInvalidConstructions" classname="com.google.javascript.jscomp.NewTypeInferenceTest" time="0.02"/>
  <testcase name="testSpecializingTypeVarDoesntGoToBottom" classname="com.google.javascript.jscomp.NewTypeInferenceTest" time="0.021"/>
  <testcase name="testIObjectInheritance" classname="com.google.javascript.jscomp.NewTypeInferenceTest" time="0.046"/>
  <testcase name="testFunctionsInsideFunctions" classname="com.google.javascript.jscomp.NewTypeInferenceTest" time="0.021"/>
  <testcase name="testDontSpecializeInCast" classname="com.google.javascript.jscomp.NewTypeInferenceTest" time="0.024"/>
  <testcase name="testUnification" classname="com.google.javascript.jscomp.NewTypeInferenceTest" time="0.076"/>
  <testcase name="testEnumAliasing" classname="com.google.javascript.jscomp.NewTypeInferenceTest" time="0.047"/>
  <testcase name="testForLoopInference" classname="com.google.javascript.jscomp.NewTypeInferenceTest" time="0.037"/>
  <testcase name="testLooseFunctions" classname="com.google.javascript.jscomp.NewTypeInferenceTest" time="0.095"/>
  <testcase name="testDontWarnForBreakAfterReturn" classname="com.google.javascript.jscomp.NewTypeInferenceTest" time="0.011"/>
  <testcase name="testFunctionNamespacesThatArentProperties" classname="com.google.javascript.jscomp.NewTypeInferenceTest" time="0.074"/>
  <testcase name="testEnumBadInitializer" classname="com.google.javascript.jscomp.NewTypeInferenceTest" time="0.03"/>
  <testcase name="testThisVoid" classname="com.google.javascript.jscomp.NewTypeInferenceTest" time="0.006"/>
  <testcase name="testEnumBadDeclaredType" classname="com.google.javascript.jscomp.NewTypeInferenceTest" time="0.04"/>
  <testcase name="testStructWithIn" classname="com.google.javascript.jscomp.NewTypeInferenceTest" time="0.021"/>
  <testcase name="testSpecializeFunctionReturnType" classname="com.google.javascript.jscomp.NewTypeInferenceTest" time="0.005"/>
  <testcase name="testGetDeclaredTypeForUnannotatedFunctionFromCast" classname="com.google.javascript.jscomp.NewTypeInferenceTest" time="0.006"/>
  <testcase name="testFunctionUnions" classname="com.google.javascript.jscomp.NewTypeInferenceTest" time="0.057"/>
  <testcase name="testHeuristicThatDetectsPrototypeObjects" classname="com.google.javascript.jscomp.NewTypeInferenceTest" time="0.016"/>
  <testcase name="testDontCrashOnMistypedWindow" classname="com.google.javascript.jscomp.NewTypeInferenceTest" time="0.001"/>
  <testcase name="testAndOrConditionalSpecialization" classname="com.google.javascript.jscomp.NewTypeInferenceTest" time="0.084"/>
  <testcase name="testDontInferBottom" classname="com.google.javascript.jscomp.NewTypeInferenceTest" time="0.005"/>
  <testcase name="testQuestionableUnionJsDoc" classname="com.google.javascript.jscomp.NewTypeInferenceTest" time="0.019"/>
  <testcase name="testUnannotatedFunctionSummaryDoesntCrash" classname="com.google.javascript.jscomp.NewTypeInferenceTest" time="0.03"/>
  <testcase name="testInheritMethodFromParent" classname="com.google.javascript.jscomp.NewTypeInferenceTest" time="0.005"/>
  <testcase name="testConstMissingInitializer" classname="com.google.javascript.jscomp.NewTypeInferenceTest" time="0.034"/>
  <testcase name="testInferCallbackEarlyToInferConst" classname="com.google.javascript.jscomp.NewTypeInferenceTest" time="0.006"/>
  <testcase name="testAssignAdd" classname="com.google.javascript.jscomp.NewTypeInferenceTest" time="0.034"/>
  <testcase name="testInterfaceMethodNoReturn" classname="com.google.javascript.jscomp.NewTypeInferenceTest" time="0.01"/>
  <testcase name="testGetpropOnPossiblyInexistentPropertyDoesntCrash" classname="com.google.javascript.jscomp.NewTypeInferenceTest" time="0.005"/>
  <testcase name="testJoinOfGenericNominalTypes" classname="com.google.javascript.jscomp.NewTypeInferenceTest" time="0.006"/>
  <testcase name="testHandleClassGenericsWhenUsingCallApply" classname="com.google.javascript.jscomp.NewTypeInferenceTest" time="0.025"/>
</testsuite>